[ 2016-03-26T18:48:25+08:00 ] 127.0.0.1 /hotel/Public/Home/Css/images/bg.jp
ERR: 无法加载控制器:Public

[ 2016-03-26T18:48:25+08:00 ] 127.0.0.1 /hotel/Public/Home/Css/images/cbg.jp
ERR: 无法加载控制器:Public

[ 2016-03-26T18:48:26+08:00 ] 127.0.0.1 /hotel/Public/Home/Css/images/bottom.jp
ERR: 无法加载控制器:Public

[ 2016-03-26T18:48:31+08:00 ] 127.0.0.1 /hotel/Public/Home/Css/images/bg.jp
ERR: 无法加载控制器:Public

[ 2016-03-26T18:48:31+08:00 ] 127.0.0.1 /hotel/Public/Home/Css/images/cbg.jp
ERR: 无法加载控制器:Public

[ 2016-03-26T18:48:31+08:00 ] 127.0.0.1 /hotel/Public/Home/Css/images/bottom.jp
ERR: 无法加载控制器:Public

[ 2016-03-26T18:48:36+08:00 ] 127.0.0.1 /hotel/Public/Home/Css/images/bg.jp
ERR: 无法加载控制器:Public

[ 2016-03-26T18:48:36+08:00 ] 127.0.0.1 /hotel/Public/Home/Css/images/cbg.jp
ERR: 无法加载控制器:Public

[ 2016-03-26T18:48:36+08:00 ] 127.0.0.1 /hotel/Public/Home/Css/images/nav_menu_list.jp
ERR: 无法加载控制器:Public

[ 2016-03-26T18:48:37+08:00 ] 127.0.0.1 /hotel/Public/Home/Css/images/bottom.jp
ERR: 无法加载控制器:Public

[ 2016-03-26T18:48:41+08:00 ] 127.0.0.1 /hotel/Public/Home/Css/images/bg.jp
ERR: 无法加载控制器:Public

[ 2016-03-26T18:48:42+08:00 ] 127.0.0.1 /hotel/Public/Home/Css/images/cbg.jp
ERR: 无法加载控制器:Public

[ 2016-03-26T18:48:42+08:00 ] 127.0.0.1 /hotel/Public/Home/Css/images/bottom.jp
ERR: 无法加载控制器:Public

[ 2016-03-26T18:48:47+08:00 ] 127.0.0.1 /hotel/Public/Home/Css/images/bg.jp
ERR: 无法加载控制器:Public

[ 2016-03-26T18:48:47+08:00 ] 127.0.0.1 /hotel/Public/Home/Css/images/cbg.jp
ERR: 无法加载控制器:Public

[ 2016-03-26T18:48:48+08:00 ] 127.0.0.1 /hotel/Public/Home/Css/images/bottom.jp
ERR: 无法加载控制器:Public

[ 2016-03-26T18:48:52+08:00 ] 127.0.0.1 /hotel/Public/Home/Css/images/bg.jp
ERR: 无法加载控制器:Public

[ 2016-03-26T18:48:52+08:00 ] 127.0.0.1 /hotel/Public/Home/Css/images/cbg.jp
ERR: 无法加载控制器:Public

[ 2016-03-26T18:48:52+08:00 ] 127.0.0.1 /hotel/Public/Home/Css/images/bottom.jp
ERR: 无法加载控制器:Public

[ 2016-03-26T18:48:54+08:00 ] 127.0.0.1 /hotel/Public/Home/Css/images/bg.jp
ERR: 无法加载控制器:Public

[ 2016-03-26T18:48:55+08:00 ] 127.0.0.1 /hotel/Public/Home/Css/images/cbg.jp
ERR: 无法加载控制器:Public

[ 2016-03-26T18:48:55+08:00 ] 127.0.0.1 /hotel/Public/Home/Css/images/nav_menu_list.jp
ERR: 无法加载控制器:Public

[ 2016-03-26T18:48:55+08:00 ] 127.0.0.1 /hotel/Public/Home/Css/images/bottom.jp
ERR: 无法加载控制器:Public

[ 2016-03-26T18:48:57+08:00 ] 127.0.0.1 /hotel/Public/Home/Css/images/bg.jp
ERR: 无法加载控制器:Public

[ 2016-03-26T18:48:58+08:00 ] 127.0.0.1 /hotel/Public/Home/Css/images/cbg.jp
ERR: 无法加载控制器:Public

[ 2016-03-26T18:48:58+08:00 ] 127.0.0.1 /hotel/Public/Home/Css/images/nav_menu_list.jp
ERR: 无法加载控制器:Public

[ 2016-03-26T18:48:58+08:00 ] 127.0.0.1 /hotel/Public/Home/Css/images/bottom.jp
ERR: 无法加载控制器:Public

[ 2016-03-26T18:49:04+08:00 ] 127.0.0.1 /hotel/Public/Home/Css/images/bg.jp
ERR: 无法加载控制器:Public

[ 2016-03-26T18:49:04+08:00 ] 127.0.0.1 /hotel/Public/Home/Css/images/nav_menu_list.jp
ERR: 无法加载控制器:Public

[ 2016-03-26T18:49:04+08:00 ] 127.0.0.1 /hotel/Public/Home/Css/images/cbg.jp
ERR: 无法加载控制器:Public

[ 2016-03-26T18:49:04+08:00 ] 127.0.0.1 /hotel/Public/Home/Css/images/bottom.jp
ERR: 无法加载控制器:Public

[ 2016-03-26T18:49:06+08:00 ] 127.0.0.1 /hotel/Public/Home/Css/images/bg.jp
ERR: 无法加载控制器:Public

[ 2016-03-26T18:49:06+08:00 ] 127.0.0.1 /hotel/Public/Home/Css/images/cbg.jp
ERR: 无法加载控制器:Public

[ 2016-03-26T18:49:06+08:00 ] 127.0.0.1 /hotel/Public/Home/Css/images/nav_menu_list.jp
ERR: 无法加载控制器:Public

[ 2016-03-26T18:49:06+08:00 ] 127.0.0.1 /hotel/Public/Home/Css/images/bottom.jp
ERR: 无法加载控制器:Public

[ 2016-03-26T19:00:12+08:00 ] 127.0.0.1 /hotel/Contact/contact.html
INFO: [ app_init ] --START--
INFO: Run Behavior\BuildLiteBehavior [ RunTime:0.000026s ]
INFO: [ app_init ] --END-- [ RunTime:0.000646s ]
INFO: [ app_begin ] --START--
INFO: Run Behavior\ReadHtmlCacheBehavior [ RunTime:0.000774s ]
INFO: [ app_begin ] --END-- [ RunTime:0.000901s ]
INFO: [ view_parse ] --START--
INFO: [ template_filter ] --START--
INFO: Run Behavior\ContentReplaceBehavior [ RunTime:0.000195s ]
INFO: [ template_filter ] --END-- [ RunTime:0.000423s ]
NOTIC: [8] Use of undefined constant GROUP_NAME - assumed 'GROUP_NAME' G:\wamp\wamp\www\text\hotel\Runtime\Cache\Home\07c3673d4a3c1d8bcaf549f00c9dcf6d.php 第 22 行.
INFO: Run Behavior\ParseTemplateBehavior [ RunTime:0.046053s ]
INFO: [ view_parse ] --END-- [ RunTime:0.046213s ]
INFO: [ view_filter ] --START--
INFO: Run Behavior\WriteHtmlCacheBehavior [ RunTime:0.000539s ]
INFO: [ view_filter ] --END-- [ RunTime:0.000650s ]
INFO: [ app_end ] --START--
INFO: Run Behavior\ShowPageTraceBehavior [ RunTime:0.000876s ]
INFO: [ app_end ] --END-- [ RunTime:0.001003s ]

[ 2016-03-26T19:00:13+08:00 ] 127.0.0.1 /hotel/Public/Home/Css/images/bg.jp
INFO: [ app_init ] --START--
INFO: Run Behavior\BuildLiteBehavior [ RunTime:0.000028s ]
INFO: [ app_init ] --END-- [ RunTime:0.000589s ]
INFO: [ app_begin ] --START--
INFO: Run Behavior\ReadHtmlCacheBehavior [ RunTime:0.000665s ]
INFO: [ app_begin ] --END-- [ RunTime:0.000788s ]
ERR: 无法加载控制器:Public

[ 2016-03-26T19:00:13+08:00 ] 127.0.0.1 /hotel/Public/Home/Css/images/cbg.jp
INFO: [ app_init ] --START--
INFO: Run Behavior\BuildLiteBehavior [ RunTime:0.000044s ]
INFO: [ app_init ] --END-- [ RunTime:0.002235s ]
INFO: [ app_begin ] --START--
INFO: Run Behavior\ReadHtmlCacheBehavior [ RunTime:0.000727s ]
INFO: [ app_begin ] --END-- [ RunTime:0.000861s ]
ERR: 无法加载控制器:Public

[ 2016-03-26T19:00:13+08:00 ] 127.0.0.1 /hotel/Public/Home/Css/Images/menu_style.gif
INFO: [ app_init ] --START--
INFO: Run Behavior\BuildLiteBehavior [ RunTime:0.000048s ]
INFO: [ app_init ] --END-- [ RunTime:0.000963s ]

[ 2016-03-26T19:00:13+08:00 ] 127.0.0.1 /hotel/Public/Home/Css/Images/rgithbg.gif
INFO: [ app_init ] --START--
INFO: Run Behavior\BuildLiteBehavior [ RunTime:0.000051s ]
INFO: [ app_init ] --END-- [ RunTime:0.001047s ]

[ 2016-03-26T19:00:13+08:00 ] 127.0.0.1 /hotel/Public/Home/Css/images/nav_menu_list.jp
INFO: [ app_init ] --START--
INFO: Run Behavior\BuildLiteBehavior [ RunTime:0.000029s ]
INFO: [ app_init ] --END-- [ RunTime:0.000950s ]
INFO: [ app_begin ] --START--
INFO: Run Behavior\ReadHtmlCacheBehavior [ RunTime:0.001118s ]
INFO: [ app_begin ] --END-- [ RunTime:0.001268s ]
ERR: 无法加载控制器:Public

[ 2016-03-26T19:00:13+08:00 ] 127.0.0.1 /hotel/Public/Home/Css/images/lanmu_site.png
INFO: [ app_init ] --START--
INFO: Run Behavior\BuildLiteBehavior [ RunTime:0.000049s ]
INFO: [ app_init ] --END-- [ RunTime:0.001240s ]

[ 2016-03-26T19:00:13+08:00 ] 127.0.0.1 /hotel/Public/Home/Css/images/bottom.jp
INFO: [ app_init ] --START--
INFO: Run Behavior\BuildLiteBehavior [ RunTime:0.000048s ]
INFO: [ app_init ] --END-- [ RunTime:0.000931s ]
INFO: [ app_begin ] --START--
INFO: Run Behavior\ReadHtmlCacheBehavior [ RunTime:0.001770s ]
INFO: [ app_begin ] --END-- [ RunTime:0.002026s ]
ERR: 无法加载控制器:Public

[ 2016-03-26T19:00:15+08:00 ] 127.0.0.1 /hotel/Contact/board.html
INFO: [ app_init ] --START--
INFO: Run Behavior\BuildLiteBehavior [ RunTime:0.000029s ]
INFO: [ app_init ] --END-- [ RunTime:0.000839s ]
INFO: [ app_begin ] --START--
INFO: Run Behavior\ReadHtmlCacheBehavior [ RunTime:0.000876s ]
INFO: [ app_begin ] --END-- [ RunTime:0.001005s ]
SQL: SHOW COLUMNS FROM `ht_board` [ RunTime:0.0541s ]
SQL: SELECT * FROM `ht_board`  [ RunTime:0.0006s ]
INFO: [ view_parse ] --START--
INFO: [ template_filter ] --START--
INFO: Run Behavior\ContentReplaceBehavior [ RunTime:0.000141s ]
INFO: [ template_filter ] --END-- [ RunTime:0.000308s ]
INFO: Run Behavior\ParseTemplateBehavior [ RunTime:0.031986s ]
INFO: [ view_parse ] --END-- [ RunTime:0.032168s ]
INFO: [ view_filter ] --START--
INFO: Run Behavior\WriteHtmlCacheBehavior [ RunTime:0.000569s ]
INFO: [ view_filter ] --END-- [ RunTime:0.000727s ]
INFO: [ app_end ] --START--
INFO: Run Behavior\ShowPageTraceBehavior [ RunTime:0.000938s ]
INFO: [ app_end ] --END-- [ RunTime:0.001063s ]

[ 2016-03-26T19:00:16+08:00 ] 127.0.0.1 /hotel/Public/Home/Css/images/bg.jp
INFO: [ app_init ] --START--
INFO: Run Behavior\BuildLiteBehavior [ RunTime:0.000026s ]
INFO: [ app_init ] --END-- [ RunTime:0.000575s ]
INFO: [ app_begin ] --START--
INFO: Run Behavior\ReadHtmlCacheBehavior [ RunTime:0.000684s ]
INFO: [ app_begin ] --END-- [ RunTime:0.000802s ]
ERR: 无法加载控制器:Public

[ 2016-03-26T19:00:16+08:00 ] 127.0.0.1 /hotel/Public/Home/Css/images/cbg.jp
INFO: [ app_init ] --START--
INFO: Run Behavior\BuildLiteBehavior [ RunTime:0.000045s ]
INFO: [ app_init ] --END-- [ RunTime:0.000987s ]
INFO: [ app_begin ] --START--
INFO: Run Behavior\ReadHtmlCacheBehavior [ RunTime:0.000918s ]
INFO: [ app_begin ] --END-- [ RunTime:0.001057s ]
ERR: 无法加载控制器:Public

[ 2016-03-26T19:00:16+08:00 ] 127.0.0.1 /hotel/Public/Home/Css/Images/rgithbg.gif
INFO: [ app_init ] --START--
INFO: Run Behavior\BuildLiteBehavior [ RunTime:0.000041s ]
INFO: [ app_init ] --END-- [ RunTime:0.001028s ]

[ 2016-03-26T19:00:16+08:00 ] 127.0.0.1 /hotel/Public/Home/Css/images/nav_menu_list.jp
INFO: [ app_init ] --START--
INFO: Run Behavior\BuildLiteBehavior [ RunTime:0.000045s ]
INFO: [ app_init ] --END-- [ RunTime:0.000891s ]
INFO: [ app_begin ] --START--
INFO: Run Behavior\ReadHtmlCacheBehavior [ RunTime:0.001189s ]
INFO: [ app_begin ] --END-- [ RunTime:0.001410s ]
ERR: 无法加载控制器:Public

[ 2016-03-26T19:00:16+08:00 ] 127.0.0.1 /hotel/Public/Home/Css/Images/menu_style.gif
INFO: [ app_init ] --START--
INFO: Run Behavior\BuildLiteBehavior [ RunTime:0.000105s ]
INFO: [ app_init ] --END-- [ RunTime:0.001688s ]

[ 2016-03-26T19:00:16+08:00 ] 127.0.0.1 /hotel/Public/Home/Css/images/lanmu_site.png
INFO: [ app_init ] --START--
INFO: Run Behavior\BuildLiteBehavior [ RunTime:0.000068s ]
INFO: [ app_init ] --END-- [ RunTime:0.000958s ]

[ 2016-03-26T19:00:16+08:00 ] 127.0.0.1 /hotel/Public/Home/Css/images/bottom.jp
INFO: [ app_init ] --START--
INFO: Run Behavior\BuildLiteBehavior [ RunTime:0.000028s ]
INFO: [ app_init ] --END-- [ RunTime:0.000595s ]
INFO: [ app_begin ] --START--
INFO: Run Behavior\ReadHtmlCacheBehavior [ RunTime:0.000824s ]
INFO: [ app_begin ] --END-- [ RunTime:0.002115s ]
ERR: 无法加载控制器:Public

[ 2016-03-26T19:04:33+08:00 ] 127.0.0.1 /hotel/Index/index.html
INFO: [ app_init ] --START--
INFO: Run Behavior\BuildLiteBehavior [ RunTime:0.000027s ]
INFO: [ app_init ] --END-- [ RunTime:0.000712s ]
INFO: [ app_begin ] --START--
INFO: Run Behavior\ReadHtmlCacheBehavior [ RunTime:0.000769s ]
INFO: [ app_begin ] --END-- [ RunTime:0.000891s ]
INFO: [ view_parse ] --START--
INFO: [ template_filter ] --START--
INFO: Run Behavior\ContentReplaceBehavior [ RunTime:0.000236s ]
INFO: [ template_filter ] --END-- [ RunTime:0.000369s ]
INFO: Run Behavior\ParseTemplateBehavior [ RunTime:0.016546s ]
INFO: [ view_parse ] --END-- [ RunTime:0.016686s ]
INFO: [ view_filter ] --START--
INFO: Run Behavior\WriteHtmlCacheBehavior [ RunTime:0.000560s ]
INFO: [ view_filter ] --END-- [ RunTime:0.000669s ]
INFO: [ app_end ] --START--
INFO: Run Behavior\ShowPageTraceBehavior [ RunTime:0.000812s ]
INFO: [ app_end ] --END-- [ RunTime:0.000922s ]

[ 2016-03-26T19:04:33+08:00 ] 127.0.0.1 /hotel/webuploader/server/upload/tpic_t_18143513.jpg
INFO: [ app_init ] --START--
INFO: Run Behavior\BuildLiteBehavior [ RunTime:0.000049s ]
INFO: [ app_init ] --END-- [ RunTime:0.001138s ]

[ 2016-03-26T19:04:33+08:00 ] 127.0.0.1 /hotel/Index/e/upload/s1/fck/image/2012-11/17133202.jpg
INFO: [ app_init ] --START--
INFO: Run Behavior\BuildLiteBehavior [ RunTime:0.000044s ]
INFO: [ app_init ] --END-- [ RunTime:0.000912s ]

[ 2016-03-26T19:04:33+08:00 ] 127.0.0.1 /hotel/Public/Home/Css/images/bg.jp
INFO: [ app_init ] --START--
INFO: Run Behavior\BuildLiteBehavior [ RunTime:0.000027s ]
INFO: [ app_init ] --END-- [ RunTime:0.000602s ]
INFO: [ app_begin ] --START--
INFO: Run Behavior\ReadHtmlCacheBehavior [ RunTime:0.000682s ]
INFO: [ app_begin ] --END-- [ RunTime:0.000802s ]
ERR: 无法加载控制器:Public

[ 2016-03-26T19:04:33+08:00 ] 127.0.0.1 /hotel/webuploader/server/upload/tpic_t_18143513.jpg
INFO: [ app_init ] --START--
INFO: Run Behavior\BuildLiteBehavior [ RunTime:0.000047s ]
INFO: [ app_init ] --END-- [ RunTime:0.001149s ]

[ 2016-03-26T19:04:33+08:00 ] 127.0.0.1 /hotel/Public/Home/Css/Images/menu_style.gif
INFO: [ app_init ] --START--
INFO: Run Behavior\BuildLiteBehavior [ RunTime:0.000046s ]
INFO: [ app_init ] --END-- [ RunTime:0.000904s ]

[ 2016-03-26T19:04:33+08:00 ] 127.0.0.1 /hotel/Public/Home/Css/images/lanmu_site.png
INFO: [ app_init ] --START--
INFO: Run Behavior\BuildLiteBehavior [ RunTime:0.000046s ]
INFO: [ app_init ] --END-- [ RunTime:0.000939s ]

[ 2016-03-26T19:04:33+08:00 ] 127.0.0.1 /hotel/Public/Home/Css/images/cbg.jp
INFO: [ app_init ] --START--
INFO: Run Behavior\BuildLiteBehavior [ RunTime:0.000049s ]
INFO: [ app_init ] --END-- [ RunTime:0.000952s ]
INFO: [ app_begin ] --START--
INFO: Run Behavior\ReadHtmlCacheBehavior [ RunTime:0.000858s ]
INFO: [ app_begin ] --END-- [ RunTime:0.001038s ]
ERR: 无法加载控制器:Public

[ 2016-03-26T19:04:33+08:00 ] 127.0.0.1 /hotel/Index/e/upload/s1/fck/image/2012-11/17133202.jpg
INFO: [ app_init ] --START--
INFO: Run Behavior\BuildLiteBehavior [ RunTime:0.000060s ]
INFO: [ app_init ] --END-- [ RunTime:0.001415s ]

[ 2016-03-26T19:04:33+08:00 ] 127.0.0.1 /hotel/Public/Home/Css/images/bottom.jp
INFO: [ app_init ] --START--
INFO: Run Behavior\BuildLiteBehavior [ RunTime:0.000057s ]
INFO: [ app_init ] --END-- [ RunTime:0.001239s ]
INFO: [ app_begin ] --START--
INFO: Run Behavior\ReadHtmlCacheBehavior [ RunTime:0.001725s ]
INFO: [ app_begin ] --END-- [ RunTime:0.002211s ]
ERR: 无法加载控制器:Public

[ 2016-03-26T19:04:47+08:00 ] 127.0.0.1 /hotel/News/index.html
INFO: [ app_init ] --START--
INFO: Run Behavior\BuildLiteBehavior [ RunTime:0.000100s ]
INFO: [ app_init ] --END-- [ RunTime:0.001440s ]
INFO: [ app_begin ] --START--
INFO: Run Behavior\ReadHtmlCacheBehavior [ RunTime:0.000979s ]
INFO: [ app_begin ] --END-- [ RunTime:0.001245s ]
SQL: SHOW COLUMNS FROM `ht_news` [ RunTime:0.0042s ]
SQL: SELECT * FROM `ht_news`  [ RunTime:0.0006s ]
INFO: [ view_parse ] --START--
INFO: [ template_filter ] --START--
INFO: Run Behavior\ContentReplaceBehavior [ RunTime:0.000342s ]
INFO: [ template_filter ] --END-- [ RunTime:0.000769s ]
INFO: Run Behavior\ParseTemplateBehavior [ RunTime:0.023447s ]
INFO: [ view_parse ] --END-- [ RunTime:0.023738s ]
INFO: [ view_filter ] --START--
INFO: Run Behavior\WriteHtmlCacheBehavior [ RunTime:0.000824s ]
INFO: [ view_filter ] --END-- [ RunTime:0.000964s ]
INFO: [ app_end ] --START--
INFO: Run Behavior\ShowPageTraceBehavior [ RunTime:0.001345s ]
INFO: [ app_end ] --END-- [ RunTime:0.001519s ]

[ 2016-03-26T19:04:47+08:00 ] 127.0.0.1 /hotel/Public/Home/Css/images/bg.jp
INFO: [ app_init ] --START--
INFO: Run Behavior\BuildLiteBehavior [ RunTime:0.000039s ]
INFO: [ app_init ] --END-- [ RunTime:0.000831s ]
INFO: [ app_begin ] --START--
INFO: Run Behavior\ReadHtmlCacheBehavior [ RunTime:0.000801s ]
INFO: [ app_begin ] --END-- [ RunTime:0.000932s ]
ERR: 无法加载控制器:Public

[ 2016-03-26T19:04:47+08:00 ] 127.0.0.1 /hotel/Public/Home/Css/Images/rgithbg.gif
INFO: [ app_init ] --START--
INFO: Run Behavior\BuildLiteBehavior [ RunTime:0.000031s ]
INFO: [ app_init ] --END-- [ RunTime:0.000723s ]

[ 2016-03-26T19:04:47+08:00 ] 127.0.0.1 /hotel/Public/Home/Css/Images/menu_style.gif
INFO: [ app_init ] --START--
INFO: Run Behavior\BuildLiteBehavior [ RunTime:0.000046s ]
INFO: [ app_init ] --END-- [ RunTime:0.000869s ]

[ 2016-03-26T19:04:47+08:00 ] 127.0.0.1 /hotel/Public/Home/Css/images/cbg.jp
INFO: [ app_init ] --START--
INFO: Run Behavior\BuildLiteBehavior [ RunTime:0.000103s ]
INFO: [ app_init ] --END-- [ RunTime:0.001471s ]
INFO: [ app_begin ] --START--
INFO: Run Behavior\ReadHtmlCacheBehavior [ RunTime:0.000793s ]
INFO: [ app_begin ] --END-- [ RunTime:0.000946s ]
ERR: 无法加载控制器:Public

[ 2016-03-26T19:04:47+08:00 ] 127.0.0.1 /hotel/Public/Home/Css/images/lanmu_site.png
INFO: [ app_init ] --START--
INFO: Run Behavior\BuildLiteBehavior [ RunTime:0.000045s ]
INFO: [ app_init ] --END-- [ RunTime:0.000889s ]

[ 2016-03-26T19:04:48+08:00 ] 127.0.0.1 /hotel/Public/Home/Css/images/bottom.jp
INFO: [ app_init ] --START--
INFO: Run Behavior\BuildLiteBehavior [ RunTime:0.000050s ]
INFO: [ app_init ] --END-- [ RunTime:0.000888s ]
INFO: [ app_begin ] --START--
INFO: Run Behavior\ReadHtmlCacheBehavior [ RunTime:0.001030s ]
INFO: [ app_begin ] --END-- [ RunTime:0.001250s ]
ERR: 无法加载控制器:Public

[ 2016-03-26T19:04:48+08:00 ] 127.0.0.1 /hotel/Public/Home/Css/images/article_arrow.png
INFO: [ app_init ] --START--
INFO: Run Behavior\BuildLiteBehavior [ RunTime:0.000046s ]
INFO: [ app_init ] --END-- [ RunTime:0.000862s ]

[ 2016-03-26T19:10:32+08:00 ] 127.0.0.1 /hotel/Index/index.html
INFO: [ app_init ] --START--
INFO: Run Behavior\BuildLiteBehavior [ RunTime:0.000070s ]
INFO: [ app_init ] --END-- [ RunTime:0.001363s ]
INFO: [ app_begin ] --START--
INFO: Run Behavior\ReadHtmlCacheBehavior [ RunTime:0.001640s ]
INFO: [ app_begin ] --END-- [ RunTime:0.001886s ]
INFO: [ view_parse ] --START--
INFO: [ template_filter ] --START--
INFO: Run Behavior\ContentReplaceBehavior [ RunTime:0.000240s ]
INFO: [ template_filter ] --END-- [ RunTime:0.000544s ]
INFO: Run Behavior\ParseTemplateBehavior [ RunTime:0.021766s ]
INFO: [ view_parse ] --END-- [ RunTime:0.022042s ]
INFO: [ view_filter ] --START--
INFO: Run Behavior\WriteHtmlCacheBehavior [ RunTime:0.000462s ]
INFO: [ view_filter ] --END-- [ RunTime:0.000568s ]
INFO: [ app_end ] --START--
INFO: Run Behavior\ShowPageTraceBehavior [ RunTime:0.000695s ]
INFO: [ app_end ] --END-- [ RunTime:0.000806s ]

[ 2016-03-26T19:10:33+08:00 ] 127.0.0.1 /hotel/webuploader/server/upload/tpic_t_18143513.jpg
INFO: [ app_init ] --START--
INFO: Run Behavior\BuildLiteBehavior [ RunTime:0.000095s ]
INFO: [ app_init ] --END-- [ RunTime:0.001633s ]

[ 2016-03-26T19:10:33+08:00 ] 127.0.0.1 /hotel/Public/Home/Css/images/bg.jp
INFO: [ app_init ] --START--
INFO: Run Behavior\BuildLiteBehavior [ RunTime:0.000027s ]
INFO: [ app_init ] --END-- [ RunTime:0.000598s ]
INFO: [ app_begin ] --START--
INFO: Run Behavior\ReadHtmlCacheBehavior [ RunTime:0.000755s ]
INFO: [ app_begin ] --END-- [ RunTime:0.000888s ]
ERR: 无法加载控制器:Public

[ 2016-03-26T19:10:33+08:00 ] 127.0.0.1 /hotel/webuploader/server/upload/tpic_t_18143513.jpg
INFO: [ app_init ] --START--
INFO: Run Behavior\BuildLiteBehavior [ RunTime:0.000049s ]
INFO: [ app_init ] --END-- [ RunTime:0.000957s ]

[ 2016-03-26T19:10:33+08:00 ] 127.0.0.1 /hotel/Public/Home/Css/Images/menu_style.gif
INFO: [ app_init ] --START--
INFO: Run Behavior\BuildLiteBehavior [ RunTime:0.000050s ]
INFO: [ app_init ] --END-- [ RunTime:0.000991s ]

[ 2016-03-26T19:10:33+08:00 ] 127.0.0.1 /hotel/Public/Home/Css/images/cbg.jp
INFO: [ app_init ] --START--
INFO: Run Behavior\BuildLiteBehavior [ RunTime:0.000043s ]
INFO: [ app_init ] --END-- [ RunTime:0.000874s ]
INFO: [ app_begin ] --START--
INFO: Run Behavior\ReadHtmlCacheBehavior [ RunTime:0.002420s ]
INFO: [ app_begin ] --END-- [ RunTime:0.002685s ]
ERR: 无法加载控制器:Public

[ 2016-03-26T19:10:33+08:00 ] 127.0.0.1 /hotel/Public/Home/Css/images/lanmu_site.png
INFO: [ app_init ] --START--
INFO: Run Behavior\BuildLiteBehavior [ RunTime:0.000107s ]
INFO: [ app_init ] --END-- [ RunTime:0.004521s ]

[ 2016-03-26T19:10:33+08:00 ] 127.0.0.1 /hotel/Public/Home/Css/images/bottom.jp
INFO: [ app_init ] --START--
INFO: Run Behavior\BuildLiteBehavior [ RunTime:0.000036s ]
INFO: [ app_init ] --END-- [ RunTime:0.001109s ]
INFO: [ app_begin ] --START--
INFO: Run Behavior\ReadHtmlCacheBehavior [ RunTime:0.001782s ]
INFO: [ app_begin ] --END-- [ RunTime:0.002192s ]
ERR: 无法加载控制器:Public

[ 2016-03-26T19:52:43+08:00 ] 127.0.0.1 /hotel/Index/index.html
INFO: [ app_init ] --START--
INFO: Run Behavior\BuildLiteBehavior [ RunTime:0.000035s ]
INFO: [ app_init ] --END-- [ RunTime:0.002134s ]
INFO: [ app_begin ] --START--
INFO: Run Behavior\ReadHtmlCacheBehavior [ RunTime:0.000894s ]
INFO: [ app_begin ] --END-- [ RunTime:0.001108s ]
INFO: [ view_parse ] --START--
INFO: [ template_filter ] --START--
INFO: Run Behavior\ContentReplaceBehavior [ RunTime:0.000171s ]
INFO: [ template_filter ] --END-- [ RunTime:0.000336s ]
NOTIC: [8] Undefined variable: v G:\wamp\wamp\www\text\hotel\Runtime\Cache\Home\2a09bc7c9210959c45a760563e5a82e9.php 第 141 行.
INFO: Run Behavior\ParseTemplateBehavior [ RunTime:0.026331s ]
INFO: [ view_parse ] --END-- [ RunTime:0.026512s ]
INFO: [ view_filter ] --START--
INFO: Run Behavior\WriteHtmlCacheBehavior [ RunTime:0.000667s ]
INFO: [ view_filter ] --END-- [ RunTime:0.000816s ]
INFO: [ app_end ] --START--
INFO: Run Behavior\ShowPageTraceBehavior [ RunTime:0.000775s ]
INFO: [ app_end ] --END-- [ RunTime:0.000886s ]

[ 2016-03-26T19:52:43+08:00 ] 127.0.0.1 /hotel/webuploader/server/upload/tpic_t_18143513.jpg
INFO: [ app_init ] --START--
INFO: Run Behavior\BuildLiteBehavior [ RunTime:0.000047s ]
INFO: [ app_init ] --END-- [ RunTime:0.000938s ]

[ 2016-03-26T19:52:43+08:00 ] 127.0.0.1 /hotel/Public/Home/Css/images/bg.jp
INFO: [ app_init ] --START--
INFO: Run Behavior\BuildLiteBehavior [ RunTime:0.000040s ]
INFO: [ app_init ] --END-- [ RunTime:0.000822s ]
INFO: [ app_begin ] --START--
INFO: Run Behavior\ReadHtmlCacheBehavior [ RunTime:0.000793s ]
INFO: [ app_begin ] --END-- [ RunTime:0.000930s ]
ERR: 无法加载控制器:Public

[ 2016-03-26T19:52:43+08:00 ] 127.0.0.1 /hotel/Public/Home/Css/Images/menu_style.gif
INFO: [ app_init ] --START--
INFO: Run Behavior\BuildLiteBehavior [ RunTime:0.000028s ]
INFO: [ app_init ] --END-- [ RunTime:0.000668s ]

[ 2016-03-26T19:52:43+08:00 ] 127.0.0.1 /hotel/Public/Home/Css/images/cbg.jp
INFO: [ app_init ] --START--
INFO: Run Behavior\BuildLiteBehavior [ RunTime:0.000052s ]
INFO: [ app_init ] --END-- [ RunTime:0.000967s ]
INFO: [ app_begin ] --START--
INFO: Run Behavior\ReadHtmlCacheBehavior [ RunTime:0.001510s ]
INFO: [ app_begin ] --END-- [ RunTime:0.001732s ]
ERR: 无法加载控制器:Public

[ 2016-03-26T19:52:43+08:00 ] 127.0.0.1 /hotel/webuploader/server/upload/tpic_t_18143513.jpg
INFO: [ app_init ] --START--
INFO: Run Behavior\BuildLiteBehavior [ RunTime:0.000039s ]
INFO: [ app_init ] --END-- [ RunTime:0.001190s ]

[ 2016-03-26T19:52:43+08:00 ] 127.0.0.1 /hotel/Public/Home/Css/images/lanmu_site.png
INFO: [ app_init ] --START--
INFO: Run Behavior\BuildLiteBehavior [ RunTime:0.000029s ]
INFO: [ app_init ] --END-- [ RunTime:0.000771s ]

[ 2016-03-26T19:52:43+08:00 ] 127.0.0.1 /hotel/Public/Home/Css/images/bottom.jp
INFO: [ app_init ] --START--
INFO: Run Behavior\BuildLiteBehavior [ RunTime:0.000188s ]
INFO: [ app_init ] --END-- [ RunTime:0.001706s ]
INFO: [ app_begin ] --START--
INFO: Run Behavior\ReadHtmlCacheBehavior [ RunTime:0.001124s ]
INFO: [ app_begin ] --END-- [ RunTime:0.001340s ]
ERR: 无法加载控制器:Public

[ 2016-03-26T19:53:06+08:00 ] 127.0.0.1 /hotel/Index/index.html
INFO: [ app_init ] --START--
INFO: Run Behavior\BuildLiteBehavior [ RunTime:0.000076s ]
INFO: [ app_init ] --END-- [ RunTime:0.001660s ]
INFO: [ app_begin ] --START--
INFO: Run Behavior\ReadHtmlCacheBehavior [ RunTime:0.000964s ]
INFO: [ app_begin ] --END-- [ RunTime:0.001123s ]
INFO: [ view_parse ] --START--
INFO: [ template_filter ] --START--
INFO: Run Behavior\ContentReplaceBehavior [ RunTime:0.000171s ]
INFO: [ template_filter ] --END-- [ RunTime:0.000325s ]
NOTIC: [8] Undefined variable: v G:\wamp\wamp\www\text\hotel\Runtime\Cache\Home\2a09bc7c9210959c45a760563e5a82e9.php 第 141 行.
INFO: Run Behavior\ParseTemplateBehavior [ RunTime:0.021147s ]
INFO: [ view_parse ] --END-- [ RunTime:0.021317s ]
INFO: [ view_filter ] --START--
INFO: Run Behavior\WriteHtmlCacheBehavior [ RunTime:0.000842s ]
INFO: [ view_filter ] --END-- [ RunTime:0.001058s ]
INFO: [ app_end ] --START--
INFO: Run Behavior\ShowPageTraceBehavior [ RunTime:0.001335s ]
INFO: [ app_end ] --END-- [ RunTime:0.001613s ]

[ 2016-03-26T19:53:06+08:00 ] 127.0.0.1 /hotel/webuploader/server/upload/tpic_t_18143513.jpg
INFO: [ app_init ] --START--
INFO: Run Behavior\BuildLiteBehavior [ RunTime:0.000070s ]
INFO: [ app_init ] --END-- [ RunTime:0.004486s ]

[ 2016-03-26T19:53:06+08:00 ] 127.0.0.1 /hotel/Public/Home/Css/images/bg.jp
INFO: [ app_init ] --START--
INFO: Run Behavior\BuildLiteBehavior [ RunTime:0.000027s ]
INFO: [ app_init ] --END-- [ RunTime:0.000590s ]
INFO: [ app_begin ] --START--
INFO: Run Behavior\ReadHtmlCacheBehavior [ RunTime:0.000667s ]
INFO: [ app_begin ] --END-- [ RunTime:0.000801s ]
ERR: 无法加载控制器:Public

[ 2016-03-26T19:53:06+08:00 ] 127.0.0.1 /hotel/webuploader/server/upload/tpic_t_18143513.jpg
INFO: [ app_init ] --START--
INFO: Run Behavior\BuildLiteBehavior [ RunTime:0.000028s ]
INFO: [ app_init ] --END-- [ RunTime:0.000684s ]

[ 2016-03-26T19:53:06+08:00 ] 127.0.0.1 /hotel/Public/Home/Css/Images/menu_style.gif
INFO: [ app_init ] --START--
INFO: Run Behavior\BuildLiteBehavior [ RunTime:0.000048s ]
INFO: [ app_init ] --END-- [ RunTime:0.000910s ]

[ 2016-03-26T19:53:06+08:00 ] 127.0.0.1 /hotel/Public/Home/Css/images/lanmu_site.png
INFO: [ app_init ] --START--
INFO: Run Behavior\BuildLiteBehavior [ RunTime:0.000057s ]
INFO: [ app_init ] --END-- [ RunTime:0.001566s ]

[ 2016-03-26T19:53:06+08:00 ] 127.0.0.1 /hotel/Public/Home/Css/images/cbg.jp
INFO: [ app_init ] --START--
INFO: Run Behavior\BuildLiteBehavior [ RunTime:0.000047s ]
INFO: [ app_init ] --END-- [ RunTime:0.000947s ]
INFO: [ app_begin ] --START--
INFO: Run Behavior\ReadHtmlCacheBehavior [ RunTime:0.001619s ]
INFO: [ app_begin ] --END-- [ RunTime:0.001852s ]
ERR: 无法加载控制器:Public

[ 2016-03-26T19:53:07+08:00 ] 127.0.0.1 /hotel/Public/Home/Css/images/bottom.jp
INFO: [ app_init ] --START--
INFO: Run Behavior\BuildLiteBehavior [ RunTime:0.000087s ]
INFO: [ app_init ] --END-- [ RunTime:0.001364s ]
INFO: [ app_begin ] --START--
INFO: Run Behavior\ReadHtmlCacheBehavior [ RunTime:0.003268s ]
INFO: [ app_begin ] --END-- [ RunTime:0.003566s ]
ERR: 无法加载控制器:Public

[ 2016-03-26T20:29:56+08:00 ] 127.0.0.1 /hotel/Index/index.html
INFO: [ app_init ] --START--
INFO: Run Behavior\BuildLiteBehavior [ RunTime:0.000029s ]
INFO: [ app_init ] --END-- [ RunTime:0.000844s ]
INFO: [ app_begin ] --START--
INFO: Run Behavior\ReadHtmlCacheBehavior [ RunTime:0.001583s ]
INFO: [ app_begin ] --END-- [ RunTime:0.001891s ]
INFO: [ view_parse ] --START--
INFO: [ template_filter ] --START--
INFO: Run Behavior\ContentReplaceBehavior [ RunTime:0.000185s ]
INFO: [ template_filter ] --END-- [ RunTime:0.000357s ]
INFO: Run Behavior\ParseTemplateBehavior [ RunTime:0.018991s ]
INFO: [ view_parse ] --END-- [ RunTime:0.019306s ]
INFO: [ view_filter ] --START--
INFO: Run Behavior\WriteHtmlCacheBehavior [ RunTime:0.000735s ]
INFO: [ view_filter ] --END-- [ RunTime:0.000932s ]
INFO: [ app_end ] --START--
INFO: Run Behavior\ShowPageTraceBehavior [ RunTime:0.001339s ]
INFO: [ app_end ] --END-- [ RunTime:0.001519s ]

[ 2016-03-26T20:29:56+08:00 ] 127.0.0.1 /hotel/webuploader/server/upload/tpic_t_18143513.jpg
INFO: [ app_init ] --START--
INFO: Run Behavior\BuildLiteBehavior [ RunTime:0.000046s ]
INFO: [ app_init ] --END-- [ RunTime:0.000874s ]

[ 2016-03-26T20:29:56+08:00 ] 127.0.0.1 /hotel/Public/Home/Css/images/bg.jp
INFO: [ app_init ] --START--
INFO: Run Behavior\BuildLiteBehavior [ RunTime:0.000027s ]
INFO: [ app_init ] --END-- [ RunTime:0.000565s ]
INFO: [ app_begin ] --START--
INFO: Run Behavior\ReadHtmlCacheBehavior [ RunTime:0.000691s ]
INFO: [ app_begin ] --END-- [ RunTime:0.000815s ]
ERR: 无法加载控制器:Public

[ 2016-03-26T20:29:56+08:00 ] 127.0.0.1 /hotel/Public/Home/Css/images/cbg.jp
INFO: [ app_init ] --START--
INFO: Run Behavior\BuildLiteBehavior [ RunTime:0.000062s ]
INFO: [ app_init ] --END-- [ RunTime:0.002364s ]
INFO: [ app_begin ] --START--
INFO: Run Behavior\ReadHtmlCacheBehavior [ RunTime:0.000828s ]
INFO: [ app_begin ] --END-- [ RunTime:0.000970s ]
ERR: 无法加载控制器:Public

[ 2016-03-26T20:29:57+08:00 ] 127.0.0.1 /hotel/webuploader/server/upload/tpic_t_18143513.jpg
INFO: [ app_init ] --START--
INFO: Run Behavior\BuildLiteBehavior [ RunTime:0.000044s ]
INFO: [ app_init ] --END-- [ RunTime:0.000891s ]

[ 2016-03-26T20:29:57+08:00 ] 127.0.0.1 /hotel/Public/Home/Css/images/lanmu_site.png
INFO: [ app_init ] --START--
INFO: Run Behavior\BuildLiteBehavior [ RunTime:0.000039s ]
INFO: [ app_init ] --END-- [ RunTime:0.000854s ]

[ 2016-03-26T20:29:57+08:00 ] 127.0.0.1 /hotel/Public/Home/Css/Images/menu_style.gif
INFO: [ app_init ] --START--
INFO: Run Behavior\BuildLiteBehavior [ RunTime:0.000048s ]
INFO: [ app_init ] --END-- [ RunTime:0.001295s ]

[ 2016-03-26T20:29:57+08:00 ] 127.0.0.1 /hotel/Public/Home/Css/images/bottom.jp
INFO: [ app_init ] --START--
INFO: Run Behavior\BuildLiteBehavior [ RunTime:0.000047s ]
INFO: [ app_init ] --END-- [ RunTime:0.000766s ]
INFO: [ app_begin ] --START--
INFO: Run Behavior\ReadHtmlCacheBehavior [ RunTime:0.000811s ]
INFO: [ app_begin ] --END-- [ RunTime:0.001031s ]
ERR: 无法加载控制器:Public

[ 2016-03-26T20:31:26+08:00 ] 127.0.0.1 /hotel/Index/index.html
INFO: [ app_init ] --START--
INFO: Run Behavior\BuildLiteBehavior [ RunTime:0.000102s ]
INFO: [ app_init ] --END-- [ RunTime:0.001158s ]
INFO: [ app_begin ] --START--
INFO: Run Behavior\ReadHtmlCacheBehavior [ RunTime:0.001205s ]
INFO: [ app_begin ] --END-- [ RunTime:0.001550s ]
INFO: [ view_parse ] --START--
INFO: [ template_filter ] --START--
INFO: Run Behavior\ContentReplaceBehavior [ RunTime:0.000230s ]
INFO: [ template_filter ] --END-- [ RunTime:0.000556s ]
INFO: Run Behavior\ParseTemplateBehavior [ RunTime:0.021870s ]
INFO: [ view_parse ] --END-- [ RunTime:0.022105s ]
INFO: [ view_filter ] --START--
INFO: Run Behavior\WriteHtmlCacheBehavior [ RunTime:0.000525s ]
INFO: [ view_filter ] --END-- [ RunTime:0.000648s ]
INFO: [ app_end ] --START--
INFO: Run Behavior\ShowPageTraceBehavior [ RunTime:0.000729s ]
INFO: [ app_end ] --END-- [ RunTime:0.000851s ]

[ 2016-03-26T20:31:27+08:00 ] 127.0.0.1 /hotel/webuploader/server/upload/tpic_t_18143513.jpg
INFO: [ app_init ] --START--
INFO: Run Behavior\BuildLiteBehavior [ RunTime:0.000108s ]
INFO: [ app_init ] --END-- [ RunTime:0.001208s ]

[ 2016-03-26T20:31:27+08:00 ] 127.0.0.1 /hotel/Public/Home/Css/images/bg.jp
INFO: [ app_init ] --START--
INFO: Run Behavior\BuildLiteBehavior [ RunTime:0.000026s ]
INFO: [ app_init ] --END-- [ RunTime:0.000573s ]
INFO: [ app_begin ] --START--
INFO: Run Behavior\ReadHtmlCacheBehavior [ RunTime:0.000647s ]
INFO: [ app_begin ] --END-- [ RunTime:0.000767s ]
ERR: 无法加载控制器:Public

[ 2016-03-26T20:31:27+08:00 ] 127.0.0.1 /hotel/Public/Home/Css/Images/menu_style.gif
INFO: [ app_init ] --START--
INFO: Run Behavior\BuildLiteBehavior [ RunTime:0.000049s ]
INFO: [ app_init ] --END-- [ RunTime:0.000871s ]

[ 2016-03-26T20:31:27+08:00 ] 127.0.0.1 /hotel/Public/Home/Css/images/lanmu_site.png
INFO: [ app_init ] --START--
INFO: Run Behavior\BuildLiteBehavior [ RunTime:0.000029s ]
INFO: [ app_init ] --END-- [ RunTime:0.000909s ]

[ 2016-03-26T20:31:27+08:00 ] 127.0.0.1 /hotel/Public/Home/Css/images/cbg.jp
INFO: [ app_init ] --START--
INFO: Run Behavior\BuildLiteBehavior [ RunTime:0.000041s ]
INFO: [ app_init ] --END-- [ RunTime:0.000883s ]
INFO: [ app_begin ] --START--
INFO: Run Behavior\ReadHtmlCacheBehavior [ RunTime:0.000780s ]
INFO: [ app_begin ] --END-- [ RunTime:0.000919s ]
ERR: 无法加载控制器:Public

[ 2016-03-26T20:31:27+08:00 ] 127.0.0.1 /hotel/webuploader/server/upload/tpic_t_18143513.jpg
INFO: [ app_init ] --START--
INFO: Run Behavior\BuildLiteBehavior [ RunTime:0.000043s ]
INFO: [ app_init ] --END-- [ RunTime:0.000850s ]

[ 2016-03-26T20:31:27+08:00 ] 127.0.0.1 /hotel/Public/Home/Css/images/bottom.jp
INFO: [ app_init ] --START--
INFO: Run Behavior\BuildLiteBehavior [ RunTime:0.000028s ]
INFO: [ app_init ] --END-- [ RunTime:0.000583s ]
INFO: [ app_begin ] --START--
INFO: Run Behavior\ReadHtmlCacheBehavior [ RunTime:0.000958s ]
INFO: [ app_begin ] --END-- [ RunTime:0.001177s ]
ERR: 无法加载控制器:Public

[ 2016-03-26T20:44:19+08:00 ] 127.0.0.1 /hotel/Index/index.html
INFO: [ app_init ] --START--
INFO: Run Behavior\BuildLiteBehavior [ RunTime:0.000031s ]
INFO: [ app_init ] --END-- [ RunTime:0.000893s ]
INFO: [ app_begin ] --START--
INFO: Run Behavior\ReadHtmlCacheBehavior [ RunTime:0.001064s ]
INFO: [ app_begin ] --END-- [ RunTime:0.001205s ]
INFO: [ view_parse ] --START--
INFO: [ template_filter ] --START--
INFO: Run Behavior\ContentReplaceBehavior [ RunTime:0.000252s ]
INFO: [ template_filter ] --END-- [ RunTime:0.000621s ]
INFO: Run Behavior\ParseTemplateBehavior [ RunTime:0.026860s ]
INFO: [ view_parse ] --END-- [ RunTime:0.027352s ]
INFO: [ view_filter ] --START--
INFO: Run Behavior\WriteHtmlCacheBehavior [ RunTime:0.001651s ]
INFO: [ view_filter ] --END-- [ RunTime:0.001797s ]
INFO: [ app_end ] --START--
INFO: Run Behavior\ShowPageTraceBehavior [ RunTime:0.001376s ]
INFO: [ app_end ] --END-- [ RunTime:0.001724s ]

[ 2016-03-26T20:44:19+08:00 ] 127.0.0.1 /hotel/webuploader/server/upload/tpic_t_18143513.jpg
INFO: [ app_init ] --START--
INFO: Run Behavior\BuildLiteBehavior [ RunTime:0.000033s ]
INFO: [ app_init ] --END-- [ RunTime:0.001130s ]

[ 2016-03-26T20:44:19+08:00 ] 127.0.0.1 /hotel/Public/Home/Css/images/bg.jp
INFO: [ app_init ] --START--
INFO: Run Behavior\BuildLiteBehavior [ RunTime:0.000028s ]
INFO: [ app_init ] --END-- [ RunTime:0.000631s ]
INFO: [ app_begin ] --START--
INFO: Run Behavior\ReadHtmlCacheBehavior [ RunTime:0.001086s ]
INFO: [ app_begin ] --END-- [ RunTime:0.001251s ]
ERR: 无法加载控制器:Public

[ 2016-03-26T20:44:20+08:00 ] 127.0.0.1 /hotel/Public/Home/Css/images/lanmu_site.png
INFO: [ app_init ] --START--
INFO: Run Behavior\BuildLiteBehavior [ RunTime:0.000049s ]
INFO: [ app_init ] --END-- [ RunTime:0.001102s ]

[ 2016-03-26T20:44:20+08:00 ] 127.0.0.1 /hotel/webuploader/server/upload/tpic_t_18143513.jpg
INFO: [ app_init ] --START--
INFO: Run Behavior\BuildLiteBehavior [ RunTime:0.000048s ]
INFO: [ app_init ] --END-- [ RunTime:0.001489s ]

[ 2016-03-26T20:44:20+08:00 ] 127.0.0.1 /hotel/Public/Home/Css/images/cbg.jp
INFO: [ app_init ] --START--
INFO: Run Behavior\BuildLiteBehavior [ RunTime:0.000048s ]
INFO: [ app_init ] --END-- [ RunTime:0.001140s ]
INFO: [ app_begin ] --START--
INFO: Run Behavior\ReadHtmlCacheBehavior [ RunTime:0.001269s ]
INFO: [ app_begin ] --END-- [ RunTime:0.001536s ]
ERR: 无法加载控制器:Public

[ 2016-03-26T20:44:20+08:00 ] 127.0.0.1 /hotel/Public/Home/Css/Images/menu_style.gif
INFO: [ app_init ] --START--
INFO: Run Behavior\BuildLiteBehavior [ RunTime:0.000046s ]
INFO: [ app_init ] --END-- [ RunTime:0.001111s ]

[ 2016-03-26T20:44:20+08:00 ] 127.0.0.1 /hotel/Public/Home/Css/images/bottom.jp
INFO: [ app_init ] --START--
INFO: Run Behavior\BuildLiteBehavior [ RunTime:0.000046s ]
INFO: [ app_init ] --END-- [ RunTime:0.000918s ]
INFO: [ app_begin ] --START--
INFO: Run Behavior\ReadHtmlCacheBehavior [ RunTime:0.001651s ]
INFO: [ app_begin ] --END-- [ RunTime:0.002026s ]
ERR: 无法加载控制器:Public

[ 2016-03-26T20:46:45+08:00 ] 127.0.0.1 /hotel/Index/index.html
INFO: [ app_init ] --START--
INFO: Run Behavior\BuildLiteBehavior [ RunTime:0.000054s ]
INFO: [ app_init ] --END-- [ RunTime:0.001845s ]
INFO: [ app_begin ] --START--
INFO: Run Behavior\ReadHtmlCacheBehavior [ RunTime:0.002325s ]
INFO: [ app_begin ] --END-- [ RunTime:0.002593s ]
INFO: [ view_parse ] --START--
INFO: [ template_filter ] --START--
INFO: Run Behavior\ContentReplaceBehavior [ RunTime:0.000184s ]
INFO: [ template_filter ] --END-- [ RunTime:0.000345s ]
INFO: Run Behavior\ParseTemplateBehavior [ RunTime:0.022486s ]
INFO: [ view_parse ] --END-- [ RunTime:0.022682s ]
INFO: [ view_filter ] --START--
INFO: Run Behavior\WriteHtmlCacheBehavior [ RunTime:0.000997s ]
INFO: [ view_filter ] --END-- [ RunTime:0.001248s ]
INFO: [ app_end ] --START--
INFO: Run Behavior\ShowPageTraceBehavior [ RunTime:0.001813s ]
INFO: [ app_end ] --END-- [ RunTime:0.002118s ]

[ 2016-03-26T20:46:45+08:00 ] 127.0.0.1 /hotel/webuploader/server/upload/tpic_t_18143513.jpg
INFO: [ app_init ] --START--
INFO: Run Behavior\BuildLiteBehavior [ RunTime:0.000056s ]
INFO: [ app_init ] --END-- [ RunTime:0.001437s ]

[ 2016-03-26T20:46:45+08:00 ] 127.0.0.1 /hotel/Public/Home/Css/images/bg.jp
INFO: [ app_init ] --START--
INFO: Run Behavior\BuildLiteBehavior [ RunTime:0.000027s ]
INFO: [ app_init ] --END-- [ RunTime:0.000633s ]
INFO: [ app_begin ] --START--
INFO: Run Behavior\ReadHtmlCacheBehavior [ RunTime:0.000861s ]
INFO: [ app_begin ] --END-- [ RunTime:0.000987s ]
ERR: 无法加载控制器:Public

[ 2016-03-26T20:46:46+08:00 ] 127.0.0.1 /hotel/webuploader/server/upload/tpic_t_18143513.jpg
INFO: [ app_init ] --START--
INFO: Run Behavior\BuildLiteBehavior [ RunTime:0.000071s ]
INFO: [ app_init ] --END-- [ RunTime:0.001064s ]

[ 2016-03-26T20:46:46+08:00 ] 127.0.0.1 /hotel/Public/Home/Css/Images/menu_style.gif
INFO: [ app_init ] --START--
INFO: Run Behavior\BuildLiteBehavior [ RunTime:0.000047s ]
INFO: [ app_init ] --END-- [ RunTime:0.000911s ]

[ 2016-03-26T20:46:46+08:00 ] 127.0.0.1 /hotel/Public/Home/Css/images/lanmu_site.png
INFO: [ app_init ] --START--
INFO: Run Behavior\BuildLiteBehavior [ RunTime:0.000051s ]
INFO: [ app_init ] --END-- [ RunTime:0.001063s ]

[ 2016-03-26T20:46:46+08:00 ] 127.0.0.1 /hotel/Public/Home/Css/images/cbg.jp
INFO: [ app_init ] --START--
INFO: Run Behavior\BuildLiteBehavior [ RunTime:0.000042s ]
INFO: [ app_init ] --END-- [ RunTime:0.001597s ]
INFO: [ app_begin ] --START--
INFO: Run Behavior\ReadHtmlCacheBehavior [ RunTime:0.002199s ]
INFO: [ app_begin ] --END-- [ RunTime:0.002502s ]
ERR: 无法加载控制器:Public

[ 2016-03-26T20:46:46+08:00 ] 127.0.0.1 /hotel/Public/Home/Css/images/bottom.jp
INFO: [ app_init ] --START--
INFO: Run Behavior\BuildLiteBehavior [ RunTime:0.000050s ]
INFO: [ app_init ] --END-- [ RunTime:0.001014s ]
INFO: [ app_begin ] --START--
INFO: Run Behavior\ReadHtmlCacheBehavior [ RunTime:0.001573s ]
INFO: [ app_begin ] --END-- [ RunTime:0.001748s ]
ERR: 无法加载控制器:Public

[ 2016-03-26T20:47:47+08:00 ] 127.0.0.1 /hotel/Index/index.html
INFO: [ app_init ] --START--
INFO: Run Behavior\BuildLiteBehavior [ RunTime:0.000029s ]
INFO: [ app_init ] --END-- [ RunTime:0.000754s ]
INFO: [ app_begin ] --START--
INFO: Run Behavior\ReadHtmlCacheBehavior [ RunTime:0.001554s ]
INFO: [ app_begin ] --END-- [ RunTime:0.001799s ]
INFO: [ view_parse ] --START--
INFO: [ template_filter ] --START--
INFO: Run Behavior\ContentReplaceBehavior [ RunTime:0.000185s ]
INFO: [ template_filter ] --END-- [ RunTime:0.000360s ]
INFO: Run Behavior\ParseTemplateBehavior [ RunTime:0.020875s ]
INFO: [ view_parse ] --END-- [ RunTime:0.021125s ]
INFO: [ view_filter ] --START--
INFO: Run Behavior\WriteHtmlCacheBehavior [ RunTime:0.001237s ]
INFO: [ view_filter ] --END-- [ RunTime:0.001424s ]
INFO: [ app_end ] --START--
INFO: Run Behavior\ShowPageTraceBehavior [ RunTime:0.002146s ]
INFO: [ app_end ] --END-- [ RunTime:0.002330s ]

[ 2016-03-26T20:47:47+08:00 ] 127.0.0.1 /hotel/webuploader/server/upload/tpic_t_18143513.jpg
INFO: [ app_init ] --START--
INFO: Run Behavior\BuildLiteBehavior [ RunTime:0.000326s ]
INFO: [ app_init ] --END-- [ RunTime:0.001749s ]

[ 2016-03-26T20:47:48+08:00 ] 127.0.0.1 /hotel/Public/Home/Css/images/bg.jp
INFO: [ app_init ] --START--
INFO: Run Behavior\BuildLiteBehavior [ RunTime:0.000027s ]
INFO: [ app_init ] --END-- [ RunTime:0.000668s ]
INFO: [ app_begin ] --START--
INFO: Run Behavior\ReadHtmlCacheBehavior [ RunTime:0.000864s ]
INFO: [ app_begin ] --END-- [ RunTime:0.000989s ]
ERR: 无法加载控制器:Public

[ 2016-03-26T20:47:48+08:00 ] 127.0.0.1 /hotel/webuploader/server/upload/tpic_t_18143513.jpg
INFO: [ app_init ] --START--
INFO: Run Behavior\BuildLiteBehavior [ RunTime:0.000104s ]
INFO: [ app_init ] --END-- [ RunTime:0.001134s ]

[ 2016-03-26T20:47:48+08:00 ] 127.0.0.1 /hotel/Public/Home/Css/Images/menu_style.gif
INFO: [ app_init ] --START--
INFO: Run Behavior\BuildLiteBehavior [ RunTime:0.000043s ]
INFO: [ app_init ] --END-- [ RunTime:0.000876s ]

[ 2016-03-26T20:47:48+08:00 ] 127.0.0.1 /hotel/Public/Home/Css/images/cbg.jp
INFO: [ app_init ] --START--
INFO: Run Behavior\BuildLiteBehavior [ RunTime:0.000045s ]
INFO: [ app_init ] --END-- [ RunTime:0.000838s ]
INFO: [ app_begin ] --START--
INFO: Run Behavior\ReadHtmlCacheBehavior [ RunTime:0.001072s ]
INFO: [ app_begin ] --END-- [ RunTime:0.001315s ]
ERR: 无法加载控制器:Public

[ 2016-03-26T20:47:48+08:00 ] 127.0.0.1 /hotel/Public/Home/Css/images/lanmu_site.png
INFO: [ app_init ] --START--
INFO: Run Behavior\BuildLiteBehavior [ RunTime:0.000047s ]
INFO: [ app_init ] --END-- [ RunTime:0.001032s ]

[ 2016-03-26T20:47:48+08:00 ] 127.0.0.1 /hotel/Public/Home/Css/images/bottom.jp
INFO: [ app_init ] --START--
INFO: Run Behavior\BuildLiteBehavior [ RunTime:0.000029s ]
INFO: [ app_init ] --END-- [ RunTime:0.000752s ]
INFO: [ app_begin ] --START--
INFO: Run Behavior\ReadHtmlCacheBehavior [ RunTime:0.000812s ]
INFO: [ app_begin ] --END-- [ RunTime:0.000934s ]
ERR: 无法加载控制器:Public

[ 2016-03-26T20:48:27+08:00 ] 127.0.0.1 /hotel/Index/index.html
INFO: [ app_init ] --START--
INFO: Run Behavior\BuildLiteBehavior [ RunTime:0.000198s ]
INFO: [ app_init ] --END-- [ RunTime:0.003089s ]
INFO: [ app_begin ] --START--
INFO: Run Behavior\ReadHtmlCacheBehavior [ RunTime:0.001353s ]
INFO: [ app_begin ] --END-- [ RunTime:0.001590s ]
INFO: [ view_parse ] --START--
INFO: [ template_filter ] --START--
INFO: Run Behavior\ContentReplaceBehavior [ RunTime:0.000183s ]
INFO: [ template_filter ] --END-- [ RunTime:0.000347s ]
INFO: Run Behavior\ParseTemplateBehavior [ RunTime:0.017729s ]
INFO: [ view_parse ] --END-- [ RunTime:0.018144s ]
INFO: [ view_filter ] --START--
INFO: Run Behavior\WriteHtmlCacheBehavior [ RunTime:0.001522s ]
INFO: [ view_filter ] --END-- [ RunTime:0.001761s ]
INFO: [ app_end ] --START--
INFO: Run Behavior\ShowPageTraceBehavior [ RunTime:0.001016s ]
INFO: [ app_end ] --END-- [ RunTime:0.001188s ]

[ 2016-03-26T20:48:27+08:00 ] 127.0.0.1 /hotel/webuploader/server/upload/tpic_t_18143513.jpg
INFO: [ app_init ] --START--
INFO: Run Behavior\BuildLiteBehavior [ RunTime:0.000047s ]
INFO: [ app_init ] --END-- [ RunTime:0.000930s ]

[ 2016-03-26T20:48:28+08:00 ] 127.0.0.1 /hotel/Public/Home/Css/images/bg.jp
INFO: [ app_init ] --START--
INFO: Run Behavior\BuildLiteBehavior [ RunTime:0.000026s ]
INFO: [ app_init ] --END-- [ RunTime:0.000618s ]
INFO: [ app_begin ] --START--
INFO: Run Behavior\ReadHtmlCacheBehavior [ RunTime:0.001147s ]
INFO: [ app_begin ] --END-- [ RunTime:0.001326s ]
ERR: 无法加载控制器:Public

[ 2016-03-26T20:48:28+08:00 ] 127.0.0.1 /hotel/webuploader/server/upload/tpic_t_18143513.jpg
INFO: [ app_init ] --START--
INFO: Run Behavior\BuildLiteBehavior [ RunTime:0.000035s ]
INFO: [ app_init ] --END-- [ RunTime:0.000726s ]

[ 2016-03-26T20:48:28+08:00 ] 127.0.0.1 /hotel/Public/Home/Css/images/cbg.jp
INFO: [ app_init ] --START--
INFO: Run Behavior\BuildLiteBehavior [ RunTime:0.000044s ]
INFO: [ app_init ] --END-- [ RunTime:0.000915s ]
INFO: [ app_begin ] --START--
INFO: Run Behavior\ReadHtmlCacheBehavior [ RunTime:0.001172s ]
INFO: [ app_begin ] --END-- [ RunTime:0.001603s ]
ERR: 无法加载控制器:Public

[ 2016-03-26T20:48:28+08:00 ] 127.0.0.1 /hotel/Public/Home/Css/Images/menu_style.gif
INFO: [ app_init ] --START--
INFO: Run Behavior\BuildLiteBehavior [ RunTime:0.000040s ]
INFO: [ app_init ] --END-- [ RunTime:0.000945s ]

[ 2016-03-26T20:48:28+08:00 ] 127.0.0.1 /hotel/Public/Home/Css/images/lanmu_site.png
INFO: [ app_init ] --START--
INFO: Run Behavior\BuildLiteBehavior [ RunTime:0.000152s ]
INFO: [ app_init ] --END-- [ RunTime:0.000978s ]

[ 2016-03-26T20:48:28+08:00 ] 127.0.0.1 /hotel/Public/Home/Css/images/bottom.jp
INFO: [ app_init ] --START--
INFO: Run Behavior\BuildLiteBehavior [ RunTime:0.000046s ]
INFO: [ app_init ] --END-- [ RunTime:0.000929s ]
INFO: [ app_begin ] --START--
INFO: Run Behavior\ReadHtmlCacheBehavior [ RunTime:0.001958s ]
INFO: [ app_begin ] --END-- [ RunTime:0.002577s ]
ERR: 无法加载控制器:Public

[ 2016-03-26T20:48:35+08:00 ] 127.0.0.1 /hotel/Index/index.html
INFO: [ app_init ] --START--
INFO: Run Behavior\BuildLiteBehavior [ RunTime:0.000066s ]
INFO: [ app_init ] --END-- [ RunTime:0.002119s ]
INFO: [ app_begin ] --START--
INFO: Run Behavior\ReadHtmlCacheBehavior [ RunTime:0.001124s ]
INFO: [ app_begin ] --END-- [ RunTime:0.001414s ]
INFO: [ view_parse ] --START--
INFO: [ template_filter ] --START--
INFO: Run Behavior\ContentReplaceBehavior [ RunTime:0.000542s ]
INFO: [ template_filter ] --END-- [ RunTime:0.000808s ]
INFO: Run Behavior\ParseTemplateBehavior [ RunTime:0.026727s ]
INFO: [ view_parse ] --END-- [ RunTime:0.026910s ]
INFO: [ view_filter ] --START--
INFO: Run Behavior\WriteHtmlCacheBehavior [ RunTime:0.000552s ]
INFO: [ view_filter ] --END-- [ RunTime:0.000669s ]
INFO: [ app_end ] --START--
INFO: Run Behavior\ShowPageTraceBehavior [ RunTime:0.002228s ]
INFO: [ app_end ] --END-- [ RunTime:0.002353s ]

[ 2016-03-26T20:48:35+08:00 ] 127.0.0.1 /hotel/webuploader/server/upload/tpic_t_18143513.jpg
INFO: [ app_init ] --START--
INFO: Run Behavior\BuildLiteBehavior [ RunTime:0.000047s ]
INFO: [ app_init ] --END-- [ RunTime:0.000806s ]

[ 2016-03-26T20:48:35+08:00 ] 127.0.0.1 /hotel/Public/Home/Css/images/bg.jp
INFO: [ app_init ] --START--
INFO: Run Behavior\BuildLiteBehavior [ RunTime:0.000026s ]
INFO: [ app_init ] --END-- [ RunTime:0.000608s ]
INFO: [ app_begin ] --START--
INFO: Run Behavior\ReadHtmlCacheBehavior [ RunTime:0.000702s ]
INFO: [ app_begin ] --END-- [ RunTime:0.000826s ]
ERR: 无法加载控制器:Public

[ 2016-03-26T20:48:36+08:00 ] 127.0.0.1 /hotel/webuploader/server/upload/tpic_t_18143513.jpg
INFO: [ app_init ] --START--
INFO: Run Behavior\BuildLiteBehavior [ RunTime:0.000052s ]
INFO: [ app_init ] --END-- [ RunTime:0.002166s ]

[ 2016-03-26T20:48:36+08:00 ] 127.0.0.1 /hotel/Public/Home/Css/images/cbg.jp
INFO: [ app_init ] --START--
INFO: Run Behavior\BuildLiteBehavior [ RunTime:0.000056s ]
INFO: [ app_init ] --END-- [ RunTime:0.000925s ]
INFO: [ app_begin ] --START--
INFO: Run Behavior\ReadHtmlCacheBehavior [ RunTime:0.001277s ]
INFO: [ app_begin ] --END-- [ RunTime:0.001583s ]
ERR: 无法加载控制器:Public

[ 2016-03-26T20:48:36+08:00 ] 127.0.0.1 /hotel/Public/Home/Css/Images/menu_style.gif
INFO: [ app_init ] --START--
INFO: Run Behavior\BuildLiteBehavior [ RunTime:0.000047s ]
INFO: [ app_init ] --END-- [ RunTime:0.001485s ]

[ 2016-03-26T20:48:36+08:00 ] 127.0.0.1 /hotel/Public/Home/Css/images/lanmu_site.png
INFO: [ app_init ] --START--
INFO: Run Behavior\BuildLiteBehavior [ RunTime:0.000108s ]
INFO: [ app_init ] --END-- [ RunTime:0.001695s ]

[ 2016-03-26T20:48:36+08:00 ] 127.0.0.1 /hotel/Public/Home/Css/images/bottom.jp
INFO: [ app_init ] --START--
INFO: Run Behavior\BuildLiteBehavior [ RunTime:0.000049s ]
INFO: [ app_init ] --END-- [ RunTime:0.000970s ]
INFO: [ app_begin ] --START--
INFO: Run Behavior\ReadHtmlCacheBehavior [ RunTime:0.001083s ]
INFO: [ app_begin ] --END-- [ RunTime:0.001330s ]
ERR: 无法加载控制器:Public

[ 2016-03-26T20:50:27+08:00 ] 127.0.0.1 /hotel/Index/index.html
INFO: [ app_init ] --START--
INFO: Run Behavior\BuildLiteBehavior [ RunTime:0.000100s ]
INFO: [ app_init ] --END-- [ RunTime:0.001264s ]
INFO: [ app_begin ] --START--
INFO: Run Behavior\ReadHtmlCacheBehavior [ RunTime:0.001083s ]
INFO: [ app_begin ] --END-- [ RunTime:0.001233s ]
INFO: [ view_parse ] --START--
INFO: [ template_filter ] --START--
INFO: Run Behavior\ContentReplaceBehavior [ RunTime:0.000269s ]
INFO: [ template_filter ] --END-- [ RunTime:0.000543s ]
INFO: Run Behavior\ParseTemplateBehavior [ RunTime:0.028939s ]
INFO: [ view_parse ] --END-- [ RunTime:0.029138s ]
INFO: [ view_filter ] --START--
INFO: Run Behavior\WriteHtmlCacheBehavior [ RunTime:0.000719s ]
INFO: [ view_filter ] --END-- [ RunTime:0.000879s ]
INFO: [ app_end ] --START--
INFO: Run Behavior\ShowPageTraceBehavior [ RunTime:0.001407s ]
INFO: [ app_end ] --END-- [ RunTime:0.001660s ]

[ 2016-03-26T20:50:27+08:00 ] 127.0.0.1 /hotel/webuploader/server/upload/tpic_t_18143513.jpg
INFO: [ app_init ] --START--
INFO: Run Behavior\BuildLiteBehavior [ RunTime:0.000111s ]
INFO: [ app_init ] --END-- [ RunTime:0.001708s ]

[ 2016-03-26T20:50:27+08:00 ] 127.0.0.1 /hotel/Public/Home/Css/images/bg.jp
INFO: [ app_init ] --START--
INFO: Run Behavior\BuildLiteBehavior [ RunTime:0.000036s ]
INFO: [ app_init ] --END-- [ RunTime:0.000583s ]
INFO: [ app_begin ] --START--
INFO: Run Behavior\ReadHtmlCacheBehavior [ RunTime:0.000640s ]
INFO: [ app_begin ] --END-- [ RunTime:0.000763s ]
ERR: 无法加载控制器:Public

[ 2016-03-26T20:50:27+08:00 ] 127.0.0.1 /hotel/Public/Home/Css/Images/menu_style.gif
INFO: [ app_init ] --START--
INFO: Run Behavior\BuildLiteBehavior [ RunTime:0.000029s ]
INFO: [ app_init ] --END-- [ RunTime:0.000704s ]

[ 2016-03-26T20:50:27+08:00 ] 127.0.0.1 /hotel/Public/Home/Css/images/lanmu_site.png
INFO: [ app_init ] --START--
INFO: Run Behavior\BuildLiteBehavior [ RunTime:0.000055s ]
INFO: [ app_init ] --END-- [ RunTime:0.000901s ]

[ 2016-03-26T20:50:27+08:00 ] 127.0.0.1 /hotel/Public/Home/Css/images/cbg.jp
INFO: [ app_init ] --START--
INFO: Run Behavior\BuildLiteBehavior [ RunTime:0.000039s ]
INFO: [ app_init ] --END-- [ RunTime:0.000669s ]
INFO: [ app_begin ] --START--
INFO: Run Behavior\ReadHtmlCacheBehavior [ RunTime:0.000858s ]
INFO: [ app_begin ] --END-- [ RunTime:0.001011s ]
ERR: 无法加载控制器:Public

[ 2016-03-26T20:50:27+08:00 ] 127.0.0.1 /hotel/webuploader/server/upload/tpic_t_18143513.jpg
INFO: [ app_init ] --START--
INFO: Run Behavior\BuildLiteBehavior [ RunTime:0.000050s ]
INFO: [ app_init ] --END-- [ RunTime:0.001025s ]

[ 2016-03-26T20:50:27+08:00 ] 127.0.0.1 /hotel/Public/Home/Css/images/bottom.jp
INFO: [ app_init ] --START--
INFO: Run Behavior\BuildLiteBehavior [ RunTime:0.000077s ]
INFO: [ app_init ] --END-- [ RunTime:0.001298s ]
INFO: [ app_begin ] --START--
INFO: Run Behavior\ReadHtmlCacheBehavior [ RunTime:0.002121s ]
INFO: [ app_begin ] --END-- [ RunTime:0.002288s ]
ERR: 无法加载控制器:Public

[ 2016-03-26T20:52:40+08:00 ] 127.0.0.1 /hotel/Index/index.html
INFO: [ app_init ] --START--
INFO: Run Behavior\BuildLiteBehavior [ RunTime:0.000110s ]
INFO: [ app_init ] --END-- [ RunTime:0.001659s ]
INFO: [ app_begin ] --START--
INFO: Run Behavior\ReadHtmlCacheBehavior [ RunTime:0.001100s ]
INFO: [ app_begin ] --END-- [ RunTime:0.001345s ]
INFO: [ view_parse ] --START--
INFO: [ template_filter ] --START--
INFO: Run Behavior\ContentReplaceBehavior [ RunTime:0.000252s ]
INFO: [ template_filter ] --END-- [ RunTime:0.000487s ]
INFO: Run Behavior\ParseTemplateBehavior [ RunTime:0.025031s ]
INFO: [ view_parse ] --END-- [ RunTime:0.025259s ]
INFO: [ view_filter ] --START--
INFO: Run Behavior\WriteHtmlCacheBehavior [ RunTime:0.000895s ]
INFO: [ view_filter ] --END-- [ RunTime:0.001244s ]
INFO: [ app_end ] --START--
INFO: Run Behavior\ShowPageTraceBehavior [ RunTime:0.001656s ]
INFO: [ app_end ] --END-- [ RunTime:0.001909s ]

[ 2016-03-26T20:52:40+08:00 ] 127.0.0.1 /hotel/webuploader/server/upload/tpic_t_18143513.jpg
INFO: [ app_init ] --START--
INFO: Run Behavior\BuildLiteBehavior [ RunTime:0.000055s ]
INFO: [ app_init ] --END-- [ RunTime:0.001335s ]

[ 2016-03-26T20:52:40+08:00 ] 127.0.0.1 /hotel/Public/Home/Css/images/bg.jp
INFO: [ app_init ] --START--
INFO: Run Behavior\BuildLiteBehavior [ RunTime:0.000027s ]
INFO: [ app_init ] --END-- [ RunTime:0.000588s ]
INFO: [ app_begin ] --START--
INFO: Run Behavior\ReadHtmlCacheBehavior [ RunTime:0.000677s ]
INFO: [ app_begin ] --END-- [ RunTime:0.000811s ]
ERR: 无法加载控制器:Public

[ 2016-03-26T20:52:41+08:00 ] 127.0.0.1 /hotel/webuploader/server/upload/tpic_t_18143513.jpg
INFO: [ app_init ] --START--
INFO: Run Behavior\BuildLiteBehavior [ RunTime:0.000045s ]
INFO: [ app_init ] --END-- [ RunTime:0.000828s ]

[ 2016-03-26T20:52:41+08:00 ] 127.0.0.1 /hotel/Public/Home/Css/images/lanmu_site.png
INFO: [ app_init ] --START--
INFO: Run Behavior\BuildLiteBehavior [ RunTime:0.000029s ]
INFO: [ app_init ] --END-- [ RunTime:0.000780s ]

[ 2016-03-26T20:52:41+08:00 ] 127.0.0.1 /hotel/Public/Home/Css/Images/menu_style.gif
INFO: [ app_init ] --START--
INFO: Run Behavior\BuildLiteBehavior [ RunTime:0.000027s ]
INFO: [ app_init ] --END-- [ RunTime:0.000767s ]

[ 2016-03-26T20:52:41+08:00 ] 127.0.0.1 /hotel/Public/Home/Css/images/cbg.jp
INFO: [ app_init ] --START--
INFO: Run Behavior\BuildLiteBehavior [ RunTime:0.000044s ]
INFO: [ app_init ] --END-- [ RunTime:0.001005s ]
INFO: [ app_begin ] --START--
INFO: Run Behavior\ReadHtmlCacheBehavior [ RunTime:0.000960s ]
INFO: [ app_begin ] --END-- [ RunTime:0.001139s ]
ERR: 无法加载控制器:Public

[ 2016-03-26T20:52:41+08:00 ] 127.0.0.1 /hotel/Public/Home/Css/images/bottom.jp
INFO: [ app_init ] --START--
INFO: Run Behavior\BuildLiteBehavior [ RunTime:0.000030s ]
INFO: [ app_init ] --END-- [ RunTime:0.000602s ]
INFO: [ app_begin ] --START--
INFO: Run Behavior\ReadHtmlCacheBehavior [ RunTime:0.000837s ]
INFO: [ app_begin ] --END-- [ RunTime:0.001023s ]
ERR: 无法加载控制器:Public

[ 2016-03-26T20:53:03+08:00 ] 127.0.0.1 /hotel/Index/index.html
INFO: [ app_init ] --START--
INFO: Run Behavior\BuildLiteBehavior [ RunTime:0.000046s ]
INFO: [ app_init ] --END-- [ RunTime:0.000862s ]
INFO: [ app_begin ] --START--
INFO: Run Behavior\ReadHtmlCacheBehavior [ RunTime:0.000998s ]
INFO: [ app_begin ] --END-- [ RunTime:0.001208s ]
INFO: [ view_parse ] --START--
INFO: [ template_filter ] --START--
INFO: Run Behavior\ContentReplaceBehavior [ RunTime:0.000170s ]
INFO: [ template_filter ] --END-- [ RunTime:0.000344s ]
INFO: Run Behavior\ParseTemplateBehavior [ RunTime:0.021269s ]
INFO: [ view_parse ] --END-- [ RunTime:0.021498s ]
INFO: [ view_filter ] --START--
INFO: Run Behavior\WriteHtmlCacheBehavior [ RunTime:0.001401s ]
INFO: [ view_filter ] --END-- [ RunTime:0.001584s ]
INFO: [ app_end ] --START--
INFO: Run Behavior\ShowPageTraceBehavior [ RunTime:0.001031s ]
INFO: [ app_end ] --END-- [ RunTime:0.001213s ]

[ 2016-03-26T20:53:03+08:00 ] 127.0.0.1 /hotel/webuploader/server/upload/tpic_t_18143513.jpg
INFO: [ app_init ] --START--
INFO: Run Behavior\BuildLiteBehavior [ RunTime:0.000055s ]
INFO: [ app_init ] --END-- [ RunTime:0.002448s ]

[ 2016-03-26T20:53:03+08:00 ] 127.0.0.1 /hotel/Public/Home/Css/images/bg.jp
INFO: [ app_init ] --START--
INFO: Run Behavior\BuildLiteBehavior [ RunTime:0.000040s ]
INFO: [ app_init ] --END-- [ RunTime:0.000772s ]
INFO: [ app_begin ] --START--
INFO: Run Behavior\ReadHtmlCacheBehavior [ RunTime:0.000683s ]
INFO: [ app_begin ] --END-- [ RunTime:0.000806s ]
ERR: 无法加载控制器:Public

[ 2016-03-26T20:53:03+08:00 ] 127.0.0.1 /hotel/webuploader/server/upload/tpic_t_18143513.jpg
INFO: [ app_init ] --START--
INFO: Run Behavior\BuildLiteBehavior [ RunTime:0.000051s ]
INFO: [ app_init ] --END-- [ RunTime:0.001009s ]

[ 2016-03-26T20:53:03+08:00 ] 127.0.0.1 /hotel/Public/Home/Css/images/cbg.jp
INFO: [ app_init ] --START--
INFO: Run Behavior\BuildLiteBehavior [ RunTime:0.000047s ]
INFO: [ app_init ] --END-- [ RunTime:0.000941s ]
INFO: [ app_begin ] --START--
INFO: Run Behavior\ReadHtmlCacheBehavior [ RunTime:0.001363s ]
INFO: [ app_begin ] --END-- [ RunTime:0.001619s ]
ERR: 无法加载控制器:Public

[ 2016-03-26T20:53:03+08:00 ] 127.0.0.1 /hotel/Public/Home/Css/images/lanmu_site.png
INFO: [ app_init ] --START--
INFO: Run Behavior\BuildLiteBehavior [ RunTime:0.000050s ]
INFO: [ app_init ] --END-- [ RunTime:0.001441s ]

[ 2016-03-26T20:53:03+08:00 ] 127.0.0.1 /hotel/Public/Home/Css/Images/menu_style.gif
INFO: [ app_init ] --START--
INFO: Run Behavior\BuildLiteBehavior [ RunTime:0.000050s ]
INFO: [ app_init ] --END-- [ RunTime:0.000958s ]

[ 2016-03-26T20:53:03+08:00 ] 127.0.0.1 /hotel/Public/Home/Css/images/bottom.jp
INFO: [ app_init ] --START--
INFO: Run Behavior\BuildLiteBehavior [ RunTime:0.000050s ]
INFO: [ app_init ] --END-- [ RunTime:0.001066s ]
INFO: [ app_begin ] --START--
INFO: Run Behavior\ReadHtmlCacheBehavior [ RunTime:0.000976s ]
INFO: [ app_begin ] --END-- [ RunTime:0.001189s ]
ERR: 无法加载控制器:Public

[ 2016-03-26T20:53:13+08:00 ] 127.0.0.1 /hotel/Index/index.html
INFO: [ app_init ] --START--
INFO: Run Behavior\BuildLiteBehavior [ RunTime:0.000038s ]
INFO: [ app_init ] --END-- [ RunTime:0.000727s ]
INFO: [ app_begin ] --START--
INFO: Run Behavior\ReadHtmlCacheBehavior [ RunTime:0.001635s ]
INFO: [ app_begin ] --END-- [ RunTime:0.002155s ]
INFO: [ view_parse ] --START--
INFO: [ template_filter ] --START--
INFO: Run Behavior\ContentReplaceBehavior [ RunTime:0.000158s ]
INFO: [ template_filter ] --END-- [ RunTime:0.000326s ]
INFO: Run Behavior\ParseTemplateBehavior [ RunTime:0.021644s ]
INFO: [ view_parse ] --END-- [ RunTime:0.021846s ]
INFO: [ view_filter ] --START--
INFO: Run Behavior\WriteHtmlCacheBehavior [ RunTime:0.000455s ]
INFO: [ view_filter ] --END-- [ RunTime:0.000565s ]
INFO: [ app_end ] --START--
INFO: Run Behavior\ShowPageTraceBehavior [ RunTime:0.000720s ]
INFO: [ app_end ] --END-- [ RunTime:0.000851s ]

[ 2016-03-26T20:53:13+08:00 ] 127.0.0.1 /hotel/webuploader/server/upload/tpic_t_18143513.jpg
INFO: [ app_init ] --START--
INFO: Run Behavior\BuildLiteBehavior [ RunTime:0.000050s ]
INFO: [ app_init ] --END-- [ RunTime:0.001040s ]

[ 2016-03-26T20:53:13+08:00 ] 127.0.0.1 /hotel/Public/Home/Css/images/bg.jp
INFO: [ app_init ] --START--
INFO: Run Behavior\BuildLiteBehavior [ RunTime:0.000027s ]
INFO: [ app_init ] --END-- [ RunTime:0.000590s ]
INFO: [ app_begin ] --START--
INFO: Run Behavior\ReadHtmlCacheBehavior [ RunTime:0.000700s ]
INFO: [ app_begin ] --END-- [ RunTime:0.000827s ]
ERR: 无法加载控制器:Public

[ 2016-03-26T20:53:13+08:00 ] 127.0.0.1 /hotel/webuploader/server/upload/tpic_t_18143513.jpg
INFO: [ app_init ] --START--
INFO: Run Behavior\BuildLiteBehavior [ RunTime:0.000056s ]
INFO: [ app_init ] --END-- [ RunTime:0.001136s ]

[ 2016-03-26T20:53:13+08:00 ] 127.0.0.1 /hotel/Public/Home/Css/Images/menu_style.gif
INFO: [ app_init ] --START--
INFO: Run Behavior\BuildLiteBehavior [ RunTime:0.000042s ]
INFO: [ app_init ] --END-- [ RunTime:0.000975s ]

[ 2016-03-26T20:53:13+08:00 ] 127.0.0.1 /hotel/Public/Home/Css/images/cbg.jp
INFO: [ app_init ] --START--
INFO: Run Behavior\BuildLiteBehavior [ RunTime:0.000088s ]
INFO: [ app_init ] --END-- [ RunTime:0.002997s ]
INFO: [ app_begin ] --START--
INFO: Run Behavior\ReadHtmlCacheBehavior [ RunTime:0.001078s ]
INFO: [ app_begin ] --END-- [ RunTime:0.001347s ]
ERR: 无法加载控制器:Public

[ 2016-03-26T20:53:13+08:00 ] 127.0.0.1 /hotel/Public/Home/Css/images/lanmu_site.png
INFO: [ app_init ] --START--
INFO: Run Behavior\BuildLiteBehavior [ RunTime:0.000047s ]
INFO: [ app_init ] --END-- [ RunTime:0.001033s ]

[ 2016-03-26T20:53:13+08:00 ] 127.0.0.1 /hotel/Public/Home/Css/images/bottom.jp
INFO: [ app_init ] --START--
INFO: Run Behavior\BuildLiteBehavior [ RunTime:0.000066s ]
INFO: [ app_init ] --END-- [ RunTime:0.001477s ]
INFO: [ app_begin ] --START--
INFO: Run Behavior\ReadHtmlCacheBehavior [ RunTime:0.001872s ]
INFO: [ app_begin ] --END-- [ RunTime:0.002371s ]
ERR: 无法加载控制器:Public

[ 2016-03-26T20:58:21+08:00 ] 127.0.0.1 /hotel/Index/index.html
INFO: [ app_init ] --START--
INFO: Run Behavior\BuildLiteBehavior [ RunTime:0.000030s ]
INFO: [ app_init ] --END-- [ RunTime:0.000973s ]
INFO: [ app_begin ] --START--
INFO: Run Behavior\ReadHtmlCacheBehavior [ RunTime:0.002278s ]
INFO: [ app_begin ] --END-- [ RunTime:0.002613s ]
INFO: [ view_parse ] --START--
INFO: [ template_filter ] --START--
INFO: Run Behavior\ContentReplaceBehavior [ RunTime:0.000522s ]
INFO: [ template_filter ] --END-- [ RunTime:0.001236s ]
INFO: Run Behavior\ParseTemplateBehavior [ RunTime:0.029114s ]
INFO: [ view_parse ] --END-- [ RunTime:0.029312s ]
INFO: [ view_filter ] --START--
INFO: Run Behavior\WriteHtmlCacheBehavior [ RunTime:0.001013s ]
INFO: [ view_filter ] --END-- [ RunTime:0.001249s ]
INFO: [ app_end ] --START--
INFO: Run Behavior\ShowPageTraceBehavior [ RunTime:0.001120s ]
INFO: [ app_end ] --END-- [ RunTime:0.001255s ]

[ 2016-03-26T20:58:21+08:00 ] 127.0.0.1 /hotel/webuploader/server/upload/tpic_t_18143513.jpg
INFO: [ app_init ] --START--
INFO: Run Behavior\BuildLiteBehavior [ RunTime:0.000029s ]
INFO: [ app_init ] --END-- [ RunTime:0.000724s ]

[ 2016-03-26T20:58:21+08:00 ] 127.0.0.1 /hotel/Public/Home/Css/images/bg.jp
INFO: [ app_init ] --START--
INFO: Run Behavior\BuildLiteBehavior [ RunTime:0.000044s ]
INFO: [ app_init ] --END-- [ RunTime:0.000857s ]
INFO: [ app_begin ] --START--
INFO: Run Behavior\ReadHtmlCacheBehavior [ RunTime:0.001069s ]
INFO: [ app_begin ] --END-- [ RunTime:0.001342s ]
ERR: 无法加载控制器:Public

[ 2016-03-26T20:58:21+08:00 ] 127.0.0.1 /hotel/Public/Home/Css/images/cbg.jp
INFO: [ app_init ] --START--
INFO: Run Behavior\BuildLiteBehavior [ RunTime:0.000107s ]
INFO: [ app_init ] --END-- [ RunTime:0.001474s ]
INFO: [ app_begin ] --START--
INFO: Run Behavior\ReadHtmlCacheBehavior [ RunTime:0.001276s ]
INFO: [ app_begin ] --END-- [ RunTime:0.001512s ]
ERR: 无法加载控制器:Public

[ 2016-03-26T20:58:21+08:00 ] 127.0.0.1 /hotel/webuploader/server/upload/tpic_t_18143513.jpg
INFO: [ app_init ] --START--
INFO: Run Behavior\BuildLiteBehavior [ RunTime:0.000041s ]
INFO: [ app_init ] --END-- [ RunTime:0.000859s ]

[ 2016-03-26T20:58:21+08:00 ] 127.0.0.1 /hotel/Public/Home/Css/Images/menu_style.gif
INFO: [ app_init ] --START--
INFO: Run Behavior\BuildLiteBehavior [ RunTime:0.000056s ]
INFO: [ app_init ] --END-- [ RunTime:0.000971s ]

[ 2016-03-26T20:58:21+08:00 ] 127.0.0.1 /hotel/Public/Home/Css/images/lanmu_site.png
INFO: [ app_init ] --START--
INFO: Run Behavior\BuildLiteBehavior [ RunTime:0.000043s ]
INFO: [ app_init ] --END-- [ RunTime:0.001002s ]

[ 2016-03-26T20:58:21+08:00 ] 127.0.0.1 /hotel/Public/Home/Css/images/bottom.jp
INFO: [ app_init ] --START--
INFO: Run Behavior\BuildLiteBehavior [ RunTime:0.000049s ]
INFO: [ app_init ] --END-- [ RunTime:0.000917s ]
INFO: [ app_begin ] --START--
INFO: Run Behavior\ReadHtmlCacheBehavior [ RunTime:0.000967s ]
INFO: [ app_begin ] --END-- [ RunTime:0.001164s ]
ERR: 无法加载控制器:Public

[ 2016-03-26T20:58:40+08:00 ] 127.0.0.1 /hotel/Index/index.html
INFO: [ app_init ] --START--
INFO: Run Behavior\BuildLiteBehavior [ RunTime:0.000150s ]
INFO: [ app_init ] --END-- [ RunTime:0.001863s ]
INFO: [ app_begin ] --START--
INFO: Run Behavior\ReadHtmlCacheBehavior [ RunTime:0.000857s ]
INFO: [ app_begin ] --END-- [ RunTime:0.001008s ]
INFO: [ view_parse ] --START--
INFO: [ template_filter ] --START--
INFO: Run Behavior\ContentReplaceBehavior [ RunTime:0.000372s ]
INFO: [ template_filter ] --END-- [ RunTime:0.000914s ]
INFO: Run Behavior\ParseTemplateBehavior [ RunTime:0.027481s ]
INFO: [ view_parse ] --END-- [ RunTime:0.027752s ]
INFO: [ view_filter ] --START--
INFO: Run Behavior\WriteHtmlCacheBehavior [ RunTime:0.000886s ]
INFO: [ view_filter ] --END-- [ RunTime:0.001350s ]
INFO: [ app_end ] --START--
INFO: Run Behavior\ShowPageTraceBehavior [ RunTime:0.001212s ]
INFO: [ app_end ] --END-- [ RunTime:0.001577s ]

[ 2016-03-26T20:58:40+08:00 ] 127.0.0.1 /hotel/webuploader/server/upload/tpic_t_18143513.jpg
INFO: [ app_init ] --START--
INFO: Run Behavior\BuildLiteBehavior [ RunTime:0.000058s ]
INFO: [ app_init ] --END-- [ RunTime:0.001692s ]

[ 2016-03-26T20:58:40+08:00 ] 127.0.0.1 /hotel/Public/Home/Css/images/bg.jp
INFO: [ app_init ] --START--
INFO: Run Behavior\BuildLiteBehavior [ RunTime:0.000027s ]
INFO: [ app_init ] --END-- [ RunTime:0.000580s ]
INFO: [ app_begin ] --START--
INFO: Run Behavior\ReadHtmlCacheBehavior [ RunTime:0.000731s ]
INFO: [ app_begin ] --END-- [ RunTime:0.000934s ]
ERR: 无法加载控制器:Public

[ 2016-03-26T20:58:40+08:00 ] 127.0.0.1 /hotel/webuploader/server/upload/tpic_t_18143513.jpg
INFO: [ app_init ] --START--
INFO: Run Behavior\BuildLiteBehavior [ RunTime:0.000080s ]
INFO: [ app_init ] --END-- [ RunTime:0.001438s ]

[ 2016-03-26T20:58:40+08:00 ] 127.0.0.1 /hotel/Public/Home/Css/Images/menu_style.gif
INFO: [ app_init ] --START--
INFO: Run Behavior\BuildLiteBehavior [ RunTime:0.000048s ]
INFO: [ app_init ] --END-- [ RunTime:0.001106s ]

[ 2016-03-26T20:58:40+08:00 ] 127.0.0.1 /hotel/Public/Home/Css/images/lanmu_site.png
INFO: [ app_init ] --START--
INFO: Run Behavior\BuildLiteBehavior [ RunTime:0.000049s ]
INFO: [ app_init ] --END-- [ RunTime:0.000982s ]

[ 2016-03-26T20:58:40+08:00 ] 127.0.0.1 /hotel/Public/Home/Css/images/cbg.jp
INFO: [ app_init ] --START--
INFO: Run Behavior\BuildLiteBehavior [ RunTime:0.000049s ]
INFO: [ app_init ] --END-- [ RunTime:0.000932s ]
INFO: [ app_begin ] --START--
INFO: Run Behavior\ReadHtmlCacheBehavior [ RunTime:0.001459s ]
INFO: [ app_begin ] --END-- [ RunTime:0.001797s ]
ERR: 无法加载控制器:Public

[ 2016-03-26T20:58:40+08:00 ] 127.0.0.1 /hotel/Public/Home/Css/images/bottom.jp
INFO: [ app_init ] --START--
INFO: Run Behavior\BuildLiteBehavior [ RunTime:0.000053s ]
INFO: [ app_init ] --END-- [ RunTime:0.001044s ]
INFO: [ app_begin ] --START--
INFO: Run Behavior\ReadHtmlCacheBehavior [ RunTime:0.000982s ]
INFO: [ app_begin ] --END-- [ RunTime:0.001199s ]
ERR: 无法加载控制器:Public

[ 2016-03-26T20:58:45+08:00 ] 127.0.0.1 /hotel/Index/index.html
INFO: [ app_init ] --START--
INFO: Run Behavior\BuildLiteBehavior [ RunTime:0.000101s ]
INFO: [ app_init ] --END-- [ RunTime:0.001732s ]
INFO: [ app_begin ] --START--
INFO: Run Behavior\ReadHtmlCacheBehavior [ RunTime:0.000998s ]
INFO: [ app_begin ] --END-- [ RunTime:0.001193s ]
INFO: [ view_parse ] --START--
INFO: [ template_filter ] --START--
INFO: Run Behavior\ContentReplaceBehavior [ RunTime:0.000222s ]
INFO: [ template_filter ] --END-- [ RunTime:0.000450s ]
INFO: Run Behavior\ParseTemplateBehavior [ RunTime:0.024428s ]
INFO: [ view_parse ] --END-- [ RunTime:0.024900s ]
INFO: [ view_filter ] --START--
INFO: Run Behavior\WriteHtmlCacheBehavior [ RunTime:0.000948s ]
INFO: [ view_filter ] --END-- [ RunTime:0.001254s ]
INFO: [ app_end ] --START--
INFO: Run Behavior\ShowPageTraceBehavior [ RunTime:0.001113s ]
INFO: [ app_end ] --END-- [ RunTime:0.001312s ]

[ 2016-03-26T20:58:45+08:00 ] 127.0.0.1 /hotel/webuploader/server/upload/tpic_t_18143513.jpg
INFO: [ app_init ] --START--
INFO: Run Behavior\BuildLiteBehavior [ RunTime:0.000061s ]
INFO: [ app_init ] --END-- [ RunTime:0.001210s ]

[ 2016-03-26T20:58:46+08:00 ] 127.0.0.1 /hotel/Public/Home/Css/images/bg.jp
INFO: [ app_init ] --START--
INFO: Run Behavior\BuildLiteBehavior [ RunTime:0.000028s ]
INFO: [ app_init ] --END-- [ RunTime:0.000902s ]
INFO: [ app_begin ] --START--
INFO: Run Behavior\ReadHtmlCacheBehavior [ RunTime:0.000697s ]
INFO: [ app_begin ] --END-- [ RunTime:0.000818s ]
ERR: 无法加载控制器:Public

[ 2016-03-26T20:58:46+08:00 ] 127.0.0.1 /hotel/webuploader/server/upload/tpic_t_18143513.jpg
INFO: [ app_init ] --START--
INFO: Run Behavior\BuildLiteBehavior [ RunTime:0.000051s ]
INFO: [ app_init ] --END-- [ RunTime:0.001102s ]

[ 2016-03-26T20:58:46+08:00 ] 127.0.0.1 /hotel/Public/Home/Css/Images/menu_style.gif
INFO: [ app_init ] --START--
INFO: Run Behavior\BuildLiteBehavior [ RunTime:0.000071s ]
INFO: [ app_init ] --END-- [ RunTime:0.001136s ]

[ 2016-03-26T20:58:46+08:00 ] 127.0.0.1 /hotel/Public/Home/Css/images/lanmu_site.png
INFO: [ app_init ] --START--
INFO: Run Behavior\BuildLiteBehavior [ RunTime:0.000061s ]
INFO: [ app_init ] --END-- [ RunTime:0.001012s ]

[ 2016-03-26T20:58:46+08:00 ] 127.0.0.1 /hotel/Public/Home/Css/images/cbg.jp
INFO: [ app_init ] --START--
INFO: Run Behavior\BuildLiteBehavior [ RunTime:0.000049s ]
INFO: [ app_init ] --END-- [ RunTime:0.001544s ]
INFO: [ app_begin ] --START--
INFO: Run Behavior\ReadHtmlCacheBehavior [ RunTime:0.000984s ]
INFO: [ app_begin ] --END-- [ RunTime:0.001193s ]
ERR: 无法加载控制器:Public

[ 2016-03-26T20:58:46+08:00 ] 127.0.0.1 /hotel/Public/Home/Css/images/bottom.jp
INFO: [ app_init ] --START--
INFO: Run Behavior\BuildLiteBehavior [ RunTime:0.000061s ]
INFO: [ app_init ] --END-- [ RunTime:0.000849s ]
INFO: [ app_begin ] --START--
INFO: Run Behavior\ReadHtmlCacheBehavior [ RunTime:0.001008s ]
INFO: [ app_begin ] --END-- [ RunTime:0.001216s ]
ERR: 无法加载控制器:Public

[ 2016-03-26T20:58:51+08:00 ] 127.0.0.1 /hotel/Index/index.html
INFO: [ app_init ] --START--
INFO: Run Behavior\BuildLiteBehavior [ RunTime:0.000167s ]
INFO: [ app_init ] --END-- [ RunTime:0.001605s ]
INFO: [ app_begin ] --START--
INFO: Run Behavior\ReadHtmlCacheBehavior [ RunTime:0.001755s ]
INFO: [ app_begin ] --END-- [ RunTime:0.002083s ]
INFO: [ view_parse ] --START--
INFO: [ template_filter ] --START--
INFO: Run Behavior\ContentReplaceBehavior [ RunTime:0.000320s ]
INFO: [ template_filter ] --END-- [ RunTime:0.000578s ]
INFO: Run Behavior\ParseTemplateBehavior [ RunTime:0.021098s ]
INFO: [ view_parse ] --END-- [ RunTime:0.021302s ]
INFO: [ view_filter ] --START--
INFO: Run Behavior\WriteHtmlCacheBehavior [ RunTime:0.000568s ]
INFO: [ view_filter ] --END-- [ RunTime:0.000690s ]
INFO: [ app_end ] --START--
INFO: Run Behavior\ShowPageTraceBehavior [ RunTime:0.000904s ]
INFO: [ app_end ] --END-- [ RunTime:0.001027s ]

[ 2016-03-26T20:58:51+08:00 ] 127.0.0.1 /hotel/webuploader/server/upload/tpic_t_18143513.jpg
INFO: [ app_init ] --START--
INFO: Run Behavior\BuildLiteBehavior [ RunTime:0.000049s ]
INFO: [ app_init ] --END-- [ RunTime:0.000941s ]

[ 2016-03-26T20:58:51+08:00 ] 127.0.0.1 /hotel/Public/Home/Css/images/bg.jp
INFO: [ app_init ] --START--
INFO: Run Behavior\BuildLiteBehavior [ RunTime:0.000029s ]
INFO: [ app_init ] --END-- [ RunTime:0.000607s ]
INFO: [ app_begin ] --START--
INFO: Run Behavior\ReadHtmlCacheBehavior [ RunTime:0.000760s ]
INFO: [ app_begin ] --END-- [ RunTime:0.000892s ]
ERR: 无法加载控制器:Public

[ 2016-03-26T20:58:52+08:00 ] 127.0.0.1 /hotel/Public/Home/Css/Images/menu_style.gif
INFO: [ app_init ] --START--
INFO: Run Behavior\BuildLiteBehavior [ RunTime:0.000048s ]
INFO: [ app_init ] --END-- [ RunTime:0.001045s ]

[ 2016-03-26T20:58:52+08:00 ] 127.0.0.1 /hotel/Public/Home/Css/images/lanmu_site.png
INFO: [ app_init ] --START--
INFO: Run Behavior\BuildLiteBehavior [ RunTime:0.000043s ]
INFO: [ app_init ] --END-- [ RunTime:0.000968s ]

[ 2016-03-26T20:58:52+08:00 ] 127.0.0.1 /hotel/webuploader/server/upload/tpic_t_18143513.jpg
INFO: [ app_init ] --START--
INFO: Run Behavior\BuildLiteBehavior [ RunTime:0.000051s ]
INFO: [ app_init ] --END-- [ RunTime:0.001386s ]

[ 2016-03-26T20:58:52+08:00 ] 127.0.0.1 /hotel/Public/Home/Css/images/cbg.jp
INFO: [ app_init ] --START--
INFO: Run Behavior\BuildLiteBehavior [ RunTime:0.000047s ]
INFO: [ app_init ] --END-- [ RunTime:0.001448s ]
INFO: [ app_begin ] --START--
INFO: Run Behavior\ReadHtmlCacheBehavior [ RunTime:0.013212s ]
INFO: [ app_begin ] --END-- [ RunTime:0.013459s ]
ERR: 无法加载控制器:Public

[ 2016-03-26T20:58:52+08:00 ] 127.0.0.1 /hotel/Public/Home/Css/images/bottom.jp
INFO: [ app_init ] --START--
INFO: Run Behavior\BuildLiteBehavior [ RunTime:0.000061s ]
INFO: [ app_init ] --END-- [ RunTime:0.001008s ]
INFO: [ app_begin ] --START--
INFO: Run Behavior\ReadHtmlCacheBehavior [ RunTime:0.001395s ]
INFO: [ app_begin ] --END-- [ RunTime:0.001618s ]
ERR: 无法加载控制器:Public

[ 2016-03-26T21:01:49+08:00 ] 127.0.0.1 /hotel/Index/index.html
INFO: [ app_init ] --START--
INFO: Run Behavior\BuildLiteBehavior [ RunTime:0.000031s ]
INFO: [ app_init ] --END-- [ RunTime:0.000885s ]
INFO: [ app_begin ] --START--
INFO: Run Behavior\ReadHtmlCacheBehavior [ RunTime:0.001999s ]
INFO: [ app_begin ] --END-- [ RunTime:0.002208s ]
INFO: [ view_parse ] --START--
INFO: [ template_filter ] --START--
INFO: Run Behavior\ContentReplaceBehavior [ RunTime:0.000182s ]
INFO: [ template_filter ] --END-- [ RunTime:0.000354s ]
INFO: Run Behavior\ParseTemplateBehavior [ RunTime:0.019266s ]
INFO: [ view_parse ] --END-- [ RunTime:0.019416s ]
INFO: [ view_filter ] --START--
INFO: Run Behavior\WriteHtmlCacheBehavior [ RunTime:0.000587s ]
INFO: [ view_filter ] --END-- [ RunTime:0.000698s ]
INFO: [ app_end ] --START--
INFO: Run Behavior\ShowPageTraceBehavior [ RunTime:0.001099s ]
INFO: [ app_end ] --END-- [ RunTime:0.001236s ]

[ 2016-03-26T21:01:49+08:00 ] 127.0.0.1 /hotel/webuploader/server/upload/tpic_t_18143513.jpg
INFO: [ app_init ] --START--
INFO: Run Behavior\BuildLiteBehavior [ RunTime:0.000051s ]
INFO: [ app_init ] --END-- [ RunTime:0.001231s ]

[ 2016-03-26T21:01:50+08:00 ] 127.0.0.1 /hotel/Public/Home/Css/images/bg.jp
INFO: [ app_init ] --START--
INFO: Run Behavior\BuildLiteBehavior [ RunTime:0.000027s ]
INFO: [ app_init ] --END-- [ RunTime:0.000635s ]
INFO: [ app_begin ] --START--
INFO: Run Behavior\ReadHtmlCacheBehavior [ RunTime:0.000861s ]
INFO: [ app_begin ] --END-- [ RunTime:0.000986s ]
ERR: 无法加载控制器:Public

[ 2016-03-26T21:01:50+08:00 ] 127.0.0.1 /hotel/webuploader/server/upload/tpic_t_18143513.jpg
INFO: [ app_init ] --START--
INFO: Run Behavior\BuildLiteBehavior [ RunTime:0.000040s ]
INFO: [ app_init ] --END-- [ RunTime:0.000709s ]

[ 2016-03-26T21:01:50+08:00 ] 127.0.0.1 /hotel/Public/Home/Css/Images/menu_style.gif
INFO: [ app_init ] --START--
INFO: Run Behavior\BuildLiteBehavior [ RunTime:0.000031s ]
INFO: [ app_init ] --END-- [ RunTime:0.000872s ]

[ 2016-03-26T21:01:50+08:00 ] 127.0.0.1 /hotel/Public/Home/Css/images/lanmu_site.png
INFO: [ app_init ] --START--
INFO: Run Behavior\BuildLiteBehavior [ RunTime:0.000029s ]
INFO: [ app_init ] --END-- [ RunTime:0.000847s ]

[ 2016-03-26T21:01:50+08:00 ] 127.0.0.1 /hotel/Public/Home/Css/images/cbg.jp
INFO: [ app_init ] --START--
INFO: Run Behavior\BuildLiteBehavior [ RunTime:0.000102s ]
INFO: [ app_init ] --END-- [ RunTime:0.001147s ]
INFO: [ app_begin ] --START--
INFO: Run Behavior\ReadHtmlCacheBehavior [ RunTime:0.001373s ]
INFO: [ app_begin ] --END-- [ RunTime:0.001508s ]
ERR: 无法加载控制器:Public

[ 2016-03-26T21:01:50+08:00 ] 127.0.0.1 /hotel/Public/Home/Css/images/bottom.jp
INFO: [ app_init ] --START--
INFO: Run Behavior\BuildLiteBehavior [ RunTime:0.000042s ]
INFO: [ app_init ] --END-- [ RunTime:0.001093s ]
INFO: [ app_begin ] --START--
INFO: Run Behavior\ReadHtmlCacheBehavior [ RunTime:0.001317s ]
INFO: [ app_begin ] --END-- [ RunTime:0.001523s ]
ERR: 无法加载控制器:Public

[ 2016-03-26T21:07:13+08:00 ] 127.0.0.1 /hotel/Index/index.html
INFO: [ app_init ] --START--
INFO: Run Behavior\BuildLiteBehavior [ RunTime:0.000046s ]
INFO: [ app_init ] --END-- [ RunTime:0.001015s ]
INFO: [ app_begin ] --START--
INFO: Run Behavior\ReadHtmlCacheBehavior [ RunTime:0.003155s ]
INFO: [ app_begin ] --END-- [ RunTime:0.003555s ]
INFO: [ view_parse ] --START--
INFO: [ template_filter ] --START--
INFO: Run Behavior\ContentReplaceBehavior [ RunTime:0.000294s ]
INFO: [ template_filter ] --END-- [ RunTime:0.001048s ]
INFO: Run Behavior\ParseTemplateBehavior [ RunTime:0.029092s ]
INFO: [ view_parse ] --END-- [ RunTime:0.029255s ]
INFO: [ view_filter ] --START--
INFO: Run Behavior\WriteHtmlCacheBehavior [ RunTime:0.000630s ]
INFO: [ view_filter ] --END-- [ RunTime:0.000742s ]
INFO: [ app_end ] --START--
INFO: Run Behavior\ShowPageTraceBehavior [ RunTime:0.000813s ]
INFO: [ app_end ] --END-- [ RunTime:0.000928s ]

[ 2016-03-26T21:07:13+08:00 ] 127.0.0.1 /hotel/webuploader/server/upload/tpic_t_18143513.jpg
INFO: [ app_init ] --START--
INFO: Run Behavior\BuildLiteBehavior [ RunTime:0.000030s ]
INFO: [ app_init ] --END-- [ RunTime:0.000811s ]

[ 2016-03-26T21:07:13+08:00 ] 127.0.0.1 /hotel/Public/Home/Css/images/bg.jp
INFO: [ app_init ] --START--
INFO: Run Behavior\BuildLiteBehavior [ RunTime:0.000027s ]
INFO: [ app_init ] --END-- [ RunTime:0.000628s ]
INFO: [ app_begin ] --START--
INFO: Run Behavior\ReadHtmlCacheBehavior [ RunTime:0.000825s ]
INFO: [ app_begin ] --END-- [ RunTime:0.000944s ]
ERR: 无法加载控制器:Public

[ 2016-03-26T21:07:14+08:00 ] 127.0.0.1 /hotel/webuploader/server/upload/tpic_t_18143513.jpg
INFO: [ app_init ] --START--
INFO: Run Behavior\BuildLiteBehavior [ RunTime:0.000051s ]
INFO: [ app_init ] --END-- [ RunTime:0.000948s ]

[ 2016-03-26T21:07:14+08:00 ] 127.0.0.1 /hotel/Public/Home/Css/images/cbg.jp
INFO: [ app_init ] --START--
INFO: Run Behavior\BuildLiteBehavior [ RunTime:0.000048s ]
INFO: [ app_init ] --END-- [ RunTime:0.000893s ]
INFO: [ app_begin ] --START--
INFO: Run Behavior\ReadHtmlCacheBehavior [ RunTime:0.001286s ]
INFO: [ app_begin ] --END-- [ RunTime:0.001522s ]
ERR: 无法加载控制器:Public

[ 2016-03-26T21:07:14+08:00 ] 127.0.0.1 /hotel/Public/Home/Css/images/lanmu_site.png
INFO: [ app_init ] --START--
INFO: Run Behavior\BuildLiteBehavior [ RunTime:0.000065s ]
INFO: [ app_init ] --END-- [ RunTime:0.000961s ]

[ 2016-03-26T21:07:14+08:00 ] 127.0.0.1 /hotel/Public/Home/Css/Images/menu_style.gif
INFO: [ app_init ] --START--
INFO: Run Behavior\BuildLiteBehavior [ RunTime:0.000048s ]
INFO: [ app_init ] --END-- [ RunTime:0.000791s ]

[ 2016-03-26T21:07:14+08:00 ] 127.0.0.1 /hotel/Public/Home/Css/images/bottom.jp
INFO: [ app_init ] --START--
INFO: Run Behavior\BuildLiteBehavior [ RunTime:0.000176s ]
INFO: [ app_init ] --END-- [ RunTime:0.002995s ]
INFO: [ app_begin ] --START--
INFO: Run Behavior\ReadHtmlCacheBehavior [ RunTime:0.001493s ]
INFO: [ app_begin ] --END-- [ RunTime:0.001715s ]
ERR: 无法加载控制器:Public

