[ 2016-03-19T18:41:55+08:00 ] 127.0.0.1 /hotel/Public/Home/Css/images/bg.jp
INFO: [ app_init ] --START--
INFO: Run Behavior\BuildLiteBehavior [ RunTime:0.000049s ]
INFO: [ app_init ] --END-- [ RunTime:0.000928s ]
INFO: [ app_begin ] --START--
INFO: Run Behavior\ReadHtmlCacheBehavior [ RunTime:0.001097s ]
INFO: [ app_begin ] --END-- [ RunTime:0.001320s ]
ERR: 无法加载控制器:Public

[ 2016-03-19T18:41:55+08:00 ] 127.0.0.1 /hotel/Public/Home/Css/images/cbg.jp
INFO: [ app_init ] --START--
INFO: Run Behavior\BuildLiteBehavior [ RunTime:0.000051s ]
INFO: [ app_init ] --END-- [ RunTime:0.000957s ]
INFO: [ app_begin ] --START--
INFO: Run Behavior\ReadHtmlCacheBehavior [ RunTime:0.001939s ]
INFO: [ app_begin ] --END-- [ RunTime:0.002416s ]
ERR: 无法加载控制器:Public

[ 2016-03-19T18:41:56+08:00 ] 127.0.0.1 /hotel/Public/Home/Css/images/bottom.jp
INFO: [ app_init ] --START--
INFO: Run Behavior\BuildLiteBehavior [ RunTime:0.000048s ]
INFO: [ app_init ] --END-- [ RunTime:0.000901s ]
INFO: [ app_begin ] --START--
INFO: Run Behavior\ReadHtmlCacheBehavior [ RunTime:0.001007s ]
INFO: [ app_begin ] --END-- [ RunTime:0.001205s ]
ERR: 无法加载控制器:Public

[ 2016-03-19T18:42:02+08:00 ] 127.0.0.1 /hotel/Index/index.html
INFO: [ app_init ] --START--
INFO: Run Behavior\BuildLiteBehavior [ RunTime:0.000044s ]
INFO: [ app_init ] --END-- [ RunTime:0.000915s ]
INFO: [ app_begin ] --START--
INFO: Run Behavior\ReadHtmlCacheBehavior [ RunTime:0.000891s ]
INFO: [ app_begin ] --END-- [ RunTime:0.001065s ]
INFO: [ view_parse ] --START--
INFO: [ template_filter ] --START--
INFO: Run Behavior\ContentReplaceBehavior [ RunTime:0.000216s ]
INFO: [ template_filter ] --END-- [ RunTime:0.000364s ]
INFO: Run Behavior\ParseTemplateBehavior [ RunTime:0.059089s ]
INFO: [ view_parse ] --END-- [ RunTime:0.059289s ]
INFO: [ view_filter ] --START--
INFO: Run Behavior\WriteHtmlCacheBehavior [ RunTime:0.000839s ]
INFO: [ view_filter ] --END-- [ RunTime:0.001023s ]
INFO: [ app_end ] --START--
INFO: Run Behavior\ShowPageTraceBehavior [ RunTime:0.001338s ]
INFO: [ app_end ] --END-- [ RunTime:0.001505s ]

[ 2016-03-19T18:42:02+08:00 ] 127.0.0.1 /hotel/Index/e/upload/s1/article/image/2012-11/tpic_t_18225122.jpg
INFO: [ app_init ] --START--
INFO: Run Behavior\BuildLiteBehavior [ RunTime:0.000055s ]
INFO: [ app_init ] --END-- [ RunTime:0.000878s ]

[ 2016-03-19T18:42:02+08:00 ] 127.0.0.1 /hotel/Index/e/upload/s1/article/image/2012-11/tpic_t_18143853.jpg
INFO: [ app_init ] --START--
INFO: Run Behavior\BuildLiteBehavior [ RunTime:0.000048s ]
INFO: [ app_init ] --END-- [ RunTime:0.000926s ]

[ 2016-03-19T18:42:02+08:00 ] 127.0.0.1 /hotel/Index/e/upload/s1/article/image/2012-11/tpic_t_18143835.jpg
INFO: [ app_init ] --START--
INFO: Run Behavior\BuildLiteBehavior [ RunTime:0.000045s ]
INFO: [ app_init ] --END-- [ RunTime:0.000897s ]

[ 2016-03-19T18:42:02+08:00 ] 127.0.0.1 /hotel/Index/e/upload/s1/article/image/2012-11/tpic_t_18143716.jpg
INFO: [ app_init ] --START--
INFO: Run Behavior\BuildLiteBehavior [ RunTime:0.000041s ]
INFO: [ app_init ] --END-- [ RunTime:0.000984s ]

[ 2016-03-19T18:42:02+08:00 ] 127.0.0.1 /hotel/Index/e/upload/s1/article/image/2012-11/tpic_t_18143553.jpg
INFO: [ app_init ] --START--
INFO: Run Behavior\BuildLiteBehavior [ RunTime:0.000047s ]
INFO: [ app_init ] --END-- [ RunTime:0.000989s ]

[ 2016-03-19T18:42:02+08:00 ] 127.0.0.1 /hotel/Index/e/upload/s1/fck/image/2012-11/17133202.jpg
INFO: [ app_init ] --START--
INFO: Run Behavior\BuildLiteBehavior [ RunTime:0.000047s ]
INFO: [ app_init ] --END-- [ RunTime:0.000868s ]

[ 2016-03-19T18:42:02+08:00 ] 127.0.0.1 /hotel/Index/e/upload/s1/article/image/2012-11/tpic_t_18143513.jpg
INFO: [ app_init ] --START--
INFO: Run Behavior\BuildLiteBehavior [ RunTime:0.000045s ]
INFO: [ app_init ] --END-- [ RunTime:0.001119s ]

[ 2016-03-19T18:42:02+08:00 ] 127.0.0.1 /hotel/Index/e/upload/s1/article/image/2012-11/tpic_t_18143632.jpg
INFO: [ app_init ] --START--
INFO: Run Behavior\BuildLiteBehavior [ RunTime:0.000045s ]
INFO: [ app_init ] --END-- [ RunTime:0.000960s ]

[ 2016-03-19T18:42:02+08:00 ] 127.0.0.1 /hotel/Index/e/upload/s1/article/image/2012-11/tpic_t_18143658.jpg
INFO: [ app_init ] --START--
INFO: Run Behavior\BuildLiteBehavior [ RunTime:0.000051s ]
INFO: [ app_init ] --END-- [ RunTime:0.001011s ]

[ 2016-03-19T18:42:02+08:00 ] 127.0.0.1 /hotel/Public/Home/Css/images/bg.jp
INFO: [ app_init ] --START--
INFO: Run Behavior\BuildLiteBehavior [ RunTime:0.000027s ]
INFO: [ app_init ] --END-- [ RunTime:0.000576s ]
INFO: [ app_begin ] --START--
INFO: Run Behavior\ReadHtmlCacheBehavior [ RunTime:0.000663s ]
INFO: [ app_begin ] --END-- [ RunTime:0.000785s ]
ERR: 无法加载控制器:Public

[ 2016-03-19T18:42:03+08:00 ] 127.0.0.1 /hotel/Public/Home/Css/Images/menu_style.gif
INFO: [ app_init ] --START--
INFO: Run Behavior\BuildLiteBehavior [ RunTime:0.000029s ]
INFO: [ app_init ] --END-- [ RunTime:0.000572s ]

[ 2016-03-19T18:42:03+08:00 ] 127.0.0.1 /hotel/Public/Home/Css/images/cbg.jp
INFO: [ app_init ] --START--
INFO: Run Behavior\BuildLiteBehavior [ RunTime:0.000055s ]
INFO: [ app_init ] --END-- [ RunTime:0.002230s ]
INFO: [ app_begin ] --START--
INFO: Run Behavior\ReadHtmlCacheBehavior [ RunTime:0.001090s ]
INFO: [ app_begin ] --END-- [ RunTime:0.001352s ]
ERR: 无法加载控制器:Public

[ 2016-03-19T18:42:03+08:00 ] 127.0.0.1 /hotel/Public/Home/Css/images/lanmu_site.png
INFO: [ app_init ] --START--
INFO: Run Behavior\BuildLiteBehavior [ RunTime:0.000030s ]
INFO: [ app_init ] --END-- [ RunTime:0.000642s ]

[ 2016-03-19T18:42:03+08:00 ] 127.0.0.1 /hotel/Index/e/upload/s1/article/image/2012-11/tpic_t_18143835.jpg
INFO: [ app_init ] --START--
INFO: Run Behavior\BuildLiteBehavior [ RunTime:0.000054s ]
INFO: [ app_init ] --END-- [ RunTime:0.000978s ]

[ 2016-03-19T18:42:03+08:00 ] 127.0.0.1 /hotel/Index/e/upload/s1/article/image/2012-11/tpic_t_18143853.jpg
INFO: [ app_init ] --START--
INFO: Run Behavior\BuildLiteBehavior [ RunTime:0.000063s ]
INFO: [ app_init ] --END-- [ RunTime:0.012198s ]

[ 2016-03-19T18:42:03+08:00 ] 127.0.0.1 /hotel/Index/e/upload/s1/article/image/2012-11/tpic_t_18143632.jpg
INFO: [ app_init ] --START--
INFO: Run Behavior\BuildLiteBehavior [ RunTime:0.000053s ]
INFO: [ app_init ] --END-- [ RunTime:0.000995s ]

[ 2016-03-19T18:42:03+08:00 ] 127.0.0.1 /hotel/Index/e/upload/s1/article/image/2012-11/tpic_t_18225122.jpg
INFO: [ app_init ] --START--
INFO: Run Behavior\BuildLiteBehavior [ RunTime:0.000060s ]
INFO: [ app_init ] --END-- [ RunTime:0.001123s ]

[ 2016-03-19T18:42:03+08:00 ] 127.0.0.1 /hotel/Index/e/upload/s1/article/image/2012-11/tpic_t_18143716.jpg
INFO: [ app_init ] --START--
INFO: Run Behavior\BuildLiteBehavior [ RunTime:0.000048s ]
INFO: [ app_init ] --END-- [ RunTime:0.001226s ]

[ 2016-03-19T18:42:03+08:00 ] 127.0.0.1 /hotel/Index/e/upload/s1/article/image/2012-11/tpic_t_18143553.jpg
INFO: [ app_init ] --START--
INFO: Run Behavior\BuildLiteBehavior [ RunTime:0.000047s ]
INFO: [ app_init ] --END-- [ RunTime:0.000919s ]

[ 2016-03-19T18:42:03+08:00 ] 127.0.0.1 /hotel/Index/e/upload/s1/article/image/2012-11/tpic_t_18143513.jpg
INFO: [ app_init ] --START--
INFO: Run Behavior\BuildLiteBehavior [ RunTime:0.000127s ]
INFO: [ app_init ] --END-- [ RunTime:0.001038s ]

[ 2016-03-19T18:42:03+08:00 ] 127.0.0.1 /hotel/Index/e/upload/s1/fck/image/2012-11/17133202.jpg
INFO: [ app_init ] --START--
INFO: Run Behavior\BuildLiteBehavior [ RunTime:0.000083s ]
INFO: [ app_init ] --END-- [ RunTime:0.001279s ]

[ 2016-03-19T18:42:03+08:00 ] 127.0.0.1 /hotel/Public/Home/Css/images/bottom.jp
INFO: [ app_init ] --START--
INFO: Run Behavior\BuildLiteBehavior [ RunTime:0.000054s ]
INFO: [ app_init ] --END-- [ RunTime:0.000971s ]
INFO: [ app_begin ] --START--
INFO: Run Behavior\ReadHtmlCacheBehavior [ RunTime:0.002002s ]
INFO: [ app_begin ] --END-- [ RunTime:0.002294s ]
ERR: 无法加载控制器:Public

[ 2016-03-19T18:42:04+08:00 ] 127.0.0.1 /hotel/Intro/index.html
INFO: [ app_init ] --START--
INFO: Run Behavior\BuildLiteBehavior [ RunTime:0.000030s ]
INFO: [ app_init ] --END-- [ RunTime:0.000669s ]
INFO: [ app_begin ] --START--
INFO: Run Behavior\ReadHtmlCacheBehavior [ RunTime:0.000760s ]
INFO: [ app_begin ] --END-- [ RunTime:0.000936s ]
SQL: SHOW COLUMNS FROM `ht_cate` [ RunTime:0.4485s ]
SQL: SELECT * FROM `ht_cate` WHERE `pid` = 1  [ RunTime:0.0006s ]
SQL: SHOW COLUMNS FROM `ht_intro` [ RunTime:0.0929s ]
SQL: SELECT * FROM `ht_intro` WHERE `cid` = 0  [ RunTime:0.0004s ]
INFO: [ view_parse ] --START--
INFO: [ template_filter ] --START--
INFO: Run Behavior\ContentReplaceBehavior [ RunTime:0.000174s ]
INFO: [ template_filter ] --END-- [ RunTime:0.000374s ]
INFO: Run Behavior\ParseTemplateBehavior [ RunTime:0.087000s ]
INFO: [ view_parse ] --END-- [ RunTime:0.087153s ]
INFO: [ view_filter ] --START--
INFO: Run Behavior\WriteHtmlCacheBehavior [ RunTime:0.000492s ]
INFO: [ view_filter ] --END-- [ RunTime:0.000606s ]
INFO: [ app_end ] --START--
INFO: Run Behavior\ShowPageTraceBehavior [ RunTime:0.000891s ]
INFO: [ app_end ] --END-- [ RunTime:0.001021s ]

[ 2016-03-19T18:42:05+08:00 ] 127.0.0.1 /hotel/Public/Home/Css/images/bg.jp
INFO: [ app_init ] --START--
INFO: Run Behavior\BuildLiteBehavior [ RunTime:0.000030s ]
INFO: [ app_init ] --END-- [ RunTime:0.001116s ]
INFO: [ app_begin ] --START--
INFO: Run Behavior\ReadHtmlCacheBehavior [ RunTime:0.000674s ]
INFO: [ app_begin ] --END-- [ RunTime:0.000811s ]
ERR: 无法加载控制器:Public

[ 2016-03-19T18:42:05+08:00 ] 127.0.0.1 /hotel/Public/Home/Css/Images/rgithbg.gif
INFO: [ app_init ] --START--
INFO: Run Behavior\BuildLiteBehavior [ RunTime:0.000050s ]
INFO: [ app_init ] --END-- [ RunTime:0.000754s ]

[ 2016-03-19T18:42:05+08:00 ] 127.0.0.1 /hotel/Public/Home/Css/images/cbg.jp
INFO: [ app_init ] --START--
INFO: Run Behavior\BuildLiteBehavior [ RunTime:0.000046s ]
INFO: [ app_init ] --END-- [ RunTime:0.001040s ]
INFO: [ app_begin ] --START--
INFO: Run Behavior\ReadHtmlCacheBehavior [ RunTime:0.001106s ]
INFO: [ app_begin ] --END-- [ RunTime:0.001351s ]
ERR: 无法加载控制器:Public

[ 2016-03-19T18:42:05+08:00 ] 127.0.0.1 /hotel/Public/Home/Css/Images/menu_style.gif
INFO: [ app_init ] --START--
INFO: Run Behavior\BuildLiteBehavior [ RunTime:0.000030s ]
INFO: [ app_init ] --END-- [ RunTime:0.000596s ]

[ 2016-03-19T18:42:05+08:00 ] 127.0.0.1 /hotel/Public/Home/Css/images/nav_menu_list.jp
INFO: [ app_init ] --START--
INFO: Run Behavior\BuildLiteBehavior [ RunTime:0.000031s ]
INFO: [ app_init ] --END-- [ RunTime:0.000709s ]
INFO: [ app_begin ] --START--
INFO: Run Behavior\ReadHtmlCacheBehavior [ RunTime:0.000724s ]
INFO: [ app_begin ] --END-- [ RunTime:0.000852s ]
ERR: 无法加载控制器:Public

[ 2016-03-19T18:42:05+08:00 ] 127.0.0.1 /hotel/Public/Home/Css/images/bottom.jp
INFO: [ app_init ] --START--
INFO: Run Behavior\BuildLiteBehavior [ RunTime:0.000058s ]
INFO: [ app_init ] --END-- [ RunTime:0.000964s ]
INFO: [ app_begin ] --START--
INFO: Run Behavior\ReadHtmlCacheBehavior [ RunTime:0.000872s ]
INFO: [ app_begin ] --END-- [ RunTime:0.001075s ]
ERR: 无法加载控制器:Public

[ 2016-03-19T18:42:05+08:00 ] 127.0.0.1 /hotel/Public/Home/Css/images/lanmu_site.png
INFO: [ app_init ] --START--
INFO: Run Behavior\BuildLiteBehavior [ RunTime:0.000027s ]
INFO: [ app_init ] --END-- [ RunTime:0.000587s ]

[ 2016-03-19T18:42:06+08:00 ] 127.0.0.1 /hotel/Room/index.html
INFO: [ app_init ] --START--
INFO: Run Behavior\BuildLiteBehavior [ RunTime:0.000028s ]
INFO: [ app_init ] --END-- [ RunTime:0.000575s ]
INFO: [ app_begin ] --START--
INFO: Run Behavior\ReadHtmlCacheBehavior [ RunTime:0.000696s ]
INFO: [ app_begin ] --END-- [ RunTime:0.000820s ]
INFO: [ view_parse ] --START--
INFO: [ template_filter ] --START--
INFO: Run Behavior\ContentReplaceBehavior [ RunTime:0.000143s ]
INFO: [ template_filter ] --END-- [ RunTime:0.000321s ]
INFO: Run Behavior\ParseTemplateBehavior [ RunTime:0.023209s ]
INFO: [ view_parse ] --END-- [ RunTime:0.023402s ]
INFO: [ view_filter ] --START--
INFO: Run Behavior\WriteHtmlCacheBehavior [ RunTime:0.000481s ]
INFO: [ view_filter ] --END-- [ RunTime:0.000589s ]
INFO: [ app_end ] --START--
INFO: Run Behavior\ShowPageTraceBehavior [ RunTime:0.000819s ]
INFO: [ app_end ] --END-- [ RunTime:0.000931s ]

[ 2016-03-19T18:42:06+08:00 ] 127.0.0.1 /hotel/e/upload/s1/article/image/2012-11/tpic_t_18143658.jpg
INFO: [ app_init ] --START--
INFO: Run Behavior\BuildLiteBehavior [ RunTime:0.000030s ]
INFO: [ app_init ] --END-- [ RunTime:0.000602s ]

[ 2016-03-19T18:42:06+08:00 ] 127.0.0.1 /hotel/e/upload/s1/article/image/2012-11/tpic_t_18225122.jpg
INFO: [ app_init ] --START--
INFO: Run Behavior\BuildLiteBehavior [ RunTime:0.001829s ]
INFO: [ app_init ] --END-- [ RunTime:0.007394s ]

[ 2016-03-19T18:42:06+08:00 ] 127.0.0.1 /hotel/e/upload/s1/article/image/2012-11/tpic_t_18143716.jpg
INFO: [ app_init ] --START--
INFO: Run Behavior\BuildLiteBehavior [ RunTime:0.000028s ]
INFO: [ app_init ] --END-- [ RunTime:0.000592s ]

[ 2016-03-19T18:42:06+08:00 ] 127.0.0.1 /hotel/e/upload/s1/article/image/2012-11/tpic_t_18143853.jpg
INFO: [ app_init ] --START--
INFO: Run Behavior\BuildLiteBehavior [ RunTime:0.000029s ]
INFO: [ app_init ] --END-- [ RunTime:0.000620s ]

[ 2016-03-19T18:42:06+08:00 ] 127.0.0.1 /hotel/e/upload/s1/article/image/2012-11/tpic_t_18143835.jpg
INFO: [ app_init ] --START--
INFO: Run Behavior\BuildLiteBehavior [ RunTime:0.000057s ]
INFO: [ app_init ] --END-- [ RunTime:0.000997s ]

[ 2016-03-19T18:42:06+08:00 ] 127.0.0.1 /hotel/e/upload/s1/article/image/2012-11/tpic_t_18143553.jpg
INFO: [ app_init ] --START--
INFO: Run Behavior\BuildLiteBehavior [ RunTime:0.000054s ]
INFO: [ app_init ] --END-- [ RunTime:0.000994s ]

[ 2016-03-19T18:42:06+08:00 ] 127.0.0.1 /hotel/e/upload/s1/article/image/2012-11/tpic_t_18143513.jpg
INFO: [ app_init ] --START--
INFO: Run Behavior\BuildLiteBehavior [ RunTime:0.000077s ]
INFO: [ app_init ] --END-- [ RunTime:0.000904s ]

[ 2016-03-19T18:42:06+08:00 ] 127.0.0.1 /hotel/e/upload/s1/article/image/2012-11/tpic_t_18143632.jpg
INFO: [ app_init ] --START--
INFO: Run Behavior\BuildLiteBehavior [ RunTime:0.000044s ]
INFO: [ app_init ] --END-- [ RunTime:0.000868s ]

[ 2016-03-19T18:42:06+08:00 ] 127.0.0.1 /hotel/e/upload/s1/article/image/2012-11/tpic_t_18143441.jpg
INFO: [ app_init ] --START--
INFO: Run Behavior\BuildLiteBehavior [ RunTime:0.000030s ]
INFO: [ app_init ] --END-- [ RunTime:0.000702s ]

[ 2016-03-19T18:42:06+08:00 ] 127.0.0.1 /hotel/Public/Home/Css/images/bg.jp
INFO: [ app_init ] --START--
INFO: Run Behavior\BuildLiteBehavior [ RunTime:0.000029s ]
INFO: [ app_init ] --END-- [ RunTime:0.000676s ]
INFO: [ app_begin ] --START--
INFO: Run Behavior\ReadHtmlCacheBehavior [ RunTime:0.000747s ]
INFO: [ app_begin ] --END-- [ RunTime:0.000878s ]
ERR: 无法加载控制器:Public

[ 2016-03-19T18:42:06+08:00 ] 127.0.0.1 /hotel/Public/Home/Css/Images/menu_style.gif
INFO: [ app_init ] --START--
INFO: Run Behavior\BuildLiteBehavior [ RunTime:0.000056s ]
INFO: [ app_init ] --END-- [ RunTime:0.001100s ]

[ 2016-03-19T18:42:06+08:00 ] 127.0.0.1 /hotel/Public/Home/Css/Images/rgithbg.gif
INFO: [ app_init ] --START--
INFO: Run Behavior\BuildLiteBehavior [ RunTime:0.000045s ]
INFO: [ app_init ] --END-- [ RunTime:0.001046s ]

[ 2016-03-19T18:42:06+08:00 ] 127.0.0.1 /hotel/Public/Home/Css/images/cbg.jp
INFO: [ app_init ] --START--
INFO: Run Behavior\BuildLiteBehavior [ RunTime:0.000044s ]
INFO: [ app_init ] --END-- [ RunTime:0.000913s ]
INFO: [ app_begin ] --START--
INFO: Run Behavior\ReadHtmlCacheBehavior [ RunTime:0.001033s ]
INFO: [ app_begin ] --END-- [ RunTime:0.001272s ]
ERR: 无法加载控制器:Public

[ 2016-03-19T18:42:07+08:00 ] 127.0.0.1 /hotel/e/upload/s1/article/image/2012-11/tpic_t_18143853.jpg
INFO: [ app_init ] --START--
INFO: Run Behavior\BuildLiteBehavior [ RunTime:0.000045s ]
INFO: [ app_init ] --END-- [ RunTime:0.000949s ]

[ 2016-03-19T18:42:07+08:00 ] 127.0.0.1 /hotel/e/upload/s1/article/image/2012-11/tpic_t_18225122.jpg
INFO: [ app_init ] --START--
INFO: Run Behavior\BuildLiteBehavior [ RunTime:0.000050s ]
INFO: [ app_init ] --END-- [ RunTime:0.001017s ]

[ 2016-03-19T18:42:07+08:00 ] 127.0.0.1 /hotel/e/upload/s1/article/image/2012-11/tpic_t_18143658.jpg
INFO: [ app_init ] --START--
INFO: Run Behavior\BuildLiteBehavior [ RunTime:0.000045s ]
INFO: [ app_init ] --END-- [ RunTime:0.000874s ]

[ 2016-03-19T18:42:07+08:00 ] 127.0.0.1 /hotel/e/upload/s1/article/image/2012-11/tpic_t_18143553.jpg
INFO: [ app_init ] --START--
INFO: Run Behavior\BuildLiteBehavior [ RunTime:0.000046s ]
INFO: [ app_init ] --END-- [ RunTime:0.000818s ]

[ 2016-03-19T18:42:07+08:00 ] 127.0.0.1 /hotel/e/upload/s1/article/image/2012-11/tpic_t_18143835.jpg
INFO: [ app_init ] --START--
INFO: Run Behavior\BuildLiteBehavior [ RunTime:0.000045s ]
INFO: [ app_init ] --END-- [ RunTime:0.000919s ]

[ 2016-03-19T18:42:07+08:00 ] 127.0.0.1 /hotel/e/upload/s1/article/image/2012-11/tpic_t_18143513.jpg
INFO: [ app_init ] --START--
INFO: Run Behavior\BuildLiteBehavior [ RunTime:0.000047s ]
INFO: [ app_init ] --END-- [ RunTime:0.000934s ]

[ 2016-03-19T18:42:07+08:00 ] 127.0.0.1 /hotel/e/upload/s1/article/image/2012-11/tpic_t_18143716.jpg
INFO: [ app_init ] --START--
INFO: Run Behavior\BuildLiteBehavior [ RunTime:0.000045s ]
INFO: [ app_init ] --END-- [ RunTime:0.000987s ]

[ 2016-03-19T18:42:07+08:00 ] 127.0.0.1 /hotel/e/upload/s1/article/image/2012-11/tpic_t_18143632.jpg
INFO: [ app_init ] --START--
INFO: Run Behavior\BuildLiteBehavior [ RunTime:0.000047s ]
INFO: [ app_init ] --END-- [ RunTime:0.000981s ]

[ 2016-03-19T18:42:07+08:00 ] 127.0.0.1 /hotel/e/upload/s1/article/image/2012-11/tpic_t_18143441.jpg
INFO: [ app_init ] --START--
INFO: Run Behavior\BuildLiteBehavior [ RunTime:0.000062s ]
INFO: [ app_init ] --END-- [ RunTime:0.002896s ]

[ 2016-03-19T18:42:07+08:00 ] 127.0.0.1 /hotel/Public/Home/Css/images/bottom.jp
INFO: [ app_init ] --START--
INFO: Run Behavior\BuildLiteBehavior [ RunTime:0.000055s ]
INFO: [ app_init ] --END-- [ RunTime:0.000988s ]
INFO: [ app_begin ] --START--
INFO: Run Behavior\ReadHtmlCacheBehavior [ RunTime:0.001387s ]
INFO: [ app_begin ] --END-- [ RunTime:0.001690s ]
ERR: 无法加载控制器:Public

[ 2016-03-19T18:42:07+08:00 ] 127.0.0.1 /hotel/Public/Home/Css/images/lanmu_site.png
INFO: [ app_init ] --START--
INFO: Run Behavior\BuildLiteBehavior [ RunTime:0.000050s ]
INFO: [ app_init ] --END-- [ RunTime:0.001002s ]

[ 2016-03-19T18:42:07+08:00 ] 127.0.0.1 /hotel/News/index.html
INFO: [ app_init ] --START--
INFO: Run Behavior\BuildLiteBehavior [ RunTime:0.000029s ]
INFO: [ app_init ] --END-- [ RunTime:0.000758s ]
INFO: [ app_begin ] --START--
INFO: Run Behavior\ReadHtmlCacheBehavior [ RunTime:0.000865s ]
INFO: [ app_begin ] --END-- [ RunTime:0.001001s ]
SQL: SHOW COLUMNS FROM `ht_news` [ RunTime:0.0563s ]
SQL: SELECT * FROM `ht_news`  [ RunTime:0.0087s ]
INFO: [ view_parse ] --START--
INFO: [ template_filter ] --START--
INFO: Run Behavior\ContentReplaceBehavior [ RunTime:0.000150s ]
INFO: [ template_filter ] --END-- [ RunTime:0.000305s ]
INFO: Run Behavior\ParseTemplateBehavior [ RunTime:0.029571s ]
INFO: [ view_parse ] --END-- [ RunTime:0.029742s ]
INFO: [ view_filter ] --START--
INFO: Run Behavior\WriteHtmlCacheBehavior [ RunTime:0.000703s ]
INFO: [ view_filter ] --END-- [ RunTime:0.000876s ]
INFO: [ app_end ] --START--
INFO: Run Behavior\ShowPageTraceBehavior [ RunTime:0.001394s ]
INFO: [ app_end ] --END-- [ RunTime:0.001566s ]

[ 2016-03-19T18:42:08+08:00 ] 127.0.0.1 /hotel/Public/Home/Css/images/bg.jp
INFO: [ app_init ] --START--
INFO: Run Behavior\BuildLiteBehavior [ RunTime:0.000028s ]
INFO: [ app_init ] --END-- [ RunTime:0.000638s ]
INFO: [ app_begin ] --START--
INFO: Run Behavior\ReadHtmlCacheBehavior [ RunTime:0.000855s ]
INFO: [ app_begin ] --END-- [ RunTime:0.001071s ]
ERR: 无法加载控制器:Public

[ 2016-03-19T18:42:08+08:00 ] 127.0.0.1 /hotel/Public/Home/Css/Images/menu_style.gif
INFO: [ app_init ] --START--
INFO: Run Behavior\BuildLiteBehavior [ RunTime:0.000039s ]
INFO: [ app_init ] --END-- [ RunTime:0.000694s ]

[ 2016-03-19T18:42:08+08:00 ] 127.0.0.1 /hotel/Public/Home/Css/images/cbg.jp
INFO: [ app_init ] --START--
INFO: Run Behavior\BuildLiteBehavior [ RunTime:0.000055s ]
INFO: [ app_init ] --END-- [ RunTime:0.000940s ]
INFO: [ app_begin ] --START--
INFO: Run Behavior\ReadHtmlCacheBehavior [ RunTime:0.001072s ]
INFO: [ app_begin ] --END-- [ RunTime:0.001317s ]
ERR: 无法加载控制器:Public

[ 2016-03-19T18:42:08+08:00 ] 127.0.0.1 /hotel/Public/Home/Css/Images/rgithbg.gif
INFO: [ app_init ] --START--
INFO: Run Behavior\BuildLiteBehavior [ RunTime:0.000043s ]
INFO: [ app_init ] --END-- [ RunTime:0.000883s ]

[ 2016-03-19T18:42:08+08:00 ] 127.0.0.1 /hotel/Public/Home/Css/images/lanmu_site.png
INFO: [ app_init ] --START--
INFO: Run Behavior\BuildLiteBehavior [ RunTime:0.000043s ]
INFO: [ app_init ] --END-- [ RunTime:0.001007s ]

[ 2016-03-19T18:42:08+08:00 ] 127.0.0.1 /hotel/Public/Home/Css/images/bottom.jp
INFO: [ app_init ] --START--
INFO: Run Behavior\BuildLiteBehavior [ RunTime:0.000058s ]
INFO: [ app_init ] --END-- [ RunTime:0.001283s ]
INFO: [ app_begin ] --START--
INFO: Run Behavior\ReadHtmlCacheBehavior [ RunTime:0.001142s ]
INFO: [ app_begin ] --END-- [ RunTime:0.001351s ]
ERR: 无法加载控制器:Public

[ 2016-03-19T18:42:08+08:00 ] 127.0.0.1 /hotel/Public/Home/Css/images/article_arrow.png
INFO: [ app_init ] --START--
INFO: Run Behavior\BuildLiteBehavior [ RunTime:0.000028s ]
INFO: [ app_init ] --END-- [ RunTime:0.000628s ]

[ 2016-03-19T18:42:09+08:00 ] 127.0.0.1 /hotel/News/index.html
INFO: [ app_init ] --START--
INFO: Run Behavior\BuildLiteBehavior [ RunTime:0.000084s ]
INFO: [ app_init ] --END-- [ RunTime:0.000961s ]
INFO: [ app_begin ] --START--
INFO: Run Behavior\ReadHtmlCacheBehavior [ RunTime:0.000909s ]
INFO: [ app_begin ] --END-- [ RunTime:0.001123s ]
SQL: SHOW COLUMNS FROM `ht_news` [ RunTime:0.0053s ]
SQL: SELECT * FROM `ht_news`  [ RunTime:0.0008s ]
INFO: [ view_parse ] --START--
INFO: [ template_filter ] --START--
INFO: Run Behavior\ContentReplaceBehavior [ RunTime:0.000153s ]
INFO: [ template_filter ] --END-- [ RunTime:0.000310s ]
INFO: Run Behavior\ParseTemplateBehavior [ RunTime:0.015807s ]
INFO: [ view_parse ] --END-- [ RunTime:0.015975s ]
INFO: [ view_filter ] --START--
INFO: Run Behavior\WriteHtmlCacheBehavior [ RunTime:0.000504s ]
INFO: [ view_filter ] --END-- [ RunTime:0.000617s ]
INFO: [ app_end ] --START--
INFO: Run Behavior\ShowPageTraceBehavior [ RunTime:0.000738s ]
INFO: [ app_end ] --END-- [ RunTime:0.000857s ]

[ 2016-03-19T18:42:09+08:00 ] 127.0.0.1 /hotel/Public/Home/Css/images/bg.jp
INFO: [ app_init ] --START--
INFO: Run Behavior\BuildLiteBehavior [ RunTime:0.000028s ]
INFO: [ app_init ] --END-- [ RunTime:0.000727s ]
INFO: [ app_begin ] --START--
INFO: Run Behavior\ReadHtmlCacheBehavior [ RunTime:0.000835s ]
INFO: [ app_begin ] --END-- [ RunTime:0.001018s ]
ERR: 无法加载控制器:Public

[ 2016-03-19T18:42:09+08:00 ] 127.0.0.1 /hotel/Public/Home/Css/Images/menu_style.gif
INFO: [ app_init ] --START--
INFO: Run Behavior\BuildLiteBehavior [ RunTime:0.000084s ]
INFO: [ app_init ] --END-- [ RunTime:0.001707s ]

[ 2016-03-19T18:42:09+08:00 ] 127.0.0.1 /hotel/Public/Home/Css/images/cbg.jp
INFO: [ app_init ] --START--
INFO: Run Behavior\BuildLiteBehavior [ RunTime:0.000049s ]
INFO: [ app_init ] --END-- [ RunTime:0.000979s ]
INFO: [ app_begin ] --START--
INFO: Run Behavior\ReadHtmlCacheBehavior [ RunTime:0.001098s ]
INFO: [ app_begin ] --END-- [ RunTime:0.001348s ]
ERR: 无法加载控制器:Public

[ 2016-03-19T18:42:09+08:00 ] 127.0.0.1 /hotel/Public/Home/Css/Images/rgithbg.gif
INFO: [ app_init ] --START--
INFO: Run Behavior\BuildLiteBehavior [ RunTime:0.000030s ]
INFO: [ app_init ] --END-- [ RunTime:0.000844s ]

[ 2016-03-19T18:42:09+08:00 ] 127.0.0.1 /hotel/Public/Home/Css/images/lanmu_site.png
INFO: [ app_init ] --START--
INFO: Run Behavior\BuildLiteBehavior [ RunTime:0.000041s ]
INFO: [ app_init ] --END-- [ RunTime:0.000864s ]

[ 2016-03-19T18:42:09+08:00 ] 127.0.0.1 /hotel/Public/Home/Css/images/article_arrow.png
INFO: [ app_init ] --START--
INFO: Run Behavior\BuildLiteBehavior [ RunTime:0.000047s ]
INFO: [ app_init ] --END-- [ RunTime:0.000934s ]

[ 2016-03-19T18:42:09+08:00 ] 127.0.0.1 /hotel/Public/Home/Css/images/bottom.jp
INFO: [ app_init ] --START--
INFO: Run Behavior\BuildLiteBehavior [ RunTime:0.000048s ]
INFO: [ app_init ] --END-- [ RunTime:0.000823s ]
INFO: [ app_begin ] --START--
INFO: Run Behavior\ReadHtmlCacheBehavior [ RunTime:0.001016s ]
INFO: [ app_begin ] --END-- [ RunTime:0.001268s ]
ERR: 无法加载控制器:Public

[ 2016-03-19T18:42:10+08:00 ] 127.0.0.1 /hotel/Hr/index.html
INFO: [ app_init ] --START--
INFO: Run Behavior\BuildLiteBehavior [ RunTime:0.000031s ]
INFO: [ app_init ] --END-- [ RunTime:0.000873s ]
INFO: [ app_begin ] --START--
INFO: Run Behavior\ReadHtmlCacheBehavior [ RunTime:0.001024s ]
INFO: [ app_begin ] --END-- [ RunTime:0.001247s ]
SQL: SHOW COLUMNS FROM `ht_hr` [ RunTime:0.0553s ]
SQL: SELECT * FROM `ht_hr`  [ RunTime:0.0005s ]
INFO: [ view_parse ] --START--
INFO: [ template_filter ] --START--
INFO: Run Behavior\ContentReplaceBehavior [ RunTime:0.000228s ]
INFO: [ template_filter ] --END-- [ RunTime:0.000474s ]
INFO: Run Behavior\ParseTemplateBehavior [ RunTime:0.029484s ]
INFO: [ view_parse ] --END-- [ RunTime:0.029701s ]
INFO: [ view_filter ] --START--
INFO: Run Behavior\WriteHtmlCacheBehavior [ RunTime:0.000603s ]
INFO: [ view_filter ] --END-- [ RunTime:0.000721s ]
INFO: [ app_end ] --START--
INFO: Run Behavior\ShowPageTraceBehavior [ RunTime:0.000915s ]
INFO: [ app_end ] --END-- [ RunTime:0.001039s ]

[ 2016-03-19T18:42:11+08:00 ] 127.0.0.1 /hotel/Public/Home/Css/images/bg.jp
INFO: [ app_init ] --START--
INFO: Run Behavior\BuildLiteBehavior [ RunTime:0.000048s ]
INFO: [ app_init ] --END-- [ RunTime:0.001018s ]
INFO: [ app_begin ] --START--
INFO: Run Behavior\ReadHtmlCacheBehavior [ RunTime:0.000911s ]
INFO: [ app_begin ] --END-- [ RunTime:0.001140s ]
ERR: 无法加载控制器:Public

[ 2016-03-19T18:42:11+08:00 ] 127.0.0.1 /hotel/Public/Home/Css/images/cbg.jp
INFO: [ app_init ] --START--
INFO: Run Behavior\BuildLiteBehavior [ RunTime:0.000053s ]
INFO: [ app_init ] --END-- [ RunTime:0.001173s ]
INFO: [ app_begin ] --START--
INFO: Run Behavior\ReadHtmlCacheBehavior [ RunTime:0.001236s ]
INFO: [ app_begin ] --END-- [ RunTime:0.001505s ]
ERR: 无法加载控制器:Public

[ 2016-03-19T18:42:11+08:00 ] 127.0.0.1 /hotel/Public/Home/Css/images/nav_menu_list.jp
INFO: [ app_init ] --START--
INFO: Run Behavior\BuildLiteBehavior [ RunTime:0.000048s ]
INFO: [ app_init ] --END-- [ RunTime:0.001104s ]
INFO: [ app_begin ] --START--
INFO: Run Behavior\ReadHtmlCacheBehavior [ RunTime:0.001574s ]
INFO: [ app_begin ] --END-- [ RunTime:0.001829s ]
ERR: 无法加载控制器:Public

[ 2016-03-19T18:42:11+08:00 ] 127.0.0.1 /hotel/Public/Home/Css/Images/rgithbg.gif
INFO: [ app_init ] --START--
INFO: Run Behavior\BuildLiteBehavior [ RunTime:0.000052s ]
INFO: [ app_init ] --END-- [ RunTime:0.000945s ]

[ 2016-03-19T18:42:11+08:00 ] 127.0.0.1 /hotel/Public/Home/Css/Images/menu_style.gif
INFO: [ app_init ] --START--
INFO: Run Behavior\BuildLiteBehavior [ RunTime:0.000115s ]
INFO: [ app_init ] --END-- [ RunTime:0.001151s ]

[ 2016-03-19T18:42:11+08:00 ] 127.0.0.1 /hotel/Public/Home/Css/images/lanmu_site.png
INFO: [ app_init ] --START--
INFO: Run Behavior\BuildLiteBehavior [ RunTime:0.000045s ]
INFO: [ app_init ] --END-- [ RunTime:0.000798s ]

[ 2016-03-19T18:42:11+08:00 ] 127.0.0.1 /hotel/Public/Home/Css/images/bottom.jp
INFO: [ app_init ] --START--
INFO: Run Behavior\BuildLiteBehavior [ RunTime:0.000038s ]
INFO: [ app_init ] --END-- [ RunTime:0.000798s ]
INFO: [ app_begin ] --START--
INFO: Run Behavior\ReadHtmlCacheBehavior [ RunTime:0.000787s ]
INFO: [ app_begin ] --END-- [ RunTime:0.000920s ]
ERR: 无法加载控制器:Public

[ 2016-03-19T18:42:12+08:00 ] 127.0.0.1 /hotel/Contact/index.html
INFO: [ app_init ] --START--
INFO: Run Behavior\BuildLiteBehavior [ RunTime:0.000027s ]
INFO: [ app_init ] --END-- [ RunTime:0.000615s ]
INFO: [ app_begin ] --START--
INFO: Run Behavior\ReadHtmlCacheBehavior [ RunTime:0.000760s ]
INFO: [ app_begin ] --END-- [ RunTime:0.000894s ]
INFO: [ view_parse ] --START--
INFO: [ template_filter ] --START--
INFO: Run Behavior\ContentReplaceBehavior [ RunTime:0.000163s ]
INFO: [ template_filter ] --END-- [ RunTime:0.000303s ]
INFO: Run Behavior\ParseTemplateBehavior [ RunTime:0.026108s ]
INFO: [ view_parse ] --END-- [ RunTime:0.026318s ]
INFO: [ view_filter ] --START--
INFO: Run Behavior\WriteHtmlCacheBehavior [ RunTime:0.000407s ]
INFO: [ view_filter ] --END-- [ RunTime:0.000519s ]
INFO: [ app_end ] --START--
INFO: Run Behavior\ShowPageTraceBehavior [ RunTime:0.000802s ]
INFO: [ app_end ] --END-- [ RunTime:0.000939s ]

[ 2016-03-19T18:42:12+08:00 ] 127.0.0.1 /hotel/Public/Home/Css/images/bg.jp
INFO: [ app_init ] --START--
INFO: Run Behavior\BuildLiteBehavior [ RunTime:0.000027s ]
INFO: [ app_init ] --END-- [ RunTime:0.000608s ]
INFO: [ app_begin ] --START--
INFO: Run Behavior\ReadHtmlCacheBehavior [ RunTime:0.000801s ]
INFO: [ app_begin ] --END-- [ RunTime:0.000925s ]
ERR: 无法加载控制器:Public

[ 2016-03-19T18:42:12+08:00 ] 127.0.0.1 /hotel/Public/Home/Css/Images/menu_style.gif
INFO: [ app_init ] --START--
INFO: Run Behavior\BuildLiteBehavior [ RunTime:0.000060s ]
INFO: [ app_init ] --END-- [ RunTime:0.001550s ]

[ 2016-03-19T18:42:12+08:00 ] 127.0.0.1 /hotel/Public/Home/Css/Images/rgithbg.gif
INFO: [ app_init ] --START--
INFO: Run Behavior\BuildLiteBehavior [ RunTime:0.000043s ]
INFO: [ app_init ] --END-- [ RunTime:0.000947s ]

[ 2016-03-19T18:42:12+08:00 ] 127.0.0.1 /hotel/Public/Home/Css/images/cbg.jp
INFO: [ app_init ] --START--
INFO: Run Behavior\BuildLiteBehavior [ RunTime:0.000056s ]
INFO: [ app_init ] --END-- [ RunTime:0.001183s ]
INFO: [ app_begin ] --START--
INFO: Run Behavior\ReadHtmlCacheBehavior [ RunTime:0.001050s ]
INFO: [ app_begin ] --END-- [ RunTime:0.001273s ]
ERR: 无法加载控制器:Public

[ 2016-03-19T18:42:12+08:00 ] 127.0.0.1 /hotel/Public/Home/Css/images/nav_menu_list.jp
INFO: [ app_init ] --START--
INFO: Run Behavior\BuildLiteBehavior [ RunTime:0.000049s ]
INFO: [ app_init ] --END-- [ RunTime:0.001786s ]
INFO: [ app_begin ] --START--
INFO: Run Behavior\ReadHtmlCacheBehavior [ RunTime:0.000844s ]
INFO: [ app_begin ] --END-- [ RunTime:0.000993s ]
ERR: 无法加载控制器:Public

[ 2016-03-19T18:42:13+08:00 ] 127.0.0.1 /hotel/Public/Home/Css/images/lanmu_site.png
INFO: [ app_init ] --START--
INFO: Run Behavior\BuildLiteBehavior [ RunTime:0.000051s ]
INFO: [ app_init ] --END-- [ RunTime:0.000854s ]

[ 2016-03-19T18:42:13+08:00 ] 127.0.0.1 /hotel/Public/Home/Css/images/bottom.jp
INFO: [ app_init ] --START--
INFO: Run Behavior\BuildLiteBehavior [ RunTime:0.000049s ]
INFO: [ app_init ] --END-- [ RunTime:0.002082s ]
INFO: [ app_begin ] --START--
INFO: Run Behavior\ReadHtmlCacheBehavior [ RunTime:0.002258s ]
INFO: [ app_begin ] --END-- [ RunTime:0.002527s ]
ERR: 无法加载控制器:Public

[ 2016-03-19T19:28:31+08:00 ] 127.0.0.1 /hotel/server/fileupload.php
INFO: [ app_init ] --START--
INFO: Run Behavior\BuildLiteBehavior [ RunTime:0.000052s ]
INFO: [ app_init ] --END-- [ RunTime:0.001258s ]
INFO: [ app_begin ] --START--
INFO: Run Behavior\ReadHtmlCacheBehavior [ RunTime:0.001174s ]
INFO: [ app_begin ] --END-- [ RunTime:0.001404s ]
ERR: 无法加载控制器:Server

[ 2016-03-19T19:28:31+08:00 ] 127.0.0.1 /hotel/server/fileupload.php
INFO: [ app_init ] --START--
INFO: Run Behavior\BuildLiteBehavior [ RunTime:0.000030s ]
INFO: [ app_init ] --END-- [ RunTime:0.000641s ]
INFO: [ app_begin ] --START--
INFO: Run Behavior\ReadHtmlCacheBehavior [ RunTime:0.000670s ]
INFO: [ app_begin ] --END-- [ RunTime:0.000791s ]
ERR: 无法加载控制器:Server

[ 2016-03-19T19:28:31+08:00 ] 127.0.0.1 /hotel/server/fileupload.php
INFO: [ app_init ] --START--
INFO: Run Behavior\BuildLiteBehavior [ RunTime:0.000049s ]
INFO: [ app_init ] --END-- [ RunTime:0.000916s ]
INFO: [ app_begin ] --START--
INFO: Run Behavior\ReadHtmlCacheBehavior [ RunTime:0.001115s ]
INFO: [ app_begin ] --END-- [ RunTime:0.001424s ]
ERR: 无法加载控制器:Server

[ 2016-03-19T19:28:31+08:00 ] 127.0.0.1 /hotel/server/fileupload.php
INFO: [ app_init ] --START--
INFO: Run Behavior\BuildLiteBehavior [ RunTime:0.000044s ]
INFO: [ app_init ] --END-- [ RunTime:0.000966s ]
INFO: [ app_begin ] --START--
INFO: Run Behavior\ReadHtmlCacheBehavior [ RunTime:0.000984s ]
INFO: [ app_begin ] --END-- [ RunTime:0.001213s ]
ERR: 无法加载控制器:Server

[ 2016-03-19T19:28:31+08:00 ] 127.0.0.1 /hotel/server/fileupload.php
INFO: [ app_init ] --START--
INFO: Run Behavior\BuildLiteBehavior [ RunTime:0.000053s ]
INFO: [ app_init ] --END-- [ RunTime:0.000599s ]
INFO: [ app_begin ] --START--
INFO: Run Behavior\ReadHtmlCacheBehavior [ RunTime:0.000705s ]
INFO: [ app_begin ] --END-- [ RunTime:0.000837s ]
ERR: 无法加载控制器:Server

[ 2016-03-19T21:16:47+08:00 ] 127.0.0.1 /hotel/server/fileupload.php
INFO: [ app_init ] --START--
INFO: Run Behavior\BuildLiteBehavior [ RunTime:0.000054s ]
INFO: [ app_init ] --END-- [ RunTime:0.001032s ]
INFO: [ app_begin ] --START--
INFO: Run Behavior\ReadHtmlCacheBehavior [ RunTime:0.001375s ]
INFO: [ app_begin ] --END-- [ RunTime:0.001613s ]
ERR: 无法加载控制器:Server

[ 2016-03-19T21:16:47+08:00 ] 127.0.0.1 /hotel/server/fileupload.php
INFO: [ app_init ] --START--
INFO: Run Behavior\BuildLiteBehavior [ RunTime:0.000031s ]
INFO: [ app_init ] --END-- [ RunTime:0.000879s ]
INFO: [ app_begin ] --START--
INFO: Run Behavior\ReadHtmlCacheBehavior [ RunTime:0.000764s ]
INFO: [ app_begin ] --END-- [ RunTime:0.000893s ]
ERR: 无法加载控制器:Server

[ 2016-03-19T21:16:47+08:00 ] 127.0.0.1 /hotel/server/fileupload.php
INFO: [ app_init ] --START--
INFO: Run Behavior\BuildLiteBehavior [ RunTime:0.000029s ]
INFO: [ app_init ] --END-- [ RunTime:0.000620s ]
INFO: [ app_begin ] --START--
INFO: Run Behavior\ReadHtmlCacheBehavior [ RunTime:0.001019s ]
INFO: [ app_begin ] --END-- [ RunTime:0.001232s ]
ERR: 无法加载控制器:Server

[ 2016-03-19T21:16:47+08:00 ] 127.0.0.1 /hotel/server/fileupload.php
INFO: [ app_init ] --START--
INFO: Run Behavior\BuildLiteBehavior [ RunTime:0.000032s ]
INFO: [ app_init ] --END-- [ RunTime:0.000634s ]
INFO: [ app_begin ] --START--
INFO: Run Behavior\ReadHtmlCacheBehavior [ RunTime:0.001597s ]
INFO: [ app_begin ] --END-- [ RunTime:0.001775s ]
ERR: 无法加载控制器:Server

[ 2016-03-19T21:16:47+08:00 ] 127.0.0.1 /hotel/server/fileupload.php
INFO: [ app_init ] --START--
INFO: Run Behavior\BuildLiteBehavior [ RunTime:0.000028s ]
INFO: [ app_init ] --END-- [ RunTime:0.000564s ]
INFO: [ app_begin ] --START--
INFO: Run Behavior\ReadHtmlCacheBehavior [ RunTime:0.001463s ]
INFO: [ app_begin ] --END-- [ RunTime:0.001700s ]
ERR: 无法加载控制器:Server

[ 2016-03-19T21:18:33+08:00 ] 127.0.0.1 /hotel/server/fileupload.php
INFO: [ app_init ] --START--
INFO: Run Behavior\BuildLiteBehavior [ RunTime:0.000031s ]
INFO: [ app_init ] --END-- [ RunTime:0.000642s ]
INFO: [ app_begin ] --START--
INFO: Run Behavior\ReadHtmlCacheBehavior [ RunTime:0.001063s ]
INFO: [ app_begin ] --END-- [ RunTime:0.001263s ]
ERR: 无法加载控制器:Server

[ 2016-03-19T21:18:33+08:00 ] 127.0.0.1 /hotel/server/fileupload.php
INFO: [ app_init ] --START--
INFO: Run Behavior\BuildLiteBehavior [ RunTime:0.000048s ]
INFO: [ app_init ] --END-- [ RunTime:0.000810s ]
INFO: [ app_begin ] --START--
INFO: Run Behavior\ReadHtmlCacheBehavior [ RunTime:0.000760s ]
INFO: [ app_begin ] --END-- [ RunTime:0.000902s ]
ERR: 无法加载控制器:Server

[ 2016-03-19T21:18:33+08:00 ] 127.0.0.1 /hotel/server/fileupload.php
INFO: [ app_init ] --START--
INFO: Run Behavior\BuildLiteBehavior [ RunTime:0.000036s ]
INFO: [ app_init ] --END-- [ RunTime:0.000662s ]
INFO: [ app_begin ] --START--
INFO: Run Behavior\ReadHtmlCacheBehavior [ RunTime:0.000746s ]
INFO: [ app_begin ] --END-- [ RunTime:0.000897s ]
ERR: 无法加载控制器:Server

[ 2016-03-19T21:18:33+08:00 ] 127.0.0.1 /hotel/server/fileupload.php
INFO: [ app_init ] --START--
INFO: Run Behavior\BuildLiteBehavior [ RunTime:0.000031s ]
INFO: [ app_init ] --END-- [ RunTime:0.000611s ]
INFO: [ app_begin ] --START--
INFO: Run Behavior\ReadHtmlCacheBehavior [ RunTime:0.000696s ]
INFO: [ app_begin ] --END-- [ RunTime:0.000860s ]
ERR: 无法加载控制器:Server

[ 2016-03-19T21:18:33+08:00 ] 127.0.0.1 /hotel/server/fileupload.php
INFO: [ app_init ] --START--
INFO: Run Behavior\BuildLiteBehavior [ RunTime:0.000028s ]
INFO: [ app_init ] --END-- [ RunTime:0.000578s ]
INFO: [ app_begin ] --START--
INFO: Run Behavior\ReadHtmlCacheBehavior [ RunTime:0.000946s ]
INFO: [ app_begin ] --END-- [ RunTime:0.001105s ]
ERR: 无法加载控制器:Server

[ 2016-03-19T21:18:33+08:00 ] 127.0.0.1 /hotel/server/fileupload.php
INFO: [ app_init ] --START--
INFO: Run Behavior\BuildLiteBehavior [ RunTime:0.000033s ]
INFO: [ app_init ] --END-- [ RunTime:0.000620s ]
INFO: [ app_begin ] --START--
INFO: Run Behavior\ReadHtmlCacheBehavior [ RunTime:0.000932s ]
INFO: [ app_begin ] --END-- [ RunTime:0.001096s ]
ERR: 无法加载控制器:Server

[ 2016-03-19T21:18:33+08:00 ] 127.0.0.1 /hotel/server/fileupload.php
INFO: [ app_init ] --START--
INFO: Run Behavior\BuildLiteBehavior [ RunTime:0.000031s ]
INFO: [ app_init ] --END-- [ RunTime:0.000589s ]
INFO: [ app_begin ] --START--
INFO: Run Behavior\ReadHtmlCacheBehavior [ RunTime:0.000744s ]
INFO: [ app_begin ] --END-- [ RunTime:0.000884s ]
ERR: 无法加载控制器:Server

[ 2016-03-19T21:18:33+08:00 ] 127.0.0.1 /hotel/server/fileupload.php
INFO: [ app_init ] --START--
INFO: Run Behavior\BuildLiteBehavior [ RunTime:0.000061s ]
INFO: [ app_init ] --END-- [ RunTime:0.001086s ]
INFO: [ app_begin ] --START--
INFO: Run Behavior\ReadHtmlCacheBehavior [ RunTime:0.001080s ]
INFO: [ app_begin ] --END-- [ RunTime:0.001308s ]
ERR: 无法加载控制器:Server

[ 2016-03-19T21:18:33+08:00 ] 127.0.0.1 /hotel/server/fileupload.php
INFO: [ app_init ] --START--
INFO: Run Behavior\BuildLiteBehavior [ RunTime:0.000028s ]
INFO: [ app_init ] --END-- [ RunTime:0.000577s ]
INFO: [ app_begin ] --START--
INFO: Run Behavior\ReadHtmlCacheBehavior [ RunTime:0.000723s ]
INFO: [ app_begin ] --END-- [ RunTime:0.000897s ]
ERR: 无法加载控制器:Server

[ 2016-03-19T21:18:33+08:00 ] 127.0.0.1 /hotel/server/fileupload.php
INFO: [ app_init ] --START--
INFO: Run Behavior\BuildLiteBehavior [ RunTime:0.000031s ]
INFO: [ app_init ] --END-- [ RunTime:0.000645s ]
INFO: [ app_begin ] --START--
INFO: Run Behavior\ReadHtmlCacheBehavior [ RunTime:0.000746s ]
INFO: [ app_begin ] --END-- [ RunTime:0.000893s ]
ERR: 无法加载控制器:Server

[ 2016-03-19T21:18:33+08:00 ] 127.0.0.1 /hotel/server/fileupload.php
INFO: [ app_init ] --START--
INFO: Run Behavior\BuildLiteBehavior [ RunTime:0.000043s ]
INFO: [ app_init ] --END-- [ RunTime:0.000630s ]
INFO: [ app_begin ] --START--
INFO: Run Behavior\ReadHtmlCacheBehavior [ RunTime:0.000705s ]
INFO: [ app_begin ] --END-- [ RunTime:0.000845s ]
ERR: 无法加载控制器:Server

[ 2016-03-19T21:18:33+08:00 ] 127.0.0.1 /hotel/server/fileupload.php
INFO: [ app_init ] --START--
INFO: Run Behavior\BuildLiteBehavior [ RunTime:0.000050s ]
INFO: [ app_init ] --END-- [ RunTime:0.000872s ]
INFO: [ app_begin ] --START--
INFO: Run Behavior\ReadHtmlCacheBehavior [ RunTime:0.000764s ]
INFO: [ app_begin ] --END-- [ RunTime:0.000905s ]
ERR: 无法加载控制器:Server

[ 2016-03-19T21:18:33+08:00 ] 127.0.0.1 /hotel/server/fileupload.php
INFO: [ app_init ] --START--
INFO: Run Behavior\BuildLiteBehavior [ RunTime:0.000049s ]
INFO: [ app_init ] --END-- [ RunTime:0.000764s ]
INFO: [ app_begin ] --START--
INFO: Run Behavior\ReadHtmlCacheBehavior [ RunTime:0.000674s ]
INFO: [ app_begin ] --END-- [ RunTime:0.000822s ]
ERR: 无法加载控制器:Server

[ 2016-03-19T21:18:33+08:00 ] 127.0.0.1 /hotel/server/fileupload.php
INFO: [ app_init ] --START--
INFO: Run Behavior\BuildLiteBehavior [ RunTime:0.000064s ]
INFO: [ app_init ] --END-- [ RunTime:0.001188s ]
INFO: [ app_begin ] --START--
INFO: Run Behavior\ReadHtmlCacheBehavior [ RunTime:0.000689s ]
INFO: [ app_begin ] --END-- [ RunTime:0.000824s ]
ERR: 无法加载控制器:Server

[ 2016-03-19T21:18:33+08:00 ] 127.0.0.1 /hotel/server/fileupload.php
INFO: [ app_init ] --START--
INFO: Run Behavior\BuildLiteBehavior [ RunTime:0.000039s ]
INFO: [ app_init ] --END-- [ RunTime:0.000587s ]
INFO: [ app_begin ] --START--
INFO: Run Behavior\ReadHtmlCacheBehavior [ RunTime:0.000730s ]
INFO: [ app_begin ] --END-- [ RunTime:0.000871s ]
ERR: 无法加载控制器:Server

[ 2016-03-19T21:18:33+08:00 ] 127.0.0.1 /hotel/server/fileupload.php
INFO: [ app_init ] --START--
INFO: Run Behavior\BuildLiteBehavior [ RunTime:0.000029s ]
INFO: [ app_init ] --END-- [ RunTime:0.000669s ]
INFO: [ app_begin ] --START--
INFO: Run Behavior\ReadHtmlCacheBehavior [ RunTime:0.000746s ]
INFO: [ app_begin ] --END-- [ RunTime:0.000879s ]
ERR: 无法加载控制器:Server

[ 2016-03-19T21:18:33+08:00 ] 127.0.0.1 /hotel/server/fileupload.php
INFO: [ app_init ] --START--
INFO: Run Behavior\BuildLiteBehavior [ RunTime:0.000030s ]
INFO: [ app_init ] --END-- [ RunTime:0.000580s ]
INFO: [ app_begin ] --START--
INFO: Run Behavior\ReadHtmlCacheBehavior [ RunTime:0.000800s ]
INFO: [ app_begin ] --END-- [ RunTime:0.001207s ]
ERR: 无法加载控制器:Server

[ 2016-03-19T21:18:34+08:00 ] 127.0.0.1 /hotel/server/fileupload.php
INFO: [ app_init ] --START--
INFO: Run Behavior\BuildLiteBehavior [ RunTime:0.000106s ]
INFO: [ app_init ] --END-- [ RunTime:0.002237s ]
INFO: [ app_begin ] --START--
INFO: Run Behavior\ReadHtmlCacheBehavior [ RunTime:0.000877s ]
INFO: [ app_begin ] --END-- [ RunTime:0.001122s ]
ERR: 无法加载控制器:Server

[ 2016-03-19T21:18:34+08:00 ] 127.0.0.1 /hotel/server/fileupload.php
INFO: [ app_init ] --START--
INFO: Run Behavior\BuildLiteBehavior [ RunTime:0.000055s ]
INFO: [ app_init ] --END-- [ RunTime:0.001066s ]
INFO: [ app_begin ] --START--
INFO: Run Behavior\ReadHtmlCacheBehavior [ RunTime:0.001953s ]
INFO: [ app_begin ] --END-- [ RunTime:0.002306s ]
ERR: 无法加载控制器:Server

[ 2016-03-19T21:18:34+08:00 ] 127.0.0.1 /hotel/server/fileupload.php
INFO: [ app_init ] --START--
INFO: Run Behavior\BuildLiteBehavior [ RunTime:0.000050s ]
INFO: [ app_init ] --END-- [ RunTime:0.000922s ]
INFO: [ app_begin ] --START--
INFO: Run Behavior\ReadHtmlCacheBehavior [ RunTime:0.000953s ]
INFO: [ app_begin ] --END-- [ RunTime:0.001173s ]
ERR: 无法加载控制器:Server

[ 2016-03-19T21:18:34+08:00 ] 127.0.0.1 /hotel/server/fileupload.php
INFO: [ app_init ] --START--
INFO: Run Behavior\BuildLiteBehavior [ RunTime:0.000028s ]
INFO: [ app_init ] --END-- [ RunTime:0.000576s ]
INFO: [ app_begin ] --START--
INFO: Run Behavior\ReadHtmlCacheBehavior [ RunTime:0.001682s ]
INFO: [ app_begin ] --END-- [ RunTime:0.001908s ]
ERR: 无法加载控制器:Server

[ 2016-03-19T21:18:34+08:00 ] 127.0.0.1 /hotel/server/fileupload.php
INFO: [ app_init ] --START--
INFO: Run Behavior\BuildLiteBehavior [ RunTime:0.000042s ]
INFO: [ app_init ] --END-- [ RunTime:0.000802s ]
INFO: [ app_begin ] --START--
INFO: Run Behavior\ReadHtmlCacheBehavior [ RunTime:0.000656s ]
INFO: [ app_begin ] --END-- [ RunTime:0.000785s ]
ERR: 无法加载控制器:Server

[ 2016-03-19T21:18:48+08:00 ] 127.0.0.1 /hotel/server/fileupload.php
INFO: [ app_init ] --START--
INFO: Run Behavior\BuildLiteBehavior [ RunTime:0.000053s ]
INFO: [ app_init ] --END-- [ RunTime:0.001202s ]
INFO: [ app_begin ] --START--
INFO: Run Behavior\ReadHtmlCacheBehavior [ RunTime:0.002329s ]
INFO: [ app_begin ] --END-- [ RunTime:0.002590s ]
ERR: 无法加载控制器:Server

[ 2016-03-19T21:18:48+08:00 ] 127.0.0.1 /hotel/server/fileupload.php
INFO: [ app_init ] --START--
INFO: Run Behavior\BuildLiteBehavior [ RunTime:0.000036s ]
INFO: [ app_init ] --END-- [ RunTime:0.000639s ]
INFO: [ app_begin ] --START--
INFO: Run Behavior\ReadHtmlCacheBehavior [ RunTime:0.001067s ]
INFO: [ app_begin ] --END-- [ RunTime:0.001302s ]
ERR: 无法加载控制器:Server

[ 2016-03-19T21:18:48+08:00 ] 127.0.0.1 /hotel/server/fileupload.php
INFO: [ app_init ] --START--
INFO: Run Behavior\BuildLiteBehavior [ RunTime:0.000030s ]
INFO: [ app_init ] --END-- [ RunTime:0.000639s ]
INFO: [ app_begin ] --START--
INFO: Run Behavior\ReadHtmlCacheBehavior [ RunTime:0.001081s ]
INFO: [ app_begin ] --END-- [ RunTime:0.001315s ]
ERR: 无法加载控制器:Server

[ 2016-03-19T21:18:48+08:00 ] 127.0.0.1 /hotel/server/fileupload.php
INFO: [ app_init ] --START--
INFO: Run Behavior\BuildLiteBehavior [ RunTime:0.000033s ]
INFO: [ app_init ] --END-- [ RunTime:0.000746s ]
INFO: [ app_begin ] --START--
INFO: Run Behavior\ReadHtmlCacheBehavior [ RunTime:0.000711s ]
INFO: [ app_begin ] --END-- [ RunTime:0.000874s ]
ERR: 无法加载控制器:Server

[ 2016-03-19T21:18:48+08:00 ] 127.0.0.1 /hotel/server/fileupload.php
INFO: [ app_init ] --START--
INFO: Run Behavior\BuildLiteBehavior [ RunTime:0.000030s ]
INFO: [ app_init ] --END-- [ RunTime:0.000658s ]
INFO: [ app_begin ] --START--
INFO: Run Behavior\ReadHtmlCacheBehavior [ RunTime:0.000730s ]
INFO: [ app_begin ] --END-- [ RunTime:0.000885s ]
ERR: 无法加载控制器:Server

[ 2016-03-19T21:18:48+08:00 ] 127.0.0.1 /hotel/server/fileupload.php
INFO: [ app_init ] --START--
INFO: Run Behavior\BuildLiteBehavior [ RunTime:0.000027s ]
INFO: [ app_init ] --END-- [ RunTime:0.000564s ]
INFO: [ app_begin ] --START--
INFO: Run Behavior\ReadHtmlCacheBehavior [ RunTime:0.001293s ]
INFO: [ app_begin ] --END-- [ RunTime:0.001528s ]
ERR: 无法加载控制器:Server

[ 2016-03-19T21:21:43+08:00 ] 127.0.0.1 /hotel/server/fileupload.php
INFO: [ app_init ] --START--
INFO: Run Behavior\BuildLiteBehavior [ RunTime:0.000033s ]
INFO: [ app_init ] --END-- [ RunTime:0.000943s ]
INFO: [ app_begin ] --START--
INFO: Run Behavior\ReadHtmlCacheBehavior [ RunTime:0.001367s ]
INFO: [ app_begin ] --END-- [ RunTime:0.001654s ]
ERR: 无法加载控制器:Server

[ 2016-03-19T21:21:43+08:00 ] 127.0.0.1 /hotel/server/fileupload.php
INFO: [ app_init ] --START--
INFO: Run Behavior\BuildLiteBehavior [ RunTime:0.000116s ]
INFO: [ app_init ] --END-- [ RunTime:0.001286s ]
INFO: [ app_begin ] --START--
INFO: Run Behavior\ReadHtmlCacheBehavior [ RunTime:0.001195s ]
INFO: [ app_begin ] --END-- [ RunTime:0.001449s ]
ERR: 无法加载控制器:Server

[ 2016-03-19T21:21:43+08:00 ] 127.0.0.1 /hotel/server/fileupload.php
INFO: [ app_init ] --START--
INFO: Run Behavior\BuildLiteBehavior [ RunTime:0.000030s ]
INFO: [ app_init ] --END-- [ RunTime:0.000588s ]
INFO: [ app_begin ] --START--
INFO: Run Behavior\ReadHtmlCacheBehavior [ RunTime:0.001084s ]
INFO: [ app_begin ] --END-- [ RunTime:0.001296s ]
ERR: 无法加载控制器:Server

[ 2016-03-19T21:21:43+08:00 ] 127.0.0.1 /hotel/server/fileupload.php
INFO: [ app_init ] --START--
INFO: Run Behavior\BuildLiteBehavior [ RunTime:0.000049s ]
INFO: [ app_init ] --END-- [ RunTime:0.000908s ]
INFO: [ app_begin ] --START--
INFO: Run Behavior\ReadHtmlCacheBehavior [ RunTime:0.000754s ]
INFO: [ app_begin ] --END-- [ RunTime:0.000914s ]
ERR: 无法加载控制器:Server

[ 2016-03-19T21:21:43+08:00 ] 127.0.0.1 /hotel/server/fileupload.php
INFO: [ app_init ] --START--
INFO: Run Behavior\BuildLiteBehavior [ RunTime:0.000044s ]
INFO: [ app_init ] --END-- [ RunTime:0.000863s ]
INFO: [ app_begin ] --START--
INFO: Run Behavior\ReadHtmlCacheBehavior [ RunTime:0.000728s ]
INFO: [ app_begin ] --END-- [ RunTime:0.000869s ]
ERR: 无法加载控制器:Server

[ 2016-03-19T21:21:44+08:00 ] 127.0.0.1 /hotel/server/fileupload.php
INFO: [ app_init ] --START--
INFO: Run Behavior\BuildLiteBehavior [ RunTime:0.000095s ]
INFO: [ app_init ] --END-- [ RunTime:0.001122s ]
INFO: [ app_begin ] --START--
INFO: Run Behavior\ReadHtmlCacheBehavior [ RunTime:0.001070s ]
INFO: [ app_begin ] --END-- [ RunTime:0.001297s ]
ERR: 无法加载控制器:Server

[ 2016-03-19T21:21:44+08:00 ] 127.0.0.1 /hotel/server/fileupload.php
INFO: [ app_init ] --START--
INFO: Run Behavior\BuildLiteBehavior [ RunTime:0.000044s ]
INFO: [ app_init ] --END-- [ RunTime:0.000914s ]
INFO: [ app_begin ] --START--
INFO: Run Behavior\ReadHtmlCacheBehavior [ RunTime:0.001018s ]
INFO: [ app_begin ] --END-- [ RunTime:0.001275s ]
ERR: 无法加载控制器:Server

[ 2016-03-19T21:21:44+08:00 ] 127.0.0.1 /hotel/server/fileupload.php
INFO: [ app_init ] --START--
INFO: Run Behavior\BuildLiteBehavior [ RunTime:0.000053s ]
INFO: [ app_init ] --END-- [ RunTime:0.000973s ]
INFO: [ app_begin ] --START--
INFO: Run Behavior\ReadHtmlCacheBehavior [ RunTime:0.001115s ]
INFO: [ app_begin ] --END-- [ RunTime:0.001397s ]
ERR: 无法加载控制器:Server

[ 2016-03-19T21:21:44+08:00 ] 127.0.0.1 /hotel/server/fileupload.php
INFO: [ app_init ] --START--
INFO: Run Behavior\BuildLiteBehavior [ RunTime:0.000056s ]
INFO: [ app_init ] --END-- [ RunTime:0.000991s ]
INFO: [ app_begin ] --START--
INFO: Run Behavior\ReadHtmlCacheBehavior [ RunTime:0.000734s ]
INFO: [ app_begin ] --END-- [ RunTime:0.000874s ]
ERR: 无法加载控制器:Server

[ 2016-03-19T21:21:44+08:00 ] 127.0.0.1 /hotel/server/fileupload.php
INFO: [ app_init ] --START--
INFO: Run Behavior\BuildLiteBehavior [ RunTime:0.000029s ]
INFO: [ app_init ] --END-- [ RunTime:0.000576s ]
INFO: [ app_begin ] --START--
INFO: Run Behavior\ReadHtmlCacheBehavior [ RunTime:0.000665s ]
INFO: [ app_begin ] --END-- [ RunTime:0.000791s ]
ERR: 无法加载控制器:Server

[ 2016-03-19T21:21:44+08:00 ] 127.0.0.1 /hotel/server/fileupload.php
INFO: [ app_init ] --START--
INFO: Run Behavior\BuildLiteBehavior [ RunTime:0.000030s ]
INFO: [ app_init ] --END-- [ RunTime:0.000609s ]
INFO: [ app_begin ] --START--
INFO: Run Behavior\ReadHtmlCacheBehavior [ RunTime:0.000806s ]
INFO: [ app_begin ] --END-- [ RunTime:0.000938s ]
ERR: 无法加载控制器:Server

[ 2016-03-19T21:21:45+08:00 ] 127.0.0.1 /hotel/server/fileupload.php
INFO: [ app_init ] --START--
INFO: Run Behavior\BuildLiteBehavior [ RunTime:0.000027s ]
INFO: [ app_init ] --END-- [ RunTime:0.000623s ]
INFO: [ app_begin ] --START--
INFO: Run Behavior\ReadHtmlCacheBehavior [ RunTime:0.000676s ]
INFO: [ app_begin ] --END-- [ RunTime:0.000812s ]
ERR: 无法加载控制器:Server

[ 2016-03-19T21:21:45+08:00 ] 127.0.0.1 /hotel/server/fileupload.php
INFO: [ app_init ] --START--
INFO: Run Behavior\BuildLiteBehavior [ RunTime:0.000063s ]
INFO: [ app_init ] --END-- [ RunTime:0.000949s ]
INFO: [ app_begin ] --START--
INFO: Run Behavior\ReadHtmlCacheBehavior [ RunTime:0.001118s ]
INFO: [ app_begin ] --END-- [ RunTime:0.001425s ]
ERR: 无法加载控制器:Server

[ 2016-03-19T21:21:45+08:00 ] 127.0.0.1 /hotel/server/fileupload.php
INFO: [ app_init ] --START--
INFO: Run Behavior\BuildLiteBehavior [ RunTime:0.000056s ]
INFO: [ app_init ] --END-- [ RunTime:0.002010s ]
INFO: [ app_begin ] --START--
INFO: Run Behavior\ReadHtmlCacheBehavior [ RunTime:0.000818s ]
INFO: [ app_begin ] --END-- [ RunTime:0.001006s ]
ERR: 无法加载控制器:Server

[ 2016-03-19T21:21:45+08:00 ] 127.0.0.1 /hotel/server/fileupload.php
INFO: [ app_init ] --START--
INFO: Run Behavior\BuildLiteBehavior [ RunTime:0.000047s ]
INFO: [ app_init ] --END-- [ RunTime:0.000892s ]
INFO: [ app_begin ] --START--
INFO: Run Behavior\ReadHtmlCacheBehavior [ RunTime:0.001138s ]
INFO: [ app_begin ] --END-- [ RunTime:0.001392s ]
ERR: 无法加载控制器:Server

[ 2016-03-19T21:21:45+08:00 ] 127.0.0.1 /hotel/server/fileupload.php
INFO: [ app_init ] --START--
INFO: Run Behavior\BuildLiteBehavior [ RunTime:0.000031s ]
INFO: [ app_init ] --END-- [ RunTime:0.000721s ]
INFO: [ app_begin ] --START--
INFO: Run Behavior\ReadHtmlCacheBehavior [ RunTime:0.000793s ]
INFO: [ app_begin ] --END-- [ RunTime:0.000932s ]
ERR: 无法加载控制器:Server

[ 2016-03-19T21:21:46+08:00 ] 127.0.0.1 /hotel/server/fileupload.php
INFO: [ app_init ] --START--
INFO: Run Behavior\BuildLiteBehavior [ RunTime:0.000030s ]
INFO: [ app_init ] --END-- [ RunTime:0.000709s ]
INFO: [ app_begin ] --START--
INFO: Run Behavior\ReadHtmlCacheBehavior [ RunTime:0.003192s ]
INFO: [ app_begin ] --END-- [ RunTime:0.003447s ]
ERR: 无法加载控制器:Server

[ 2016-03-19T21:21:46+08:00 ] 127.0.0.1 /hotel/server/fileupload.php
INFO: [ app_init ] --START--
INFO: Run Behavior\BuildLiteBehavior [ RunTime:0.000060s ]
INFO: [ app_init ] --END-- [ RunTime:0.001817s ]
INFO: [ app_begin ] --START--
INFO: Run Behavior\ReadHtmlCacheBehavior [ RunTime:0.001066s ]
INFO: [ app_begin ] --END-- [ RunTime:0.001312s ]
ERR: 无法加载控制器:Server

[ 2016-03-19T21:21:46+08:00 ] 127.0.0.1 /hotel/server/fileupload.php
INFO: [ app_init ] --START--
INFO: Run Behavior\BuildLiteBehavior [ RunTime:0.000048s ]
INFO: [ app_init ] --END-- [ RunTime:0.000912s ]
INFO: [ app_begin ] --START--
INFO: Run Behavior\ReadHtmlCacheBehavior [ RunTime:0.000703s ]
INFO: [ app_begin ] --END-- [ RunTime:0.000875s ]
ERR: 无法加载控制器:Server

[ 2016-03-19T21:21:46+08:00 ] 127.0.0.1 /hotel/server/fileupload.php
INFO: [ app_init ] --START--
INFO: Run Behavior\BuildLiteBehavior [ RunTime:0.000028s ]
INFO: [ app_init ] --END-- [ RunTime:0.000598s ]
INFO: [ app_begin ] --START--
INFO: Run Behavior\ReadHtmlCacheBehavior [ RunTime:0.000672s ]
INFO: [ app_begin ] --END-- [ RunTime:0.000800s ]
ERR: 无法加载控制器:Server

[ 2016-03-19T21:21:46+08:00 ] 127.0.0.1 /hotel/server/fileupload.php
INFO: [ app_init ] --START--
INFO: Run Behavior\BuildLiteBehavior [ RunTime:0.000060s ]
INFO: [ app_init ] --END-- [ RunTime:0.000955s ]
INFO: [ app_begin ] --START--
INFO: Run Behavior\ReadHtmlCacheBehavior [ RunTime:0.000944s ]
INFO: [ app_begin ] --END-- [ RunTime:0.001142s ]
ERR: 无法加载控制器:Server

[ 2016-03-19T21:21:46+08:00 ] 127.0.0.1 /hotel/server/fileupload.php
INFO: [ app_init ] --START--
INFO: Run Behavior\BuildLiteBehavior [ RunTime:0.000032s ]
INFO: [ app_init ] --END-- [ RunTime:0.000867s ]
INFO: [ app_begin ] --START--
INFO: Run Behavior\ReadHtmlCacheBehavior [ RunTime:0.001127s ]
INFO: [ app_begin ] --END-- [ RunTime:0.001391s ]
ERR: 无法加载控制器:Server

[ 2016-03-19T21:21:46+08:00 ] 127.0.0.1 /hotel/server/fileupload.php
INFO: [ app_init ] --START--
INFO: Run Behavior\BuildLiteBehavior [ RunTime:0.000034s ]
INFO: [ app_init ] --END-- [ RunTime:0.000787s ]
INFO: [ app_begin ] --START--
INFO: Run Behavior\ReadHtmlCacheBehavior [ RunTime:0.000739s ]
INFO: [ app_begin ] --END-- [ RunTime:0.000877s ]
ERR: 无法加载控制器:Server

[ 2016-03-19T21:21:46+08:00 ] 127.0.0.1 /hotel/server/fileupload.php
INFO: [ app_init ] --START--
INFO: Run Behavior\BuildLiteBehavior [ RunTime:0.000066s ]
INFO: [ app_init ] --END-- [ RunTime:0.001601s ]
INFO: [ app_begin ] --START--
INFO: Run Behavior\ReadHtmlCacheBehavior [ RunTime:0.001095s ]
INFO: [ app_begin ] --END-- [ RunTime:0.001396s ]
ERR: 无法加载控制器:Server

[ 2016-03-19T21:21:46+08:00 ] 127.0.0.1 /hotel/server/fileupload.php
INFO: [ app_init ] --START--
INFO: Run Behavior\BuildLiteBehavior [ RunTime:0.000036s ]
INFO: [ app_init ] --END-- [ RunTime:0.001249s ]
INFO: [ app_begin ] --START--
INFO: Run Behavior\ReadHtmlCacheBehavior [ RunTime:0.002102s ]
INFO: [ app_begin ] --END-- [ RunTime:0.002331s ]
ERR: 无法加载控制器:Server

[ 2016-03-19T21:21:47+08:00 ] 127.0.0.1 /hotel/server/fileupload.php
INFO: [ app_init ] --START--
INFO: Run Behavior\BuildLiteBehavior [ RunTime:0.000053s ]
INFO: [ app_init ] --END-- [ RunTime:0.001084s ]
INFO: [ app_begin ] --START--
INFO: Run Behavior\ReadHtmlCacheBehavior [ RunTime:0.000750s ]
INFO: [ app_begin ] --END-- [ RunTime:0.000888s ]
ERR: 无法加载控制器:Server

[ 2016-03-19T21:21:47+08:00 ] 127.0.0.1 /hotel/server/fileupload.php
INFO: [ app_init ] --START--
INFO: Run Behavior\BuildLiteBehavior [ RunTime:0.000075s ]
INFO: [ app_init ] --END-- [ RunTime:0.001263s ]
INFO: [ app_begin ] --START--
INFO: Run Behavior\ReadHtmlCacheBehavior [ RunTime:0.001230s ]
INFO: [ app_begin ] --END-- [ RunTime:0.001550s ]
ERR: 无法加载控制器:Server

[ 2016-03-19T21:21:47+08:00 ] 127.0.0.1 /hotel/server/fileupload.php
INFO: [ app_init ] --START--
INFO: Run Behavior\BuildLiteBehavior [ RunTime:0.000030s ]
INFO: [ app_init ] --END-- [ RunTime:0.000650s ]
INFO: [ app_begin ] --START--
INFO: Run Behavior\ReadHtmlCacheBehavior [ RunTime:0.000768s ]
INFO: [ app_begin ] --END-- [ RunTime:0.000916s ]
ERR: 无法加载控制器:Server

[ 2016-03-19T21:21:47+08:00 ] 127.0.0.1 /hotel/server/fileupload.php
INFO: [ app_init ] --START--
INFO: Run Behavior\BuildLiteBehavior [ RunTime:0.000028s ]
INFO: [ app_init ] --END-- [ RunTime:0.000616s ]
INFO: [ app_begin ] --START--
INFO: Run Behavior\ReadHtmlCacheBehavior [ RunTime:0.000715s ]
INFO: [ app_begin ] --END-- [ RunTime:0.000866s ]
ERR: 无法加载控制器:Server

[ 2016-03-19T21:21:47+08:00 ] 127.0.0.1 /hotel/server/fileupload.php
INFO: [ app_init ] --START--
INFO: Run Behavior\BuildLiteBehavior [ RunTime:0.000029s ]
INFO: [ app_init ] --END-- [ RunTime:0.000585s ]
INFO: [ app_begin ] --START--
INFO: Run Behavior\ReadHtmlCacheBehavior [ RunTime:0.000908s ]
INFO: [ app_begin ] --END-- [ RunTime:0.001196s ]
ERR: 无法加载控制器:Server

[ 2016-03-19T21:21:47+08:00 ] 127.0.0.1 /hotel/server/fileupload.php
INFO: [ app_init ] --START--
INFO: Run Behavior\BuildLiteBehavior [ RunTime:0.000057s ]
INFO: [ app_init ] --END-- [ RunTime:0.002757s ]
INFO: [ app_begin ] --START--
INFO: Run Behavior\ReadHtmlCacheBehavior [ RunTime:0.001191s ]
INFO: [ app_begin ] --END-- [ RunTime:0.001447s ]
ERR: 无法加载控制器:Server

[ 2016-03-19T21:21:48+08:00 ] 127.0.0.1 /hotel/server/fileupload.php
INFO: [ app_init ] --START--
INFO: Run Behavior\BuildLiteBehavior [ RunTime:0.000051s ]
INFO: [ app_init ] --END-- [ RunTime:0.000980s ]
INFO: [ app_begin ] --START--
INFO: Run Behavior\ReadHtmlCacheBehavior [ RunTime:0.001084s ]
INFO: [ app_begin ] --END-- [ RunTime:0.001328s ]
ERR: 无法加载控制器:Server

[ 2016-03-19T21:21:48+08:00 ] 127.0.0.1 /hotel/server/fileupload.php
INFO: [ app_init ] --START--
INFO: Run Behavior\BuildLiteBehavior [ RunTime:0.000030s ]
INFO: [ app_init ] --END-- [ RunTime:0.000580s ]
INFO: [ app_begin ] --START--
INFO: Run Behavior\ReadHtmlCacheBehavior [ RunTime:0.000717s ]
INFO: [ app_begin ] --END-- [ RunTime:0.000863s ]
ERR: 无法加载控制器:Server

[ 2016-03-19T21:21:48+08:00 ] 127.0.0.1 /hotel/server/fileupload.php
INFO: [ app_init ] --START--
INFO: Run Behavior\BuildLiteBehavior [ RunTime:0.000048s ]
INFO: [ app_init ] --END-- [ RunTime:0.000940s ]
INFO: [ app_begin ] --START--
INFO: Run Behavior\ReadHtmlCacheBehavior [ RunTime:0.001118s ]
INFO: [ app_begin ] --END-- [ RunTime:0.001385s ]
ERR: 无法加载控制器:Server

[ 2016-03-19T21:21:48+08:00 ] 127.0.0.1 /hotel/server/fileupload.php
INFO: [ app_init ] --START--
INFO: Run Behavior\BuildLiteBehavior [ RunTime:0.000056s ]
INFO: [ app_init ] --END-- [ RunTime:0.000937s ]
INFO: [ app_begin ] --START--
INFO: Run Behavior\ReadHtmlCacheBehavior [ RunTime:0.001341s ]
INFO: [ app_begin ] --END-- [ RunTime:0.001610s ]
ERR: 无法加载控制器:Server

[ 2016-03-19T21:21:49+08:00 ] 127.0.0.1 /hotel/server/fileupload.php
INFO: [ app_init ] --START--
INFO: Run Behavior\BuildLiteBehavior [ RunTime:0.000030s ]
INFO: [ app_init ] --END-- [ RunTime:0.000675s ]
INFO: [ app_begin ] --START--
INFO: Run Behavior\ReadHtmlCacheBehavior [ RunTime:0.000763s ]
INFO: [ app_begin ] --END-- [ RunTime:0.000939s ]
ERR: 无法加载控制器:Server

[ 2016-03-19T21:21:50+08:00 ] 127.0.0.1 /hotel/server/fileupload.php
INFO: [ app_init ] --START--
INFO: Run Behavior\BuildLiteBehavior [ RunTime:0.000051s ]
INFO: [ app_init ] --END-- [ RunTime:0.000929s ]
INFO: [ app_begin ] --START--
INFO: Run Behavior\ReadHtmlCacheBehavior [ RunTime:0.000785s ]
INFO: [ app_begin ] --END-- [ RunTime:0.000938s ]
ERR: 无法加载控制器:Server

[ 2016-03-19T21:21:50+08:00 ] 127.0.0.1 /hotel/server/fileupload.php
INFO: [ app_init ] --START--
INFO: Run Behavior\BuildLiteBehavior [ RunTime:0.000031s ]
INFO: [ app_init ] --END-- [ RunTime:0.000612s ]
INFO: [ app_begin ] --START--
INFO: Run Behavior\ReadHtmlCacheBehavior [ RunTime:0.000970s ]
INFO: [ app_begin ] --END-- [ RunTime:0.001179s ]
ERR: 无法加载控制器:Server

[ 2016-03-19T21:21:50+08:00 ] 127.0.0.1 /hotel/server/fileupload.php
INFO: [ app_init ] --START--
INFO: Run Behavior\BuildLiteBehavior [ RunTime:0.000030s ]
INFO: [ app_init ] --END-- [ RunTime:0.000647s ]
INFO: [ app_begin ] --START--
INFO: Run Behavior\ReadHtmlCacheBehavior [ RunTime:0.000955s ]
INFO: [ app_begin ] --END-- [ RunTime:0.001109s ]
ERR: 无法加载控制器:Server

[ 2016-03-19T21:21:50+08:00 ] 127.0.0.1 /hotel/server/fileupload.php
INFO: [ app_init ] --START--
INFO: Run Behavior\BuildLiteBehavior [ RunTime:0.000049s ]
INFO: [ app_init ] --END-- [ RunTime:0.000822s ]
INFO: [ app_begin ] --START--
INFO: Run Behavior\ReadHtmlCacheBehavior [ RunTime:0.001443s ]
INFO: [ app_begin ] --END-- [ RunTime:0.001784s ]
ERR: 无法加载控制器:Server

[ 2016-03-19T22:41:56+08:00 ] 127.0.0.1 /hotel/server/fileupload.php
INFO: [ app_init ] --START--
INFO: Run Behavior\BuildLiteBehavior [ RunTime:0.000061s ]
INFO: [ app_init ] --END-- [ RunTime:0.001762s ]
INFO: [ app_begin ] --START--
INFO: Run Behavior\ReadHtmlCacheBehavior [ RunTime:0.003575s ]
INFO: [ app_begin ] --END-- [ RunTime:0.003845s ]
ERR: 无法加载控制器:Server

[ 2016-03-19T22:41:56+08:00 ] 127.0.0.1 /hotel/server/fileupload.php
INFO: [ app_init ] --START--
INFO: Run Behavior\BuildLiteBehavior [ RunTime:0.000043s ]
INFO: [ app_init ] --END-- [ RunTime:0.000973s ]
INFO: [ app_begin ] --START--
INFO: Run Behavior\ReadHtmlCacheBehavior [ RunTime:0.000743s ]
INFO: [ app_begin ] --END-- [ RunTime:0.000889s ]
ERR: 无法加载控制器:Server

[ 2016-03-19T22:41:56+08:00 ] 127.0.0.1 /hotel/server/fileupload.php
INFO: [ app_init ] --START--
INFO: Run Behavior\BuildLiteBehavior [ RunTime:0.000028s ]
INFO: [ app_init ] --END-- [ RunTime:0.000548s ]
INFO: [ app_begin ] --START--
INFO: Run Behavior\ReadHtmlCacheBehavior [ RunTime:0.000682s ]
INFO: [ app_begin ] --END-- [ RunTime:0.000806s ]
ERR: 无法加载控制器:Server

[ 2016-03-19T22:48:28+08:00 ] 127.0.0.1 /hotel/server/fileupload.php
INFO: [ app_init ] --START--
INFO: Run Behavior\BuildLiteBehavior [ RunTime:0.000029s ]
INFO: [ app_init ] --END-- [ RunTime:0.000572s ]
INFO: [ app_begin ] --START--
INFO: Run Behavior\ReadHtmlCacheBehavior [ RunTime:0.000717s ]
INFO: [ app_begin ] --END-- [ RunTime:0.000909s ]
ERR: 无法加载控制器:Server

[ 2016-03-19T22:48:28+08:00 ] 127.0.0.1 /hotel/server/fileupload.php
INFO: [ app_init ] --START--
INFO: Run Behavior\BuildLiteBehavior [ RunTime:0.000050s ]
INFO: [ app_init ] --END-- [ RunTime:0.000949s ]
INFO: [ app_begin ] --START--
INFO: Run Behavior\ReadHtmlCacheBehavior [ RunTime:0.001030s ]
INFO: [ app_begin ] --END-- [ RunTime:0.001292s ]
ERR: 无法加载控制器:Server

[ 2016-03-19T22:48:28+08:00 ] 127.0.0.1 /hotel/server/fileupload.php
INFO: [ app_init ] --START--
INFO: Run Behavior\BuildLiteBehavior [ RunTime:0.000048s ]
INFO: [ app_init ] --END-- [ RunTime:0.000869s ]
INFO: [ app_begin ] --START--
INFO: Run Behavior\ReadHtmlCacheBehavior [ RunTime:0.000797s ]
INFO: [ app_begin ] --END-- [ RunTime:0.000950s ]
ERR: 无法加载控制器:Server

[ 2016-03-19T22:48:31+08:00 ] 127.0.0.1 /hotel/server/fileupload.php
INFO: [ app_init ] --START--
INFO: Run Behavior\BuildLiteBehavior [ RunTime:0.000065s ]
INFO: [ app_init ] --END-- [ RunTime:0.000849s ]
INFO: [ app_begin ] --START--
INFO: Run Behavior\ReadHtmlCacheBehavior [ RunTime:0.000719s ]
INFO: [ app_begin ] --END-- [ RunTime:0.000868s ]
ERR: 无法加载控制器:Server

[ 2016-03-19T22:48:31+08:00 ] 127.0.0.1 /hotel/server/fileupload.php
INFO: [ app_init ] --START--
INFO: Run Behavior\BuildLiteBehavior [ RunTime:0.000046s ]
INFO: [ app_init ] --END-- [ RunTime:0.001026s ]
INFO: [ app_begin ] --START--
INFO: Run Behavior\ReadHtmlCacheBehavior [ RunTime:0.000954s ]
INFO: [ app_begin ] --END-- [ RunTime:0.001167s ]
ERR: 无法加载控制器:Server

[ 2016-03-19T22:48:31+08:00 ] 127.0.0.1 /hotel/server/fileupload.php
INFO: [ app_init ] --START--
INFO: Run Behavior\BuildLiteBehavior [ RunTime:0.000031s ]
INFO: [ app_init ] --END-- [ RunTime:0.000624s ]
INFO: [ app_begin ] --START--
INFO: Run Behavior\ReadHtmlCacheBehavior [ RunTime:0.000699s ]
INFO: [ app_begin ] --END-- [ RunTime:0.000837s ]
ERR: 无法加载控制器:Server

[ 2016-03-19T22:48:32+08:00 ] 127.0.0.1 /hotel/server/fileupload.php
INFO: [ app_init ] --START--
INFO: Run Behavior\BuildLiteBehavior [ RunTime:0.000029s ]
INFO: [ app_init ] --END-- [ RunTime:0.000585s ]
INFO: [ app_begin ] --START--
INFO: Run Behavior\ReadHtmlCacheBehavior [ RunTime:0.001209s ]
INFO: [ app_begin ] --END-- [ RunTime:0.001432s ]
ERR: 无法加载控制器:Server

[ 2016-03-19T22:48:32+08:00 ] 127.0.0.1 /hotel/server/fileupload.php
INFO: [ app_init ] --START--
INFO: Run Behavior\BuildLiteBehavior [ RunTime:0.000029s ]
INFO: [ app_init ] --END-- [ RunTime:0.000588s ]
INFO: [ app_begin ] --START--
INFO: Run Behavior\ReadHtmlCacheBehavior [ RunTime:0.000638s ]
INFO: [ app_begin ] --END-- [ RunTime:0.000765s ]
ERR: 无法加载控制器:Server

[ 2016-03-19T22:48:32+08:00 ] 127.0.0.1 /hotel/server/fileupload.php
INFO: [ app_init ] --START--
INFO: Run Behavior\BuildLiteBehavior [ RunTime:0.000046s ]
INFO: [ app_init ] --END-- [ RunTime:0.000610s ]
INFO: [ app_begin ] --START--
INFO: Run Behavior\ReadHtmlCacheBehavior [ RunTime:0.000755s ]
INFO: [ app_begin ] --END-- [ RunTime:0.000902s ]
ERR: 无法加载控制器:Server

[ 2016-03-19T22:48:33+08:00 ] 127.0.0.1 /hotel/server/fileupload.php
INFO: [ app_init ] --START--
INFO: Run Behavior\BuildLiteBehavior [ RunTime:0.000032s ]
INFO: [ app_init ] --END-- [ RunTime:0.005650s ]
INFO: [ app_begin ] --START--
INFO: Run Behavior\ReadHtmlCacheBehavior [ RunTime:0.001033s ]
INFO: [ app_begin ] --END-- [ RunTime:0.001177s ]
ERR: 无法加载控制器:Server

[ 2016-03-19T22:48:33+08:00 ] 127.0.0.1 /hotel/server/fileupload.php
INFO: [ app_init ] --START--
INFO: Run Behavior\BuildLiteBehavior [ RunTime:0.000032s ]
INFO: [ app_init ] --END-- [ RunTime:0.000706s ]
INFO: [ app_begin ] --START--
INFO: Run Behavior\ReadHtmlCacheBehavior [ RunTime:0.000712s ]
INFO: [ app_begin ] --END-- [ RunTime:0.000845s ]
ERR: 无法加载控制器:Server

[ 2016-03-19T22:48:33+08:00 ] 127.0.0.1 /hotel/server/fileupload.php
INFO: [ app_init ] --START--
INFO: Run Behavior\BuildLiteBehavior [ RunTime:0.000029s ]
INFO: [ app_init ] --END-- [ RunTime:0.000648s ]
INFO: [ app_begin ] --START--
INFO: Run Behavior\ReadHtmlCacheBehavior [ RunTime:0.002100s ]
INFO: [ app_begin ] --END-- [ RunTime:0.002315s ]
ERR: 无法加载控制器:Server

[ 2016-03-19T22:48:33+08:00 ] 127.0.0.1 /hotel/server/fileupload.php
INFO: [ app_init ] --START--
INFO: Run Behavior\BuildLiteBehavior [ RunTime:0.000675s ]
INFO: [ app_init ] --END-- [ RunTime:0.001250s ]
INFO: [ app_begin ] --START--
INFO: Run Behavior\ReadHtmlCacheBehavior [ RunTime:0.002034s ]
INFO: [ app_begin ] --END-- [ RunTime:0.002793s ]
ERR: 无法加载控制器:Server

[ 2016-03-19T22:48:33+08:00 ] 127.0.0.1 /hotel/server/fileupload.php
INFO: [ app_init ] --START--
INFO: Run Behavior\BuildLiteBehavior [ RunTime:0.000065s ]
INFO: [ app_init ] --END-- [ RunTime:0.000985s ]
INFO: [ app_begin ] --START--
INFO: Run Behavior\ReadHtmlCacheBehavior [ RunTime:0.000742s ]
INFO: [ app_begin ] --END-- [ RunTime:0.000924s ]
ERR: 无法加载控制器:Server

[ 2016-03-19T22:48:33+08:00 ] 127.0.0.1 /hotel/server/fileupload.php
INFO: [ app_init ] --START--
INFO: Run Behavior\BuildLiteBehavior [ RunTime:0.000029s ]
INFO: [ app_init ] --END-- [ RunTime:0.000565s ]
INFO: [ app_begin ] --START--
INFO: Run Behavior\ReadHtmlCacheBehavior [ RunTime:0.000710s ]
INFO: [ app_begin ] --END-- [ RunTime:0.000852s ]
ERR: 无法加载控制器:Server

[ 2016-03-19T22:48:33+08:00 ] 127.0.0.1 /hotel/server/fileupload.php
INFO: [ app_init ] --START--
INFO: Run Behavior\BuildLiteBehavior [ RunTime:0.000028s ]
INFO: [ app_init ] --END-- [ RunTime:0.000564s ]
INFO: [ app_begin ] --START--
INFO: Run Behavior\ReadHtmlCacheBehavior [ RunTime:0.000684s ]
INFO: [ app_begin ] --END-- [ RunTime:0.000814s ]
ERR: 无法加载控制器:Server

[ 2016-03-19T22:48:33+08:00 ] 127.0.0.1 /hotel/server/fileupload.php
INFO: [ app_init ] --START--
INFO: Run Behavior\BuildLiteBehavior [ RunTime:0.000049s ]
INFO: [ app_init ] --END-- [ RunTime:0.000980s ]
INFO: [ app_begin ] --START--
INFO: Run Behavior\ReadHtmlCacheBehavior [ RunTime:0.000683s ]
INFO: [ app_begin ] --END-- [ RunTime:0.000818s ]
ERR: 无法加载控制器:Server

[ 2016-03-19T22:48:34+08:00 ] 127.0.0.1 /hotel/server/fileupload.php
INFO: [ app_init ] --START--
INFO: Run Behavior\BuildLiteBehavior [ RunTime:0.000030s ]
INFO: [ app_init ] --END-- [ RunTime:0.000587s ]
INFO: [ app_begin ] --START--
INFO: Run Behavior\ReadHtmlCacheBehavior [ RunTime:0.000692s ]
INFO: [ app_begin ] --END-- [ RunTime:0.000828s ]
ERR: 无法加载控制器:Server

[ 2016-03-19T22:48:34+08:00 ] 127.0.0.1 /hotel/server/fileupload.php
INFO: [ app_init ] --START--
INFO: Run Behavior\BuildLiteBehavior [ RunTime:0.000048s ]
INFO: [ app_init ] --END-- [ RunTime:0.000855s ]
INFO: [ app_begin ] --START--
INFO: Run Behavior\ReadHtmlCacheBehavior [ RunTime:0.001225s ]
INFO: [ app_begin ] --END-- [ RunTime:0.001525s ]
ERR: 无法加载控制器:Server

[ 2016-03-19T22:48:34+08:00 ] 127.0.0.1 /hotel/server/fileupload.php
INFO: [ app_init ] --START--
INFO: Run Behavior\BuildLiteBehavior [ RunTime:0.000052s ]
INFO: [ app_init ] --END-- [ RunTime:0.000878s ]
INFO: [ app_begin ] --START--
INFO: Run Behavior\ReadHtmlCacheBehavior [ RunTime:0.001300s ]
INFO: [ app_begin ] --END-- [ RunTime:0.001493s ]
ERR: 无法加载控制器:Server

[ 2016-03-19T22:48:34+08:00 ] 127.0.0.1 /hotel/server/fileupload.php
INFO: [ app_init ] --START--
INFO: Run Behavior\BuildLiteBehavior [ RunTime:0.000040s ]
INFO: [ app_init ] --END-- [ RunTime:0.000634s ]
INFO: [ app_begin ] --START--
INFO: Run Behavior\ReadHtmlCacheBehavior [ RunTime:0.001303s ]
INFO: [ app_begin ] --END-- [ RunTime:0.001470s ]
ERR: 无法加载控制器:Server

[ 2016-03-19T22:48:34+08:00 ] 127.0.0.1 /hotel/server/fileupload.php
INFO: [ app_init ] --START--
INFO: Run Behavior\BuildLiteBehavior [ RunTime:0.000028s ]
INFO: [ app_init ] --END-- [ RunTime:0.000573s ]
INFO: [ app_begin ] --START--
INFO: Run Behavior\ReadHtmlCacheBehavior [ RunTime:0.000639s ]
INFO: [ app_begin ] --END-- [ RunTime:0.000760s ]
ERR: 无法加载控制器:Server

[ 2016-03-19T22:48:34+08:00 ] 127.0.0.1 /hotel/server/fileupload.php
INFO: [ app_init ] --START--
INFO: Run Behavior\BuildLiteBehavior [ RunTime:0.000035s ]
INFO: [ app_init ] --END-- [ RunTime:0.000760s ]
INFO: [ app_begin ] --START--
INFO: Run Behavior\ReadHtmlCacheBehavior [ RunTime:0.000852s ]
INFO: [ app_begin ] --END-- [ RunTime:0.000998s ]
ERR: 无法加载控制器:Server

[ 2016-03-19T22:48:34+08:00 ] 127.0.0.1 /hotel/server/fileupload.php
INFO: [ app_init ] --START--
INFO: Run Behavior\BuildLiteBehavior [ RunTime:0.000026s ]
INFO: [ app_init ] --END-- [ RunTime:0.000570s ]
INFO: [ app_begin ] --START--
INFO: Run Behavior\ReadHtmlCacheBehavior [ RunTime:0.000864s ]
INFO: [ app_begin ] --END-- [ RunTime:0.001070s ]
ERR: 无法加载控制器:Server

[ 2016-03-19T22:48:34+08:00 ] 127.0.0.1 /hotel/server/fileupload.php
INFO: [ app_init ] --START--
INFO: Run Behavior\BuildLiteBehavior [ RunTime:0.000052s ]
INFO: [ app_init ] --END-- [ RunTime:0.000907s ]
INFO: [ app_begin ] --START--
INFO: Run Behavior\ReadHtmlCacheBehavior [ RunTime:0.001345s ]
INFO: [ app_begin ] --END-- [ RunTime:0.001541s ]
ERR: 无法加载控制器:Server

[ 2016-03-19T22:48:34+08:00 ] 127.0.0.1 /hotel/server/fileupload.php
INFO: [ app_init ] --START--
INFO: Run Behavior\BuildLiteBehavior [ RunTime:0.000048s ]
INFO: [ app_init ] --END-- [ RunTime:0.000819s ]
INFO: [ app_begin ] --START--
INFO: Run Behavior\ReadHtmlCacheBehavior [ RunTime:0.001022s ]
INFO: [ app_begin ] --END-- [ RunTime:0.001272s ]
ERR: 无法加载控制器:Server

[ 2016-03-19T22:48:34+08:00 ] 127.0.0.1 /hotel/server/fileupload.php
INFO: [ app_init ] --START--
INFO: Run Behavior\BuildLiteBehavior [ RunTime:0.000029s ]
INFO: [ app_init ] --END-- [ RunTime:0.000599s ]
INFO: [ app_begin ] --START--
INFO: Run Behavior\ReadHtmlCacheBehavior [ RunTime:0.000684s ]
INFO: [ app_begin ] --END-- [ RunTime:0.000817s ]
ERR: 无法加载控制器:Server

[ 2016-03-19T22:48:35+08:00 ] 127.0.0.1 /hotel/server/fileupload.php
INFO: [ app_init ] --START--
INFO: Run Behavior\BuildLiteBehavior [ RunTime:0.000032s ]
INFO: [ app_init ] --END-- [ RunTime:0.000601s ]
INFO: [ app_begin ] --START--
INFO: Run Behavior\ReadHtmlCacheBehavior [ RunTime:0.000857s ]
INFO: [ app_begin ] --END-- [ RunTime:0.001032s ]
ERR: 无法加载控制器:Server

[ 2016-03-19T22:48:35+08:00 ] 127.0.0.1 /hotel/server/fileupload.php
INFO: [ app_init ] --START--
INFO: Run Behavior\BuildLiteBehavior [ RunTime:0.000051s ]
INFO: [ app_init ] --END-- [ RunTime:0.000871s ]
INFO: [ app_begin ] --START--
INFO: Run Behavior\ReadHtmlCacheBehavior [ RunTime:0.000804s ]
INFO: [ app_begin ] --END-- [ RunTime:0.000985s ]
ERR: 无法加载控制器:Server

[ 2016-03-19T22:48:35+08:00 ] 127.0.0.1 /hotel/server/fileupload.php
INFO: [ app_init ] --START--
INFO: Run Behavior\BuildLiteBehavior [ RunTime:0.000031s ]
INFO: [ app_init ] --END-- [ RunTime:0.000663s ]
INFO: [ app_begin ] --START--
INFO: Run Behavior\ReadHtmlCacheBehavior [ RunTime:0.000999s ]
INFO: [ app_begin ] --END-- [ RunTime:0.001214s ]
ERR: 无法加载控制器:Server

[ 2016-03-19T22:48:35+08:00 ] 127.0.0.1 /hotel/server/fileupload.php
INFO: [ app_init ] --START--
INFO: Run Behavior\BuildLiteBehavior [ RunTime:0.000031s ]
INFO: [ app_init ] --END-- [ RunTime:0.000729s ]
INFO: [ app_begin ] --START--
INFO: Run Behavior\ReadHtmlCacheBehavior [ RunTime:0.000705s ]
INFO: [ app_begin ] --END-- [ RunTime:0.000875s ]
ERR: 无法加载控制器:Server

[ 2016-03-19T22:48:35+08:00 ] 127.0.0.1 /hotel/server/fileupload.php
INFO: [ app_init ] --START--
INFO: Run Behavior\BuildLiteBehavior [ RunTime:0.000049s ]
INFO: [ app_init ] --END-- [ RunTime:0.000914s ]
INFO: [ app_begin ] --START--
INFO: Run Behavior\ReadHtmlCacheBehavior [ RunTime:0.001003s ]
INFO: [ app_begin ] --END-- [ RunTime:0.001232s ]
ERR: 无法加载控制器:Server

[ 2016-03-19T22:48:35+08:00 ] 127.0.0.1 /hotel/server/fileupload.php
INFO: [ app_init ] --START--
INFO: Run Behavior\BuildLiteBehavior [ RunTime:0.000030s ]
INFO: [ app_init ] --END-- [ RunTime:0.000614s ]
INFO: [ app_begin ] --START--
INFO: Run Behavior\ReadHtmlCacheBehavior [ RunTime:0.000675s ]
INFO: [ app_begin ] --END-- [ RunTime:0.000809s ]
ERR: 无法加载控制器:Server

[ 2016-03-19T22:48:35+08:00 ] 127.0.0.1 /hotel/server/fileupload.php
INFO: [ app_init ] --START--
INFO: Run Behavior\BuildLiteBehavior [ RunTime:0.000045s ]
INFO: [ app_init ] --END-- [ RunTime:0.000811s ]
INFO: [ app_begin ] --START--
INFO: Run Behavior\ReadHtmlCacheBehavior [ RunTime:0.000996s ]
INFO: [ app_begin ] --END-- [ RunTime:0.001233s ]
ERR: 无法加载控制器:Server

[ 2016-03-19T22:48:35+08:00 ] 127.0.0.1 /hotel/server/fileupload.php
INFO: [ app_init ] --START--
INFO: Run Behavior\BuildLiteBehavior [ RunTime:0.000047s ]
INFO: [ app_init ] --END-- [ RunTime:0.000890s ]
INFO: [ app_begin ] --START--
INFO: Run Behavior\ReadHtmlCacheBehavior [ RunTime:0.000961s ]
INFO: [ app_begin ] --END-- [ RunTime:0.001120s ]
ERR: 无法加载控制器:Server

[ 2016-03-19T22:48:35+08:00 ] 127.0.0.1 /hotel/server/fileupload.php
INFO: [ app_init ] --START--
INFO: Run Behavior\BuildLiteBehavior [ RunTime:0.000031s ]
INFO: [ app_init ] --END-- [ RunTime:0.000654s ]
INFO: [ app_begin ] --START--
INFO: Run Behavior\ReadHtmlCacheBehavior [ RunTime:0.000759s ]
INFO: [ app_begin ] --END-- [ RunTime:0.000911s ]
ERR: 无法加载控制器:Server

[ 2016-03-19T22:59:20+08:00 ] 127.0.0.1 /hotel/server/fileupload.php
INFO: [ app_init ] --START--
INFO: Run Behavior\BuildLiteBehavior [ RunTime:0.000053s ]
INFO: [ app_init ] --END-- [ RunTime:0.000940s ]
INFO: [ app_begin ] --START--
INFO: Run Behavior\ReadHtmlCacheBehavior [ RunTime:0.001117s ]
INFO: [ app_begin ] --END-- [ RunTime:0.001444s ]
ERR: 无法加载控制器:Server

[ 2016-03-19T22:59:20+08:00 ] 127.0.0.1 /hotel/server/fileupload.php
INFO: [ app_init ] --START--
INFO: Run Behavior\BuildLiteBehavior [ RunTime:0.000030s ]
INFO: [ app_init ] --END-- [ RunTime:0.000628s ]
INFO: [ app_begin ] --START--
INFO: Run Behavior\ReadHtmlCacheBehavior [ RunTime:0.000821s ]
INFO: [ app_begin ] --END-- [ RunTime:0.000965s ]
ERR: 无法加载控制器:Server

[ 2016-03-19T22:59:20+08:00 ] 127.0.0.1 /hotel/server/fileupload.php
INFO: [ app_init ] --START--
INFO: Run Behavior\BuildLiteBehavior [ RunTime:0.000029s ]
INFO: [ app_init ] --END-- [ RunTime:0.000577s ]
INFO: [ app_begin ] --START--
INFO: Run Behavior\ReadHtmlCacheBehavior [ RunTime:0.000792s ]
INFO: [ app_begin ] --END-- [ RunTime:0.000937s ]
ERR: 无法加载控制器:Server

[ 2016-03-19T23:24:50+08:00 ] 127.0.0.1 /hotel/server/fileupload.php
INFO: [ app_init ] --START--
INFO: Run Behavior\BuildLiteBehavior [ RunTime:0.000031s ]
INFO: [ app_init ] --END-- [ RunTime:0.000652s ]
INFO: [ app_begin ] --START--
INFO: Run Behavior\ReadHtmlCacheBehavior [ RunTime:0.000776s ]
INFO: [ app_begin ] --END-- [ RunTime:0.000931s ]
ERR: 无法加载控制器:Server

[ 2016-03-19T23:24:50+08:00 ] 127.0.0.1 /hotel/server/fileupload.php
INFO: [ app_init ] --START--
INFO: Run Behavior\BuildLiteBehavior [ RunTime:0.000030s ]
INFO: [ app_init ] --END-- [ RunTime:0.000666s ]
INFO: [ app_begin ] --START--
INFO: Run Behavior\ReadHtmlCacheBehavior [ RunTime:0.001292s ]
INFO: [ app_begin ] --END-- [ RunTime:0.001595s ]
ERR: 无法加载控制器:Server

[ 2016-03-19T23:24:50+08:00 ] 127.0.0.1 /hotel/server/fileupload.php
INFO: [ app_init ] --START--
INFO: Run Behavior\BuildLiteBehavior [ RunTime:0.000029s ]
INFO: [ app_init ] --END-- [ RunTime:0.000628s ]
INFO: [ app_begin ] --START--
INFO: Run Behavior\ReadHtmlCacheBehavior [ RunTime:0.000724s ]
INFO: [ app_begin ] --END-- [ RunTime:0.000858s ]
ERR: 无法加载控制器:Server

[ 2016-03-19T23:38:33+08:00 ] 127.0.0.1 /hotel/server/fileupload.php
INFO: [ app_init ] --START--
INFO: Run Behavior\BuildLiteBehavior [ RunTime:0.000053s ]
INFO: [ app_init ] --END-- [ RunTime:0.001053s ]
INFO: [ app_begin ] --START--
INFO: Run Behavior\ReadHtmlCacheBehavior [ RunTime:0.001547s ]
INFO: [ app_begin ] --END-- [ RunTime:0.001818s ]
ERR: 无法加载控制器:Server

[ 2016-03-19T23:38:33+08:00 ] 127.0.0.1 /hotel/server/fileupload.php
INFO: [ app_init ] --START--
INFO: Run Behavior\BuildLiteBehavior [ RunTime:0.000031s ]
INFO: [ app_init ] --END-- [ RunTime:0.000666s ]
INFO: [ app_begin ] --START--
INFO: Run Behavior\ReadHtmlCacheBehavior [ RunTime:0.000740s ]
INFO: [ app_begin ] --END-- [ RunTime:0.000930s ]
ERR: 无法加载控制器:Server

[ 2016-03-19T23:38:34+08:00 ] 127.0.0.1 /hotel/server/fileupload.php
INFO: [ app_init ] --START--
INFO: Run Behavior\BuildLiteBehavior [ RunTime:0.000055s ]
INFO: [ app_init ] --END-- [ RunTime:0.001085s ]
INFO: [ app_begin ] --START--
INFO: Run Behavior\ReadHtmlCacheBehavior [ RunTime:0.001256s ]
INFO: [ app_begin ] --END-- [ RunTime:0.001517s ]
ERR: 无法加载控制器:Server

[ 2016-03-19T23:38:45+08:00 ] 127.0.0.1 /hotel/server/fileupload.php
INFO: [ app_init ] --START--
INFO: Run Behavior\BuildLiteBehavior [ RunTime:0.000029s ]
INFO: [ app_init ] --END-- [ RunTime:0.000619s ]
INFO: [ app_begin ] --START--
INFO: Run Behavior\ReadHtmlCacheBehavior [ RunTime:0.001068s ]
INFO: [ app_begin ] --END-- [ RunTime:0.001239s ]
ERR: 无法加载控制器:Server

[ 2016-03-19T23:38:45+08:00 ] 127.0.0.1 /hotel/server/fileupload.php
INFO: [ app_init ] --START--
INFO: Run Behavior\BuildLiteBehavior [ RunTime:0.000032s ]
INFO: [ app_init ] --END-- [ RunTime:0.000843s ]
INFO: [ app_begin ] --START--
INFO: Run Behavior\ReadHtmlCacheBehavior [ RunTime:0.000833s ]
INFO: [ app_begin ] --END-- [ RunTime:0.001038s ]
ERR: 无法加载控制器:Server

