[ 2016-03-27T13:11:18+08:00 ] 127.0.0.1 /hotel/
INFO: [ app_init ] --START--
INFO: Run Behavior\BuildLiteBehavior [ RunTime:0.000029s ]
INFO: [ app_init ] --END-- [ RunTime:0.000654s ]
INFO: [ app_begin ] --START--
INFO: Run Behavior\ReadHtmlCacheBehavior [ RunTime:0.001784s ]
INFO: [ app_begin ] --END-- [ RunTime:0.002027s ]
INFO: [ view_parse ] --START--
INFO: [ template_filter ] --START--
INFO: Run Behavior\ContentReplaceBehavior [ RunTime:0.000184s ]
INFO: [ template_filter ] --END-- [ RunTime:0.000368s ]
INFO: Run Behavior\ParseTemplateBehavior [ RunTime:0.013880s ]
INFO: [ view_parse ] --END-- [ RunTime:0.014055s ]
INFO: [ view_filter ] --START--
INFO: Run Behavior\WriteHtmlCacheBehavior [ RunTime:0.000461s ]
INFO: [ view_filter ] --END-- [ RunTime:0.000566s ]
INFO: [ app_end ] --START--
INFO: Run Behavior\ShowPageTraceBehavior [ RunTime:0.000772s ]
INFO: [ app_end ] --END-- [ RunTime:0.000885s ]

[ 2016-03-27T13:11:18+08:00 ] 127.0.0.1 /hotel/webuploader/server/upload/tpic_t_18143513.jpg
INFO: [ app_init ] --START--
INFO: Run Behavior\BuildLiteBehavior [ RunTime:0.000028s ]
INFO: [ app_init ] --END-- [ RunTime:0.000620s ]

[ 2016-03-27T13:11:18+08:00 ] 127.0.0.1 /hotel/Public/Home/Css/images/bg.jp
INFO: [ app_init ] --START--
INFO: Run Behavior\BuildLiteBehavior [ RunTime:0.000026s ]
INFO: [ app_init ] --END-- [ RunTime:0.000535s ]
INFO: [ app_begin ] --START--
INFO: Run Behavior\ReadHtmlCacheBehavior [ RunTime:0.000631s ]
INFO: [ app_begin ] --END-- [ RunTime:0.000747s ]
ERR: 无法加载控制器:Public

[ 2016-03-27T13:11:19+08:00 ] 127.0.0.1 /hotel/Public/Home/Css/images/cbg.jp
INFO: [ app_init ] --START--
INFO: Run Behavior\BuildLiteBehavior [ RunTime:0.000048s ]
INFO: [ app_init ] --END-- [ RunTime:0.000881s ]
INFO: [ app_begin ] --START--
INFO: Run Behavior\ReadHtmlCacheBehavior [ RunTime:0.001182s ]
INFO: [ app_begin ] --END-- [ RunTime:0.001404s ]
ERR: 无法加载控制器:Public

[ 2016-03-27T13:11:19+08:00 ] 127.0.0.1 /hotel/Public/Home/Css/images/lanmu_site.png
INFO: [ app_init ] --START--
INFO: Run Behavior\BuildLiteBehavior [ RunTime:0.000050s ]
INFO: [ app_init ] --END-- [ RunTime:0.000852s ]

[ 2016-03-27T13:11:19+08:00 ] 127.0.0.1 /hotel/Public/Home/Css/Images/menu_style.gif
INFO: [ app_init ] --START--
INFO: Run Behavior\BuildLiteBehavior [ RunTime:0.000029s ]
INFO: [ app_init ] --END-- [ RunTime:0.000671s ]

[ 2016-03-27T13:11:19+08:00 ] 127.0.0.1 /hotel/webuploader/server/upload/tpic_t_18143513.jpg
INFO: [ app_init ] --START--
INFO: Run Behavior\BuildLiteBehavior [ RunTime:0.000044s ]
INFO: [ app_init ] --END-- [ RunTime:0.000826s ]

[ 2016-03-27T13:11:19+08:00 ] 127.0.0.1 /hotel/Public/Home/Css/images/bottom.jp
INFO: [ app_init ] --START--
INFO: Run Behavior\BuildLiteBehavior [ RunTime:0.000030s ]
INFO: [ app_init ] --END-- [ RunTime:0.001373s ]
INFO: [ app_begin ] --START--
INFO: Run Behavior\ReadHtmlCacheBehavior [ RunTime:0.000890s ]
INFO: [ app_begin ] --END-- [ RunTime:0.001096s ]
ERR: 无法加载控制器:Public

[ 2016-03-27T13:21:14+08:00 ] 127.0.0.1 /hotel/
INFO: [ app_init ] --START--
INFO: Run Behavior\BuildLiteBehavior [ RunTime:0.000029s ]
INFO: [ app_init ] --END-- [ RunTime:0.000678s ]
INFO: [ app_begin ] --START--
INFO: Run Behavior\ReadHtmlCacheBehavior [ RunTime:0.000922s ]
INFO: [ app_begin ] --END-- [ RunTime:0.001072s ]
INFO: [ view_parse ] --START--
INFO: [ template_filter ] --START--
INFO: Run Behavior\ContentReplaceBehavior [ RunTime:0.000184s ]
INFO: [ template_filter ] --END-- [ RunTime:0.000362s ]
INFO: Run Behavior\ParseTemplateBehavior [ RunTime:0.025175s ]
INFO: [ view_parse ] --END-- [ RunTime:0.025385s ]
INFO: [ view_filter ] --START--
INFO: Run Behavior\WriteHtmlCacheBehavior [ RunTime:0.000766s ]
INFO: [ view_filter ] --END-- [ RunTime:0.000967s ]
INFO: [ app_end ] --START--
INFO: Run Behavior\ShowPageTraceBehavior [ RunTime:0.001042s ]
INFO: [ app_end ] --END-- [ RunTime:0.001205s ]

[ 2016-03-27T13:21:15+08:00 ] 127.0.0.1 /hotel/webuploader/server/upload/tpic_t_18143513.jpg
INFO: [ app_init ] --START--
INFO: Run Behavior\BuildLiteBehavior [ RunTime:0.000028s ]
INFO: [ app_init ] --END-- [ RunTime:0.000574s ]

[ 2016-03-27T13:21:15+08:00 ] 127.0.0.1 /hotel/Public/Home/Css/images/bg.jp
INFO: [ app_init ] --START--
INFO: Run Behavior\BuildLiteBehavior [ RunTime:0.000027s ]
INFO: [ app_init ] --END-- [ RunTime:0.000580s ]
INFO: [ app_begin ] --START--
INFO: Run Behavior\ReadHtmlCacheBehavior [ RunTime:0.000741s ]
INFO: [ app_begin ] --END-- [ RunTime:0.000908s ]
ERR: 无法加载控制器:Public

[ 2016-03-27T13:21:15+08:00 ] 127.0.0.1 /hotel/webuploader/server/upload/tpic_t_18143513.jpg
INFO: [ app_init ] --START--
INFO: Run Behavior\BuildLiteBehavior [ RunTime:0.000059s ]
INFO: [ app_init ] --END-- [ RunTime:0.001322s ]

[ 2016-03-27T13:21:15+08:00 ] 127.0.0.1 /hotel/Public/Home/Css/Images/menu_style.gif
INFO: [ app_init ] --START--
INFO: Run Behavior\BuildLiteBehavior [ RunTime:0.000045s ]
INFO: [ app_init ] --END-- [ RunTime:0.001109s ]

[ 2016-03-27T13:21:15+08:00 ] 127.0.0.1 /hotel/Public/Home/Css/images/lanmu_site.png
INFO: [ app_init ] --START--
INFO: Run Behavior\BuildLiteBehavior [ RunTime:0.000049s ]
INFO: [ app_init ] --END-- [ RunTime:0.001221s ]

[ 2016-03-27T13:21:15+08:00 ] 127.0.0.1 /hotel/Public/Home/Css/images/cbg.jp
INFO: [ app_init ] --START--
INFO: Run Behavior\BuildLiteBehavior [ RunTime:0.000490s ]
INFO: [ app_init ] --END-- [ RunTime:0.003629s ]
INFO: [ app_begin ] --START--
INFO: Run Behavior\ReadHtmlCacheBehavior [ RunTime:0.001380s ]
INFO: [ app_begin ] --END-- [ RunTime:0.001622s ]
ERR: 无法加载控制器:Public

[ 2016-03-27T13:21:15+08:00 ] 127.0.0.1 /hotel/Public/Home/Css/images/bottom.jp
INFO: [ app_init ] --START--
INFO: Run Behavior\BuildLiteBehavior [ RunTime:0.000094s ]
INFO: [ app_init ] --END-- [ RunTime:0.001496s ]
INFO: [ app_begin ] --START--
INFO: Run Behavior\ReadHtmlCacheBehavior [ RunTime:0.001165s ]
INFO: [ app_begin ] --END-- [ RunTime:0.001396s ]
ERR: 无法加载控制器:Public

[ 2016-03-27T13:24:32+08:00 ] 127.0.0.1 /hotel/
INFO: [ app_init ] --START--
INFO: Run Behavior\BuildLiteBehavior [ RunTime:0.000046s ]
INFO: [ app_init ] --END-- [ RunTime:0.001036s ]
INFO: [ app_begin ] --START--
INFO: Run Behavior\ReadHtmlCacheBehavior [ RunTime:0.001035s ]
INFO: [ app_begin ] --END-- [ RunTime:0.001211s ]
INFO: [ view_parse ] --START--
INFO: [ template_filter ] --START--
INFO: Run Behavior\ContentReplaceBehavior [ RunTime:0.000299s ]
INFO: [ template_filter ] --END-- [ RunTime:0.000573s ]
INFO: Run Behavior\ParseTemplateBehavior [ RunTime:0.019693s ]
INFO: [ view_parse ] --END-- [ RunTime:0.019893s ]
INFO: [ view_filter ] --START--
INFO: Run Behavior\WriteHtmlCacheBehavior [ RunTime:0.000488s ]
INFO: [ view_filter ] --END-- [ RunTime:0.000597s ]
INFO: [ app_end ] --START--
INFO: Run Behavior\ShowPageTraceBehavior [ RunTime:0.000790s ]
INFO: [ app_end ] --END-- [ RunTime:0.000899s ]

[ 2016-03-27T13:24:32+08:00 ] 127.0.0.1 /hotel/webuploader/server/upload/tpic_t_18143513.jpg
INFO: [ app_init ] --START--
INFO: Run Behavior\BuildLiteBehavior [ RunTime:0.000032s ]
INFO: [ app_init ] --END-- [ RunTime:0.000748s ]

[ 2016-03-27T13:24:32+08:00 ] 127.0.0.1 /hotel/Public/Home/Css/images/bg.jp
INFO: [ app_init ] --START--
INFO: Run Behavior\BuildLiteBehavior [ RunTime:0.000027s ]
INFO: [ app_init ] --END-- [ RunTime:0.000566s ]
INFO: [ app_begin ] --START--
INFO: Run Behavior\ReadHtmlCacheBehavior [ RunTime:0.000673s ]
INFO: [ app_begin ] --END-- [ RunTime:0.000799s ]
ERR: 无法加载控制器:Public

[ 2016-03-27T13:24:32+08:00 ] 127.0.0.1 /hotel/Public/Home/Css/Images/menu_style.gif
INFO: [ app_init ] --START--
INFO: Run Behavior\BuildLiteBehavior [ RunTime:0.000177s ]
INFO: [ app_init ] --END-- [ RunTime:0.001334s ]

[ 2016-03-27T13:24:32+08:00 ] 127.0.0.1 /hotel/webuploader/server/upload/tpic_t_18143513.jpg
INFO: [ app_init ] --START--
INFO: Run Behavior\BuildLiteBehavior [ RunTime:0.000053s ]
INFO: [ app_init ] --END-- [ RunTime:0.000897s ]

[ 2016-03-27T13:24:32+08:00 ] 127.0.0.1 /hotel/Public/Home/Css/images/cbg.jp
INFO: [ app_init ] --START--
INFO: Run Behavior\BuildLiteBehavior [ RunTime:0.000047s ]
INFO: [ app_init ] --END-- [ RunTime:0.001165s ]
INFO: [ app_begin ] --START--
INFO: Run Behavior\ReadHtmlCacheBehavior [ RunTime:0.001198s ]
INFO: [ app_begin ] --END-- [ RunTime:0.001452s ]
ERR: 无法加载控制器:Public

[ 2016-03-27T13:24:32+08:00 ] 127.0.0.1 /hotel/Public/Home/Css/images/lanmu_site.png
INFO: [ app_init ] --START--
INFO: Run Behavior\BuildLiteBehavior [ RunTime:0.000050s ]
INFO: [ app_init ] --END-- [ RunTime:0.000985s ]

[ 2016-03-27T13:24:32+08:00 ] 127.0.0.1 /hotel/Public/Home/Css/images/bottom.jp
INFO: [ app_init ] --START--
INFO: Run Behavior\BuildLiteBehavior [ RunTime:0.000061s ]
INFO: [ app_init ] --END-- [ RunTime:0.001589s ]
INFO: [ app_begin ] --START--
INFO: Run Behavior\ReadHtmlCacheBehavior [ RunTime:0.000896s ]
INFO: [ app_begin ] --END-- [ RunTime:0.001345s ]
ERR: 无法加载控制器:Public

[ 2016-03-27T16:01:04+08:00 ] 127.0.0.1 /hotel/
INFO: [ app_init ] --START--
INFO: Run Behavior\BuildLiteBehavior [ RunTime:0.000072s ]
INFO: [ app_init ] --END-- [ RunTime:0.002042s ]
INFO: [ app_begin ] --START--
INFO: Run Behavior\ReadHtmlCacheBehavior [ RunTime:0.001228s ]
INFO: [ app_begin ] --END-- [ RunTime:0.001478s ]
INFO: [ view_parse ] --START--
INFO: [ template_filter ] --START--
INFO: Run Behavior\ContentReplaceBehavior [ RunTime:0.000177s ]
INFO: [ template_filter ] --END-- [ RunTime:0.000360s ]
INFO: Run Behavior\ParseTemplateBehavior [ RunTime:0.020564s ]
INFO: [ view_parse ] --END-- [ RunTime:0.020756s ]
INFO: [ view_filter ] --START--
INFO: Run Behavior\WriteHtmlCacheBehavior [ RunTime:0.000560s ]
INFO: [ view_filter ] --END-- [ RunTime:0.000670s ]
INFO: [ app_end ] --START--
INFO: Run Behavior\ShowPageTraceBehavior [ RunTime:0.001350s ]
INFO: [ app_end ] --END-- [ RunTime:0.001618s ]

[ 2016-03-27T16:01:04+08:00 ] 127.0.0.1 /hotel/webuploader/server/upload/tpic_t_18143513.jpg
INFO: [ app_init ] --START--
INFO: Run Behavior\BuildLiteBehavior [ RunTime:0.000050s ]
INFO: [ app_init ] --END-- [ RunTime:0.000964s ]

[ 2016-03-27T16:01:04+08:00 ] 127.0.0.1 /hotel/Public/Home/Css/images/bg.jp
INFO: [ app_init ] --START--
INFO: Run Behavior\BuildLiteBehavior [ RunTime:0.000027s ]
INFO: [ app_init ] --END-- [ RunTime:0.000592s ]
INFO: [ app_begin ] --START--
INFO: Run Behavior\ReadHtmlCacheBehavior [ RunTime:0.000683s ]
INFO: [ app_begin ] --END-- [ RunTime:0.000804s ]
ERR: 无法加载控制器:Public

[ 2016-03-27T16:01:05+08:00 ] 127.0.0.1 /hotel/webuploader/server/upload/tpic_t_18143513.jpg
INFO: [ app_init ] --START--
INFO: Run Behavior\BuildLiteBehavior [ RunTime:0.000053s ]
INFO: [ app_init ] --END-- [ RunTime:0.001048s ]

[ 2016-03-27T16:01:05+08:00 ] 127.0.0.1 /hotel/Public/Home/Css/images/cbg.jp
INFO: [ app_init ] --START--
INFO: Run Behavior\BuildLiteBehavior [ RunTime:0.000044s ]
INFO: [ app_init ] --END-- [ RunTime:0.001033s ]
INFO: [ app_begin ] --START--
INFO: Run Behavior\ReadHtmlCacheBehavior [ RunTime:0.001161s ]
INFO: [ app_begin ] --END-- [ RunTime:0.001398s ]
ERR: 无法加载控制器:Public

[ 2016-03-27T16:01:05+08:00 ] 127.0.0.1 /hotel/Public/Home/Css/Images/menu_style.gif
INFO: [ app_init ] --START--
INFO: Run Behavior\BuildLiteBehavior [ RunTime:0.000028s ]
INFO: [ app_init ] --END-- [ RunTime:0.000676s ]

[ 2016-03-27T16:01:05+08:00 ] 127.0.0.1 /hotel/Public/Home/Css/images/lanmu_site.png
INFO: [ app_init ] --START--
INFO: Run Behavior\BuildLiteBehavior [ RunTime:0.000045s ]
INFO: [ app_init ] --END-- [ RunTime:0.001020s ]

[ 2016-03-27T16:01:05+08:00 ] 127.0.0.1 /hotel/Public/Home/Css/images/bottom.jp
INFO: [ app_init ] --START--
INFO: Run Behavior\BuildLiteBehavior [ RunTime:0.000103s ]
INFO: [ app_init ] --END-- [ RunTime:0.001781s ]
INFO: [ app_begin ] --START--
INFO: Run Behavior\ReadHtmlCacheBehavior [ RunTime:0.001313s ]
INFO: [ app_begin ] --END-- [ RunTime:0.001621s ]
ERR: 无法加载控制器:Public

[ 2016-03-27T16:09:14+08:00 ] 127.0.0.1 /hotel/
INFO: [ app_init ] --START--
INFO: Run Behavior\BuildLiteBehavior [ RunTime:0.000031s ]
INFO: [ app_init ] --END-- [ RunTime:0.001021s ]
INFO: [ app_begin ] --START--
INFO: Run Behavior\ReadHtmlCacheBehavior [ RunTime:0.001218s ]
INFO: [ app_begin ] --END-- [ RunTime:0.001395s ]
INFO: [ view_parse ] --START--
INFO: [ template_filter ] --START--
INFO: Run Behavior\ContentReplaceBehavior [ RunTime:0.000203s ]
INFO: [ template_filter ] --END-- [ RunTime:0.000404s ]

[ 2016-03-27T16:10:15+08:00 ] 127.0.0.1 /hotel/
INFO: [ app_init ] --START--
INFO: Run Behavior\BuildLiteBehavior [ RunTime:0.000029s ]
INFO: [ app_init ] --END-- [ RunTime:0.000607s ]
INFO: [ app_begin ] --START--
INFO: Run Behavior\ReadHtmlCacheBehavior [ RunTime:0.000906s ]
INFO: [ app_begin ] --END-- [ RunTime:0.001024s ]
INFO: [ view_parse ] --START--
INFO: [ template_filter ] --START--
INFO: Run Behavior\ContentReplaceBehavior [ RunTime:0.000159s ]
INFO: [ template_filter ] --END-- [ RunTime:0.000324s ]
ERR: 模板不存在:./Hotel/Home/View/Index/left.html

[ 2016-03-27T16:10:15+08:00 ] 127.0.0.1 /hotel/webuploader/server/upload/tpic_t_18143513.jpg
INFO: [ app_init ] --START--
INFO: Run Behavior\BuildLiteBehavior [ RunTime:0.000053s ]
INFO: [ app_init ] --END-- [ RunTime:0.000909s ]

[ 2016-03-27T16:10:16+08:00 ] 127.0.0.1 /hotel/Public/Home/Css/images/bg.jp
INFO: [ app_init ] --START--
INFO: Run Behavior\BuildLiteBehavior [ RunTime:0.000029s ]
INFO: [ app_init ] --END-- [ RunTime:0.000571s ]
INFO: [ app_begin ] --START--
INFO: Run Behavior\ReadHtmlCacheBehavior [ RunTime:0.000686s ]
INFO: [ app_begin ] --END-- [ RunTime:0.000808s ]
ERR: 无法加载控制器:Public

[ 2016-03-27T16:10:16+08:00 ] 127.0.0.1 /hotel/webuploader/server/upload/tpic_t_18143513.jpg
INFO: [ app_init ] --START--
INFO: Run Behavior\BuildLiteBehavior [ RunTime:0.000046s ]
INFO: [ app_init ] --END-- [ RunTime:0.000882s ]

[ 2016-03-27T16:10:16+08:00 ] 127.0.0.1 /hotel/Public/Home/Css/images/lanmu_site.png
INFO: [ app_init ] --START--
INFO: Run Behavior\BuildLiteBehavior [ RunTime:0.000042s ]
INFO: [ app_init ] --END-- [ RunTime:0.001748s ]

[ 2016-03-27T16:10:16+08:00 ] 127.0.0.1 /hotel/Public/Home/Css/images/cbg.jp
INFO: [ app_init ] --START--
INFO: Run Behavior\BuildLiteBehavior [ RunTime:0.000039s ]
INFO: [ app_init ] --END-- [ RunTime:0.000843s ]
INFO: [ app_begin ] --START--
INFO: Run Behavior\ReadHtmlCacheBehavior [ RunTime:0.002186s ]
INFO: [ app_begin ] --END-- [ RunTime:0.002596s ]
ERR: 无法加载控制器:Public

[ 2016-03-27T16:10:16+08:00 ] 127.0.0.1 /hotel/Public/Home/Css/Images/menu_style.gif
INFO: [ app_init ] --START--
INFO: Run Behavior\BuildLiteBehavior [ RunTime:0.000046s ]
INFO: [ app_init ] --END-- [ RunTime:0.000919s ]

[ 2016-03-27T16:12:20+08:00 ] 127.0.0.1 /hotel/
INFO: [ app_init ] --START--
INFO: Run Behavior\BuildLiteBehavior [ RunTime:0.000028s ]
INFO: [ app_init ] --END-- [ RunTime:0.000812s ]
INFO: [ app_begin ] --START--
INFO: Run Behavior\ReadHtmlCacheBehavior [ RunTime:0.000888s ]
INFO: [ app_begin ] --END-- [ RunTime:0.001010s ]
INFO: [ view_parse ] --START--
INFO: [ template_filter ] --START--
INFO: Run Behavior\ContentReplaceBehavior [ RunTime:0.000159s ]
INFO: [ template_filter ] --END-- [ RunTime:0.000319s ]
INFO: [ view_parse ] --START--
INFO: [ template_filter ] --START--
INFO: Run Behavior\ContentReplaceBehavior [ RunTime:0.000141s ]
INFO: [ template_filter ] --END-- [ RunTime:-0.009828s ]
INFO: [ view_parse ] --START--
INFO: [ template_filter ] --START--
INFO: Run Behavior\ContentReplaceBehavior [ RunTime:0.000157s ]
INFO: [ template_filter ] --END-- [ RunTime:-0.019850s ]
INFO: [ view_parse ] --START--
INFO: [ template_filter ] --START--
INFO: Run Behavior\ContentReplaceBehavior [ RunTime:0.000164s ]
INFO: [ template_filter ] --END-- [ RunTime:-0.029027s ]
INFO: [ view_parse ] --START--
INFO: [ template_filter ] --START--
INFO: Run Behavior\ContentReplaceBehavior [ RunTime:0.000153s ]
INFO: [ template_filter ] --END-- [ RunTime:-0.039105s ]
INFO: [ view_parse ] --START--

[ 2016-03-27T16:12:20+08:00 ] 127.0.0.1 /hotel/webuploader/server/upload/tpic_t_18143513.jpg
INFO: [ app_init ] --START--
INFO: Run Behavior\BuildLiteBehavior [ RunTime:0.000031s ]
INFO: [ app_init ] --END-- [ RunTime:0.000651s ]

[ 2016-03-27T16:12:20+08:00 ] 127.0.0.1 /hotel/Public/Home/Css/images/bg.jp
INFO: [ app_init ] --START--
INFO: Run Behavior\BuildLiteBehavior [ RunTime:0.000046s ]
INFO: [ app_init ] --END-- [ RunTime:0.000791s ]
INFO: [ app_begin ] --START--
INFO: Run Behavior\ReadHtmlCacheBehavior [ RunTime:0.000913s ]
INFO: [ app_begin ] --END-- [ RunTime:0.001098s ]
ERR: 无法加载控制器:Public

[ 2016-03-27T16:12:21+08:00 ] 127.0.0.1 /hotel/webuploader/server/upload/tpic_t_18143513.jpg
INFO: [ app_init ] --START--
INFO: Run Behavior\BuildLiteBehavior [ RunTime:0.000047s ]
INFO: [ app_init ] --END-- [ RunTime:0.000851s ]

[ 2016-03-27T16:12:21+08:00 ] 127.0.0.1 /hotel/Public/Home/Css/Images/menu_style.gif
INFO: [ app_init ] --START--
INFO: Run Behavior\BuildLiteBehavior [ RunTime:0.000048s ]
INFO: [ app_init ] --END-- [ RunTime:0.001016s ]

[ 2016-03-27T16:12:21+08:00 ] 127.0.0.1 /hotel/Public/Home/Css/images/lanmu_site.png
INFO: [ app_init ] --START--
INFO: Run Behavior\BuildLiteBehavior [ RunTime:0.000062s ]
INFO: [ app_init ] --END-- [ RunTime:0.001044s ]

[ 2016-03-27T16:12:21+08:00 ] 127.0.0.1 /hotel/Public/Home/Css/images/cbg.jp
INFO: [ app_init ] --START--
INFO: Run Behavior\BuildLiteBehavior [ RunTime:0.000030s ]
INFO: [ app_init ] --END-- [ RunTime:0.000711s ]
INFO: [ app_begin ] --START--
INFO: Run Behavior\ReadHtmlCacheBehavior [ RunTime:0.000821s ]
INFO: [ app_begin ] --END-- [ RunTime:0.000947s ]
ERR: 无法加载控制器:Public

[ 2016-03-27T16:12:21+08:00 ] 127.0.0.1 /hotel/webuploader/server/upload/tpic_t_18143513.jpg
INFO: [ app_init ] --START--
INFO: Run Behavior\BuildLiteBehavior [ RunTime:0.000030s ]
INFO: [ app_init ] --END-- [ RunTime:0.000744s ]

[ 2016-03-27T16:12:22+08:00 ] 127.0.0.1 /hotel/webuploader/server/upload/tpic_t_18143513.jpg
INFO: [ app_init ] --START--
INFO: Run Behavior\BuildLiteBehavior [ RunTime:0.000028s ]
INFO: [ app_init ] --END-- [ RunTime:0.000632s ]

[ 2016-03-27T16:12:22+08:00 ] 127.0.0.1 /hotel/webuploader/server/upload/tpic_t_18143513.jpg
INFO: [ app_init ] --START--
INFO: Run Behavior\BuildLiteBehavior [ RunTime:0.000029s ]
INFO: [ app_init ] --END-- [ RunTime:0.000707s ]

[ 2016-03-27T16:12:22+08:00 ] 127.0.0.1 /hotel/webuploader/server/upload/tpic_t_18143513.jpg
INFO: [ app_init ] --START--
INFO: Run Behavior\BuildLiteBehavior [ RunTime:0.000030s ]
INFO: [ app_init ] --END-- [ RunTime:0.000668s ]

[ 2016-03-27T16:12:44+08:00 ] 127.0.0.1 /hotel/
INFO: [ app_init ] --START--
INFO: Run Behavior\BuildLiteBehavior [ RunTime:0.000030s ]
INFO: [ app_init ] --END-- [ RunTime:0.000728s ]
INFO: [ app_begin ] --START--
INFO: Run Behavior\ReadHtmlCacheBehavior [ RunTime:0.002239s ]
INFO: [ app_begin ] --END-- [ RunTime:0.002579s ]
INFO: [ view_parse ] --START--
INFO: [ template_filter ] --START--
INFO: Run Behavior\ContentReplaceBehavior [ RunTime:0.000147s ]
INFO: [ template_filter ] --END-- [ RunTime:0.000289s ]
INFO: [ view_parse ] --START--
INFO: [ template_filter ] --START--
INFO: Run Behavior\ContentReplaceBehavior [ RunTime:0.000153s ]
INFO: [ template_filter ] --END-- [ RunTime:-0.011209s ]
INFO: [ view_parse ] --START--
INFO: [ template_filter ] --START--
INFO: Run Behavior\ContentReplaceBehavior [ RunTime:0.000140s ]
INFO: [ template_filter ] --END-- [ RunTime:-0.023961s ]
INFO: [ view_parse ] --START--
INFO: [ template_filter ] --START--
INFO: Run Behavior\ContentReplaceBehavior [ RunTime:0.000343s ]
INFO: [ template_filter ] --END-- [ RunTime:-0.037176s ]
INFO: [ view_parse ] --START--
INFO: [ template_filter ] --START--
INFO: Run Behavior\ContentReplaceBehavior [ RunTime:0.000165s ]
INFO: [ template_filter ] --END-- [ RunTime:-0.052942s ]
INFO: [ view_parse ] --START--

[ 2016-03-27T16:12:44+08:00 ] 127.0.0.1 /hotel/webuploader/server/upload/tpic_t_18143513.jpg
INFO: [ app_init ] --START--
INFO: Run Behavior\BuildLiteBehavior [ RunTime:0.000041s ]
INFO: [ app_init ] --END-- [ RunTime:0.000588s ]

[ 2016-03-27T16:12:44+08:00 ] 127.0.0.1 /hotel/Public/Home/Css/images/bg.jp
INFO: [ app_init ] --START--
INFO: Run Behavior\BuildLiteBehavior [ RunTime:0.000049s ]
INFO: [ app_init ] --END-- [ RunTime:0.000857s ]
INFO: [ app_begin ] --START--
INFO: Run Behavior\ReadHtmlCacheBehavior [ RunTime:0.001428s ]
INFO: [ app_begin ] --END-- [ RunTime:0.001610s ]
ERR: 无法加载控制器:Public

[ 2016-03-27T16:12:45+08:00 ] 127.0.0.1 /hotel/webuploader/server/upload/tpic_t_18143513.jpg
INFO: [ app_init ] --START--
INFO: Run Behavior\BuildLiteBehavior [ RunTime:0.000048s ]
INFO: [ app_init ] --END-- [ RunTime:0.000843s ]

[ 2016-03-27T16:12:45+08:00 ] 127.0.0.1 /hotel/Public/Home/Css/images/lanmu_site.png
INFO: [ app_init ] --START--
INFO: Run Behavior\BuildLiteBehavior [ RunTime:0.000046s ]
INFO: [ app_init ] --END-- [ RunTime:0.000977s ]

[ 2016-03-27T16:12:45+08:00 ] 127.0.0.1 /hotel/Public/Home/Css/images/cbg.jp
INFO: [ app_init ] --START--
INFO: Run Behavior\BuildLiteBehavior [ RunTime:0.000046s ]
INFO: [ app_init ] --END-- [ RunTime:0.000916s ]
INFO: [ app_begin ] --START--
INFO: Run Behavior\ReadHtmlCacheBehavior [ RunTime:0.001307s ]
INFO: [ app_begin ] --END-- [ RunTime:0.001605s ]
ERR: 无法加载控制器:Public

[ 2016-03-27T16:12:45+08:00 ] 127.0.0.1 /hotel/Public/Home/Css/Images/menu_style.gif
INFO: [ app_init ] --START--
INFO: Run Behavior\BuildLiteBehavior [ RunTime:0.000047s ]
INFO: [ app_init ] --END-- [ RunTime:0.001043s ]

[ 2016-03-27T16:12:45+08:00 ] 127.0.0.1 /hotel/webuploader/server/upload/tpic_t_18143513.jpg
INFO: [ app_init ] --START--
INFO: Run Behavior\BuildLiteBehavior [ RunTime:0.000105s ]
INFO: [ app_init ] --END-- [ RunTime:0.001588s ]

[ 2016-03-27T16:12:46+08:00 ] 127.0.0.1 /hotel/webuploader/server/upload/tpic_t_18143513.jpg
INFO: [ app_init ] --START--
INFO: Run Behavior\BuildLiteBehavior [ RunTime:0.000030s ]
INFO: [ app_init ] --END-- [ RunTime:0.000599s ]

[ 2016-03-27T16:12:46+08:00 ] 127.0.0.1 /hotel/webuploader/server/upload/tpic_t_18143513.jpg
INFO: [ app_init ] --START--
INFO: Run Behavior\BuildLiteBehavior [ RunTime:0.000046s ]
INFO: [ app_init ] --END-- [ RunTime:0.000875s ]

[ 2016-03-27T16:12:47+08:00 ] 127.0.0.1 /hotel/webuploader/server/upload/tpic_t_18143513.jpg
INFO: [ app_init ] --START--
INFO: Run Behavior\BuildLiteBehavior [ RunTime:0.000042s ]
INFO: [ app_init ] --END-- [ RunTime:0.000720s ]

[ 2016-03-27T16:13:01+08:00 ] 127.0.0.1 /hotel/
INFO: [ app_init ] --START--
INFO: Run Behavior\BuildLiteBehavior [ RunTime:0.000052s ]
INFO: [ app_init ] --END-- [ RunTime:0.001086s ]
INFO: [ app_begin ] --START--
INFO: Run Behavior\ReadHtmlCacheBehavior [ RunTime:0.001366s ]
INFO: [ app_begin ] --END-- [ RunTime:0.001559s ]
INFO: [ view_parse ] --START--
INFO: [ template_filter ] --START--
INFO: Run Behavior\ContentReplaceBehavior [ RunTime:0.000438s ]
INFO: [ template_filter ] --END-- [ RunTime:0.000914s ]
INFO: [ view_parse ] --START--
INFO: [ template_filter ] --START--
INFO: Run Behavior\ContentReplaceBehavior [ RunTime:0.000246s ]
INFO: [ template_filter ] --END-- [ RunTime:-0.012663s ]
INFO: [ view_parse ] --START--
INFO: [ template_filter ] --START--
INFO: Run Behavior\ContentReplaceBehavior [ RunTime:0.000238s ]
INFO: [ template_filter ] --END-- [ RunTime:-0.024724s ]
INFO: [ view_parse ] --START--
INFO: [ template_filter ] --START--
INFO: Run Behavior\ContentReplaceBehavior [ RunTime:0.000162s ]
INFO: [ template_filter ] --END-- [ RunTime:-0.037461s ]
INFO: [ view_parse ] --START--
INFO: [ template_filter ] --START--
INFO: Run Behavior\ContentReplaceBehavior [ RunTime:0.000162s ]
INFO: [ template_filter ] --END-- [ RunTime:-0.049047s ]
INFO: [ view_parse ] --START--

[ 2016-03-27T16:13:01+08:00 ] 127.0.0.1 /hotel/webuploader/server/upload/tpic_t_18143513.jpg
INFO: [ app_init ] --START--
INFO: Run Behavior\BuildLiteBehavior [ RunTime:0.000050s ]
INFO: [ app_init ] --END-- [ RunTime:0.001620s ]

[ 2016-03-27T16:13:01+08:00 ] 127.0.0.1 /hotel/Public/Home/Css/images/bg.jp
INFO: [ app_init ] --START--
INFO: Run Behavior\BuildLiteBehavior [ RunTime:0.000028s ]
INFO: [ app_init ] --END-- [ RunTime:0.000633s ]
INFO: [ app_begin ] --START--
INFO: Run Behavior\ReadHtmlCacheBehavior [ RunTime:0.000739s ]
INFO: [ app_begin ] --END-- [ RunTime:0.000859s ]
ERR: 无法加载控制器:Public

[ 2016-03-27T16:13:01+08:00 ] 127.0.0.1 /hotel/Public/Home/Css/Images/menu_style.gif
INFO: [ app_init ] --START--
INFO: Run Behavior\BuildLiteBehavior [ RunTime:0.000043s ]
INFO: [ app_init ] --END-- [ RunTime:0.000951s ]

[ 2016-03-27T16:13:01+08:00 ] 127.0.0.1 /hotel/webuploader/server/upload/tpic_t_18143513.jpg
INFO: [ app_init ] --START--
INFO: Run Behavior\BuildLiteBehavior [ RunTime:0.000056s ]
INFO: [ app_init ] --END-- [ RunTime:0.000936s ]

[ 2016-03-27T16:13:02+08:00 ] 127.0.0.1 /hotel/Public/Home/Css/images/cbg.jp
INFO: [ app_init ] --START--
INFO: Run Behavior\BuildLiteBehavior [ RunTime:0.000040s ]
INFO: [ app_init ] --END-- [ RunTime:0.000861s ]
INFO: [ app_begin ] --START--
INFO: Run Behavior\ReadHtmlCacheBehavior [ RunTime:0.001105s ]
INFO: [ app_begin ] --END-- [ RunTime:0.001341s ]
ERR: 无法加载控制器:Public

[ 2016-03-27T16:13:02+08:00 ] 127.0.0.1 /hotel/Public/Home/Css/images/lanmu_site.png
INFO: [ app_init ] --START--
INFO: Run Behavior\BuildLiteBehavior [ RunTime:0.000047s ]
INFO: [ app_init ] --END-- [ RunTime:0.000965s ]

[ 2016-03-27T16:13:02+08:00 ] 127.0.0.1 /hotel/webuploader/server/upload/tpic_t_18143513.jpg
INFO: [ app_init ] --START--
INFO: Run Behavior\BuildLiteBehavior [ RunTime:0.000037s ]
INFO: [ app_init ] --END-- [ RunTime:0.000685s ]

[ 2016-03-27T16:13:02+08:00 ] 127.0.0.1 /hotel/webuploader/server/upload/tpic_t_18143513.jpg
INFO: [ app_init ] --START--
INFO: Run Behavior\BuildLiteBehavior [ RunTime:0.000201s ]
INFO: [ app_init ] --END-- [ RunTime:0.002037s ]

[ 2016-03-27T16:13:03+08:00 ] 127.0.0.1 /hotel/webuploader/server/upload/tpic_t_18143513.jpg
INFO: [ app_init ] --START--
INFO: Run Behavior\BuildLiteBehavior [ RunTime:0.000028s ]
INFO: [ app_init ] --END-- [ RunTime:0.000628s ]

[ 2016-03-27T16:13:03+08:00 ] 127.0.0.1 /hotel/webuploader/server/upload/tpic_t_18143513.jpg
INFO: [ app_init ] --START--
INFO: Run Behavior\BuildLiteBehavior [ RunTime:0.000028s ]
INFO: [ app_init ] --END-- [ RunTime:0.000619s ]

[ 2016-03-27T16:13:16+08:00 ] 127.0.0.1 /hotel/
INFO: [ app_init ] --START--
INFO: Run Behavior\BuildLiteBehavior [ RunTime:0.000028s ]
INFO: [ app_init ] --END-- [ RunTime:0.000588s ]
INFO: [ app_begin ] --START--
INFO: Run Behavior\ReadHtmlCacheBehavior [ RunTime:0.001390s ]
INFO: [ app_begin ] --END-- [ RunTime:0.001537s ]
INFO: [ view_parse ] --START--
INFO: [ template_filter ] --START--
INFO: Run Behavior\ContentReplaceBehavior [ RunTime:0.000175s ]
INFO: [ template_filter ] --END-- [ RunTime:0.000370s ]
INFO: Run Behavior\ParseTemplateBehavior [ RunTime:0.022177s ]
INFO: [ view_parse ] --END-- [ RunTime:0.022370s ]
INFO: [ view_filter ] --START--
INFO: Run Behavior\WriteHtmlCacheBehavior [ RunTime:0.000670s ]
INFO: [ view_filter ] --END-- [ RunTime:0.000778s ]
INFO: [ app_end ] --START--
INFO: Run Behavior\ShowPageTraceBehavior [ RunTime:0.000998s ]
INFO: [ app_end ] --END-- [ RunTime:0.001118s ]

[ 2016-03-27T16:13:16+08:00 ] 127.0.0.1 /hotel/webuploader/server/upload/tpic_t_18143513.jpg
INFO: [ app_init ] --START--
INFO: Run Behavior\BuildLiteBehavior [ RunTime:0.000029s ]
INFO: [ app_init ] --END-- [ RunTime:0.000595s ]

[ 2016-03-27T16:13:16+08:00 ] 127.0.0.1 /hotel/Public/Home/Css/images/bg.jp
INFO: [ app_init ] --START--
INFO: Run Behavior\BuildLiteBehavior [ RunTime:0.000029s ]
INFO: [ app_init ] --END-- [ RunTime:0.000761s ]
INFO: [ app_begin ] --START--
INFO: Run Behavior\ReadHtmlCacheBehavior [ RunTime:0.000814s ]
INFO: [ app_begin ] --END-- [ RunTime:0.000975s ]
ERR: 无法加载控制器:Public

[ 2016-03-27T16:13:16+08:00 ] 127.0.0.1 /hotel/webuploader/server/upload/tpic_t_18143513.jpg
INFO: [ app_init ] --START--
INFO: Run Behavior\BuildLiteBehavior [ RunTime:0.000071s ]
INFO: [ app_init ] --END-- [ RunTime:0.001006s ]

[ 2016-03-27T16:13:16+08:00 ] 127.0.0.1 /hotel/Public/Home/Css/Images/menu_style.gif
INFO: [ app_init ] --START--
INFO: Run Behavior\BuildLiteBehavior [ RunTime:0.000045s ]
INFO: [ app_init ] --END-- [ RunTime:0.000889s ]

[ 2016-03-27T16:13:16+08:00 ] 127.0.0.1 /hotel/Public/Home/Css/images/cbg.jp
INFO: [ app_init ] --START--
INFO: Run Behavior\BuildLiteBehavior [ RunTime:0.000044s ]
INFO: [ app_init ] --END-- [ RunTime:0.000979s ]
INFO: [ app_begin ] --START--
INFO: Run Behavior\ReadHtmlCacheBehavior [ RunTime:0.001183s ]
INFO: [ app_begin ] --END-- [ RunTime:0.001534s ]
ERR: 无法加载控制器:Public

[ 2016-03-27T16:13:16+08:00 ] 127.0.0.1 /hotel/Public/Home/Css/images/lanmu_site.png
INFO: [ app_init ] --START--
INFO: Run Behavior\BuildLiteBehavior [ RunTime:0.000029s ]
INFO: [ app_init ] --END-- [ RunTime:0.000627s ]

[ 2016-03-27T16:13:16+08:00 ] 127.0.0.1 /hotel/Public/Home/Css/images/bottom.jp
INFO: [ app_init ] --START--
INFO: Run Behavior\BuildLiteBehavior [ RunTime:0.000048s ]
INFO: [ app_init ] --END-- [ RunTime:0.000936s ]
INFO: [ app_begin ] --START--
INFO: Run Behavior\ReadHtmlCacheBehavior [ RunTime:0.001064s ]
INFO: [ app_begin ] --END-- [ RunTime:0.001286s ]
ERR: 无法加载控制器:Public

[ 2016-03-27T16:14:42+08:00 ] 127.0.0.1 /hotel/
INFO: [ app_init ] --START--
INFO: Run Behavior\BuildLiteBehavior [ RunTime:0.000056s ]
INFO: [ app_init ] --END-- [ RunTime:0.001513s ]
INFO: [ app_begin ] --START--
INFO: Run Behavior\ReadHtmlCacheBehavior [ RunTime:0.001655s ]
INFO: [ app_begin ] --END-- [ RunTime:0.001924s ]
INFO: [ view_parse ] --START--
INFO: [ template_filter ] --START--
INFO: Run Behavior\ContentReplaceBehavior [ RunTime:0.000155s ]
INFO: [ template_filter ] --END-- [ RunTime:0.000369s ]
NOTIC: [8] Undefined variable: v G:\wamp\wamp\www\text\hotel\Runtime\Cache\Home\2a09bc7c9210959c45a760563e5a82e9.php 第 138 行.
INFO: Run Behavior\ParseTemplateBehavior [ RunTime:0.021489s ]
INFO: [ view_parse ] --END-- [ RunTime:0.021674s ]
INFO: [ view_filter ] --START--
INFO: Run Behavior\WriteHtmlCacheBehavior [ RunTime:0.000493s ]
INFO: [ view_filter ] --END-- [ RunTime:0.000605s ]
INFO: [ app_end ] --START--
INFO: Run Behavior\ShowPageTraceBehavior [ RunTime:0.001590s ]
INFO: [ app_end ] --END-- [ RunTime:0.001845s ]

[ 2016-03-27T16:14:42+08:00 ] 127.0.0.1 /hotel/webuploader/server/upload/tpic_t_18143513.jpg
INFO: [ app_init ] --START--
INFO: Run Behavior\BuildLiteBehavior [ RunTime:0.000032s ]
INFO: [ app_init ] --END-- [ RunTime:0.000983s ]

[ 2016-03-27T16:14:42+08:00 ] 127.0.0.1 /hotel/Public/Home/Css/images/bg.jp
INFO: [ app_init ] --START--
INFO: Run Behavior\BuildLiteBehavior [ RunTime:0.000027s ]
INFO: [ app_init ] --END-- [ RunTime:0.000610s ]
INFO: [ app_begin ] --START--
INFO: Run Behavior\ReadHtmlCacheBehavior [ RunTime:0.000887s ]
INFO: [ app_begin ] --END-- [ RunTime:0.001017s ]
ERR: 无法加载控制器:Public

[ 2016-03-27T16:14:42+08:00 ] 127.0.0.1 /hotel/Public/Home/Css/images/cbg.jp
INFO: [ app_init ] --START--
INFO: Run Behavior\BuildLiteBehavior [ RunTime:0.000028s ]
INFO: [ app_init ] --END-- [ RunTime:0.000619s ]
INFO: [ app_begin ] --START--
INFO: Run Behavior\ReadHtmlCacheBehavior [ RunTime:0.000763s ]
INFO: [ app_begin ] --END-- [ RunTime:0.000889s ]
ERR: 无法加载控制器:Public

[ 2016-03-27T16:14:42+08:00 ] 127.0.0.1 /hotel/webuploader/server/upload/tpic_t_18143513.jpg
INFO: [ app_init ] --START--
INFO: Run Behavior\BuildLiteBehavior [ RunTime:0.000061s ]
INFO: [ app_init ] --END-- [ RunTime:0.000973s ]

[ 2016-03-27T16:14:42+08:00 ] 127.0.0.1 /hotel/Public/Home/Css/images/lanmu_site.png
INFO: [ app_init ] --START--
INFO: Run Behavior\BuildLiteBehavior [ RunTime:0.000046s ]
INFO: [ app_init ] --END-- [ RunTime:0.001064s ]

[ 2016-03-27T16:14:42+08:00 ] 127.0.0.1 /hotel/Public/Home/Css/Images/menu_style.gif
INFO: [ app_init ] --START--
INFO: Run Behavior\BuildLiteBehavior [ RunTime:0.000054s ]
INFO: [ app_init ] --END-- [ RunTime:0.001564s ]

[ 2016-03-27T16:14:42+08:00 ] 127.0.0.1 /hotel/Public/Home/Css/images/bottom.jp
INFO: [ app_init ] --START--
INFO: Run Behavior\BuildLiteBehavior [ RunTime:0.000040s ]
INFO: [ app_init ] --END-- [ RunTime:0.000695s ]
INFO: [ app_begin ] --START--
INFO: Run Behavior\ReadHtmlCacheBehavior [ RunTime:0.000805s ]
INFO: [ app_begin ] --END-- [ RunTime:0.000955s ]
ERR: 无法加载控制器:Public

[ 2016-03-27T16:15:20+08:00 ] 127.0.0.1 /hotel/
INFO: [ app_init ] --START--
INFO: Run Behavior\BuildLiteBehavior [ RunTime:0.000053s ]
INFO: [ app_init ] --END-- [ RunTime:0.001576s ]
INFO: [ app_begin ] --START--
INFO: Run Behavior\ReadHtmlCacheBehavior [ RunTime:0.001585s ]
INFO: [ app_begin ] --END-- [ RunTime:0.001989s ]
INFO: [ view_parse ] --START--
INFO: [ template_filter ] --START--
INFO: Run Behavior\ContentReplaceBehavior [ RunTime:0.000180s ]
INFO: [ template_filter ] --END-- [ RunTime:0.000469s ]
NOTIC: [8] Undefined variable: v G:\wamp\wamp\www\text\hotel\Runtime\Cache\Home\2a09bc7c9210959c45a760563e5a82e9.php 第 138 行.
INFO: Run Behavior\ParseTemplateBehavior [ RunTime:0.023074s ]
INFO: [ view_parse ] --END-- [ RunTime:0.023488s ]
INFO: [ view_filter ] --START--
INFO: Run Behavior\WriteHtmlCacheBehavior [ RunTime:0.001553s ]
INFO: [ view_filter ] --END-- [ RunTime:0.001930s ]
INFO: [ app_end ] --START--
INFO: Run Behavior\ShowPageTraceBehavior [ RunTime:0.002359s ]
INFO: [ app_end ] --END-- [ RunTime:0.002678s ]

[ 2016-03-27T16:15:20+08:00 ] 127.0.0.1 /hotel/webuploader/server/upload/tpic_t_18143513.jpg
INFO: [ app_init ] --START--
INFO: Run Behavior\BuildLiteBehavior [ RunTime:0.000049s ]
INFO: [ app_init ] --END-- [ RunTime:0.001024s ]

[ 2016-03-27T16:15:21+08:00 ] 127.0.0.1 /hotel/Public/Home/Css/images/bg.jp
INFO: [ app_init ] --START--
INFO: Run Behavior\BuildLiteBehavior [ RunTime:0.000027s ]
INFO: [ app_init ] --END-- [ RunTime:0.000574s ]
INFO: [ app_begin ] --START--
INFO: Run Behavior\ReadHtmlCacheBehavior [ RunTime:0.000684s ]
INFO: [ app_begin ] --END-- [ RunTime:0.000820s ]
ERR: 无法加载控制器:Public

[ 2016-03-27T16:15:21+08:00 ] 127.0.0.1 /hotel/webuploader/server/upload/tpic_t_18143513.jpg
INFO: [ app_init ] --START--
INFO: Run Behavior\BuildLiteBehavior [ RunTime:0.000056s ]
INFO: [ app_init ] --END-- [ RunTime:0.000937s ]

[ 2016-03-27T16:15:21+08:00 ] 127.0.0.1 /hotel/Public/Home/Css/Images/menu_style.gif
INFO: [ app_init ] --START--
INFO: Run Behavior\BuildLiteBehavior [ RunTime:0.000046s ]
INFO: [ app_init ] --END-- [ RunTime:0.000920s ]

[ 2016-03-27T16:15:21+08:00 ] 127.0.0.1 /hotel/Public/Home/Css/images/cbg.jp
INFO: [ app_init ] --START--
INFO: Run Behavior\BuildLiteBehavior [ RunTime:0.000052s ]
INFO: [ app_init ] --END-- [ RunTime:0.001195s ]
INFO: [ app_begin ] --START--
INFO: Run Behavior\ReadHtmlCacheBehavior [ RunTime:0.001267s ]
INFO: [ app_begin ] --END-- [ RunTime:0.001519s ]
ERR: 无法加载控制器:Public

[ 2016-03-27T16:15:21+08:00 ] 127.0.0.1 /hotel/Public/Home/Css/images/lanmu_site.png
INFO: [ app_init ] --START--
INFO: Run Behavior\BuildLiteBehavior [ RunTime:0.000026s ]
INFO: [ app_init ] --END-- [ RunTime:0.000676s ]

[ 2016-03-27T16:15:21+08:00 ] 127.0.0.1 /hotel/Public/Home/Css/images/bottom.jp
INFO: [ app_init ] --START--
INFO: Run Behavior\BuildLiteBehavior [ RunTime:0.000045s ]
INFO: [ app_init ] --END-- [ RunTime:0.000721s ]
INFO: [ app_begin ] --START--
INFO: Run Behavior\ReadHtmlCacheBehavior [ RunTime:0.001017s ]
INFO: [ app_begin ] --END-- [ RunTime:0.001410s ]
ERR: 无法加载控制器:Public

[ 2016-03-27T16:17:59+08:00 ] 127.0.0.1 /hotel/
INFO: [ app_init ] --START--
INFO: Run Behavior\BuildLiteBehavior [ RunTime:0.000045s ]
INFO: [ app_init ] --END-- [ RunTime:0.001112s ]
INFO: [ app_begin ] --START--
INFO: Run Behavior\ReadHtmlCacheBehavior [ RunTime:0.001094s ]
INFO: [ app_begin ] --END-- [ RunTime:0.001307s ]
INFO: [ view_parse ] --START--
INFO: [ template_filter ] --START--
INFO: Run Behavior\ContentReplaceBehavior [ RunTime:0.000250s ]
INFO: [ template_filter ] --END-- [ RunTime:0.000517s ]
INFO: Run Behavior\ParseTemplateBehavior [ RunTime:0.019904s ]
INFO: [ view_parse ] --END-- [ RunTime:0.020100s ]
INFO: [ view_filter ] --START--
INFO: Run Behavior\WriteHtmlCacheBehavior [ RunTime:0.000567s ]
INFO: [ view_filter ] --END-- [ RunTime:0.000684s ]
INFO: [ app_end ] --START--
INFO: Run Behavior\ShowPageTraceBehavior [ RunTime:0.000827s ]
INFO: [ app_end ] --END-- [ RunTime:0.000944s ]

[ 2016-03-27T16:17:59+08:00 ] 127.0.0.1 /hotel/webuploader/server/upload/tpic_t_18143513.jpg
INFO: [ app_init ] --START--
INFO: Run Behavior\BuildLiteBehavior [ RunTime:0.000132s ]
INFO: [ app_init ] --END-- [ RunTime:0.001235s ]

[ 2016-03-27T16:18:00+08:00 ] 127.0.0.1 /hotel/Public/Home/Css/images/bg.jp
INFO: [ app_init ] --START--
INFO: Run Behavior\BuildLiteBehavior [ RunTime:0.000028s ]
INFO: [ app_init ] --END-- [ RunTime:0.000601s ]
INFO: [ app_begin ] --START--
INFO: Run Behavior\ReadHtmlCacheBehavior [ RunTime:0.000689s ]
INFO: [ app_begin ] --END-- [ RunTime:0.000811s ]
ERR: 无法加载控制器:Public

[ 2016-03-27T16:18:00+08:00 ] 127.0.0.1 /hotel/Public/Home/Css/Images/menu_style.gif
INFO: [ app_init ] --START--
INFO: Run Behavior\BuildLiteBehavior [ RunTime:0.000060s ]
INFO: [ app_init ] --END-- [ RunTime:0.001019s ]

[ 2016-03-27T16:18:00+08:00 ] 127.0.0.1 /hotel/webuploader/server/upload/tpic_t_18143513.jpg
INFO: [ app_init ] --START--
INFO: Run Behavior\BuildLiteBehavior [ RunTime:0.000047s ]
INFO: [ app_init ] --END-- [ RunTime:0.000871s ]

[ 2016-03-27T16:18:00+08:00 ] 127.0.0.1 /hotel/Public/Home/Css/images/lanmu_site.png
INFO: [ app_init ] --START--
INFO: Run Behavior\BuildLiteBehavior [ RunTime:0.000049s ]
INFO: [ app_init ] --END-- [ RunTime:0.001183s ]

[ 2016-03-27T16:18:00+08:00 ] 127.0.0.1 /hotel/Public/Home/Css/images/cbg.jp
INFO: [ app_init ] --START--
INFO: Run Behavior\BuildLiteBehavior [ RunTime:0.000049s ]
INFO: [ app_init ] --END-- [ RunTime:0.000937s ]
INFO: [ app_begin ] --START--
INFO: Run Behavior\ReadHtmlCacheBehavior [ RunTime:0.001228s ]
INFO: [ app_begin ] --END-- [ RunTime:0.001497s ]
ERR: 无法加载控制器:Public

[ 2016-03-27T16:18:00+08:00 ] 127.0.0.1 /hotel/Public/Home/Css/images/bottom.jp
INFO: [ app_init ] --START--
INFO: Run Behavior\BuildLiteBehavior [ RunTime:0.000028s ]
INFO: [ app_init ] --END-- [ RunTime:0.000604s ]
INFO: [ app_begin ] --START--
INFO: Run Behavior\ReadHtmlCacheBehavior [ RunTime:0.003081s ]
INFO: [ app_begin ] --END-- [ RunTime:0.003437s ]
ERR: 无法加载控制器:Public

[ 2016-03-27T16:19:59+08:00 ] 127.0.0.1 /hotel/
INFO: [ app_init ] --START--
INFO: Run Behavior\BuildLiteBehavior [ RunTime:0.000041s ]
INFO: [ app_init ] --END-- [ RunTime:0.000784s ]
INFO: [ app_begin ] --START--
INFO: Run Behavior\ReadHtmlCacheBehavior [ RunTime:0.000785s ]
INFO: [ app_begin ] --END-- [ RunTime:0.000921s ]
INFO: [ view_parse ] --START--
INFO: [ template_filter ] --START--
INFO: Run Behavior\ContentReplaceBehavior [ RunTime:0.000164s ]
INFO: [ template_filter ] --END-- [ RunTime:0.000306s ]
SQL: SHOW COLUMNS FROM `ht_news` [ RunTime:0.1924s ]
SQL: SELECT * FROM `ht_news`  [ RunTime:0.0099s ]

[ 2016-03-27T16:19:59+08:00 ] 127.0.0.1 /hotel/webuploader/server/upload/tpic_t_18143513.jpg
INFO: [ app_init ] --START--
INFO: Run Behavior\BuildLiteBehavior [ RunTime:0.000045s ]
INFO: [ app_init ] --END-- [ RunTime:0.000949s ]

[ 2016-03-27T16:19:59+08:00 ] 127.0.0.1 /hotel/Public/Home/Css/images/bg.jp
INFO: [ app_init ] --START--
INFO: Run Behavior\BuildLiteBehavior [ RunTime:0.000028s ]
INFO: [ app_init ] --END-- [ RunTime:0.000573s ]
INFO: [ app_begin ] --START--
INFO: Run Behavior\ReadHtmlCacheBehavior [ RunTime:0.000699s ]
INFO: [ app_begin ] --END-- [ RunTime:0.000823s ]
ERR: 无法加载控制器:Public

[ 2016-03-27T16:19:59+08:00 ] 127.0.0.1 /hotel/Public/Home/Css/Images/menu_style.gif
INFO: [ app_init ] --START--
INFO: Run Behavior\BuildLiteBehavior [ RunTime:0.000041s ]
INFO: [ app_init ] --END-- [ RunTime:0.001557s ]

[ 2016-03-27T16:19:59+08:00 ] 127.0.0.1 /hotel/Public/Home/Css/images/lanmu_site.png
INFO: [ app_init ] --START--
INFO: Run Behavior\BuildLiteBehavior [ RunTime:0.000030s ]
INFO: [ app_init ] --END-- [ RunTime:0.002366s ]

[ 2016-03-27T16:19:59+08:00 ] 127.0.0.1 /hotel/webuploader/server/upload/tpic_t_18143513.jpg
INFO: [ app_init ] --START--
INFO: Run Behavior\BuildLiteBehavior [ RunTime:0.000032s ]
INFO: [ app_init ] --END-- [ RunTime:0.000728s ]

[ 2016-03-27T16:19:59+08:00 ] 127.0.0.1 /hotel/Public/Home/Css/images/cbg.jp
INFO: [ app_init ] --START--
INFO: Run Behavior\BuildLiteBehavior [ RunTime:0.000045s ]
INFO: [ app_init ] --END-- [ RunTime:0.000852s ]
INFO: [ app_begin ] --START--
INFO: Run Behavior\ReadHtmlCacheBehavior [ RunTime:0.001396s ]
INFO: [ app_begin ] --END-- [ RunTime:0.001583s ]
ERR: 无法加载控制器:Public

[ 2016-03-27T16:21:46+08:00 ] 127.0.0.1 /hotel/
INFO: [ app_init ] --START--
INFO: Run Behavior\BuildLiteBehavior [ RunTime:0.000050s ]
INFO: [ app_init ] --END-- [ RunTime:0.001114s ]
INFO: [ app_begin ] --START--
INFO: Run Behavior\ReadHtmlCacheBehavior [ RunTime:0.001563s ]
INFO: [ app_begin ] --END-- [ RunTime:0.001840s ]
INFO: [ view_parse ] --START--
INFO: [ template_filter ] --START--
INFO: Run Behavior\ContentReplaceBehavior [ RunTime:0.000254s ]
INFO: [ template_filter ] --END-- [ RunTime:0.000587s ]
SQL: SHOW COLUMNS FROM `ht_news` [ RunTime:0.0115s ]
SQL: SELECT * FROM `ht_news`  [ RunTime:0.0006s ]
INFO: Run Behavior\ParseTemplateBehavior [ RunTime:0.061151s ]
INFO: [ view_parse ] --END-- [ RunTime:0.061322s ]
INFO: [ view_filter ] --START--
INFO: Run Behavior\WriteHtmlCacheBehavior [ RunTime:0.000829s ]
INFO: [ view_filter ] --END-- [ RunTime:0.001706s ]
INFO: [ app_end ] --START--
INFO: Run Behavior\ShowPageTraceBehavior [ RunTime:0.001900s ]
INFO: [ app_end ] --END-- [ RunTime:0.002281s ]

[ 2016-03-27T16:21:46+08:00 ] 127.0.0.1 /hotel/webuploader/server/upload/tpic_t_18143513.jpg
INFO: [ app_init ] --START--
INFO: Run Behavior\BuildLiteBehavior [ RunTime:0.000048s ]
INFO: [ app_init ] --END-- [ RunTime:0.000897s ]

[ 2016-03-27T16:21:46+08:00 ] 127.0.0.1 /hotel/Public/Home/Css/images/bg.jp
INFO: [ app_init ] --START--
INFO: Run Behavior\BuildLiteBehavior [ RunTime:0.000030s ]
INFO: [ app_init ] --END-- [ RunTime:0.000755s ]
INFO: [ app_begin ] --START--
INFO: Run Behavior\ReadHtmlCacheBehavior [ RunTime:0.000825s ]
INFO: [ app_begin ] --END-- [ RunTime:0.001014s ]
ERR: 无法加载控制器:Public

[ 2016-03-27T16:21:46+08:00 ] 127.0.0.1 /hotel/Public/Home/Css/images/cbg.jp
INFO: [ app_init ] --START--
INFO: Run Behavior\BuildLiteBehavior [ RunTime:0.000043s ]
INFO: [ app_init ] --END-- [ RunTime:0.000955s ]
INFO: [ app_begin ] --START--
INFO: Run Behavior\ReadHtmlCacheBehavior [ RunTime:0.001152s ]
INFO: [ app_begin ] --END-- [ RunTime:0.001369s ]
ERR: 无法加载控制器:Public

[ 2016-03-27T16:21:46+08:00 ] 127.0.0.1 /hotel/Public/Home/Css/Images/menu_style.gif
INFO: [ app_init ] --START--
INFO: Run Behavior\BuildLiteBehavior [ RunTime:0.000047s ]
INFO: [ app_init ] --END-- [ RunTime:0.000977s ]

[ 2016-03-27T16:21:46+08:00 ] 127.0.0.1 /hotel/webuploader/server/upload/tpic_t_18143513.jpg
INFO: [ app_init ] --START--
INFO: Run Behavior\BuildLiteBehavior [ RunTime:0.000052s ]
INFO: [ app_init ] --END-- [ RunTime:0.001198s ]

[ 2016-03-27T16:21:46+08:00 ] 127.0.0.1 /hotel/Public/Home/Css/images/lanmu_site.png
INFO: [ app_init ] --START--
INFO: Run Behavior\BuildLiteBehavior [ RunTime:0.000046s ]
INFO: [ app_init ] --END-- [ RunTime:0.001607s ]

[ 2016-03-27T16:21:46+08:00 ] 127.0.0.1 /hotel/Public/Home/Css/images/bottom.jp
INFO: [ app_init ] --START--
INFO: Run Behavior\BuildLiteBehavior [ RunTime:0.000039s ]
INFO: [ app_init ] --END-- [ RunTime:0.000765s ]
INFO: [ app_begin ] --START--
INFO: Run Behavior\ReadHtmlCacheBehavior [ RunTime:0.000929s ]
INFO: [ app_begin ] --END-- [ RunTime:0.001115s ]
ERR: 无法加载控制器:Public

[ 2016-03-27T16:22:40+08:00 ] 127.0.0.1 /hotel/
INFO: [ app_init ] --START--
INFO: Run Behavior\BuildLiteBehavior [ RunTime:0.000032s ]
INFO: [ app_init ] --END-- [ RunTime:0.000980s ]
INFO: [ app_begin ] --START--
INFO: Run Behavior\ReadHtmlCacheBehavior [ RunTime:0.001177s ]
INFO: [ app_begin ] --END-- [ RunTime:0.001331s ]
INFO: [ view_parse ] --START--
INFO: [ template_filter ] --START--
INFO: Run Behavior\ContentReplaceBehavior [ RunTime:0.000248s ]
INFO: [ template_filter ] --END-- [ RunTime:0.000489s ]
NOTIC: [8] Undefined variable: news G:\wamp\wamp\www\text\hotel\Runtime\Cache\Home\2a09bc7c9210959c45a760563e5a82e9.php 第 137 行.
INFO: Run Behavior\ParseTemplateBehavior [ RunTime:0.026223s ]
INFO: [ view_parse ] --END-- [ RunTime:0.026384s ]
INFO: [ view_filter ] --START--
INFO: Run Behavior\WriteHtmlCacheBehavior [ RunTime:0.001066s ]
INFO: [ view_filter ] --END-- [ RunTime:0.001192s ]
INFO: [ app_end ] --START--
INFO: Run Behavior\ShowPageTraceBehavior [ RunTime:0.000997s ]
INFO: [ app_end ] --END-- [ RunTime:0.001126s ]

[ 2016-03-27T16:22:40+08:00 ] 127.0.0.1 /hotel/webuploader/server/upload/tpic_t_18143513.jpg
INFO: [ app_init ] --START--
INFO: Run Behavior\BuildLiteBehavior [ RunTime:0.000054s ]
INFO: [ app_init ] --END-- [ RunTime:0.001108s ]

[ 2016-03-27T16:22:40+08:00 ] 127.0.0.1 /hotel/Public/Home/Css/images/bg.jp
INFO: [ app_init ] --START--
INFO: Run Behavior\BuildLiteBehavior [ RunTime:0.000028s ]
INFO: [ app_init ] --END-- [ RunTime:0.000620s ]
INFO: [ app_begin ] --START--
INFO: Run Behavior\ReadHtmlCacheBehavior [ RunTime:0.000715s ]
INFO: [ app_begin ] --END-- [ RunTime:0.000832s ]
ERR: 无法加载控制器:Public

[ 2016-03-27T16:22:40+08:00 ] 127.0.0.1 /hotel/webuploader/server/upload/tpic_t_18143513.jpg
INFO: [ app_init ] --START--
INFO: Run Behavior\BuildLiteBehavior [ RunTime:0.000058s ]
INFO: [ app_init ] --END-- [ RunTime:0.001062s ]

[ 2016-03-27T16:22:40+08:00 ] 127.0.0.1 /hotel/Public/Home/Css/images/lanmu_site.png
INFO: [ app_init ] --START--
INFO: Run Behavior\BuildLiteBehavior [ RunTime:0.000026s ]
INFO: [ app_init ] --END-- [ RunTime:0.000828s ]

[ 2016-03-27T16:22:40+08:00 ] 127.0.0.1 /hotel/Public/Home/Css/images/cbg.jp
INFO: [ app_init ] --START--
INFO: Run Behavior\BuildLiteBehavior [ RunTime:0.000125s ]
INFO: [ app_init ] --END-- [ RunTime:0.001284s ]
INFO: [ app_begin ] --START--
INFO: Run Behavior\ReadHtmlCacheBehavior [ RunTime:0.001479s ]
INFO: [ app_begin ] --END-- [ RunTime:0.001705s ]
ERR: 无法加载控制器:Public

[ 2016-03-27T16:22:40+08:00 ] 127.0.0.1 /hotel/Public/Home/Css/Images/menu_style.gif
INFO: [ app_init ] --START--
INFO: Run Behavior\BuildLiteBehavior [ RunTime:0.000046s ]
INFO: [ app_init ] --END-- [ RunTime:0.000932s ]

[ 2016-03-27T16:22:40+08:00 ] 127.0.0.1 /hotel/Public/Home/Css/images/bottom.jp
INFO: [ app_init ] --START--
INFO: Run Behavior\BuildLiteBehavior [ RunTime:0.000029s ]
INFO: [ app_init ] --END-- [ RunTime:0.000648s ]
INFO: [ app_begin ] --START--
INFO: Run Behavior\ReadHtmlCacheBehavior [ RunTime:0.000903s ]
INFO: [ app_begin ] --END-- [ RunTime:0.001063s ]
ERR: 无法加载控制器:Public

[ 2016-03-27T16:24:57+08:00 ] 127.0.0.1 /hotel/
INFO: [ app_init ] --START--
INFO: Run Behavior\BuildLiteBehavior [ RunTime:0.000040s ]
INFO: [ app_init ] --END-- [ RunTime:0.000926s ]
INFO: [ app_begin ] --START--
INFO: Run Behavior\ReadHtmlCacheBehavior [ RunTime:0.001801s ]
INFO: [ app_begin ] --END-- [ RunTime:0.002107s ]
INFO: [ view_parse ] --START--
INFO: [ template_filter ] --START--
INFO: Run Behavior\ContentReplaceBehavior [ RunTime:0.000417s ]
INFO: [ template_filter ] --END-- [ RunTime:0.000804s ]
SQL: SHOW COLUMNS FROM `ht_news` [ RunTime:0.0063s ]
SQL: SELECT * FROM `ht_news`  [ RunTime:0.0006s ]
INFO: [ view_parse ] --START--
INFO: [ template_filter ] --START--
INFO: Run Behavior\ContentReplaceBehavior [ RunTime:0.000363s ]
INFO: [ template_filter ] --END-- [ RunTime:-0.043755s ]
SQL: SELECT * FROM `ht_news`  [ RunTime:0.0007s ]
INFO: [ view_parse ] --START--
INFO: [ template_filter ] --START--
INFO: Run Behavior\ContentReplaceBehavior [ RunTime:0.000155s ]
INFO: [ template_filter ] --END-- [ RunTime:-0.058178s ]
SQL: SELECT * FROM `ht_news`  [ RunTime:0.0004s ]
INFO: [ view_parse ] --START--
INFO: [ template_filter ] --START--
INFO: Run Behavior\ContentReplaceBehavior [ RunTime:0.000152s ]
INFO: [ template_filter ] --END-- [ RunTime:-0.069586s ]
SQL: SELECT * FROM `ht_news`  [ RunTime:0.0006s ]
INFO: [ view_parse ] --START--
INFO: [ template_filter ] --START--
INFO: Run Behavior\ContentReplaceBehavior [ RunTime:0.000234s ]
INFO: [ template_filter ] --END-- [ RunTime:-0.085022s ]
SQL: SELECT * FROM `ht_news`  [ RunTime:0.0004s ]
INFO: [ view_parse ] --START--

[ 2016-03-27T16:24:57+08:00 ] 127.0.0.1 /hotel/webuploader/server/upload/tpic_t_18143513.jpg
INFO: [ app_init ] --START--
INFO: Run Behavior\BuildLiteBehavior [ RunTime:0.000062s ]
INFO: [ app_init ] --END-- [ RunTime:0.001269s ]

[ 2016-03-27T16:24:57+08:00 ] 127.0.0.1 /hotel/Public/Home/Css/images/bg.jp
INFO: [ app_init ] --START--
INFO: Run Behavior\BuildLiteBehavior [ RunTime:0.000028s ]
INFO: [ app_init ] --END-- [ RunTime:0.000615s ]
INFO: [ app_begin ] --START--
INFO: Run Behavior\ReadHtmlCacheBehavior [ RunTime:0.000700s ]
INFO: [ app_begin ] --END-- [ RunTime:0.000822s ]
ERR: 无法加载控制器:Public

[ 2016-03-27T16:24:57+08:00 ] 127.0.0.1 /hotel/webuploader/server/upload/tpic_t_18143513.jpg
INFO: [ app_init ] --START--
INFO: Run Behavior\BuildLiteBehavior [ RunTime:0.000049s ]
INFO: [ app_init ] --END-- [ RunTime:0.000984s ]

[ 2016-03-27T16:24:57+08:00 ] 127.0.0.1 /hotel/Public/Home/Css/images/lanmu_site.png
INFO: [ app_init ] --START--
INFO: Run Behavior\BuildLiteBehavior [ RunTime:0.000063s ]
INFO: [ app_init ] --END-- [ RunTime:0.001106s ]

[ 2016-03-27T16:24:57+08:00 ] 127.0.0.1 /hotel/Public/Home/Css/images/cbg.jp
INFO: [ app_init ] --START--
INFO: Run Behavior\BuildLiteBehavior [ RunTime:0.000036s ]
INFO: [ app_init ] --END-- [ RunTime:0.000772s ]
INFO: [ app_begin ] --START--
INFO: Run Behavior\ReadHtmlCacheBehavior [ RunTime:0.001188s ]
INFO: [ app_begin ] --END-- [ RunTime:0.001388s ]
ERR: 无法加载控制器:Public

[ 2016-03-27T16:24:57+08:00 ] 127.0.0.1 /hotel/Public/Home/Css/Images/menu_style.gif
INFO: [ app_init ] --START--
INFO: Run Behavior\BuildLiteBehavior [ RunTime:0.000049s ]
INFO: [ app_init ] --END-- [ RunTime:0.001025s ]

[ 2016-03-27T16:24:57+08:00 ] 127.0.0.1 /hotel/webuploader/server/upload/tpic_t_18143513.jpg
INFO: [ app_init ] --START--
INFO: Run Behavior\BuildLiteBehavior [ RunTime:0.000054s ]
INFO: [ app_init ] --END-- [ RunTime:0.001039s ]

[ 2016-03-27T16:24:58+08:00 ] 127.0.0.1 /hotel/webuploader/server/upload/tpic_t_18143513.jpg
INFO: [ app_init ] --START--
INFO: Run Behavior\BuildLiteBehavior [ RunTime:0.000029s ]
INFO: [ app_init ] --END-- [ RunTime:0.000724s ]

[ 2016-03-27T16:24:58+08:00 ] 127.0.0.1 /hotel/webuploader/server/upload/tpic_t_18143513.jpg
INFO: [ app_init ] --START--
INFO: Run Behavior\BuildLiteBehavior [ RunTime:0.000027s ]
INFO: [ app_init ] --END-- [ RunTime:0.000542s ]

[ 2016-03-27T16:24:59+08:00 ] 127.0.0.1 /hotel/webuploader/server/upload/tpic_t_18143513.jpg
INFO: [ app_init ] --START--
INFO: Run Behavior\BuildLiteBehavior [ RunTime:0.000074s ]
INFO: [ app_init ] --END-- [ RunTime:0.001023s ]

[ 2016-03-27T16:26:22+08:00 ] 127.0.0.1 /hotel/
INFO: [ app_init ] --START--
INFO: Run Behavior\BuildLiteBehavior [ RunTime:0.000078s ]
INFO: [ app_init ] --END-- [ RunTime:0.001482s ]
INFO: [ app_begin ] --START--
INFO: Run Behavior\ReadHtmlCacheBehavior [ RunTime:0.001354s ]
INFO: [ app_begin ] --END-- [ RunTime:0.001596s ]
INFO: [ view_parse ] --START--
INFO: [ template_filter ] --START--
INFO: Run Behavior\ContentReplaceBehavior [ RunTime:0.000169s ]
INFO: [ template_filter ] --END-- [ RunTime:0.000325s ]
INFO: Run Behavior\ParseTemplateBehavior [ RunTime:0.023941s ]
INFO: [ view_parse ] --END-- [ RunTime:0.024383s ]
INFO: [ view_filter ] --START--
INFO: Run Behavior\WriteHtmlCacheBehavior [ RunTime:0.000738s ]
INFO: [ view_filter ] --END-- [ RunTime:0.000880s ]
INFO: [ app_end ] --START--
INFO: Run Behavior\ShowPageTraceBehavior [ RunTime:0.001310s ]
INFO: [ app_end ] --END-- [ RunTime:0.001494s ]

[ 2016-03-27T16:26:22+08:00 ] 127.0.0.1 /hotel/webuploader/server/upload/tpic_t_18143513.jpg
INFO: [ app_init ] --START--
INFO: Run Behavior\BuildLiteBehavior [ RunTime:0.000029s ]
INFO: [ app_init ] --END-- [ RunTime:0.000637s ]

[ 2016-03-27T16:26:22+08:00 ] 127.0.0.1 /hotel/Public/Home/Css/images/bg.jp
INFO: [ app_init ] --START--
INFO: Run Behavior\BuildLiteBehavior [ RunTime:0.000046s ]
INFO: [ app_init ] --END-- [ RunTime:0.000837s ]
INFO: [ app_begin ] --START--
INFO: Run Behavior\ReadHtmlCacheBehavior [ RunTime:0.000936s ]
INFO: [ app_begin ] --END-- [ RunTime:0.001148s ]
ERR: 无法加载控制器:Public

[ 2016-03-27T16:26:22+08:00 ] 127.0.0.1 /hotel/Public/Home/Css/images/lanmu_site.png
INFO: [ app_init ] --START--
INFO: Run Behavior\BuildLiteBehavior [ RunTime:0.000054s ]
INFO: [ app_init ] --END-- [ RunTime:0.000990s ]

[ 2016-03-27T16:26:22+08:00 ] 127.0.0.1 /hotel/webuploader/server/upload/tpic_t_18143513.jpg
INFO: [ app_init ] --START--
INFO: Run Behavior\BuildLiteBehavior [ RunTime:0.000045s ]
INFO: [ app_init ] --END-- [ RunTime:0.000930s ]

[ 2016-03-27T16:26:22+08:00 ] 127.0.0.1 /hotel/Public/Home/Css/images/cbg.jp
INFO: [ app_init ] --START--
INFO: Run Behavior\BuildLiteBehavior [ RunTime:0.000058s ]
INFO: [ app_init ] --END-- [ RunTime:0.001015s ]
INFO: [ app_begin ] --START--
INFO: Run Behavior\ReadHtmlCacheBehavior [ RunTime:0.001278s ]
INFO: [ app_begin ] --END-- [ RunTime:0.001575s ]
ERR: 无法加载控制器:Public

[ 2016-03-27T16:26:22+08:00 ] 127.0.0.1 /hotel/Public/Home/Css/Images/menu_style.gif
INFO: [ app_init ] --START--
INFO: Run Behavior\BuildLiteBehavior [ RunTime:0.000043s ]
INFO: [ app_init ] --END-- [ RunTime:0.001276s ]

[ 2016-03-27T16:26:22+08:00 ] 127.0.0.1 /hotel/Public/Home/Css/images/bottom.jp
INFO: [ app_init ] --START--
INFO: Run Behavior\BuildLiteBehavior [ RunTime:0.000027s ]
INFO: [ app_init ] --END-- [ RunTime:0.000577s ]
INFO: [ app_begin ] --START--
INFO: Run Behavior\ReadHtmlCacheBehavior [ RunTime:0.000675s ]
INFO: [ app_begin ] --END-- [ RunTime:0.000800s ]
ERR: 无法加载控制器:Public

[ 2016-03-27T16:27:40+08:00 ] 127.0.0.1 /hotel/
INFO: [ app_init ] --START--
INFO: Run Behavior\BuildLiteBehavior [ RunTime:0.000069s ]
INFO: [ app_init ] --END-- [ RunTime:0.001191s ]
INFO: [ app_begin ] --START--
INFO: Run Behavior\ReadHtmlCacheBehavior [ RunTime:0.001370s ]
INFO: [ app_begin ] --END-- [ RunTime:0.001591s ]
INFO: [ view_parse ] --START--
INFO: [ template_filter ] --START--
INFO: Run Behavior\ContentReplaceBehavior [ RunTime:0.000227s ]
INFO: [ template_filter ] --END-- [ RunTime:0.000411s ]
INFO: Run Behavior\ParseTemplateBehavior [ RunTime:0.023415s ]
INFO: [ view_parse ] --END-- [ RunTime:0.023674s ]
INFO: [ view_filter ] --START--
INFO: Run Behavior\WriteHtmlCacheBehavior [ RunTime:0.001516s ]
INFO: [ view_filter ] --END-- [ RunTime:0.001791s ]
INFO: [ app_end ] --START--
INFO: Run Behavior\ShowPageTraceBehavior [ RunTime:0.001649s ]
INFO: [ app_end ] --END-- [ RunTime:0.001826s ]

[ 2016-03-27T16:27:40+08:00 ] 127.0.0.1 /hotel/webuploader/server/upload/tpic_t_18143513.jpg
INFO: [ app_init ] --START--
INFO: Run Behavior\BuildLiteBehavior [ RunTime:0.000047s ]
INFO: [ app_init ] --END-- [ RunTime:0.001019s ]

[ 2016-03-27T16:27:40+08:00 ] 127.0.0.1 /hotel/Public/Home/Css/images/bg.jp
INFO: [ app_init ] --START--
INFO: Run Behavior\BuildLiteBehavior [ RunTime:0.000038s ]
INFO: [ app_init ] --END-- [ RunTime:0.000595s ]
INFO: [ app_begin ] --START--
INFO: Run Behavior\ReadHtmlCacheBehavior [ RunTime:0.000706s ]
INFO: [ app_begin ] --END-- [ RunTime:0.000829s ]
ERR: 无法加载控制器:Public

[ 2016-03-27T16:27:40+08:00 ] 127.0.0.1 /hotel/webuploader/server/upload/tpic_t_18143513.jpg
INFO: [ app_init ] --START--
INFO: Run Behavior\BuildLiteBehavior [ RunTime:0.000057s ]
INFO: [ app_init ] --END-- [ RunTime:0.001058s ]

[ 2016-03-27T16:27:40+08:00 ] 127.0.0.1 /hotel/Public/Home/Css/Images/menu_style.gif
INFO: [ app_init ] --START--
INFO: Run Behavior\BuildLiteBehavior [ RunTime:0.000044s ]
INFO: [ app_init ] --END-- [ RunTime:0.000944s ]

[ 2016-03-27T16:27:40+08:00 ] 127.0.0.1 /hotel/Public/Home/Css/images/lanmu_site.png
INFO: [ app_init ] --START--
INFO: Run Behavior\BuildLiteBehavior [ RunTime:0.000048s ]
INFO: [ app_init ] --END-- [ RunTime:0.000939s ]

[ 2016-03-27T16:27:40+08:00 ] 127.0.0.1 /hotel/Public/Home/Css/images/cbg.jp
INFO: [ app_init ] --START--
INFO: Run Behavior\BuildLiteBehavior [ RunTime:0.000271s ]
INFO: [ app_init ] --END-- [ RunTime:0.003685s ]
INFO: [ app_begin ] --START--
INFO: Run Behavior\ReadHtmlCacheBehavior [ RunTime:0.001261s ]
INFO: [ app_begin ] --END-- [ RunTime:0.001486s ]
ERR: 无法加载控制器:Public

[ 2016-03-27T16:27:41+08:00 ] 127.0.0.1 /hotel/Public/Home/Css/images/bottom.jp
INFO: [ app_init ] --START--
INFO: Run Behavior\BuildLiteBehavior [ RunTime:0.000030s ]
INFO: [ app_init ] --END-- [ RunTime:0.000643s ]
INFO: [ app_begin ] --START--
INFO: Run Behavior\ReadHtmlCacheBehavior [ RunTime:0.000978s ]
INFO: [ app_begin ] --END-- [ RunTime:0.001182s ]
ERR: 无法加载控制器:Public

[ 2016-03-27T16:47:29+08:00 ] 127.0.0.1 /hotel/
INFO: [ app_init ] --START--
INFO: Run Behavior\BuildLiteBehavior [ RunTime:0.000065s ]
INFO: [ app_init ] --END-- [ RunTime:0.002339s ]
INFO: [ app_begin ] --START--
INFO: Run Behavior\ReadHtmlCacheBehavior [ RunTime:0.001560s ]
INFO: [ app_begin ] --END-- [ RunTime:0.001987s ]
SQL: SHOW COLUMNS FROM `ht_news` [ RunTime:0.0087s ]
SQL: SELECT * FROM `ht_news`  [ RunTime:0.0008s ]
INFO: [ view_parse ] --START--
INFO: [ template_filter ] --START--
INFO: Run Behavior\ContentReplaceBehavior [ RunTime:0.000153s ]
INFO: [ template_filter ] --END-- [ RunTime:0.000293s ]
INFO: Run Behavior\ParseTemplateBehavior [ RunTime:0.022628s ]
INFO: [ view_parse ] --END-- [ RunTime:0.022829s ]
INFO: [ view_filter ] --START--
INFO: Run Behavior\WriteHtmlCacheBehavior [ RunTime:0.002072s ]
INFO: [ view_filter ] --END-- [ RunTime:0.002258s ]
INFO: [ app_end ] --START--
INFO: Run Behavior\ShowPageTraceBehavior [ RunTime:0.002156s ]
INFO: [ app_end ] --END-- [ RunTime:0.002355s ]

[ 2016-03-27T16:47:29+08:00 ] 127.0.0.1 /hotel/webuploader/server/upload/tpic_t_18143513.jpg
INFO: [ app_init ] --START--
INFO: Run Behavior\BuildLiteBehavior [ RunTime:0.000053s ]
INFO: [ app_init ] --END-- [ RunTime:0.001056s ]

[ 2016-03-27T16:47:29+08:00 ] 127.0.0.1 /hotel/Public/Home/Css/images/bg.jp
INFO: [ app_init ] --START--
INFO: Run Behavior\BuildLiteBehavior [ RunTime:0.000028s ]
INFO: [ app_init ] --END-- [ RunTime:0.000603s ]
INFO: [ app_begin ] --START--
INFO: Run Behavior\ReadHtmlCacheBehavior [ RunTime:0.000971s ]
INFO: [ app_begin ] --END-- [ RunTime:0.001144s ]
ERR: 无法加载控制器:Public

[ 2016-03-27T16:47:29+08:00 ] 127.0.0.1 /hotel/webuploader/server/upload/tpic_t_18143513.jpg
INFO: [ app_init ] --START--
INFO: Run Behavior\BuildLiteBehavior [ RunTime:0.000042s ]
INFO: [ app_init ] --END-- [ RunTime:0.001226s ]

[ 2016-03-27T16:47:29+08:00 ] 127.0.0.1 /hotel/Public/Home/Css/images/cbg.jp
INFO: [ app_init ] --START--
INFO: Run Behavior\BuildLiteBehavior [ RunTime:0.000050s ]
INFO: [ app_init ] --END-- [ RunTime:0.001018s ]
INFO: [ app_begin ] --START--
INFO: Run Behavior\ReadHtmlCacheBehavior [ RunTime:0.001367s ]
INFO: [ app_begin ] --END-- [ RunTime:0.001588s ]
ERR: 无法加载控制器:Public

[ 2016-03-27T16:47:29+08:00 ] 127.0.0.1 /hotel/Public/Home/Css/images/lanmu_site.png
INFO: [ app_init ] --START--
INFO: Run Behavior\BuildLiteBehavior [ RunTime:0.000033s ]
INFO: [ app_init ] --END-- [ RunTime:0.000948s ]

[ 2016-03-27T16:47:29+08:00 ] 127.0.0.1 /hotel/Public/Home/Css/Images/menu_style.gif
INFO: [ app_init ] --START--
INFO: Run Behavior\BuildLiteBehavior [ RunTime:0.000031s ]
INFO: [ app_init ] --END-- [ RunTime:0.000739s ]

[ 2016-03-27T16:47:30+08:00 ] 127.0.0.1 /hotel/Public/Home/Css/images/bottom.jp
INFO: [ app_init ] --START--
INFO: Run Behavior\BuildLiteBehavior [ RunTime:0.000128s ]
INFO: [ app_init ] --END-- [ RunTime:0.001604s ]
INFO: [ app_begin ] --START--
INFO: Run Behavior\ReadHtmlCacheBehavior [ RunTime:0.002517s ]
INFO: [ app_begin ] --END-- [ RunTime:0.002941s ]
ERR: 无法加载控制器:Public

[ 2016-03-27T16:47:58+08:00 ] 127.0.0.1 /hotel/
INFO: [ app_init ] --START--
INFO: Run Behavior\BuildLiteBehavior [ RunTime:0.000032s ]
INFO: [ app_init ] --END-- [ RunTime:0.001154s ]
INFO: [ app_begin ] --START--
INFO: Run Behavior\ReadHtmlCacheBehavior [ RunTime:0.000937s ]
INFO: [ app_begin ] --END-- [ RunTime:0.001487s ]
SQL: SHOW COLUMNS FROM `ht_news` [ RunTime:0.0133s ]
SQL: SELECT * FROM `ht_news` LIMIT 5   [ RunTime:0.0061s ]
INFO: [ view_parse ] --START--
INFO: [ template_filter ] --START--
INFO: Run Behavior\ContentReplaceBehavior [ RunTime:0.000159s ]
INFO: [ template_filter ] --END-- [ RunTime:0.000322s ]
INFO: Run Behavior\ParseTemplateBehavior [ RunTime:0.022970s ]
INFO: [ view_parse ] --END-- [ RunTime:0.023168s ]
INFO: [ view_filter ] --START--
INFO: Run Behavior\WriteHtmlCacheBehavior [ RunTime:0.001272s ]
INFO: [ view_filter ] --END-- [ RunTime:0.001546s ]
INFO: [ app_end ] --START--
INFO: Run Behavior\ShowPageTraceBehavior [ RunTime:0.000998s ]
INFO: [ app_end ] --END-- [ RunTime:0.001162s ]

[ 2016-03-27T16:47:58+08:00 ] 127.0.0.1 /hotel/webuploader/server/upload/tpic_t_18143513.jpg
INFO: [ app_init ] --START--
INFO: Run Behavior\BuildLiteBehavior [ RunTime:0.000115s ]
INFO: [ app_init ] --END-- [ RunTime:0.002806s ]

[ 2016-03-27T16:47:58+08:00 ] 127.0.0.1 /hotel/Public/Home/Css/images/bg.jp
INFO: [ app_init ] --START--
INFO: Run Behavior\BuildLiteBehavior [ RunTime:0.000038s ]
INFO: [ app_init ] --END-- [ RunTime:0.000632s ]
INFO: [ app_begin ] --START--
INFO: Run Behavior\ReadHtmlCacheBehavior [ RunTime:0.000682s ]
INFO: [ app_begin ] --END-- [ RunTime:0.000825s ]
ERR: 无法加载控制器:Public

[ 2016-03-27T16:47:58+08:00 ] 127.0.0.1 /hotel/Public/Home/Css/images/cbg.jp
INFO: [ app_init ] --START--
INFO: Run Behavior\BuildLiteBehavior [ RunTime:0.000028s ]
INFO: [ app_init ] --END-- [ RunTime:0.000633s ]
INFO: [ app_begin ] --START--
INFO: Run Behavior\ReadHtmlCacheBehavior [ RunTime:0.000799s ]
INFO: [ app_begin ] --END-- [ RunTime:0.000949s ]
ERR: 无法加载控制器:Public

[ 2016-03-27T16:47:58+08:00 ] 127.0.0.1 /hotel/webuploader/server/upload/tpic_t_18143513.jpg
INFO: [ app_init ] --START--
INFO: Run Behavior\BuildLiteBehavior [ RunTime:0.000044s ]
INFO: [ app_init ] --END-- [ RunTime:0.000893s ]

[ 2016-03-27T16:47:58+08:00 ] 127.0.0.1 /hotel/Public/Home/Css/Images/menu_style.gif
INFO: [ app_init ] --START--
INFO: Run Behavior\BuildLiteBehavior [ RunTime:0.000047s ]
INFO: [ app_init ] --END-- [ RunTime:0.001261s ]

[ 2016-03-27T16:47:58+08:00 ] 127.0.0.1 /hotel/Public/Home/Css/images/lanmu_site.png
INFO: [ app_init ] --START--
INFO: Run Behavior\BuildLiteBehavior [ RunTime:0.000049s ]
INFO: [ app_init ] --END-- [ RunTime:0.000975s ]

[ 2016-03-27T16:47:58+08:00 ] 127.0.0.1 /hotel/Public/Home/Css/images/bottom.jp
INFO: [ app_init ] --START--
INFO: Run Behavior\BuildLiteBehavior [ RunTime:0.000203s ]
INFO: [ app_init ] --END-- [ RunTime:0.002099s ]
INFO: [ app_begin ] --START--
INFO: Run Behavior\ReadHtmlCacheBehavior [ RunTime:0.002428s ]
INFO: [ app_begin ] --END-- [ RunTime:0.003295s ]
ERR: 无法加载控制器:Public

