[ 2016-03-18T19:40:51+08:00 ] 127.0.0.1 /hotel/
INFO: [ app_init ] --START--
INFO: Run Behavior\BuildLiteBehavior [ RunTime:0.000030s ]
INFO: [ app_init ] --END-- [ RunTime:0.000716s ]
INFO: [ app_begin ] --START--
INFO: Run Behavior\ReadHtmlCacheBehavior [ RunTime:0.000831s ]
INFO: [ app_begin ] --END-- [ RunTime:0.000948s ]
INFO: [ view_parse ] --START--
INFO: [ template_filter ] --START--
INFO: Run Behavior\ContentReplaceBehavior [ RunTime:0.000135s ]
INFO: [ template_filter ] --END-- [ RunTime:0.000263s ]
INFO: Run Behavior\ParseTemplateBehavior [ RunTime:0.025953s ]
INFO: [ view_parse ] --END-- [ RunTime:0.026114s ]
INFO: [ view_filter ] --START--
INFO: Run Behavior\WriteHtmlCacheBehavior [ RunTime:0.000496s ]
INFO: [ view_filter ] --END-- [ RunTime:0.000598s ]
INFO: [ app_end ] --START--
INFO: Run Behavior\ShowPageTraceBehavior [ RunTime:0.000725s ]
INFO: [ app_end ] --END-- [ RunTime:0.000831s ]

[ 2016-03-18T19:40:51+08:00 ] 127.0.0.1 /hotel/e/upload/s1/article/image/2012-11/tpic_t_18225122.jpg
INFO: [ app_init ] --START--
INFO: Run Behavior\BuildLiteBehavior [ RunTime:0.000051s ]
INFO: [ app_init ] --END-- [ RunTime:0.000945s ]

[ 2016-03-18T19:40:51+08:00 ] 127.0.0.1 /hotel/e/upload/s1/article/image/2012-11/tpic_t_18143553.jpg
INFO: [ app_init ] --START--
INFO: Run Behavior\BuildLiteBehavior [ RunTime:0.000040s ]
INFO: [ app_init ] --END-- [ RunTime:0.000798s ]

[ 2016-03-18T19:40:51+08:00 ] 127.0.0.1 /hotel/e/upload/s1/article/image/2012-11/tpic_t_18143835.jpg
INFO: [ app_init ] --START--
INFO: Run Behavior\BuildLiteBehavior [ RunTime:0.000052s ]
INFO: [ app_init ] --END-- [ RunTime:0.000938s ]

[ 2016-03-18T19:40:51+08:00 ] 127.0.0.1 /hotel/e/upload/s1/article/image/2012-11/tpic_t_18143853.jpg
INFO: [ app_init ] --START--
INFO: Run Behavior\BuildLiteBehavior [ RunTime:0.000045s ]
INFO: [ app_init ] --END-- [ RunTime:0.001111s ]

[ 2016-03-18T19:40:51+08:00 ] 127.0.0.1 /hotel/e/upload/s1/article/image/2012-11/tpic_t_18143632.jpg
INFO: [ app_init ] --START--
INFO: Run Behavior\BuildLiteBehavior [ RunTime:0.000067s ]
INFO: [ app_init ] --END-- [ RunTime:0.002606s ]

[ 2016-03-18T19:40:51+08:00 ] 127.0.0.1 /hotel/e/upload/s1/article/image/2012-11/tpic_t_18143513.jpg
INFO: [ app_init ] --START--
INFO: Run Behavior\BuildLiteBehavior [ RunTime:0.000044s ]
INFO: [ app_init ] --END-- [ RunTime:0.000853s ]

[ 2016-03-18T19:40:51+08:00 ] 127.0.0.1 /hotel/e/upload/s1/article/image/2012-11/tpic_t_18143658.jpg
INFO: [ app_init ] --START--
INFO: Run Behavior\BuildLiteBehavior [ RunTime:0.000046s ]
INFO: [ app_init ] --END-- [ RunTime:0.001976s ]

[ 2016-03-18T19:40:51+08:00 ] 127.0.0.1 /hotel/e/upload/s1/fck/image/2012-11/17133202.jpg
INFO: [ app_init ] --START--
INFO: Run Behavior\BuildLiteBehavior [ RunTime:0.000052s ]
INFO: [ app_init ] --END-- [ RunTime:0.001236s ]

3201s ]

[ 2016-03-18T19:40:52+08:00 ] 127.0.0.1 /hotel/e/upload/s1/article/image/2012-11/tpic_t_18143716.jpg
INFO: [ app_init ] --START--
INFO: Run Behavior\BuildLiteBehavior [ RunTime:0.000046s ]
INFO: [ app_init ] --END-- [ RunTime:0.000846s ]

[ 2016-03-18T19:40:52+08:00 ] 127.0.0.1 /hotel/e/upload/s1/article/image/2012-11/tpic_t_18143658.jpg
INFO: [ app_init ] --START--
INFO: Run Behavior\BuildLiteBehavior [ RunTime:0.000050s ]
INFO: [ app_init ] --END-- [ RunTime:0.000873s ]

[ 2016-03-18T19:40:52+08:00 ] 127.0.0.1 /hotel/e/upload/s1/article/image/2012-11/tpic_t_18143835.jpg
INFO: [ app_init ] --START--
INFO: Run Behavior\BuildLiteBehavior [ RunTime:0.000046s ]
INFO: [ app_init ] --END-- [ RunTime:0.001411s ]

[ 2016-03-18T19:40:52+08:00 ] 127.0.0.1 /hotel/e/upload/s1/article/image/2012-11/tpic_t_18143632.jpg
INFO: [ app_init ] --START--
INFO: Run Behavior\BuildLiteBehavior [ RunTime:0.000045s ]
INFO: [ app_init ] --END-- [ RunTime:0.000855s ]

[ 2016-03-18T19:40:52+08:00 ] 127.0.0.1 /hotel/e/upload/s1/article/image/2012-11/tpic_t_18143853.jpg
INFO: [ app_init ] --START--
INFO: Run Behavior\BuildLiteBehavior [ RunTime:0.000046s ]
INFO: [ app_init ] --END-- [ RunTime:0.003000s ]

[ 2016-03-18T19:40:52+08:00 ] 127.0.0.1 /hotel/e/upload/s1/article/image/2012-11/tpic_t_18143513.jpg
INFO: [ app_init ] --START--
INFO: Run Behavior\BuildLiteBehavior [ RunTime:0.000083s ]
INFO: [ app_init ] --END-- [ RunTime:0.001808s ]

[ 2016-03-18T19:40:52+08:00 ] 127.0.0.1 /hotel/e/upload/s1/article/image/2012-11/tpic_t_18143553.jpg
INFO: [ app_init ] --START--
INFO: Run Behavior\BuildLiteBehavior [ RunTime:0.000044s ]
INFO: [ app_init ] --END-- [ RunTime:0.000836s ]

[ 2016-03-18T19:40:52+08:00 ] 127.0.0.1 /hotel/e/upload/s1/article/image/2012-11/tpic_t_18225122.jpg
INFO: [ app_init ] --START--
INFO: Run Behavior\BuildLiteBehavior [ RunTime:0.000048s ]
INFO: [ app_init ] --END-- [ RunTime:0.000881s ]

[ 2016-03-18T19:40:52+08:00 ] 127.0.0.1 /hotel/Public/Home/Css/images/bg.jp
INFO: [ app_init ] --START--
INFO: Run Behavior\BuildLiteBehavior [ RunTime:0.000082s ]
INFO: [ app_init ] --END-- [ RunTime:0.002979s ]
INFO: [ app_begin ] --START--
INFO: Run Behavior\ReadHtmlCacheBehavior [ RunTime:0.001146s ]
INFO: [ app_begin ] --END-- [ RunTime:0.001367s ]
ERR: 无法加载控制器:Public

[ 2016-03-18T19:40:52+08:00 ] 127.0.0.1 /hotel/Public/Home/Css/images/cbg.jp
INFO: [ app_init ] --START--
INFO: Run Behavior\BuildLiteBehavior [ RunTime:0.000072s ]
INFO: [ app_init ] --END-- [ RunTime:0.001162s ]
INFO: [ app_begin ] --START--
INFO: Run Behavior\ReadHtmlCacheBehavior [ RunTime:0.000918s ]
INFO: [ app_begin ] --END-- [ RunTime:0.001090s ]
ERR: 无法加载控制器:Public

[ 2016-03-18T19:40:52+08:00 ] 127.0.0.1 /hotel/Public/Home/Css/Images/menu_style.gif
INFO: [ app_init ] --START--
INFO: Run Behavior\BuildLiteBehavior [ RunTime:0.000025s ]
INFO: [ app_init ] --END-- [ RunTime:0.000550s ]

[ 2016-03-18T19:40:52+08:00 ] 127.0.0.1 /hotel/Public/Home/Css/images/lanmu_site.png
INFO: [ app_init ] --START--
INFO: Run Behavior\BuildLiteBehavior [ RunTime:0.000046s ]
INFO: [ app_init ] --END-- [ RunTime:0.000784s ]

[ 2016-03-18T19:40:52+08:00 ] 127.0.0.1 /hotel/e/upload/s1/fck/image/2012-11/17133202.jpg
INFO: [ app_init ] --START--
INFO: Run Behavior\BuildLiteBehavior [ RunTime:0.000041s ]
INFO: [ app_init ] --END-- [ RunTime:0.001397s ]

[ 2016-03-18T19:40:53+08:00 ] 127.0.0.1 /hotel/Public/Home/Css/images/bottom.jp
INFO: [ app_init ] --START--
INFO: Run Behavior\BuildLiteBehavior [ RunTime:0.000056s ]
INFO: [ app_init ] --END-- [ RunTime:0.001094s ]
INFO: [ app_begin ] --START--
INFO: Run Behavior\ReadHtmlCacheBehavior [ RunTime:0.000947s ]
INFO: [ app_begin ] --END-- [ RunTime:0.001171s ]
ERR: 无法加载控制器:Public

[ 2016-03-18T19:40:57+08:00 ] 127.0.0.1 /hotel/Intro/index.html
INFO: [ app_init ] --START--
INFO: Run Behavior\BuildLiteBehavior [ RunTime:0.000307s ]
INFO: [ app_init ] --END-- [ RunTime:0.004168s ]
INFO: [ app_begin ] --START--
INFO: Run Behavior\ReadHtmlCacheBehavior [ RunTime:0.001262s ]
INFO: [ app_begin ] --END-- [ RunTime:0.001588s ]
SQL: SHOW COLUMNS FROM `ht_cate` [ RunTime:0.0565s ]
SQL: SELECT * FROM `ht_cate` WHERE `pid` = 1  [ RunTime:0.0007s ]
SQL: SHOW COLUMNS FROM `ht_intro` [ RunTime:0.0343s ]
SQL: SELECT * FROM `ht_intro` WHERE `cid` = 0  [ RunTime:0.0007s ]
INFO: [ view_parse ] --START--
INFO: [ template_filter ] --START--
INFO: Run Behavior\ContentReplaceBehavior [ RunTime:0.000452s ]
INFO: [ template_filter ] --END-- [ RunTime:0.000728s ]
INFO: Run Behavior\ParseTemplateBehavior [ RunTime:0.031366s ]
INFO: [ view_parse ] --END-- [ RunTime:0.031573s ]
INFO: [ view_filter ] --START--
INFO: Run Behavior\WriteHtmlCacheBehavior [ RunTime:0.000693s ]
INFO: [ view_filter ] --END-- [ RunTime:0.000899s ]
INFO: [ app_end ] --START--
INFO: Run Behavior\ShowPageTraceBehavior [ RunTime:0.000906s ]
INFO: [ app_end ] --END-- [ RunTime:0.001045s ]

[ 2016-03-18T19:40:57+08:00 ] 127.0.0.1 /hotel/Public/Home/Css/images/bg.jp
INFO: [ app_init ] --START--
INFO: Run Behavior\BuildLiteBehavior [ RunTime:0.000025s ]
INFO: [ app_init ] --END-- [ RunTime:0.000597s ]
INFO: [ app_begin ] --START--
INFO: Run Behavior\ReadHtmlCacheBehavior [ RunTime:0.000796s ]
INFO: [ app_begin ] --END-- [ RunTime:0.000925s ]
ERR: 无法加载控制器:Public

[ 2016-03-18T19:40:57+08:00 ] 127.0.0.1 /hotel/Public/Home/Css/images/cbg.jp
INFO: [ app_init ] --START--
INFO: Run Behavior\BuildLiteBehavior [ RunTime:0.000051s ]
INFO: [ app_init ] --END-- [ RunTime:0.000898s ]
INFO: [ app_begin ] --START--
INFO: Run Behavior\ReadHtmlCacheBehavior [ RunTime:0.001240s ]
INFO: [ app_begin ] --END-- [ RunTime:0.001480s ]
ERR: 无法加载控制器:Public

[ 2016-03-18T19:40:57+08:00 ] 127.0.0.1 /hotel/Public/Home/Css/Images/menu_style.gif
INFO: [ app_init ] --START--
INFO: Run Behavior\BuildLiteBehavior [ RunTime:0.000053s ]
INFO: [ app_init ] --END-- [ RunTime:0.003913s ]

[ 2016-03-18T19:40:57+08:00 ] 127.0.0.1 /hotel/Public/Home/Css/Images/rgithbg.gif
INFO: [ app_init ] --START--
INFO: Run Behavior\BuildLiteBehavior [ RunTime:0.000041s ]
INFO: [ app_init ] --END-- [ RunTime:0.000852s ]

[ 2016-03-18T19:40:57+08:00 ] 127.0.0.1 /hotel/Public/Home/Css/images/nav_menu_list.jp
INFO: [ app_init ] --START--
INFO: Run Behavior\BuildLiteBehavior [ RunTime:0.000049s ]
INFO: [ app_init ] --END-- [ RunTime:0.001018s ]
INFO: [ app_begin ] --START--
INFO: Run Behavior\ReadHtmlCacheBehavior [ RunTime:0.001393s ]
INFO: [ app_begin ] --END-- [ RunTime:0.001587s ]
ERR: 无法加载控制器:Public

[ 2016-03-18T19:40:58+08:00 ] 127.0.0.1 /hotel/Public/Home/Css/images/lanmu_site.png
INFO: [ app_init ] --START--
INFO: Run Behavior\BuildLiteBehavior [ RunTime:0.000051s ]
INFO: [ app_init ] --END-- [ RunTime:0.001258s ]

[ 2016-03-18T19:40:58+08:00 ] 127.0.0.1 /hotel/Public/Home/Css/images/bottom.jp
INFO: [ app_init ] --START--
INFO: Run Behavior\BuildLiteBehavior [ RunTime:0.000043s ]
INFO: [ app_init ] --END-- [ RunTime:0.000891s ]
INFO: [ app_begin ] --START--
INFO: Run Behavior\ReadHtmlCacheBehavior [ RunTime:0.000744s ]
INFO: [ app_begin ] --END-- [ RunTime:0.000924s ]
ERR: 无法加载控制器:Public

[ 2016-03-18T19:40:58+08:00 ] 127.0.0.1 /hotel/Room/index.html
INFO: [ app_init ] --START--
INFO: Run Behavior\BuildLiteBehavior [ RunTime:0.000049s ]
INFO: [ app_init ] --END-- [ RunTime:0.000951s ]
INFO: [ app_begin ] --START--
INFO: Run Behavior\ReadHtmlCacheBehavior [ RunTime:0.001639s ]
INFO: [ app_begin ] --END-- [ RunTime:0.001848s ]
INFO: [ view_parse ] --START--
INFO: [ template_filter ] --START--
INFO: Run Behavior\ContentReplaceBehavior [ RunTime:0.000229s ]
INFO: [ template_filter ] --END-- [ RunTime:0.000478s ]
INFO: Run Behavior\ParseTemplateBehavior [ RunTime:0.015635s ]
INFO: [ view_parse ] --END-- [ RunTime:0.015863s ]
INFO: [ view_filter ] --START--
INFO: Run Behavior\WriteHtmlCacheBehavior [ RunTime:0.000435s ]
INFO: [ view_filter ] --END-- [ RunTime:0.000542s ]
INFO: [ app_end ] --START--
INFO: Run Behavior\ShowPageTraceBehavior [ RunTime:0.000790s ]
INFO: [ app_end ] --END-- [ RunTime:0.000920s ]

[ 2016-03-18T19:40:59+08:00 ] 127.0.0.1 /hotel/e/upload/s1/article/image/2012-11/tpic_t_18143853.jpg
INFO: [ app_init ] --START--
INFO: Run Behavior\BuildLiteBehavior [ RunTime:0.000098s ]
INFO: [ app_init ] --END-- [ RunTime:0.001614s ]

[ 2016-03-18T19:40:59+08:00 ] 127.0.0.1 /hotel/e/upload/s1/article/image/2012-11/tpic_t_18225122.jpg
INFO: [ app_init ] --START--
INFO: Run Behavior\BuildLiteBehavior [ RunTime:0.000054s ]
INFO: [ app_init ] --END-- [ RunTime:0.001084s ]

[ 2016-03-18T19:40:59+08:00 ] 127.0.0.1 /hotel/e/upload/s1/article/image/2012-11/tpic_t_18143835.jpg
INFO: [ app_init ] --START--
INFO: Run Behavior\BuildLiteBehavior [ RunTime:0.000064s ]
INFO: [ app_init ] --END-- [ RunTime:0.001121s ]

[ 2016-03-18T19:40:59+08:00 ] 127.0.0.1 /hotel/e/upload/s1/article/image/2012-11/tpic_t_18143632.jpg
INFO: [ app_init ] --START--
INFO: Run Behavior\BuildLiteBehavior [ RunTime:0.000045s ]
INFO: [ app_init ] --END-- [ RunTime:0.000887s ]

[ 2016-03-18T19:40:59+08:00 ] 127.0.0.1 /hotel/e/upload/s1/article/image/2012-11/tpic_t_18143513.jpg
INFO: [ app_init ] --START--
INFO: Run Behavior\BuildLiteBehavior [ RunTime:0.000046s ]
INFO: [ app_init ] --END-- [ RunTime:0.000830s ]

[ 2016-03-18T19:40:59+08:00 ] 127.0.0.1 /hotel/e/upload/s1/article/image/2012-11/tpic_t_18143658.jpg
INFO: [ app_init ] --START--
INFO: Run Behavior\BuildLiteBehavior [ RunTime:0.000041s ]
INFO: [ app_init ] --END-- [ RunTime:0.001012s ]

[ 2016-03-18T19:40:59+08:00 ] 127.0.0.1 /hotel/e/upload/s1/article/image/2012-11/tpic_t_18143553.jpg
INFO: [ app_init ] --START--
INFO: Run Behavior\BuildLiteBehavior [ RunTime:0.000049s ]
INFO: [ app_init ] --END-- [ RunTime:0.003488s ]

[ 2016-03-18T19:40:59+08:00 ] 127.0.0.1 /hotel/e/upload/s1/article/image/2012-11/tpic_t_18143441.jpg
INFO: [ app_init ] --START--
INFO: Run Behavior\BuildLiteBehavior [ RunTime:0.000054s ]
INFO: [ app_init ] --END-- [ RunTime:0.001108s ]

[ 2016-03-18T19:40:59+08:00 ] 127.0.0.1 /hotel/e/upload/s1/article/image/2012-11/tpic_t_18143716.jpg
INFO: [ app_init ] --START--
INFO: Run Behavior\BuildLiteBehavior [ RunTime:0.000041s ]
INFO: [ app_init ] --END-- [ RunTime:0.001063s ]

[ 2016-03-18T19:40:59+08:00 ] 127.0.0.1 /hotel/Public/Home/Css/images/bg.jp
INFO: [ app_init ] --START--
INFO: Run Behavior\BuildLiteBehavior [ RunTime:0.000038s ]
INFO: [ app_init ] --END-- [ RunTime:0.000635s ]
INFO: [ app_begin ] --START--
INFO: Run Behavior\ReadHtmlCacheBehavior [ RunTime:0.000989s ]
INFO: [ app_begin ] --END-- [ RunTime:0.001204s ]
ERR: 无法加载控制器:Public

[ 2016-03-18T19:40:59+08:00 ] 127.0.0.1 /hotel/Public/Home/Css/Images/rgithbg.gif
INFO: [ app_init ] --START--
INFO: Run Behavior\BuildLiteBehavior [ RunTime:0.000061s ]
INFO: [ app_init ] --END-- [ RunTime:0.001371s ]

[ 2016-03-18T19:40:59+08:00 ] 127.0.0.1 /hotel/Public/Home/Css/images/cbg.jp
INFO: [ app_init ] --START--
INFO: Run Behavior\BuildLiteBehavior [ RunTime:0.000057s ]
INFO: [ app_init ] --END-- [ RunTime:0.001459s ]
INFO: [ app_begin ] --START--
INFO: Run Behavior\ReadHtmlCacheBehavior [ RunTime:0.001050s ]
INFO: [ app_begin ] --END-- [ RunTime:0.001293s ]
ERR: 无法加载控制器:Public

[ 2016-03-18T19:40:59+08:00 ] 127.0.0.1 /hotel/Public/Home/Css/Images/menu_style.gif
INFO: [ app_init ] --START--
INFO: Run Behavior\BuildLiteBehavior [ RunTime:0.000049s ]
INFO: [ app_init ] --END-- [ RunTime:0.008311s ]

[ 2016-03-18T19:40:59+08:00 ] 127.0.0.1 /hotel/e/upload/s1/article/image/2012-11/tpic_t_18225122.jpg
INFO: [ app_init ] --START--
INFO: Run Behavior\BuildLiteBehavior [ RunTime:0.000054s ]
INFO: [ app_init ] --END-- [ RunTime:0.000701s ]

[ 2016-03-18T19:40:59+08:00 ] 127.0.0.1 /hotel/e/upload/s1/article/image/2012-11/tpic_t_18143853.jpg
INFO: [ app_init ] --START--
INFO: Run Behavior\BuildLiteBehavior [ RunTime:0.000044s ]
INFO: [ app_init ] --END-- [ RunTime:0.000865s ]

[ 2016-03-18T19:40:59+08:00 ] 127.0.0.1 /hotel/e/upload/s1/article/image/2012-11/tpic_t_18143716.jpg
INFO: [ app_init ] --START--
INFO: Run Behavior\BuildLiteBehavior [ RunTime:0.000059s ]
INFO: [ app_init ] --END-- [ RunTime:0.000880s ]

[ 2016-03-18T19:40:59+08:00 ] 127.0.0.1 /hotel/e/upload/s1/article/image/2012-11/tpic_t_18143513.jpg
INFO: [ app_init ] --START--
INFO: Run Behavior\BuildLiteBehavior [ RunTime:0.000026s ]
INFO: [ app_init ] --END-- [ RunTime:0.000638s ]

[ 2016-03-18T19:40:59+08:00 ] 127.0.0.1 /hotel/e/upload/s1/article/image/2012-11/tpic_t_18143835.jpg
INFO: [ app_init ] --START--
INFO: Run Behavior\BuildLiteBehavior [ RunTime:0.000033s ]
INFO: [ app_init ] --END-- [ RunTime:0.000623s ]

[ 2016-03-18T19:40:59+08:00 ] 127.0.0.1 /hotel/e/upload/s1/article/image/2012-11/tpic_t_18143553.jpg
INFO: [ app_init ] --START--
INFO: Run Behavior\BuildLiteBehavior [ RunTime:0.000044s ]
INFO: [ app_init ] --END-- [ RunTime:0.001517s ]

[ 2016-03-18T19:40:59+08:00 ] 127.0.0.1 /hotel/e/upload/s1/article/image/2012-11/tpic_t_18143632.jpg
INFO: [ app_init ] --START--
INFO: Run Behavior\BuildLiteBehavior [ RunTime:0.000046s ]
INFO: [ app_init ] --END-- [ RunTime:0.000989s ]

[ 2016-03-18T19:40:59+08:00 ] 127.0.0.1 /hotel/e/upload/s1/article/image/2012-11/tpic_t_18143441.jpg
INFO: [ app_init ] --START--
INFO: Run Behavior\BuildLiteBehavior [ RunTime:0.000068s ]
INFO: [ app_init ] --END-- [ RunTime:0.000983s ]

[ 2016-03-18T19:40:59+08:00 ] 127.0.0.1 /hotel/e/upload/s1/article/image/2012-11/tpic_t_18143658.jpg
INFO: [ app_init ] --START--
INFO: Run Behavior\BuildLiteBehavior [ RunTime:0.000091s ]
INFO: [ app_init ] --END-- [ RunTime:0.006906s ]

[ 2016-03-18T19:40:59+08:00 ] 127.0.0.1 /hotel/Public/Home/Css/images/bottom.jp
INFO: [ app_init ] --START--
INFO: Run Behavior\BuildLiteBehavior [ RunTime:0.000041s ]
INFO: [ app_init ] --END-- [ RunTime:0.000643s ]
INFO: [ app_begin ] --START--
INFO: Run Behavior\ReadHtmlCacheBehavior [ RunTime:0.000996s ]
INFO: [ app_begin ] --END-- [ RunTime:0.001217s ]
ERR: 无法加载控制器:Public

[ 2016-03-18T19:40:59+08:00 ] 127.0.0.1 /hotel/Public/Home/Css/images/lanmu_site.png
INFO: [ app_init ] --START--
INFO: Run Behavior\BuildLiteBehavior [ RunTime:0.000043s ]
INFO: [ app_init ] --END-- [ RunTime:0.000841s ]

[ 2016-03-18T19:41:00+08:00 ] 127.0.0.1 /hotel/News/index.html
INFO: [ app_init ] --START--
INFO: Run Behavior\BuildLiteBehavior [ RunTime:0.000053s ]
INFO: [ app_init ] --END-- [ RunTime:0.001031s ]
INFO: [ app_begin ] --START--
INFO: Run Behavior\ReadHtmlCacheBehavior [ RunTime:0.001828s ]
INFO: [ app_begin ] --END-- [ RunTime:0.002027s ]
SQL: SHOW COLUMNS FROM `ht_news` [ RunTime:0.2224s ]
SQL: SELECT * FROM `ht_news`  [ RunTime:0.0064s ]
INFO: [ view_parse ] --START--
INFO: [ template_filter ] --START--
INFO: Run Behavior\ContentReplaceBehavior [ RunTime:0.000135s ]
INFO: [ template_filter ] --END-- [ RunTime:0.000283s ]
INFO: Run Behavior\ParseTemplateBehavior [ RunTime:0.019675s ]
INFO: [ view_parse ] --END-- [ RunTime:0.019825s ]
INFO: [ view_filter ] --START--
INFO: Run Behavior\WriteHtmlCacheBehavior [ RunTime:0.000528s ]
INFO: [ view_filter ] --END-- [ RunTime:0.000641s ]
INFO: [ app_end ] --START--
INFO: Run Behavior\ShowPageTraceBehavior [ RunTime:0.001105s ]
INFO: [ app_end ] --END-- [ RunTime:0.001268s ]

[ 2016-03-18T19:41:01+08:00 ] 127.0.0.1 /hotel/Public/Home/Css/images/bg.jp
INFO: [ app_init ] --START--
INFO: Run Behavior\BuildLiteBehavior [ RunTime:0.000051s ]
INFO: [ app_init ] --END-- [ RunTime:0.000960s ]
INFO: [ app_begin ] --START--
INFO: Run Behavior\ReadHtmlCacheBehavior [ RunTime:0.000967s ]
INFO: [ app_begin ] --END-- [ RunTime:0.001149s ]
ERR: 无法加载控制器:Public

[ 2016-03-18T19:41:01+08:00 ] 127.0.0.1 /hotel/Public/Home/Css/Images/rgithbg.gif
INFO: [ app_init ] --START--
INFO: Run Behavior\BuildLiteBehavior [ RunTime:0.000043s ]
INFO: [ app_init ] --END-- [ RunTime:0.000851s ]

[ 2016-03-18T19:41:01+08:00 ] 127.0.0.1 /hotel/Public/Home/Css/Images/menu_style.gif
INFO: [ app_init ] --START--
INFO: Run Behavior\BuildLiteBehavior [ RunTime:0.000134s ]
INFO: [ app_init ] --END-- [ RunTime:0.000874s ]

[ 2016-03-18T19:41:01+08:00 ] 127.0.0.1 /hotel/Public/Home/Css/images/cbg.jp
INFO: [ app_init ] --START--
INFO: Run Behavior\BuildLiteBehavior [ RunTime:0.000043s ]
INFO: [ app_init ] --END-- [ RunTime:0.000868s ]
INFO: [ app_begin ] --START--
INFO: Run Behavior\ReadHtmlCacheBehavior [ RunTime:0.001205s ]
INFO: [ app_begin ] --END-- [ RunTime:0.001459s ]
ERR: 无法加载控制器:Public

[ 2016-03-18T19:41:01+08:00 ] 127.0.0.1 /hotel/Public/Home/Css/images/bottom.jp
INFO: [ app_init ] --START--
INFO: Run Behavior\BuildLiteBehavior [ RunTime:0.000045s ]
INFO: [ app_init ] --END-- [ RunTime:0.000914s ]
INFO: [ app_begin ] --START--
INFO: Run Behavior\ReadHtmlCacheBehavior [ RunTime:0.001067s ]
INFO: [ app_begin ] --END-- [ RunTime:0.001280s ]
ERR: 无法加载控制器:Public

[ 2016-03-18T19:41:01+08:00 ] 127.0.0.1 /hotel/Public/Home/Css/images/lanmu_site.png
INFO: [ app_init ] --START--
INFO: Run Behavior\BuildLiteBehavior [ RunTime:0.000045s ]
INFO: [ app_init ] --END-- [ RunTime:0.000834s ]

[ 2016-03-18T19:41:01+08:00 ] 127.0.0.1 /hotel/Public/Home/Css/images/article_arrow.png
INFO: [ app_init ] --START--
INFO: Run Behavior\BuildLiteBehavior [ RunTime:0.000030s ]
INFO: [ app_init ] --END-- [ RunTime:0.000626s ]

[ 2016-03-18T19:41:02+08:00 ] 127.0.0.1 /hotel/News/index.html
INFO: [ app_init ] --START--
INFO: Run Behavior\BuildLiteBehavior [ RunTime:0.000027s ]
INFO: [ app_init ] --END-- [ RunTime:0.000625s ]
INFO: [ app_begin ] --START--
INFO: Run Behavior\ReadHtmlCacheBehavior [ RunTime:0.000794s ]
INFO: [ app_begin ] --END-- [ RunTime:0.000989s ]
SQL: SHOW COLUMNS FROM `ht_news` [ RunTime:0.0043s ]
SQL: SELECT * FROM `ht_news`  [ RunTime:0.0004s ]
INFO: [ view_parse ] --START--
INFO: [ template_filter ] --START--
INFO: Run Behavior\ContentReplaceBehavior [ RunTime:0.000315s ]
INFO: [ template_filter ] --END-- [ RunTime:0.000637s ]
INFO: Run Behavior\ParseTemplateBehavior [ RunTime:0.018656s ]
INFO: [ view_parse ] --END-- [ RunTime:0.018815s ]
INFO: [ view_filter ] --START--
INFO: Run Behavior\WriteHtmlCacheBehavior [ RunTime:0.000604s ]
INFO: [ view_filter ] --END-- [ RunTime:0.000776s ]
INFO: [ app_end ] --START--
INFO: Run Behavior\ShowPageTraceBehavior [ RunTime:0.001056s ]
INFO: [ app_end ] --END-- [ RunTime:0.001249s ]

[ 2016-03-18T19:41:02+08:00 ] 127.0.0.1 /hotel/Public/Home/Css/images/bg.jp
INFO: [ app_init ] --START--
INFO: Run Behavior\BuildLiteBehavior [ RunTime:0.000047s ]
INFO: [ app_init ] --END-- [ RunTime:0.000769s ]
INFO: [ app_begin ] --START--
INFO: Run Behavior\ReadHtmlCacheBehavior [ RunTime:0.000928s ]
INFO: [ app_begin ] --END-- [ RunTime:0.001110s ]
ERR: 无法加载控制器:Public

[ 2016-03-18T19:41:02+08:00 ] 127.0.0.1 /hotel/Public/Home/Css/Images/rgithbg.gif
INFO: [ app_init ] --START--
INFO: Run Behavior\BuildLiteBehavior [ RunTime:0.000046s ]
INFO: [ app_init ] --END-- [ RunTime:0.003108s ]

[ 2016-03-18T19:41:02+08:00 ] 127.0.0.1 /hotel/Public/Home/Css/Images/menu_style.gif
INFO: [ app_init ] --START--
INFO: Run Behavior\BuildLiteBehavior [ RunTime:0.000041s ]
INFO: [ app_init ] --END-- [ RunTime:0.000881s ]

[ 2016-03-18T19:41:02+08:00 ] 127.0.0.1 /hotel/Public/Home/Css/images/cbg.jp
INFO: [ app_init ] --START--
INFO: Run Behavior\BuildLiteBehavior [ RunTime:0.000029s ]
INFO: [ app_init ] --END-- [ RunTime:0.000543s ]
INFO: [ app_begin ] --START--
INFO: Run Behavior\ReadHtmlCacheBehavior [ RunTime:0.003346s ]
INFO: [ app_begin ] --END-- [ RunTime:0.003575s ]
ERR: 无法加载控制器:Public

[ 2016-03-18T19:41:02+08:00 ] 127.0.0.1 /hotel/Public/Home/Css/images/article_arrow.png
INFO: [ app_init ] --START--
INFO: Run Behavior\BuildLiteBehavior [ RunTime:0.000034s ]
INFO: [ app_init ] --END-- [ RunTime:0.000613s ]

[ 2016-03-18T19:41:02+08:00 ] 127.0.0.1 /hotel/Public/Home/Css/images/lanmu_site.png
INFO: [ app_init ] --START--
INFO: Run Behavior\BuildLiteBehavior [ RunTime:0.000039s ]
INFO: [ app_init ] --END-- [ RunTime:0.000784s ]

[ 2016-03-18T19:41:02+08:00 ] 127.0.0.1 /hotel/Public/Home/Css/images/bottom.jp
INFO: [ app_init ] --START--
INFO: Run Behavior\BuildLiteBehavior [ RunTime:0.000045s ]
INFO: [ app_init ] --END-- [ RunTime:0.000943s ]
INFO: [ app_begin ] --START--
INFO: Run Behavior\ReadHtmlCacheBehavior [ RunTime:0.001117s ]
INFO: [ app_begin ] --END-- [ RunTime:0.001370s ]
ERR: 无法加载控制器:Public

[ 2016-03-18T19:41:03+08:00 ] 127.0.0.1 /hotel/Login/index.html
INFO: [ app_init ] --START--
INFO: Run Behavior\BuildLiteBehavior [ RunTime:0.000029s ]
INFO: [ app_init ] --END-- [ RunTime:0.000725s ]
INFO: [ app_begin ] --START--
INFO: Run Behavior\ReadHtmlCacheBehavior [ RunTime:0.000878s ]
INFO: [ app_begin ] --END-- [ RunTime:0.001026s ]
INFO: [ view_parse ] --START--
INFO: [ template_filter ] --START--
INFO: Run Behavior\ContentReplaceBehavior [ RunTime:0.000112s ]
INFO: [ template_filter ] --END-- [ RunTime:0.000275s ]
INFO: Run Behavior\ParseTemplateBehavior [ RunTime:0.011618s ]
INFO: [ view_parse ] --END-- [ RunTime:0.011807s ]
INFO: [ view_filter ] --START--
INFO: Run Behavior\WriteHtmlCacheBehavior [ RunTime:0.000390s ]
INFO: [ view_filter ] --END-- [ RunTime:0.000503s ]
INFO: [ app_end ] --START--
INFO: Run Behavior\ShowPageTraceBehavior [ RunTime:0.000744s ]
INFO: [ app_end ] --END-- [ RunTime:0.000853s ]

[ 2016-03-18T19:41:03+08:00 ] 127.0.0.1 /hotel/Public/Home/Css/images/bg.jp
INFO: [ app_init ] --START--
INFO: Run Behavior\BuildLiteBehavior [ RunTime:0.000028s ]
INFO: [ app_init ] --END-- [ RunTime:0.000607s ]
INFO: [ app_begin ] --START--
INFO: Run Behavior\ReadHtmlCacheBehavior [ RunTime:0.000731s ]
INFO: [ app_begin ] --END-- [ RunTime:0.000882s ]
ERR: 无法加载控制器:Public

[ 2016-03-18T19:41:04+08:00 ] 127.0.0.1 /hotel/Public/Home/Css/images/bottom.jp
INFO: [ app_init ] --START--
INFO: Run Behavior\BuildLiteBehavior [ RunTime:0.000032s ]
INFO: [ app_init ] --END-- [ RunTime:0.000626s ]
INFO: [ app_begin ] --START--
INFO: Run Behavior\ReadHtmlCacheBehavior [ RunTime:0.000992s ]
INFO: [ app_begin ] --END-- [ RunTime:0.001197s ]
ERR: 无法加载控制器:Public

[ 2016-03-18T19:41:04+08:00 ] 127.0.0.1 /hotel/Public/Home/Css/images/validation.png
INFO: [ app_init ] --START--
INFO: Run Behavior\BuildLiteBehavior [ RunTime:0.000056s ]
INFO: [ app_init ] --END-- [ RunTime:0.000941s ]

[ 2016-03-18T19:41:15+08:00 ] 127.0.0.1 /hotel/Login/runland.html
INFO: [ app_init ] --START--
INFO: Run Behavior\BuildLiteBehavior [ RunTime:0.000036s ]
INFO: [ app_init ] --END-- [ RunTime:0.000764s ]
INFO: [ app_begin ] --START--
INFO: Run Behavior\ReadHtmlCacheBehavior [ RunTime:0.000880s ]
INFO: [ app_begin ] --END-- [ RunTime:0.001033s ]
SQL: SHOW COLUMNS FROM `ht_user` [ RunTime:0.0727s ]
SQL: SELECT * FROM `ht_user` WHERE `username` = 'zhangsan12'  [ RunTime:0.0004s ]
NOTIC: [8] Use of undefined constant user - assumed 'user' G:\wamp\wamp\www\text\hotel\Hotel\Home\Controller\LoginController.class.php 第 21 行.

[ 2016-03-18T19:41:15+08:00 ] 127.0.0.1 /hotel/Home/Index/index.html
INFO: [ app_init ] --START--
INFO: Run Behavior\BuildLiteBehavior [ RunTime:0.000026s ]
INFO: [ app_init ] --END-- [ RunTime:0.000558s ]
INFO: [ app_begin ] --START--
INFO: Run Behavior\ReadHtmlCacheBehavior [ RunTime:0.000714s ]
INFO: [ app_begin ] --END-- [ RunTime:0.000827s ]
INFO: [ view_parse ] --START--
INFO: [ template_filter ] --START--
INFO: Run Behavior\ContentReplaceBehavior [ RunTime:0.000183s ]
INFO: [ template_filter ] --END-- [ RunTime:0.000331s ]
INFO: Run Behavior\ParseTemplateBehavior [ RunTime:0.027450s ]
INFO: [ view_parse ] --END-- [ RunTime:0.027618s ]
INFO: [ view_filter ] --START--
INFO: Run Behavior\WriteHtmlCacheBehavior [ RunTime:0.000688s ]
INFO: [ view_filter ] --END-- [ RunTime:0.000809s ]
INFO: [ app_end ] --START--
INFO: Run Behavior\ShowPageTraceBehavior [ RunTime:0.000911s ]
INFO: [ app_end ] --END-- [ RunTime:0.001033s ]

[ 2016-03-18T19:41:15+08:00 ] 127.0.0.1 /hotel/Home/Index/e/upload/s1/article/image/2012-11/tpic_t_18225122.jpg
INFO: [ app_init ] --START--
INFO: Run Behavior\BuildLiteBehavior [ RunTime:0.000055s ]
INFO: [ app_init ] --END-- [ RunTime:0.001368s ]

[ 2016-03-18T19:41:15+08:00 ] 127.0.0.1 /hotel/Home/Index/e/upload/s1/article/image/2012-11/tpic_t_18143716.jpg
INFO: [ app_init ] --START--
INFO: Run Behavior\BuildLiteBehavior [ RunTime:0.000049s ]
INFO: [ app_init ] --END-- [ RunTime:0.000952s ]

[ 2016-03-18T19:41:15+08:00 ] 127.0.0.1 /hotel/Home/Index/e/upload/s1/article/image/2012-11/tpic_t_18143658.jpg
INFO: [ app_init ] --START--
INFO: Run Behavior\BuildLiteBehavior [ RunTime:0.000048s ]
INFO: [ app_init ] --END-- [ RunTime:0.000944s ]

[ 2016-03-18T19:41:15+08:00 ] 127.0.0.1 /hotel/Home/Index/e/upload/s1/article/image/2012-11/tpic_t_18143553.jpg
INFO: [ app_init ] --START--
INFO: Run Behavior\BuildLiteBehavior [ RunTime:0.000048s ]
INFO: [ app_init ] --END-- [ RunTime:0.000960s ]

[ 2016-03-18T19:41:15+08:00 ] 127.0.0.1 /hotel/Home/Index/e/upload/s1/article/image/2012-11/tpic_t_18143853.jpg
INFO: [ app_init ] --START--
INFO: Run Behavior\BuildLiteBehavior [ RunTime:0.000052s ]
INFO: [ app_init ] --END-- [ RunTime:0.001033s ]

[ 2016-03-18T19:41:15+08:00 ] 127.0.0.1 /hotel/Home/Index/e/upload/s1/article/image/2012-11/tpic_t_18143513.jpg
INFO: [ app_init ] --START--
INFO: Run Behavior\BuildLiteBehavior [ RunTime:0.000047s ]
INFO: [ app_init ] --END-- [ RunTime:0.000820s ]

[ 2016-03-18T19:41:15+08:00 ] 127.0.0.1 /hotel/Home/Index/e/upload/s1/article/image/2012-11/tpic_t_18143632.jpg
INFO: [ app_init ] --START--
INFO: Run Behavior\BuildLiteBehavior [ RunTime:0.000045s ]
INFO: [ app_init ] --END-- [ RunTime:0.002151s ]

[ 2016-03-18T19:41:15+08:00 ] 127.0.0.1 /hotel/Home/Index/e/upload/s1/fck/image/2012-11/17133202.jpg
INFO: [ app_init ] --START--
INFO: Run Behavior\BuildLiteBehavior [ RunTime:0.000050s ]
INFO: [ app_init ] --END-- [ RunTime:0.001265s ]

[ 2016-03-18T19:41:15+08:00 ] 127.0.0.1 /hotel/Home/Index/e/upload/s1/article/image/2012-11/tpic_t_18143835.jpg
INFO: [ app_init ] --START--
INFO: Run Behavior\BuildLiteBehavior [ RunTime:0.000054s ]
INFO: [ app_init ] --END-- [ RunTime:0.001240s ]

[ 2016-03-18T19:41:16+08:00 ] 127.0.0.1 /hotel/Public/Home/Css/images/bg.jp
INFO: [ app_init ] --START--
INFO: Run Behavior\BuildLiteBehavior [ RunTime:0.000047s ]
INFO: [ app_init ] --END-- [ RunTime:0.000820s ]
INFO: [ app_begin ] --START--
INFO: Run Behavior\ReadHtmlCacheBehavior [ RunTime:0.000880s ]
INFO: [ app_begin ] --END-- [ RunTime:0.001048s ]
ERR: 无法加载控制器:Public

[ 2016-03-18T19:41:16+08:00 ] 127.0.0.1 /hotel/Home/Index/e/upload/s1/article/image/2012-11/tpic_t_18143716.jpg
INFO: [ app_init ] --START--
INFO: Run Behavior\BuildLiteBehavior [ RunTime:0.000047s ]
INFO: [ app_init ] --END-- [ RunTime:0.000821s ]

[ 2016-03-18T19:41:16+08:00 ] 127.0.0.1 /hotel/Home/Index/e/upload/s1/article/image/2012-11/tpic_t_18225122.jpg
INFO: [ app_init ] --START--
INFO: Run Behavior\BuildLiteBehavior [ RunTime:0.000044s ]
INFO: [ app_init ] --END-- [ RunTime:0.000841s ]

[ 2016-03-18T19:41:16+08:00 ] 127.0.0.1 /hotel/Home/Index/e/upload/s1/article/image/2012-11/tpic_t_18143553.jpg
INFO: [ app_init ] --START--
INFO: Run Behavior\BuildLiteBehavior [ RunTime:0.000053s ]
INFO: [ app_init ] --END-- [ RunTime:0.001932s ]

[ 2016-03-18T19:41:16+08:00 ] 127.0.0.1 /hotel/Home/Index/e/upload/s1/article/image/2012-11/tpic_t_18143632.jpg
INFO: [ app_init ] --START--
INFO: Run Behavior\BuildLiteBehavior [ RunTime:0.000051s ]
INFO: [ app_init ] --END-- [ RunTime:0.000976s ]

[ 2016-03-18T19:41:16+08:00 ] 127.0.0.1 /hotel/Home/Index/e/upload/s1/article/image/2012-11/tpic_t_18143853.jpg
INFO: [ app_init ] --START--
INFO: Run Behavior\BuildLiteBehavior [ RunTime:0.000046s ]
INFO: [ app_init ] --END-- [ RunTime:0.000987s ]

[ 2016-03-18T19:41:16+08:00 ] 127.0.0.1 /hotel/Home/Index/e/upload/s1/article/image/2012-11/tpic_t_18143513.jpg
INFO: [ app_init ] --START--
INFO: Run Behavior\BuildLiteBehavior [ RunTime:0.000047s ]
INFO: [ app_init ] --END-- [ RunTime:0.001683s ]

[ 2016-03-18T19:41:16+08:00 ] 127.0.0.1 /hotel/Public/Home/Css/Images/menu_style.gif
INFO: [ app_init ] --START--
INFO: Run Behavior\BuildLiteBehavior [ RunTime:0.000051s ]
INFO: [ app_init ] --END-- [ RunTime:0.000854s ]

[ 2016-03-18T19:41:16+08:00 ] 127.0.0.1 /hotel/Public/Home/Css/images/cbg.jp
INFO: [ app_init ] --START--
INFO: Run Behavior\BuildLiteBehavior [ RunTime:0.000107s ]
INFO: [ app_init ] --END-- [ RunTime:0.001047s ]
INFO: [ app_begin ] --START--
INFO: Run Behavior\ReadHtmlCacheBehavior [ RunTime:0.000990s ]
INFO: [ app_begin ] --END-- [ RunTime:0.001226s ]
ERR: 无法加载控制器:Public

[ 2016-03-18T19:41:16+08:00 ] 127.0.0.1 /hotel/Public/Home/Css/images/lanmu_site.png
INFO: [ app_init ] --START--
INFO: Run Behavior\BuildLiteBehavior [ RunTime:0.000065s ]
INFO: [ app_init ] --END-- [ RunTime:0.000875s ]

[ 2016-03-18T19:41:16+08:00 ] 127.0.0.1 /hotel/Home/Index/e/upload/s1/article/image/2012-11/tpic_t_18143658.jpg
INFO: [ app_init ] --START--
INFO: Run Behavior\BuildLiteBehavior [ RunTime:0.000045s ]
INFO: [ app_init ] --END-- [ RunTime:0.000911s ]

[ 2016-03-18T19:41:16+08:00 ] 127.0.0.1 /hotel/Home/Index/e/upload/s1/article/image/2012-11/tpic_t_18143835.jpg
INFO: [ app_init ] --START--
INFO: Run Behavior\BuildLiteBehavior [ RunTime:0.000044s ]
INFO: [ app_init ] --END-- [ RunTime:0.001070s ]

[ 2016-03-18T19:41:16+08:00 ] 127.0.0.1 /hotel/Home/Index/e/upload/s1/fck/image/2012-11/17133202.jpg
INFO: [ app_init ] --START--
INFO: Run Behavior\BuildLiteBehavior [ RunTime:0.000049s ]
INFO: [ app_init ] --END-- [ RunTime:0.000908s ]

[ 2016-03-18T19:41:16+08:00 ] 127.0.0.1 /hotel/Public/Home/Css/images/bottom.jp
INFO: [ app_init ] --START--
INFO: Run Behavior\BuildLiteBehavior [ RunTime:0.000030s ]
INFO: [ app_init ] --END-- [ RunTime:0.000756s ]
INFO: [ app_begin ] --START--
INFO: Run Behavior\ReadHtmlCacheBehavior [ RunTime:0.001037s ]
INFO: [ app_begin ] --END-- [ RunTime:0.001297s ]
ERR: 无法加载控制器:Public

[ 2016-03-18T19:41:25+08:00 ] 127.0.0.1 /hotel/Contact/index.html
INFO: [ app_init ] --START--
INFO: Run Behavior\BuildLiteBehavior [ RunTime:0.000029s ]
INFO: [ app_init ] --END-- [ RunTime:0.000646s ]
INFO: [ app_begin ] --START--
INFO: Run Behavior\ReadHtmlCacheBehavior [ RunTime:0.001047s ]
INFO: [ app_begin ] --END-- [ RunTime:0.001268s ]
INFO: [ view_parse ] --START--
INFO: [ template_filter ] --START--
INFO: Run Behavior\ContentReplaceBehavior [ RunTime:0.000291s ]
INFO: [ template_filter ] --END-- [ RunTime:0.000518s ]
INFO: Run Behavior\ParseTemplateBehavior [ RunTime:0.019333s ]
INFO: [ view_parse ] --END-- [ RunTime:0.019561s ]
INFO: [ view_filter ] --START--
INFO: Run Behavior\WriteHtmlCacheBehavior [ RunTime:0.000614s ]
INFO: [ view_filter ] --END-- [ RunTime:0.000733s ]
INFO: [ app_end ] --START--
INFO: Run Behavior\ShowPageTraceBehavior [ RunTime:0.000864s ]
INFO: [ app_end ] --END-- [ RunTime:0.000982s ]

[ 2016-03-18T19:41:26+08:00 ] 127.0.0.1 /hotel/Public/Home/Css/images/bg.jp
INFO: [ app_init ] --START--
INFO: Run Behavior\BuildLiteBehavior [ RunTime:0.000028s ]
INFO: [ app_init ] --END-- [ RunTime:0.000698s ]
INFO: [ app_begin ] --START--
INFO: Run Behavior\ReadHtmlCacheBehavior [ RunTime:0.000677s ]
INFO: [ app_begin ] --END-- [ RunTime:0.000811s ]
ERR: 无法加载控制器:Public

[ 2016-03-18T19:41:26+08:00 ] 127.0.0.1 /hotel/Public/Home/Css/images/cbg.jp
INFO: [ app_init ] --START--
INFO: Run Behavior\BuildLiteBehavior [ RunTime:0.000078s ]
INFO: [ app_init ] --END-- [ RunTime:0.001722s ]
INFO: [ app_begin ] --START--
INFO: Run Behavior\ReadHtmlCacheBehavior [ RunTime:0.000806s ]
INFO: [ app_begin ] --END-- [ RunTime:0.000945s ]
ERR: 无法加载控制器:Public

[ 2016-03-18T19:41:26+08:00 ] 127.0.0.1 /hotel/Public/Home/Css/Images/rgithbg.gif
INFO: [ app_init ] --START--
INFO: Run Behavior\BuildLiteBehavior [ RunTime:0.000044s ]
INFO: [ app_init ] --END-- [ RunTime:0.000873s ]

[ 2016-03-18T19:41:26+08:00 ] 127.0.0.1 /hotel/Public/Home/Css/images/nav_menu_list.jp
INFO: [ app_init ] --START--
INFO: Run Behavior\BuildLiteBehavior [ RunTime:0.000047s ]
INFO: [ app_init ] --END-- [ RunTime:0.000888s ]
INFO: [ app_begin ] --START--
INFO: Run Behavior\ReadHtmlCacheBehavior [ RunTime:0.000892s ]
INFO: [ app_begin ] --END-- [ RunTime:0.001020s ]
ERR: 无法加载控制器:Public

[ 2016-03-18T19:41:26+08:00 ] 127.0.0.1 /hotel/Public/Home/Css/Images/menu_style.gif
INFO: [ app_init ] --START--
INFO: Run Behavior\BuildLiteBehavior [ RunTime:0.000032s ]
INFO: [ app_init ] --END-- [ RunTime:0.000915s ]

[ 2016-03-18T19:41:26+08:00 ] 127.0.0.1 /hotel/Public/Home/Css/images/lanmu_site.png
INFO: [ app_init ] --START--
INFO: Run Behavior\BuildLiteBehavior [ RunTime:0.000072s ]
INFO: [ app_init ] --END-- [ RunTime:0.000948s ]

[ 2016-03-18T19:41:26+08:00 ] 127.0.0.1 /hotel/Public/Home/Css/images/bottom.jp
INFO: [ app_init ] --START--
INFO: Run Behavior\BuildLiteBehavior [ RunTime:0.000045s ]
INFO: [ app_init ] --END-- [ RunTime:0.000957s ]
INFO: [ app_begin ] --START--
INFO: Run Behavior\ReadHtmlCacheBehavior [ RunTime:0.001079s ]
INFO: [ app_begin ] --END-- [ RunTime:0.001306s ]
ERR: 无法加载控制器:Public

[ 2016-03-18T19:41:28+08:00 ] 127.0.0.1 /hotel/Contact/board.html
INFO: [ app_init ] --START--
INFO: Run Behavior\BuildLiteBehavior [ RunTime:0.000027s ]
INFO: [ app_init ] --END-- [ RunTime:0.000577s ]
INFO: [ app_begin ] --START--
INFO: Run Behavior\ReadHtmlCacheBehavior [ RunTime:0.001581s ]
INFO: [ app_begin ] --END-- [ RunTime:0.001850s ]
SQL: SHOW COLUMNS FROM `ht_board` [ RunTime:0.1031s ]
SQL: SELECT * FROM `ht_board`  [ RunTime:0.0004s ]
INFO: [ view_parse ] --START--
INFO: [ template_filter ] --START--
INFO: Run Behavior\ContentReplaceBehavior [ RunTime:0.000148s ]
INFO: [ template_filter ] --END-- [ RunTime:0.000340s ]
INFO: Run Behavior\ParseTemplateBehavior [ RunTime:0.015849s ]
INFO: [ view_parse ] --END-- [ RunTime:0.016002s ]
INFO: [ view_filter ] --START--
INFO: Run Behavior\WriteHtmlCacheBehavior [ RunTime:0.000477s ]
INFO: [ view_filter ] --END-- [ RunTime:0.000594s ]
INFO: [ app_end ] --START--
INFO: Run Behavior\ShowPageTraceBehavior [ RunTime:0.001142s ]
INFO: [ app_end ] --END-- [ RunTime:0.001344s ]

[ 2016-03-18T19:41:28+08:00 ] 127.0.0.1 /hotel/Public/Home/Css/images/bg.jp
INFO: [ app_init ] --START--
INFO: Run Behavior\BuildLiteBehavior [ RunTime:0.000027s ]
INFO: [ app_init ] --END-- [ RunTime:0.000615s ]
INFO: [ app_begin ] --START--
INFO: Run Behavior\ReadHtmlCacheBehavior [ RunTime:0.001170s ]
INFO: [ app_begin ] --END-- [ RunTime:0.001509s ]
ERR: 无法加载控制器:Public

[ 2016-03-18T19:41:28+08:00 ] 127.0.0.1 /hotel/Public/Home/Css/images/cbg.jp
INFO: [ app_init ] --START--
INFO: Run Behavior\BuildLiteBehavior [ RunTime:0.000050s ]
INFO: [ app_init ] --END-- [ RunTime:0.006986s ]
INFO: [ app_begin ] --START--
INFO: Run Behavior\ReadHtmlCacheBehavior [ RunTime:0.000992s ]
INFO: [ app_begin ] --END-- [ RunTime:0.001226s ]
ERR: 无法加载控制器:Public

[ 2016-03-18T19:41:28+08:00 ] 127.0.0.1 /hotel/Public/Home/Css/Images/menu_style.gif
INFO: [ app_init ] --START--
INFO: Run Behavior\BuildLiteBehavior [ RunTime:0.000043s ]
INFO: [ app_init ] --END-- [ RunTime:0.000855s ]

[ 2016-03-18T19:41:28+08:00 ] 127.0.0.1 /hotel/Public/Home/Css/Images/rgithbg.gif
INFO: [ app_init ] --START--
INFO: Run Behavior\BuildLiteBehavior [ RunTime:0.000046s ]
INFO: [ app_init ] --END-- [ RunTime:0.000896s ]

[ 2016-03-18T19:41:28+08:00 ] 127.0.0.1 /hotel/Public/Home/Css/images/nav_menu_list.jp
INFO: [ app_init ] --START--
INFO: Run Behavior\BuildLiteBehavior [ RunTime:0.000045s ]
INFO: [ app_init ] --END-- [ RunTime:0.000736s ]
INFO: [ app_begin ] --START--
INFO: Run Behavior\ReadHtmlCacheBehavior [ RunTime:0.000858s ]
INFO: [ app_begin ] --END-- [ RunTime:0.001046s ]
ERR: 无法加载控制器:Public

[ 2016-03-18T19:41:28+08:00 ] 127.0.0.1 /hotel/Public/Home/Css/images/lanmu_site.png
INFO: [ app_init ] --START--
INFO: Run Behavior\BuildLiteBehavior [ RunTime:0.000047s ]
INFO: [ app_init ] --END-- [ RunTime:0.001201s ]

[ 2016-03-18T19:41:28+08:00 ] 127.0.0.1 /hotel/Public/Home/Css/images/bottom.jp
INFO: [ app_init ] --START--
INFO: Run Behavior\BuildLiteBehavior [ RunTime:0.000046s ]
INFO: [ app_init ] --END-- [ RunTime:0.001280s ]
INFO: [ app_begin ] --START--
INFO: Run Behavior\ReadHtmlCacheBehavior [ RunTime:0.001237s ]
INFO: [ app_begin ] --END-- [ RunTime:0.001541s ]
ERR: 无法加载控制器:Public

[ 2016-03-18T19:41:31+08:00 ] 127.0.0.1 /hotel/Hr/index.html
INFO: [ app_init ] --START--
INFO: Run Behavior\BuildLiteBehavior [ RunTime:0.000027s ]
INFO: [ app_init ] --END-- [ RunTime:0.000622s ]
INFO: [ app_begin ] --START--
INFO: Run Behavior\ReadHtmlCacheBehavior [ RunTime:0.000688s ]
INFO: [ app_begin ] --END-- [ RunTime:0.000808s ]
SQL: SHOW COLUMNS FROM `ht_hr` [ RunTime:0.0570s ]
SQL: SELECT * FROM `ht_hr`  [ RunTime:0.0006s ]
INFO: [ view_parse ] --START--
INFO: [ template_filter ] --START--
INFO: Run Behavior\ContentReplaceBehavior [ RunTime:0.000165s ]
INFO: [ template_filter ] --END-- [ RunTime:0.000357s ]
INFO: Run Behavior\ParseTemplateBehavior [ RunTime:0.015887s ]
INFO: [ view_parse ] --END-- [ RunTime:0.016067s ]
INFO: [ view_filter ] --START--
INFO: Run Behavior\WriteHtmlCacheBehavior [ RunTime:0.000390s ]
INFO: [ view_filter ] --END-- [ RunTime:0.000497s ]
INFO: [ app_end ] --START--
INFO: Run Behavior\ShowPageTraceBehavior [ RunTime:0.000695s ]
INFO: [ app_end ] --END-- [ RunTime:0.000815s ]

[ 2016-03-18T19:41:31+08:00 ] 127.0.0.1 /hotel/Public/Home/Css/images/bg.jp
INFO: [ app_init ] --START--
INFO: Run Behavior\BuildLiteBehavior [ RunTime:0.000026s ]
INFO: [ app_init ] --END-- [ RunTime:0.000572s ]
INFO: [ app_begin ] --START--
INFO: Run Behavior\ReadHtmlCacheBehavior [ RunTime:0.000647s ]
INFO: [ app_begin ] --END-- [ RunTime:0.000763s ]
ERR: 无法加载控制器:Public

[ 2016-03-18T19:41:31+08:00 ] 127.0.0.1 /hotel/Public/Home/Css/Images/rgithbg.gif
INFO: [ app_init ] --START--
INFO: Run Behavior\BuildLiteBehavior [ RunTime:0.000041s ]
INFO: [ app_init ] --END-- [ RunTime:0.001230s ]

[ 2016-03-18T19:41:31+08:00 ] 127.0.0.1 /hotel/Public/Home/Css/images/cbg.jp
INFO: [ app_init ] --START--
INFO: Run Behavior\BuildLiteBehavior [ RunTime:0.000044s ]
INFO: [ app_init ] --END-- [ RunTime:0.000856s ]
INFO: [ app_begin ] --START--
INFO: Run Behavior\ReadHtmlCacheBehavior [ RunTime:0.002872s ]
INFO: [ app_begin ] --END-- [ RunTime:0.003155s ]
ERR: 无法加载控制器:Public

[ 2016-03-18T19:41:31+08:00 ] 127.0.0.1 /hotel/Public/Home/Css/images/nav_menu_list.jp
INFO: [ app_init ] --START--
INFO: Run Behavior\BuildLiteBehavior [ RunTime:0.000041s ]
INFO: [ app_init ] --END-- [ RunTime:0.000834s ]
INFO: [ app_begin ] --START--
INFO: Run Behavior\ReadHtmlCacheBehavior [ RunTime:0.001256s ]
INFO: [ app_begin ] --END-- [ RunTime:0.001781s ]
ERR: 无法加载控制器:Public

[ 2016-03-18T19:41:31+08:00 ] 127.0.0.1 /hotel/Public/Home/Css/Images/menu_style.gif
INFO: [ app_init ] --START--
INFO: Run Behavior\BuildLiteBehavior [ RunTime:0.000052s ]
INFO: [ app_init ] --END-- [ RunTime:0.001180s ]

[ 2016-03-18T19:41:31+08:00 ] 127.0.0.1 /hotel/Public/Home/Css/images/lanmu_site.png
INFO: [ app_init ] --START--
INFO: Run Behavior\BuildLiteBehavior [ RunTime:0.000087s ]
INFO: [ app_init ] --END-- [ RunTime:0.001225s ]

[ 2016-03-18T19:41:31+08:00 ] 127.0.0.1 /hotel/Public/Home/Css/images/bottom.jp
INFO: [ app_init ] --START--
INFO: Run Behavior\BuildLiteBehavior [ RunTime:0.000029s ]
INFO: [ app_init ] --END-- [ RunTime:0.000738s ]
INFO: [ app_begin ] --START--
INFO: Run Behavior\ReadHtmlCacheBehavior [ RunTime:0.001050s ]
INFO: [ app_begin ] --END-- [ RunTime:0.001301s ]
ERR: 无法加载控制器:Public

[ 2016-03-18T19:41:33+08:00 ] 127.0.0.1 /hotel/News/index.html
INFO: [ app_init ] --START--
INFO: Run Behavior\BuildLiteBehavior [ RunTime:0.000028s ]
INFO: [ app_init ] --END-- [ RunTime:0.001094s ]
INFO: [ app_begin ] --START--
INFO: Run Behavior\ReadHtmlCacheBehavior [ RunTime:0.001201s ]
INFO: [ app_begin ] --END-- [ RunTime:0.001394s ]
SQL: SHOW COLUMNS FROM `ht_news` [ RunTime:0.0054s ]
SQL: SELECT * FROM `ht_news`  [ RunTime:0.0005s ]
INFO: [ view_parse ] --START--
INFO: [ template_filter ] --START--
INFO: Run Behavior\ContentReplaceBehavior [ RunTime:0.000146s ]
INFO: [ template_filter ] --END-- [ RunTime:0.000305s ]
INFO: Run Behavior\ParseTemplateBehavior [ RunTime:0.018227s ]
INFO: [ view_parse ] --END-- [ RunTime:0.018371s ]
INFO: [ view_filter ] --START--
INFO: Run Behavior\WriteHtmlCacheBehavior [ RunTime:0.000373s ]
INFO: [ view_filter ] --END-- [ RunTime:0.000476s ]
INFO: [ app_end ] --START--
INFO: Run Behavior\ShowPageTraceBehavior [ RunTime:0.000744s ]
INFO: [ app_end ] --END-- [ RunTime:0.000858s ]

[ 2016-03-18T19:41:33+08:00 ] 127.0.0.1 /hotel/Public/Home/Css/images/bg.jp
INFO: [ app_init ] --START--
INFO: Run Behavior\BuildLiteBehavior [ RunTime:0.000028s ]
INFO: [ app_init ] --END-- [ RunTime:0.000657s ]
INFO: [ app_begin ] --START--
INFO: Run Behavior\ReadHtmlCacheBehavior [ RunTime:0.000668s ]
INFO: [ app_begin ] --END-- [ RunTime:0.000788s ]
ERR: 无法加载控制器:Public

[ 2016-03-18T19:41:33+08:00 ] 127.0.0.1 /hotel/Public/Home/Css/Images/rgithbg.gif
INFO: [ app_init ] --START--
INFO: Run Behavior\BuildLiteBehavior [ RunTime:0.000051s ]
INFO: [ app_init ] --END-- [ RunTime:0.001434s ]

[ 2016-03-18T19:41:33+08:00 ] 127.0.0.1 /hotel/Public/Home/Css/Images/menu_style.gif
INFO: [ app_init ] --START--
INFO: Run Behavior\BuildLiteBehavior [ RunTime:0.000048s ]
INFO: [ app_init ] --END-- [ RunTime:0.001457s ]

[ 2016-03-18T19:41:33+08:00 ] 127.0.0.1 /hotel/Public/Home/Css/images/cbg.jp
INFO: [ app_init ] --START--
INFO: Run Behavior\BuildLiteBehavior [ RunTime:0.000043s ]
INFO: [ app_init ] --END-- [ RunTime:0.000917s ]
INFO: [ app_begin ] --START--
INFO: Run Behavior\ReadHtmlCacheBehavior [ RunTime:0.001001s ]
INFO: [ app_begin ] --END-- [ RunTime:0.001231s ]
ERR: 无法加载控制器:Public

[ 2016-03-18T19:41:33+08:00 ] 127.0.0.1 /hotel/Public/Home/Css/images/bottom.jp
INFO: [ app_init ] --START--
INFO: Run Behavior\BuildLiteBehavior [ RunTime:0.000057s ]
INFO: [ app_init ] --END-- [ RunTime:0.000893s ]
INFO: [ app_begin ] --START--
INFO: Run Behavior\ReadHtmlCacheBehavior [ RunTime:0.000822s ]
INFO: [ app_begin ] --END-- [ RunTime:0.001010s ]
ERR: 无法加载控制器:Public

[ 2016-03-18T19:41:33+08:00 ] 127.0.0.1 /hotel/Public/Home/Css/images/lanmu_site.png
INFO: [ app_init ] --START--
INFO: Run Behavior\BuildLiteBehavior [ RunTime:0.000042s ]
INFO: [ app_init ] --END-- [ RunTime:0.000854s ]

[ 2016-03-18T19:41:33+08:00 ] 127.0.0.1 /hotel/Public/Home/Css/images/article_arrow.png
INFO: [ app_init ] --START--
INFO: Run Behavior\BuildLiteBehavior [ RunTime:0.000030s ]
INFO: [ app_init ] --END-- [ RunTime:0.000627s ]

[ 2016-03-18T19:41:34+08:00 ] 127.0.0.1 /hotel/News/index.html
INFO: [ app_init ] --START--
INFO: Run Behavior\BuildLiteBehavior [ RunTime:0.000028s ]
INFO: [ app_init ] --END-- [ RunTime:0.000731s ]
INFO: [ app_begin ] --START--
INFO: Run Behavior\ReadHtmlCacheBehavior [ RunTime:0.000695s ]
INFO: [ app_begin ] --END-- [ RunTime:0.000812s ]
SQL: SHOW COLUMNS FROM `ht_news` [ RunTime:0.0047s ]
SQL: SELECT * FROM `ht_news`  [ RunTime:0.0007s ]
INFO: [ view_parse ] --START--
INFO: [ template_filter ] --START--
INFO: Run Behavior\ContentReplaceBehavior [ RunTime:0.000138s ]
INFO: [ template_filter ] --END-- [ RunTime:0.000307s ]
INFO: Run Behavior\ParseTemplateBehavior [ RunTime:0.018406s ]
INFO: [ view_parse ] --END-- [ RunTime:0.018582s ]
INFO: [ view_filter ] --START--
INFO: Run Behavior\WriteHtmlCacheBehavior [ RunTime:0.000402s ]
INFO: [ view_filter ] --END-- [ RunTime:0.000498s ]
INFO: [ app_end ] --START--
INFO: Run Behavior\ShowPageTraceBehavior [ RunTime:0.000836s ]
INFO: [ app_end ] --END-- [ RunTime:0.001285s ]

[ 2016-03-18T19:41:34+08:00 ] 127.0.0.1 /hotel/Public/Home/Css/images/bg.jp
INFO: [ app_init ] --START--
INFO: Run Behavior\BuildLiteBehavior [ RunTime:0.000044s ]
INFO: [ app_init ] --END-- [ RunTime:0.000681s ]
INFO: [ app_begin ] --START--
INFO: Run Behavior\ReadHtmlCacheBehavior [ RunTime:0.000776s ]
INFO: [ app_begin ] --END-- [ RunTime:0.000969s ]
ERR: 无法加载控制器:Public

[ 2016-03-18T19:41:35+08:00 ] 127.0.0.1 /hotel/Public/Home/Css/Images/menu_style.gif
INFO: [ app_init ] --START--
INFO: Run Behavior\BuildLiteBehavior [ RunTime:0.000043s ]
INFO: [ app_init ] --END-- [ RunTime:0.000866s ]

[ 2016-03-18T19:41:35+08:00 ] 127.0.0.1 /hotel/Public/Home/Css/images/cbg.jp
INFO: [ app_init ] --START--
INFO: Run Behavior\BuildLiteBehavior [ RunTime:0.000034s ]
INFO: [ app_init ] --END-- [ RunTime:0.000597s ]
INFO: [ app_begin ] --START--
INFO: Run Behavior\ReadHtmlCacheBehavior [ RunTime:0.000809s ]
INFO: [ app_begin ] --END-- [ RunTime:0.000999s ]
ERR: 无法加载控制器:Public

[ 2016-03-18T19:41:35+08:00 ] 127.0.0.1 /hotel/Public/Home/Css/Images/rgithbg.gif
INFO: [ app_init ] --START--
INFO: Run Behavior\BuildLiteBehavior [ RunTime:0.000028s ]
INFO: [ app_init ] --END-- [ RunTime:0.000583s ]

[ 2016-03-18T19:41:35+08:00 ] 127.0.0.1 /hotel/Public/Home/Css/images/article_arrow.png
INFO: [ app_init ] --START--
INFO: Run Behavior\BuildLiteBehavior [ RunTime:0.000048s ]
INFO: [ app_init ] --END-- [ RunTime:0.000886s ]

[ 2016-03-18T19:41:35+08:00 ] 127.0.0.1 /hotel/Public/Home/Css/images/bottom.jp
INFO: [ app_init ] --START--
INFO: Run Behavior\BuildLiteBehavior [ RunTime:0.000055s ]
INFO: [ app_init ] --END-- [ RunTime:0.002489s ]
INFO: [ app_begin ] --START--
INFO: Run Behavior\ReadHtmlCacheBehavior [ RunTime:0.001055s ]
INFO: [ app_begin ] --END-- [ RunTime:0.001274s ]
ERR: 无法加载控制器:Public

[ 2016-03-18T19:41:35+08:00 ] 127.0.0.1 /hotel/Public/Home/Css/images/lanmu_site.png
INFO: [ app_init ] --START--
INFO: Run Behavior\BuildLiteBehavior [ RunTime:0.000045s ]
INFO: [ app_init ] --END-- [ RunTime:0.000839s ]

[ 2016-03-18T19:41:36+08:00 ] 127.0.0.1 /hotel/Room/index.html
INFO: [ app_init ] --START--
INFO: Run Behavior\BuildLiteBehavior [ RunTime:0.000028s ]
INFO: [ app_init ] --END-- [ RunTime:0.000857s ]
INFO: [ app_begin ] --START--
INFO: Run Behavior\ReadHtmlCacheBehavior [ RunTime:0.000798s ]
INFO: [ app_begin ] --END-- [ RunTime:0.000969s ]
INFO: [ view_parse ] --START--
INFO: [ template_filter ] --START--
INFO: Run Behavior\ContentReplaceBehavior [ RunTime:0.000232s ]
INFO: [ template_filter ] --END-- [ RunTime:0.000413s ]
INFO: Run Behavior\ParseTemplateBehavior [ RunTime:0.016242s ]
INFO: [ view_parse ] --END-- [ RunTime:0.016446s ]
INFO: [ view_filter ] --START--
INFO: Run Behavior\WriteHtmlCacheBehavior [ RunTime:0.000398s ]
INFO: [ view_filter ] --END-- [ RunTime:0.000507s ]
INFO: [ app_end ] --START--
INFO: Run Behavior\ShowPageTraceBehavior [ RunTime:0.000866s ]
INFO: [ app_end ] --END-- [ RunTime:0.001003s ]

[ 2016-03-18T19:41:36+08:00 ] 127.0.0.1 /hotel/e/upload/s1/article/image/2012-11/tpic_t_18225122.jpg
INFO: [ app_init ] --START--
INFO: Run Behavior\BuildLiteBehavior [ RunTime:0.000118s ]
INFO: [ app_init ] --END-- [ RunTime:0.001630s ]

[ 2016-03-18T19:41:36+08:00 ] 127.0.0.1 /hotel/e/upload/s1/article/image/2012-11/tpic_t_18143835.jpg
INFO: [ app_init ] --START--
INFO: Run Behavior\BuildLiteBehavior [ RunTime:0.000050s ]
INFO: [ app_init ] --END-- [ RunTime:0.002429s ]

[ 2016-03-18T19:41:36+08:00 ] 127.0.0.1 /hotel/e/upload/s1/article/image/2012-11/tpic_t_18143853.jpg
INFO: [ app_init ] --START--
INFO: Run Behavior\BuildLiteBehavior [ RunTime:0.000042s ]
INFO: [ app_init ] --END-- [ RunTime:0.000824s ]

[ 2016-03-18T19:41:36+08:00 ] 127.0.0.1 /hotel/e/upload/s1/article/image/2012-11/tpic_t_18143658.jpg
INFO: [ app_init ] --START--
INFO: Run Behavior\BuildLiteBehavior [ RunTime:0.000048s ]
INFO: [ app_init ] --END-- [ RunTime:0.001765s ]

[ 2016-03-18T19:41:36+08:00 ] 127.0.0.1 /hotel/e/upload/s1/article/image/2012-11/tpic_t_18143632.jpg
INFO: [ app_init ] --START--
INFO: Run Behavior\BuildLiteBehavior [ RunTime:0.000049s ]
INFO: [ app_init ] --END-- [ RunTime:0.000867s ]

[ 2016-03-18T19:41:36+08:00 ] 127.0.0.1 /hotel/e/upload/s1/article/image/2012-11/tpic_t_18143716.jpg
INFO: [ app_init ] --START--
INFO: Run Behavior\BuildLiteBehavior [ RunTime:0.000044s ]
INFO: [ app_init ] --END-- [ RunTime:0.001014s ]

[ 2016-03-18T19:41:36+08:00 ] 127.0.0.1 /hotel/e/upload/s1/article/image/2012-11/tpic_t_18143553.jpg
INFO: [ app_init ] --START--
INFO: Run Behavior\BuildLiteBehavior [ RunTime:0.000052s ]
INFO: [ app_init ] --END-- [ RunTime:0.000865s ]

[ 2016-03-18T19:41:36+08:00 ] 127.0.0.1 /hotel/e/upload/s1/article/image/2012-11/tpic_t_18143513.jpg
INFO: [ app_init ] --START--
INFO: Run Behavior\BuildLiteBehavior [ RunTime:0.000038s ]
INFO: [ app_init ] --END-- [ RunTime:0.000666s ]

[ 2016-03-18T19:41:36+08:00 ] 127.0.0.1 /hotel/e/upload/s1/article/image/2012-11/tpic_t_18143441.jpg
INFO: [ app_init ] --START--
INFO: Run Behavior\BuildLiteBehavior [ RunTime:0.000077s ]
INFO: [ app_init ] --END-- [ RunTime:0.000944s ]

[ 2016-03-18T19:41:36+08:00 ] 127.0.0.1 /hotel/Public/Home/Css/images/bg.jp
INFO: [ app_init ] --START--
INFO: Run Behavior\BuildLiteBehavior [ RunTime:0.000048s ]
INFO: [ app_init ] --END-- [ RunTime:0.000704s ]
INFO: [ app_begin ] --START--
INFO: Run Behavior\ReadHtmlCacheBehavior [ RunTime:0.000782s ]
INFO: [ app_begin ] --END-- [ RunTime:0.000993s ]
ERR: 无法加载控制器:Public

[ 2016-03-18T19:41:36+08:00 ] 127.0.0.1 /hotel/Public/Home/Css/images/cbg.jp
INFO: [ app_init ] --START--
INFO: Run Behavior\BuildLiteBehavior [ RunTime:0.000026s ]
INFO: [ app_init ] --END-- [ RunTime:0.000608s ]
INFO: [ app_begin ] --START--
INFO: Run Behavior\ReadHtmlCacheBehavior [ RunTime:0.000754s ]
INFO: [ app_begin ] --END-- [ RunTime:0.001339s ]
ERR: 无法加载控制器:Public

[ 2016-03-18T19:41:36+08:00 ] 127.0.0.1 /hotel/Public/Home/Css/Images/rgithbg.gif
INFO: [ app_init ] --START--
INFO: Run Behavior\BuildLiteBehavior [ RunTime:0.000026s ]
INFO: [ app_init ] --END-- [ RunTime:0.000558s ]

[ 2016-03-18T19:41:36+08:00 ] 127.0.0.1 /hotel/Public/Home/Css/Images/menu_style.gif
INFO: [ app_init ] --START--
INFO: Run Behavior\BuildLiteBehavior [ RunTime:0.000046s ]
INFO: [ app_init ] --END-- [ RunTime:0.000856s ]

[ 2016-03-18T19:41:37+08:00 ] 127.0.0.1 /hotel/e/upload/s1/article/image/2012-11/tpic_t_18225122.jpg
INFO: [ app_init ] --START--
INFO: Run Behavior\BuildLiteBehavior [ RunTime:0.000060s ]
INFO: [ app_init ] --END-- [ RunTime:0.000877s ]

[ 2016-03-18T19:41:37+08:00 ] 127.0.0.1 /hotel/e/upload/s1/article/image/2012-11/tpic_t_18143632.jpg
INFO: [ app_init ] --START--
INFO: Run Behavior\BuildLiteBehavior [ RunTime:0.000055s ]
INFO: [ app_init ] --END-- [ RunTime:0.001124s ]

[ 2016-03-18T19:41:37+08:00 ] 127.0.0.1 /hotel/e/upload/s1/article/image/2012-11/tpic_t_18143853.jpg
INFO: [ app_init ] --START--
INFO: Run Behavior\BuildLiteBehavior [ RunTime:0.000044s ]
INFO: [ app_init ] --END-- [ RunTime:0.000858s ]

[ 2016-03-18T19:41:37+08:00 ] 127.0.0.1 /hotel/e/upload/s1/article/image/2012-11/tpic_t_18143835.jpg
INFO: [ app_init ] --START--
INFO: Run Behavior\BuildLiteBehavior [ RunTime:0.000046s ]
INFO: [ app_init ] --END-- [ RunTime:0.007198s ]

[ 2016-03-18T19:41:37+08:00 ] 127.0.0.1 /hotel/e/upload/s1/article/image/2012-11/tpic_t_18143553.jpg
INFO: [ app_init ] --START--
INFO: Run Behavior\BuildLiteBehavior [ RunTime:0.000043s ]
INFO: [ app_init ] --END-- [ RunTime:0.000792s ]

[ 2016-03-18T19:41:37+08:00 ] 127.0.0.1 /hotel/e/upload/s1/article/image/2012-11/tpic_t_18143513.jpg
INFO: [ app_init ] --START--
INFO: Run Behavior\BuildLiteBehavior [ RunTime:0.000075s ]
INFO: [ app_init ] --END-- [ RunTime:0.003724s ]

[ 2016-03-18T19:41:37+08:00 ] 127.0.0.1 /hotel/e/upload/s1/article/image/2012-11/tpic_t_18143658.jpg
INFO: [ app_init ] --START--
INFO: Run Behavior\BuildLiteBehavior [ RunTime:0.000058s ]
INFO: [ app_init ] --END-- [ RunTime:0.000983s ]

[ 2016-03-18T19:41:37+08:00 ] 127.0.0.1 /hotel/e/upload/s1/article/image/2012-11/tpic_t_18143441.jpg
INFO: [ app_init ] --START--
INFO: Run Behavior\BuildLiteBehavior [ RunTime:0.000046s ]
INFO: [ app_init ] --END-- [ RunTime:0.001067s ]

[ 2016-03-18T19:41:37+08:00 ] 127.0.0.1 /hotel/e/upload/s1/article/image/2012-11/tpic_t_18143716.jpg
INFO: [ app_init ] --START--
INFO: Run Behavior\BuildLiteBehavior [ RunTime:0.000050s ]
INFO: [ app_init ] --END-- [ RunTime:0.003480s ]

[ 2016-03-18T19:41:37+08:00 ] 127.0.0.1 /hotel/Public/Home/Css/images/lanmu_site.png
INFO: [ app_init ] --START--
INFO: Run Behavior\BuildLiteBehavior [ RunTime:0.000029s ]
INFO: [ app_init ] --END-- [ RunTime:0.000663s ]

[ 2016-03-18T19:41:37+08:00 ] 127.0.0.1 /hotel/Public/Home/Css/images/bottom.jp
INFO: [ app_init ] --START--
INFO: Run Behavior\BuildLiteBehavior [ RunTime:0.000050s ]
INFO: [ app_init ] --END-- [ RunTime:0.000882s ]
INFO: [ app_begin ] --START--
INFO: Run Behavior\ReadHtmlCacheBehavior [ RunTime:0.001383s ]
INFO: [ app_begin ] --END-- [ RunTime:0.001960s ]
ERR: 无法加载控制器:Public

[ 2016-03-18T19:41:38+08:00 ] 127.0.0.1 /hotel/Intro/index.html
INFO: [ app_init ] --START--
INFO: Run Behavior\BuildLiteBehavior [ RunTime:0.000026s ]
INFO: [ app_init ] --END-- [ RunTime:0.000750s ]
INFO: [ app_begin ] --START--
INFO: Run Behavior\ReadHtmlCacheBehavior [ RunTime:0.000828s ]
INFO: [ app_begin ] --END-- [ RunTime:0.000947s ]
SQL: SHOW COLUMNS FROM `ht_cate` [ RunTime:0.0224s ]
SQL: SELECT * FROM `ht_cate` WHERE `pid` = 1  [ RunTime:0.0004s ]
SQL: SHOW COLUMNS FROM `ht_intro` [ RunTime:0.0041s ]
SQL: SELECT * FROM `ht_intro` WHERE `cid` = 0  [ RunTime:0.0003s ]
INFO: [ view_parse ] --START--
INFO: [ template_filter ] --START--
INFO: Run Behavior\ContentReplaceBehavior [ RunTime:0.000135s ]
INFO: [ template_filter ] --END-- [ RunTime:0.000311s ]
INFO: Run Behavior\ParseTemplateBehavior [ RunTime:0.020046s ]
INFO: [ view_parse ] --END-- [ RunTime:0.020196s ]
INFO: [ view_filter ] --START--
INFO: Run Behavior\WriteHtmlCacheBehavior [ RunTime:0.000453s ]
INFO: [ view_filter ] --END-- [ RunTime:0.000571s ]
INFO: [ app_end ] --START--
INFO: Run Behavior\ShowPageTraceBehavior [ RunTime:0.000764s ]
INFO: [ app_end ] --END-- [ RunTime:0.000929s ]

[ 2016-03-18T19:41:38+08:00 ] 127.0.0.1 /hotel/Public/Home/Css/images/bg.jp
INFO: [ app_init ] --START--
INFO: Run Behavior\BuildLiteBehavior [ RunTime:0.000027s ]
INFO: [ app_init ] --END-- [ RunTime:0.000565s ]
INFO: [ app_begin ] --START--
INFO: Run Behavior\ReadHtmlCacheBehavior [ RunTime:0.000657s ]
INFO: [ app_begin ] --END-- [ RunTime:0.000783s ]
ERR: 无法加载控制器:Public

[ 2016-03-18T19:41:38+08:00 ] 127.0.0.1 /hotel/Public/Home/Css/images/cbg.jp
INFO: [ app_init ] --START--
INFO: Run Behavior\BuildLiteBehavior [ RunTime:0.000028s ]
INFO: [ app_init ] --END-- [ RunTime:0.000650s ]
INFO: [ app_begin ] --START--
INFO: Run Behavior\ReadHtmlCacheBehavior [ RunTime:0.000695s ]
INFO: [ app_begin ] --END-- [ RunTime:0.000827s ]
ERR: 无法加载控制器:Public

[ 2016-03-18T19:41:38+08:00 ] 127.0.0.1 /hotel/Public/Home/Css/Images/menu_style.gif
INFO: [ app_init ] --START--
INFO: Run Behavior\BuildLiteBehavior [ RunTime:0.000051s ]
INFO: [ app_init ] --END-- [ RunTime:0.001950s ]

[ 2016-03-18T19:41:38+08:00 ] 127.0.0.1 /hotel/Public/Home/Css/Images/rgithbg.gif
INFO: [ app_init ] --START--
INFO: Run Behavior\BuildLiteBehavior [ RunTime:0.000046s ]
INFO: [ app_init ] --END-- [ RunTime:0.001015s ]

[ 2016-03-18T19:41:38+08:00 ] 127.0.0.1 /hotel/Public/Home/Css/images/nav_menu_list.jp
INFO: [ app_init ] --START--
INFO: Run Behavior\BuildLiteBehavior [ RunTime:0.000033s ]
INFO: [ app_init ] --END-- [ RunTime:0.000618s ]
INFO: [ app_begin ] --START--
INFO: Run Behavior\ReadHtmlCacheBehavior [ RunTime:0.001036s ]
INFO: [ app_begin ] --END-- [ RunTime:0.001263s ]
ERR: 无法加载控制器:Public

[ 2016-03-18T19:41:38+08:00 ] 127.0.0.1 /hotel/Public/Home/Css/images/bottom.jp
INFO: [ app_init ] --START--
INFO: Run Behavior\BuildLiteBehavior [ RunTime:0.000050s ]
INFO: [ app_init ] --END-- [ RunTime:0.000961s ]
INFO: [ app_begin ] --START--
INFO: Run Behavior\ReadHtmlCacheBehavior [ RunTime:0.001102s ]
INFO: [ app_begin ] --END-- [ RunTime:0.001341s ]
ERR: 无法加载控制器:Public

[ 2016-03-18T19:41:38+08:00 ] 127.0.0.1 /hotel/Public/Home/Css/images/lanmu_site.png
INFO: [ app_init ] --START--
INFO: Run Behavior\BuildLiteBehavior [ RunTime:0.000090s ]
INFO: [ app_init ] --END-- [ RunTime:0.001666s ]

[ 2016-03-18T19:41:39+08:00 ] 127.0.0.1 /hotel/Room/index.html
INFO: [ app_init ] --START--
INFO: Run Behavior\BuildLiteBehavior [ RunTime:0.000027s ]
INFO: [ app_init ] --END-- [ RunTime:0.000573s ]
INFO: [ app_begin ] --START--
INFO: Run Behavior\ReadHtmlCacheBehavior [ RunTime:0.000801s ]
INFO: [ app_begin ] --END-- [ RunTime:0.000926s ]
INFO: [ view_parse ] --START--
INFO: [ template_filter ] --START--
INFO: Run Behavior\ContentReplaceBehavior [ RunTime:0.000151s ]
INFO: [ template_filter ] --END-- [ RunTime:0.000299s ]
INFO: Run Behavior\ParseTemplateBehavior [ RunTime:0.017067s ]
INFO: [ view_parse ] --END-- [ RunTime:0.017388s ]
INFO: [ view_filter ] --START--
INFO: Run Behavior\WriteHtmlCacheBehavior [ RunTime:0.000486s ]
INFO: [ view_filter ] --END-- [ RunTime:0.000602s ]
INFO: [ app_end ] --START--
INFO: Run Behavior\ShowPageTraceBehavior [ RunTime:0.000674s ]
INFO: [ app_end ] --END-- [ RunTime:0.000789s ]

[ 2016-03-18T19:41:41+08:00 ] 127.0.0.1 /hotel/Room/index.html
INFO: [ app_init ] --START--
INFO: Run Behavior\BuildLiteBehavior [ RunTime:0.000026s ]
INFO: [ app_init ] --END-- [ RunTime:0.000577s ]
INFO: [ app_begin ] --START--
INFO: Run Behavior\ReadHtmlCacheBehavior [ RunTime:0.000665s ]
INFO: [ app_begin ] --END-- [ RunTime:0.000785s ]
INFO: [ view_parse ] --START--
INFO: [ template_filter ] --START--
INFO: Run Behavior\ContentReplaceBehavior [ RunTime:0.000184s ]
INFO: [ template_filter ] --END-- [ RunTime:0.000334s ]
INFO: Run Behavior\ParseTemplateBehavior [ RunTime:0.014850s ]
INFO: [ view_parse ] --END-- [ RunTime:0.015001s ]
INFO: [ view_filter ] --START--
INFO: Run Behavior\WriteHtmlCacheBehavior [ RunTime:0.000396s ]
INFO: [ view_filter ] --END-- [ RunTime:0.000512s ]
INFO: [ app_end ] --START--
INFO: Run Behavior\ShowPageTraceBehavior [ RunTime:0.000638s ]
INFO: [ app_end ] --END-- [ RunTime:0.000753s ]

[ 2016-03-18T19:41:42+08:00 ] 127.0.0.1 /hotel/e/upload/s1/article/image/2012-11/tpic_t_18225122.jpg
INFO: [ app_init ] --START--
INFO: Run Behavior\BuildLiteBehavior [ RunTime:0.000093s ]
INFO: [ app_init ] --END-- [ RunTime:0.001417s ]

[ 2016-03-18T19:41:42+08:00 ] 127.0.0.1 /hotel/e/upload/s1/article/image/2012-11/tpic_t_18143658.jpg
INFO: [ app_init ] --START--
INFO: Run Behavior\BuildLiteBehavior [ RunTime:0.000048s ]
INFO: [ app_init ] --END-- [ RunTime:0.000894s ]

[ 2016-03-18T19:41:42+08:00 ] 127.0.0.1 /hotel/e/upload/s1/article/image/2012-11/tpic_t_18143716.jpg
INFO: [ app_init ] --START--
INFO: Run Behavior\BuildLiteBehavior [ RunTime:0.000049s ]
INFO: [ app_init ] --END-- [ RunTime:0.000910s ]

[ 2016-03-18T19:41:42+08:00 ] 127.0.0.1 /hotel/e/upload/s1/article/image/2012-11/tpic_t_18143835.jpg
INFO: [ app_init ] --START--
INFO: Run Behavior\BuildLiteBehavior [ RunTime:0.000050s ]
INFO: [ app_init ] --END-- [ RunTime:0.000880s ]

[ 2016-03-18T19:41:42+08:00 ] 127.0.0.1 /hotel/e/upload/s1/article/image/2012-11/tpic_t_18143441.jpg
INFO: [ app_init ] --START--
INFO: Run Behavior\BuildLiteBehavior [ RunTime:0.000046s ]
INFO: [ app_init ] --END-- [ RunTime:0.000854s ]

[ 2016-03-18T19:41:42+08:00 ] 127.0.0.1 /hotel/e/upload/s1/article/image/2012-11/tpic_t_18143513.jpg
INFO: [ app_init ] --START--
INFO: Run Behavior\BuildLiteBehavior [ RunTime:0.000051s ]
INFO: [ app_init ] --END-- [ RunTime:0.000919s ]

[ 2016-03-18T19:41:42+08:00 ] 127.0.0.1 /hotel/e/upload/s1/article/image/2012-11/tpic_t_18143632.jpg
INFO: [ app_init ] --START--
INFO: Run Behavior\BuildLiteBehavior [ RunTime:0.000049s ]
INFO: [ app_init ] --END-- [ RunTime:0.000856s ]

[ 2016-03-18T19:41:42+08:00 ] 127.0.0.1 /hotel/e/upload/s1/article/image/2012-11/tpic_t_18143553.jpg
INFO: [ app_init ] --START--
INFO: Run Behavior\BuildLiteBehavior [ RunTime:0.000044s ]
INFO: [ app_init ] --END-- [ RunTime:0.000864s ]

[ 2016-03-18T19:41:42+08:00 ] 127.0.0.1 /hotel/Public/Home/Css/images/bg.jp
INFO: [ app_init ] --START--
INFO: Run Behavior\BuildLiteBehavior [ RunTime:0.000047s ]
INFO: [ app_init ] --END-- [ RunTime:0.000727s ]
INFO: [ app_begin ] --START--
INFO: Run Behavior\ReadHtmlCacheBehavior [ RunTime:0.000861s ]
INFO: [ app_begin ] --END-- [ RunTime:0.001029s ]
ERR: 无法加载控制器:Public

[ 2016-03-18T19:41:42+08:00 ] 127.0.0.1 /hotel/Public/Home/Css/Images/menu_style.gif
INFO: [ app_init ] --START--
INFO: Run Behavior\BuildLiteBehavior [ RunTime:0.000050s ]
INFO: [ app_init ] --END-- [ RunTime:0.000869s ]

[ 2016-03-18T19:41:42+08:00 ] 127.0.0.1 /hotel/Public/Home/Css/images/cbg.jp
INFO: [ app_init ] --START--
INFO: Run Behavior\BuildLiteBehavior [ RunTime:0.000045s ]
INFO: [ app_init ] --END-- [ RunTime:0.000933s ]
INFO: [ app_begin ] --START--
INFO: Run Behavior\ReadHtmlCacheBehavior [ RunTime:0.002366s ]
INFO: [ app_begin ] --END-- [ RunTime:0.002614s ]
ERR: 无法加载控制器:Public

[ 2016-03-18T19:41:42+08:00 ] 127.0.0.1 /hotel/Public/Home/Css/Images/rgithbg.gif
INFO: [ app_init ] --START--
INFO: Run Behavior\BuildLiteBehavior [ RunTime:0.000050s ]
INFO: [ app_init ] --END-- [ RunTime:0.001219s ]

[ 2016-03-18T19:41:42+08:00 ] 127.0.0.1 /hotel/e/upload/s1/article/image/2012-11/tpic_t_18143658.jpg
INFO: [ app_init ] --START--
INFO: Run Behavior\BuildLiteBehavior [ RunTime:0.000031s ]
INFO: [ app_init ] --END-- [ RunTime:0.000634s ]

[ 2016-03-18T19:41:42+08:00 ] 127.0.0.1 /hotel/e/upload/s1/article/image/2012-11/tpic_t_18143632.jpg
INFO: [ app_init ] --START--
INFO: Run Behavior\BuildLiteBehavior [ RunTime:0.000053s ]
INFO: [ app_init ] --END-- [ RunTime:0.000914s ]

[ 2016-03-18T19:41:42+08:00 ] 127.0.0.1 /hotel/e/upload/s1/article/image/2012-11/tpic_t_18225122.jpg
INFO: [ app_init ] --START--
INFO: Run Behavior\BuildLiteBehavior [ RunTime:0.000025s ]
INFO: [ app_init ] --END-- [ RunTime:0.000584s ]

[ 2016-03-18T19:41:42+08:00 ] 127.0.0.1 /hotel/e/upload/s1/article/image/2012-11/tpic_t_18143853.jpg
INFO: [ app_init ] --START--
INFO: Run Behavior\BuildLiteBehavior [ RunTime:0.000045s ]
INFO: [ app_init ] --END-- [ RunTime:0.000929s ]

[ 2016-03-18T19:41:42+08:00 ] 127.0.0.1 /hotel/e/upload/s1/article/image/2012-11/tpic_t_18143835.jpg
INFO: [ app_init ] --START--
INFO: Run Behavior\BuildLiteBehavior [ RunTime:0.000047s ]
INFO: [ app_init ] --END-- [ RunTime:0.004793s ]

[ 2016-03-18T19:41:42+08:00 ] 127.0.0.1 /hotel/e/upload/s1/article/image/2012-11/tpic_t_18143716.jpg
INFO: [ app_init ] --START--
INFO: Run Behavior\BuildLiteBehavior [ RunTime:0.000048s ]
INFO: [ app_init ] --END-- [ RunTime:0.000859s ]

[ 2016-03-18T19:41:42+08:00 ] 127.0.0.1 /hotel/e/upload/s1/article/image/2012-11/tpic_t_18143441.jpg
INFO: [ app_init ] --START--
INFO: Run Behavior\BuildLiteBehavior [ RunTime:0.000040s ]
INFO: [ app_init ] --END-- [ RunTime:0.000806s ]

[ 2016-03-18T19:41:42+08:00 ] 127.0.0.1 /hotel/e/upload/s1/article/image/2012-11/tpic_t_18143513.jpg
INFO: [ app_init ] --START--
INFO: Run Behavior\BuildLiteBehavior [ RunTime:0.000053s ]
INFO: [ app_init ] --END-- [ RunTime:0.025770s ]

[ 2016-03-18T19:41:42+08:00 ] 127.0.0.1 /hotel/Public/Home/Css/images/lanmu_site.png
INFO: [ app_init ] --START--
INFO: Run Behavior\BuildLiteBehavior [ RunTime:0.000044s ]
INFO: [ app_init ] --END-- [ RunTime:0.001113s ]

[ 2016-03-18T19:41:42+08:00 ] 127.0.0.1 /hotel/Public/Home/Css/images/bottom.jp
INFO: [ app_init ] --START--
INFO: Run Behavior\BuildLiteBehavior [ RunTime:0.000049s ]
INFO: [ app_init ] --END-- [ RunTime:0.002128s ]
INFO: [ app_begin ] --START--
INFO: Run Behavior\ReadHtmlCacheBehavior [ RunTime:0.000987s ]
INFO: [ app_begin ] --END-- [ RunTime:0.001204s ]
ERR: 无法加载控制器:Public

[ 2016-03-18T20:03:51+08:00 ] 127.0.0.1 /hotel/Contact/index.html
INFO: [ app_init ] --START--
INFO: Run Behavior\BuildLiteBehavior [ RunTime:0.000033s ]
INFO: [ app_init ] --END-- [ RunTime:0.001115s ]
INFO: [ app_begin ] --START--
INFO: Run Behavior\ReadHtmlCacheBehavior [ RunTime:0.000868s ]
INFO: [ app_begin ] --END-- [ RunTime:0.001015s ]
INFO: [ view_parse ] --START--
INFO: [ template_filter ] --START--
INFO: Run Behavior\ContentReplaceBehavior [ RunTime:0.000153s ]
INFO: [ template_filter ] --END-- [ RunTime:0.000325s ]
INFO: Run Behavior\ParseTemplateBehavior [ RunTime:0.017693s ]
INFO: [ view_parse ] --END-- [ RunTime:0.017865s ]
INFO: [ view_filter ] --START--
INFO: Run Behavior\WriteHtmlCacheBehavior [ RunTime:0.000545s ]
INFO: [ view_filter ] --END-- [ RunTime:0.000654s ]
INFO: [ app_end ] --START--
INFO: Run Behavior\ShowPageTraceBehavior [ RunTime:0.000793s ]
INFO: [ app_end ] --END-- [ RunTime:0.000906s ]

[ 2016-03-18T20:03:52+08:00 ] 127.0.0.1 /hotel/Public/Home/Css/images/bg.jp
INFO: [ app_init ] --START--
INFO: Run Behavior\BuildLiteBehavior [ RunTime:0.000047s ]
INFO: [ app_init ] --END-- [ RunTime:0.000692s ]
INFO: [ app_begin ] --START--
INFO: Run Behavior\ReadHtmlCacheBehavior [ RunTime:0.000806s ]
INFO: [ app_begin ] --END-- [ RunTime:0.000938s ]
ERR: 无法加载控制器:Public

[ 2016-03-18T20:03:52+08:00 ] 127.0.0.1 /hotel/Public/Home/Css/images/cbg.jp
INFO: [ app_init ] --START--
INFO: Run Behavior\BuildLiteBehavior [ RunTime:0.000027s ]
INFO: [ app_init ] --END-- [ RunTime:0.000550s ]
INFO: [ app_begin ] --START--
INFO: Run Behavior\ReadHtmlCacheBehavior [ RunTime:0.000689s ]
INFO: [ app_begin ] --END-- [ RunTime:0.000816s ]
ERR: 无法加载控制器:Public

[ 2016-03-18T20:03:52+08:00 ] 127.0.0.1 /hotel/Public/Home/Css/Images/menu_style.gif
INFO: [ app_init ] --START--
INFO: Run Behavior\BuildLiteBehavior [ RunTime:0.000028s ]
INFO: [ app_init ] --END-- [ RunTime:0.000605s ]

[ 2016-03-18T20:03:52+08:00 ] 127.0.0.1 /hotel/Public/Home/Css/Images/rgithbg.gif
INFO: [ app_init ] --START--
INFO: Run Behavior\BuildLiteBehavior [ RunTime:0.000048s ]
INFO: [ app_init ] --END-- [ RunTime:0.000956s ]

[ 2016-03-18T20:03:52+08:00 ] 127.0.0.1 /hotel/Public/Home/Css/images/nav_menu_list.jp
INFO: [ app_init ] --START--
INFO: Run Behavior\BuildLiteBehavior [ RunTime:0.000064s ]
INFO: [ app_init ] --END-- [ RunTime:0.001823s ]
INFO: [ app_begin ] --START--
INFO: Run Behavior\ReadHtmlCacheBehavior [ RunTime:0.001160s ]
INFO: [ app_begin ] --END-- [ RunTime:0.001342s ]
ERR: 无法加载控制器:Public

[ 2016-03-18T20:03:52+08:00 ] 127.0.0.1 /hotel/Public/Home/Css/images/bottom.jp
INFO: [ app_init ] --START--
INFO: Run Behavior\BuildLiteBehavior [ RunTime:0.000052s ]
INFO: [ app_init ] --END-- [ RunTime:0.001709s ]
INFO: [ app_begin ] --START--
INFO: Run Behavior\ReadHtmlCacheBehavior [ RunTime:0.001107s ]
INFO: [ app_begin ] --END-- [ RunTime:0.001311s ]
ERR: 无法加载控制器:Public

[ 2016-03-18T20:03:52+08:00 ] 127.0.0.1 /hotel/Public/Home/Css/images/lanmu_site.png
INFO: [ app_init ] --START--
INFO: Run Behavior\BuildLiteBehavior [ RunTime:0.000057s ]
INFO: [ app_init ] --END-- [ RunTime:0.001068s ]

[ 2016-03-18T20:07:02+08:00 ] 127.0.0.1 /hotel/Room/index.html
INFO: [ app_init ] --START--
INFO: Run Behavior\BuildLiteBehavior [ RunTime:0.000028s ]
INFO: [ app_init ] --END-- [ RunTime:0.000795s ]
INFO: [ app_begin ] --START--
INFO: Run Behavior\ReadHtmlCacheBehavior [ RunTime:0.001152s ]
INFO: [ app_begin ] --END-- [ RunTime:0.001292s ]
INFO: [ view_parse ] --START--
INFO: [ template_filter ] --START--
INFO: Run Behavior\ContentReplaceBehavior [ RunTime:0.000224s ]
INFO: [ template_filter ] --END-- [ RunTime:0.000418s ]
INFO: Run Behavior\ParseTemplateBehavior [ RunTime:0.019450s ]
INFO: [ view_parse ] --END-- [ RunTime:0.019671s ]
INFO: [ view_filter ] --START--
INFO: Run Behavior\WriteHtmlCacheBehavior [ RunTime:0.000754s ]
INFO: [ view_filter ] --END-- [ RunTime:0.000897s ]
INFO: [ app_end ] --START--
INFO: Run Behavior\ShowPageTraceBehavior [ RunTime:0.001043s ]
INFO: [ app_end ] --END-- [ RunTime:0.001217s ]

[ 2016-03-18T20:07:02+08:00 ] 127.0.0.1 /hotel/e/upload/s1/article/image/2012-11/tpic_t_18225122.jpg
INFO: [ app_init ] --START--
INFO: Run Behavior\BuildLiteBehavior [ RunTime:0.000047s ]
INFO: [ app_init ] --END-- [ RunTime:0.001057s ]

[ 2016-03-18T20:07:02+08:00 ] 127.0.0.1 /hotel/e/upload/s1/article/image/2012-11/tpic_t_18143658.jpg
INFO: [ app_init ] --START--
INFO: Run Behavior\BuildLiteBehavior [ RunTime:0.000042s ]
INFO: [ app_init ] --END-- [ RunTime:0.000872s ]

[ 2016-03-18T20:07:02+08:00 ] 127.0.0.1 /hotel/e/upload/s1/article/image/2012-11/tpic_t_18143853.jpg
INFO: [ app_init ] --START--
INFO: Run Behavior\BuildLiteBehavior [ RunTime:0.000038s ]
INFO: [ app_init ] --END-- [ RunTime:0.000741s ]

[ 2016-03-18T20:07:02+08:00 ] 127.0.0.1 /hotel/e/upload/s1/article/image/2012-11/tpic_t_18143553.jpg
INFO: [ app_init ] --START--
INFO: Run Behavior\BuildLiteBehavior [ RunTime:0.000048s ]
INFO: [ app_init ] --END-- [ RunTime:0.000882s ]

[ 2016-03-18T20:07:03+08:00 ] 127.0.0.1 /hotel/e/upload/s1/article/image/2012-11/tpic_t_18143835.jpg
INFO: [ app_init ] --START--
INFO: Run Behavior\BuildLiteBehavior [ RunTime:0.000048s ]
INFO: [ app_init ] --END-- [ RunTime:0.002108s ]

[ 2016-03-18T20:07:03+08:00 ] 127.0.0.1 /hotel/e/upload/s1/article/image/2012-11/tpic_t_18143716.jpg
INFO: [ app_init ] --START--
INFO: Run Behavior\BuildLiteBehavior [ RunTime:0.000042s ]
INFO: [ app_init ] --END-- [ RunTime:0.000920s ]

[ 2016-03-18T20:07:03+08:00 ] 127.0.0.1 /hotel/e/upload/s1/article/image/2012-11/tpic_t_18143513.jpg
INFO: [ app_init ] --START--
INFO: Run Behavior\BuildLiteBehavior [ RunTime:0.000046s ]
INFO: [ app_init ] --END-- [ RunTime:0.001027s ]

[ 2016-03-18T20:07:03+08:00 ] 127.0.0.1 /hotel/e/upload/s1/article/image/2012-11/tpic_t_18143632.jpg
INFO: [ app_init ] --START--
INFO: Run Behavior\BuildLiteBehavior [ RunTime:0.000051s ]
INFO: [ app_init ] --END-- [ RunTime:0.001299s ]

[ 2016-03-18T20:07:03+08:00 ] 127.0.0.1 /hotel/e/upload/s1/article/image/2012-11/tpic_t_18143441.jpg
INFO: [ app_init ] --START--
INFO: Run Behavior\BuildLiteBehavior [ RunTime:0.000050s ]
INFO: [ app_init ] --END-- [ RunTime:0.001078s ]

[ 2016-03-18T20:07:03+08:00 ] 127.0.0.1 /hotel/Public/Home/Css/images/bg.jp
INFO: [ app_init ] --START--
INFO: Run Behavior\BuildLiteBehavior [ RunTime:0.000027s ]
INFO: [ app_init ] --END-- [ RunTime:0.000581s ]
INFO: [ app_begin ] --START--
INFO: Run Behavior\ReadHtmlCacheBehavior [ RunTime:0.000761s ]
INFO: [ app_begin ] --END-- [ RunTime:0.000892s ]
ERR: 无法加载控制器:Public

[ 2016-03-18T20:07:03+08:00 ] 127.0.0.1 /hotel/Public/Home/Css/Images/menu_style.gif
INFO: [ app_init ] --START--
INFO: Run Behavior\BuildLiteBehavior [ RunTime:0.000046s ]
INFO: [ app_init ] --END-- [ RunTime:0.000894s ]

[ 2016-03-18T20:07:03+08:00 ] 127.0.0.1 /hotel/Public/Home/Css/Images/rgithbg.gif
INFO: [ app_init ] --START--
INFO: Run Behavior\BuildLiteBehavior [ RunTime:0.000049s ]
INFO: [ app_init ] --END-- [ RunTime:0.001010s ]

[ 2016-03-18T20:07:03+08:00 ] 127.0.0.1 /hotel/Public/Home/Css/images/cbg.jp
INFO: [ app_init ] --START--
INFO: Run Behavior\BuildLiteBehavior [ RunTime:0.000040s ]
INFO: [ app_init ] --END-- [ RunTime:0.000826s ]
INFO: [ app_begin ] --START--
INFO: Run Behavior\ReadHtmlCacheBehavior [ RunTime:0.001121s ]
INFO: [ app_begin ] --END-- [ RunTime:0.001376s ]
ERR: 无法加载控制器:Public

[ 2016-03-18T20:07:03+08:00 ] 127.0.0.1 /hotel/e/upload/s1/article/image/2012-11/tpic_t_18143835.jpg
INFO: [ app_init ] --START--
INFO: Run Behavior\BuildLiteBehavior [ RunTime:0.000077s ]
INFO: [ app_init ] --END-- [ RunTime:0.001046s ]

[ 2016-03-18T20:07:03+08:00 ] 127.0.0.1 /hotel/e/upload/s1/article/image/2012-11/tpic_t_18143658.jpg
INFO: [ app_init ] --START--
INFO: Run Behavior\BuildLiteBehavior [ RunTime:0.000041s ]
INFO: [ app_init ] --END-- [ RunTime:0.000842s ]

[ 2016-03-18T20:07:03+08:00 ] 127.0.0.1 /hotel/e/upload/s1/article/image/2012-11/tpic_t_18143716.jpg
INFO: [ app_init ] --START--
INFO: Run Behavior\BuildLiteBehavior [ RunTime:0.000053s ]
INFO: [ app_init ] --END-- [ RunTime:0.001586s ]

[ 2016-03-18T20:07:03+08:00 ] 127.0.0.1 /hotel/e/upload/s1/article/image/2012-11/tpic_t_18143632.jpg
INFO: [ app_init ] --START--
INFO: Run Behavior\BuildLiteBehavior [ RunTime:0.000047s ]
INFO: [ app_init ] --END-- [ RunTime:0.000891s ]

[ 2016-03-18T20:07:03+08:00 ] 127.0.0.1 /hotel/e/upload/s1/article/image/2012-11/tpic_t_18225122.jpg
INFO: [ app_init ] --START--
INFO: Run Behavior\BuildLiteBehavior [ RunTime:0.000079s ]
INFO: [ app_init ] --END-- [ RunTime:0.000957s ]

[ 2016-03-18T20:07:03+08:00 ] 127.0.0.1 /hotel/e/upload/s1/article/image/2012-11/tpic_t_18143853.jpg
INFO: [ app_init ] --START--
INFO: Run Behavior\BuildLiteBehavior [ RunTime:0.000043s ]
INFO: [ app_init ] --END-- [ RunTime:0.000895s ]

[ 2016-03-18T20:07:03+08:00 ] 127.0.0.1 /hotel/e/upload/s1/article/image/2012-11/tpic_t_18143553.jpg
INFO: [ app_init ] --START--
INFO: Run Behavior\BuildLiteBehavior [ RunTime:0.000046s ]
INFO: [ app_init ] --END-- [ RunTime:0.000885s ]

[ 2016-03-18T20:07:03+08:00 ] 127.0.0.1 /hotel/e/upload/s1/article/image/2012-11/tpic_t_18143513.jpg
INFO: [ app_init ] --START--
INFO: Run Behavior\BuildLiteBehavior [ RunTime:0.000067s ]
INFO: [ app_init ] --END-- [ RunTime:0.001422s ]

[ 2016-03-18T20:07:03+08:00 ] 127.0.0.1 /hotel/e/upload/s1/article/image/2012-11/tpic_t_18143441.jpg
INFO: [ app_init ] --START--
INFO: Run Behavior\BuildLiteBehavior [ RunTime:0.000040s ]
INFO: [ app_init ] --END-- [ RunTime:0.000777s ]

[ 2016-03-18T20:07:03+08:00 ] 127.0.0.1 /hotel/Public/Home/Css/images/lanmu_site.png
INFO: [ app_init ] --START--
INFO: Run Behavior\BuildLiteBehavior [ RunTime:0.000065s ]
INFO: [ app_init ] --END-- [ RunTime:0.001012s ]

[ 2016-03-18T20:07:03+08:00 ] 127.0.0.1 /hotel/Public/Home/Css/images/bottom.jp
INFO: [ app_init ] --START--
INFO: Run Behavior\BuildLiteBehavior [ RunTime:0.000050s ]
INFO: [ app_init ] --END-- [ RunTime:0.001010s ]
INFO: [ app_begin ] --START--
INFO: Run Behavior\ReadHtmlCacheBehavior [ RunTime:0.001346s ]
INFO: [ app_begin ] --END-- [ RunTime:0.001631s ]
ERR: 无法加载控制器:Public

