[ 2016-04-01T17:12:48+08:00 ] 127.0.0.1 /hotel/Admin/
INFO: [ app_init ] --START--
INFO: Run Behavior\BuildLiteBehavior [ RunTime:0.000029s ]
INFO: [ app_init ] --END-- [ RunTime:0.000827s ]
INFO: [ app_begin ] --START--
INFO: Run Behavior\ReadHtmlCacheBehavior [ RunTime:0.001610s ]
INFO: [ app_begin ] --END-- [ RunTime:0.001770s ]
INFO: [ view_parse ] --START--
INFO: [ template_filter ] --START--
INFO: Run Behavior\ContentReplaceBehavior [ RunTime:0.000091s ]
INFO: [ template_filter ] --END-- [ RunTime:0.000235s ]
INFO: Run Behavior\ParseTemplateBehavior [ RunTime:0.009548s ]
INFO: [ view_parse ] --END-- [ RunTime:0.009713s ]
INFO: [ view_filter ] --START--
INFO: Run Behavior\WriteHtmlCacheBehavior [ RunTime:0.001187s ]
INFO: [ view_filter ] --END-- [ RunTime:0.001338s ]
INFO: [ app_end ] --START--
INFO: Run Behavior\ShowPageTraceBehavior [ RunTime:0.001343s ]
INFO: [ app_end ] --END-- [ RunTime:0.001500s ]

[ 2016-04-01T17:12:49+08:00 ] 127.0.0.1 /hotel/Admin/top.html
INFO: [ app_init ] --START--
INFO: Run Behavior\BuildLiteBehavior [ RunTime:0.000047s ]
INFO: [ app_init ] --END-- [ RunTime:0.000962s ]
INFO: [ app_begin ] --START--
INFO: Run Behavior\ReadHtmlCacheBehavior [ RunTime:0.000926s ]
INFO: [ app_begin ] --END-- [ RunTime:0.001051s ]
ERR: 无法加载控制器:Top

[ 2016-04-01T17:12:49+08:00 ] 127.0.0.1 /hotel/Admin/down.html
INFO: [ app_init ] --START--
INFO: Run Behavior\BuildLiteBehavior [ RunTime:0.000030s ]
INFO: [ app_init ] --END-- [ RunTime:0.000625s ]
INFO: [ app_begin ] --START--
INFO: Run Behavior\ReadHtmlCacheBehavior [ RunTime:0.001137s ]
INFO: [ app_begin ] --END-- [ RunTime:0.001338s ]
ERR: 无法加载控制器:Down

[ 2016-04-01T17:12:49+08:00 ] 127.0.0.1 /hotel/Admin/center.html
INFO: [ app_init ] --START--
INFO: Run Behavior\BuildLiteBehavior [ RunTime:0.000028s ]
INFO: [ app_init ] --END-- [ RunTime:0.000565s ]
INFO: [ app_begin ] --START--
INFO: Run Behavior\ReadHtmlCacheBehavior [ RunTime:0.001131s ]
INFO: [ app_begin ] --END-- [ RunTime:0.001261s ]
ERR: 无法加载控制器:Center

[ 2016-04-01T17:12:56+08:00 ] 127.0.0.1 /hotel/admin.php/
INFO: [ app_init ] --START--
INFO: Run Behavior\BuildLiteBehavior [ RunTime:0.000043s ]
INFO: [ app_init ] --END-- [ RunTime:0.000977s ]
INFO: [ app_begin ] --START--
INFO: Run Behavior\ReadHtmlCacheBehavior [ RunTime:0.001206s ]
INFO: [ app_begin ] --END-- [ RunTime:0.001397s ]
INFO: [ view_parse ] --START--
INFO: [ template_filter ] --START--
INFO: Run Behavior\ContentReplaceBehavior [ RunTime:0.000084s ]
INFO: [ template_filter ] --END-- [ RunTime:0.000211s ]
INFO: Run Behavior\ParseTemplateBehavior [ RunTime:0.008597s ]
INFO: [ view_parse ] --END-- [ RunTime:0.008736s ]
INFO: [ view_filter ] --START--
INFO: Run Behavior\WriteHtmlCacheBehavior [ RunTime:0.000680s ]
INFO: [ view_filter ] --END-- [ RunTime:0.000790s ]
INFO: [ app_end ] --START--
INFO: Run Behavior\ShowPageTraceBehavior [ RunTime:0.001851s ]
INFO: [ app_end ] --END-- [ RunTime:0.002081s ]

[ 2016-04-01T17:12:56+08:00 ] 127.0.0.1 /hotel/admin.php/center.html
INFO: [ app_init ] --START--
INFO: Run Behavior\BuildLiteBehavior [ RunTime:0.000048s ]
INFO: [ app_init ] --END-- [ RunTime:0.000687s ]
INFO: [ app_begin ] --START--
INFO: Run Behavior\ReadHtmlCacheBehavior [ RunTime:0.000900s ]
INFO: [ app_begin ] --END-- [ RunTime:0.001200s ]
ERR: 无法加载控制器:Center

[ 2016-04-01T17:12:56+08:00 ] 127.0.0.1 /hotel/admin.php/down.html
INFO: [ app_init ] --START--
INFO: Run Behavior\BuildLiteBehavior [ RunTime:0.000050s ]
INFO: [ app_init ] --END-- [ RunTime:0.001790s ]
INFO: [ app_begin ] --START--
INFO: Run Behavior\ReadHtmlCacheBehavior [ RunTime:0.000991s ]
INFO: [ app_begin ] --END-- [ RunTime:0.001132s ]
ERR: 无法加载控制器:Down

[ 2016-04-01T17:12:56+08:00 ] 127.0.0.1 /hotel/admin.php/top.html
INFO: [ app_init ] --START--
INFO: Run Behavior\BuildLiteBehavior [ RunTime:0.000045s ]
INFO: [ app_init ] --END-- [ RunTime:0.000859s ]
INFO: [ app_begin ] --START--
INFO: Run Behavior\ReadHtmlCacheBehavior [ RunTime:0.001450s ]
INFO: [ app_begin ] --END-- [ RunTime:0.001711s ]
ERR: 无法加载控制器:Top

[ 2016-04-01T17:13:01+08:00 ] 127.0.0.1 /hotel/admin.php/Login
INFO: [ app_init ] --START--
INFO: Run Behavior\BuildLiteBehavior [ RunTime:0.000030s ]
INFO: [ app_init ] --END-- [ RunTime:0.000950s ]
INFO: [ app_begin ] --START--
INFO: Run Behavior\ReadHtmlCacheBehavior [ RunTime:0.000808s ]
INFO: [ app_begin ] --END-- [ RunTime:0.000915s ]
INFO: [ view_parse ] --START--
INFO: [ template_filter ] --START--
INFO: Run Behavior\ContentReplaceBehavior [ RunTime:0.000101s ]
INFO: [ template_filter ] --END-- [ RunTime:0.000249s ]
INFO: Run Behavior\ParseTemplateBehavior [ RunTime:0.050900s ]
INFO: [ view_parse ] --END-- [ RunTime:0.051033s ]
INFO: [ view_filter ] --START--
INFO: Run Behavior\WriteHtmlCacheBehavior [ RunTime:0.000692s ]
INFO: [ view_filter ] --END-- [ RunTime:0.000855s ]
INFO: [ app_end ] --START--
INFO: Run Behavior\ShowPageTraceBehavior [ RunTime:0.000886s ]
INFO: [ app_end ] --END-- [ RunTime:0.001042s ]

[ 2016-04-01T17:13:15+08:00 ] 127.0.0.1 /hotel/Admin/Login
INFO: [ app_init ] --START--
INFO: Run Behavior\BuildLiteBehavior [ RunTime:0.000033s ]
INFO: [ app_init ] --END-- [ RunTime:0.000913s ]
INFO: [ app_begin ] --START--
INFO: Run Behavior\ReadHtmlCacheBehavior [ RunTime:0.001560s ]
INFO: [ app_begin ] --END-- [ RunTime:0.001912s ]
INFO: [ view_parse ] --START--
INFO: [ template_filter ] --START--
INFO: Run Behavior\ContentReplaceBehavior [ RunTime:0.000170s ]
INFO: [ template_filter ] --END-- [ RunTime:0.000441s ]
INFO: Run Behavior\ParseTemplateBehavior [ RunTime:0.014700s ]
INFO: [ view_parse ] --END-- [ RunTime:0.014950s ]
INFO: [ view_filter ] --START--
INFO: Run Behavior\WriteHtmlCacheBehavior [ RunTime:0.000954s ]
INFO: [ view_filter ] --END-- [ RunTime:0.001106s ]
INFO: [ app_end ] --START--
INFO: Run Behavior\ShowPageTraceBehavior [ RunTime:0.000847s ]
INFO: [ app_end ] --END-- [ RunTime:0.000962s ]

[ 2016-04-01T17:13:16+08:00 ] 127.0.0.1 /hotel/Admin/Login/verify
INFO: [ app_init ] --START--
INFO: Run Behavior\BuildLiteBehavior [ RunTime:0.000031s ]
INFO: [ app_init ] --END-- [ RunTime:0.000627s ]
INFO: [ app_begin ] --START--
INFO: Run Behavior\ReadHtmlCacheBehavior [ RunTime:0.000865s ]
INFO: [ app_begin ] --END-- [ RunTime:0.001003s ]
INFO: [ app_end ] --START--
INFO: Run Behavior\ShowPageTraceBehavior [ RunTime:0.001464s ]
INFO: [ app_end ] --END-- [ RunTime:0.001706s ]

[ 2016-04-01T17:13:23+08:00 ] 127.0.0.1 /hotel/Admin/Login/verify?0.3812258417890879
INFO: [ app_init ] --START--
INFO: Run Behavior\BuildLiteBehavior [ RunTime:0.000029s ]
INFO: [ app_init ] --END-- [ RunTime:0.000641s ]
INFO: [ app_begin ] --START--
INFO: Run Behavior\ReadHtmlCacheBehavior [ RunTime:0.001429s ]
INFO: [ app_begin ] --END-- [ RunTime:0.001699s ]
INFO: [ app_end ] --START--
INFO: Run Behavior\ShowPageTraceBehavior [ RunTime:0.001058s ]
INFO: [ app_end ] --END-- [ RunTime:0.001210s ]

[ 2016-04-01T17:13:24+08:00 ] 127.0.0.1 /hotel/Admin/Login/verify?0.3812258417890879?0.502268305491929
INFO: [ app_init ] --START--
INFO: Run Behavior\BuildLiteBehavior [ RunTime:0.000029s ]
INFO: [ app_init ] --END-- [ RunTime:0.000719s ]
INFO: [ app_begin ] --START--
INFO: Run Behavior\ReadHtmlCacheBehavior [ RunTime:0.000992s ]
INFO: [ app_begin ] --END-- [ RunTime:0.001168s ]
INFO: [ app_end ] --START--
INFO: Run Behavior\ShowPageTraceBehavior [ RunTime:0.001639s ]
INFO: [ app_end ] --END-- [ RunTime:0.001848s ]

[ 2016-04-01T17:13:32+08:00 ] 127.0.0.1 /hotel/Admin/Login/login
INFO: [ app_init ] --START--
INFO: Run Behavior\BuildLiteBehavior [ RunTime:0.000029s ]
INFO: [ app_init ] --END-- [ RunTime:0.000600s ]
INFO: [ app_begin ] --START--
INFO: Run Behavior\ReadHtmlCacheBehavior [ RunTime:0.000907s ]
INFO: [ app_begin ] --END-- [ RunTime:0.001043s ]
SQL: SHOW COLUMNS FROM `ht_admin` [ RunTime:1.0601s ]
SQL: SELECT * FROM `ht_admin` LIMIT 1   [ RunTime:0.0795s ]

[ 2016-04-01T17:13:32+08:00 ] 127.0.0.1 /hotel/Admin/Index/index
INFO: [ app_init ] --START--
INFO: Run Behavior\BuildLiteBehavior [ RunTime:0.000030s ]
INFO: [ app_init ] --END-- [ RunTime:0.000613s ]
INFO: [ app_begin ] --START--
INFO: Run Behavior\ReadHtmlCacheBehavior [ RunTime:0.000962s ]
INFO: [ app_begin ] --END-- [ RunTime:0.001127s ]
INFO: [ view_parse ] --START--
INFO: [ template_filter ] --START--
INFO: Run Behavior\ContentReplaceBehavior [ RunTime:0.000100s ]
INFO: [ template_filter ] --END-- [ RunTime:0.000268s ]
INFO: Run Behavior\ParseTemplateBehavior [ RunTime:0.011978s ]
INFO: [ view_parse ] --END-- [ RunTime:0.012119s ]
INFO: [ view_filter ] --START--
INFO: Run Behavior\WriteHtmlCacheBehavior [ RunTime:0.000852s ]
INFO: [ view_filter ] --END-- [ RunTime:0.001024s ]
INFO: [ app_end ] --START--
INFO: Run Behavior\ShowPageTraceBehavior [ RunTime:0.001924s ]
INFO: [ app_end ] --END-- [ RunTime:0.002134s ]

[ 2016-04-01T17:13:32+08:00 ] 127.0.0.1 /hotel/Admin/Index/top.html
INFO: [ app_init ] --START--
INFO: Run Behavior\BuildLiteBehavior [ RunTime:0.000047s ]
INFO: [ app_init ] --END-- [ RunTime:0.000919s ]
INFO: [ app_begin ] --START--
INFO: Run Behavior\ReadHtmlCacheBehavior [ RunTime:0.001270s ]
INFO: [ app_begin ] --END-- [ RunTime:0.001482s ]
INFO: [ view_parse ] --START--
INFO: [ template_filter ] --START--
INFO: Run Behavior\ContentReplaceBehavior [ RunTime:0.000199s ]
INFO: [ template_filter ] --END-- [ RunTime:0.000427s ]
NOTIC: [8] Undefined index: username G:\wamp\wamp\www\text\hotel\Runtime\Cache\Admin\7db4b71729b6ae5d8b00a1e85c6c27e3.php 第 88 行.
INFO: Run Behavior\ParseTemplateBehavior [ RunTime:0.053215s ]
INFO: [ view_parse ] --END-- [ RunTime:0.053750s ]
INFO: [ view_filter ] --START--
INFO: Run Behavior\WriteHtmlCacheBehavior [ RunTime:0.001981s ]
INFO: [ view_filter ] --END-- [ RunTime:0.002257s ]
INFO: [ app_end ] --START--
INFO: Run Behavior\ShowPageTraceBehavior [ RunTime:0.001565s ]
INFO: [ app_end ] --END-- [ RunTime:0.001839s ]

[ 2016-04-01T17:13:33+08:00 ] 127.0.0.1 /hotel/Admin/Index/center.html
INFO: [ app_init ] --START--
INFO: Run Behavior\BuildLiteBehavior [ RunTime:0.000042s ]
INFO: [ app_init ] --END-- [ RunTime:0.000878s ]
INFO: [ app_begin ] --START--
INFO: Run Behavior\ReadHtmlCacheBehavior [ RunTime:0.001915s ]
INFO: [ app_begin ] --END-- [ RunTime:0.002210s ]
INFO: [ view_parse ] --START--
INFO: [ template_filter ] --START--
INFO: Run Behavior\ContentReplaceBehavior [ RunTime:0.000348s ]
INFO: [ template_filter ] --END-- [ RunTime:0.000873s ]
INFO: Run Behavior\ParseTemplateBehavior [ RunTime:0.076380s ]
INFO: [ view_parse ] --END-- [ RunTime:0.076640s ]
INFO: [ view_filter ] --START--
INFO: Run Behavior\WriteHtmlCacheBehavior [ RunTime:0.000770s ]
INFO: [ view_filter ] --END-- [ RunTime:0.000976s ]
INFO: [ app_end ] --START--
INFO: Run Behavior\ShowPageTraceBehavior [ RunTime:0.001834s ]
INFO: [ app_end ] --END-- [ RunTime:0.002080s ]

[ 2016-04-01T17:13:33+08:00 ] 127.0.0.1 /hotel/Admin/Index/down.html
INFO: [ app_init ] --START--
INFO: Run Behavior\BuildLiteBehavior [ RunTime:0.000100s ]
INFO: [ app_init ] --END-- [ RunTime:0.001390s ]
INFO: [ app_begin ] --START--
INFO: Run Behavior\ReadHtmlCacheBehavior [ RunTime:0.002556s ]
INFO: [ app_begin ] --END-- [ RunTime:0.003057s ]
INFO: [ view_parse ] --START--
INFO: [ template_filter ] --START--
INFO: Run Behavior\ContentReplaceBehavior [ RunTime:0.000157s ]
INFO: [ template_filter ] --END-- [ RunTime:0.000588s ]
INFO: Run Behavior\ParseTemplateBehavior [ RunTime:0.017771s ]
INFO: [ view_parse ] --END-- [ RunTime:0.018172s ]
INFO: [ view_filter ] --START--
INFO: Run Behavior\WriteHtmlCacheBehavior [ RunTime:0.001168s ]
INFO: [ view_filter ] --END-- [ RunTime:0.001519s ]
INFO: [ app_end ] --START--
INFO: Run Behavior\ShowPageTraceBehavior [ RunTime:0.002047s ]
INFO: [ app_end ] --END-- [ RunTime:0.002418s ]

[ 2016-04-01T17:13:38+08:00 ] 127.0.0.1 /hotel/Admin/Index/index
INFO: [ app_init ] --START--
INFO: Run Behavior\BuildLiteBehavior [ RunTime:0.000046s ]
INFO: [ app_init ] --END-- [ RunTime:0.000915s ]
INFO: [ app_begin ] --START--
INFO: Run Behavior\ReadHtmlCacheBehavior [ RunTime:0.001117s ]
INFO: [ app_begin ] --END-- [ RunTime:0.001346s ]
INFO: [ view_parse ] --START--
INFO: [ template_filter ] --START--
INFO: Run Behavior\ContentReplaceBehavior [ RunTime:0.000084s ]
INFO: [ template_filter ] --END-- [ RunTime:0.000217s ]
INFO: Run Behavior\ParseTemplateBehavior [ RunTime:0.008287s ]
INFO: [ view_parse ] --END-- [ RunTime:0.008425s ]
INFO: [ view_filter ] --START--
INFO: Run Behavior\WriteHtmlCacheBehavior [ RunTime:0.001056s ]
INFO: [ view_filter ] --END-- [ RunTime:0.001179s ]
INFO: [ app_end ] --START--
INFO: Run Behavior\ShowPageTraceBehavior [ RunTime:0.001164s ]
INFO: [ app_end ] --END-- [ RunTime:0.001350s ]

[ 2016-04-01T17:13:38+08:00 ] 127.0.0.1 /hotel/Admin/Index/top.html
INFO: [ app_init ] --START--
INFO: Run Behavior\BuildLiteBehavior [ RunTime:0.000049s ]
INFO: [ app_init ] --END-- [ RunTime:0.001113s ]
INFO: [ app_begin ] --START--
INFO: Run Behavior\ReadHtmlCacheBehavior [ RunTime:0.001247s ]
INFO: [ app_begin ] --END-- [ RunTime:0.001441s ]
INFO: [ view_parse ] --START--
INFO: [ template_filter ] --START--
INFO: Run Behavior\ContentReplaceBehavior [ RunTime:0.000157s ]
INFO: [ template_filter ] --END-- [ RunTime:0.000324s ]
NOTIC: [8] Undefined index: username G:\wamp\wamp\www\text\hotel\Runtime\Cache\Admin\7db4b71729b6ae5d8b00a1e85c6c27e3.php 第 88 行.
INFO: Run Behavior\ParseTemplateBehavior [ RunTime:0.013732s ]
INFO: [ view_parse ] --END-- [ RunTime:0.013913s ]
INFO: [ view_filter ] --START--
INFO: Run Behavior\WriteHtmlCacheBehavior [ RunTime:0.000710s ]
INFO: [ view_filter ] --END-- [ RunTime:0.000838s ]
INFO: [ app_end ] --START--
INFO: Run Behavior\ShowPageTraceBehavior [ RunTime:0.000942s ]
INFO: [ app_end ] --END-- [ RunTime:0.001058s ]

[ 2016-04-01T17:13:38+08:00 ] 127.0.0.1 /hotel/Admin/Index/down.html
INFO: [ app_init ] --START--
INFO: Run Behavior\BuildLiteBehavior [ RunTime:0.000031s ]
INFO: [ app_init ] --END-- [ RunTime:0.000663s ]
INFO: [ app_begin ] --START--
INFO: Run Behavior\ReadHtmlCacheBehavior [ RunTime:0.001451s ]
INFO: [ app_begin ] --END-- [ RunTime:0.001670s ]
INFO: [ view_parse ] --START--
INFO: [ template_filter ] --START--
INFO: Run Behavior\ContentReplaceBehavior [ RunTime:0.000105s ]
INFO: [ template_filter ] --END-- [ RunTime:0.000260s ]
INFO: Run Behavior\ParseTemplateBehavior [ RunTime:0.012386s ]
INFO: [ view_parse ] --END-- [ RunTime:0.012797s ]
INFO: [ view_filter ] --START--
INFO: Run Behavior\WriteHtmlCacheBehavior [ RunTime:0.002093s ]
INFO: [ view_filter ] --END-- [ RunTime:0.002405s ]
INFO: [ app_end ] --START--
INFO: Run Behavior\ShowPageTraceBehavior [ RunTime:0.001629s ]
INFO: [ app_end ] --END-- [ RunTime:0.001852s ]

[ 2016-04-01T17:13:39+08:00 ] 127.0.0.1 /hotel/Admin/Index/center.html
INFO: [ app_init ] --START--
INFO: Run Behavior\BuildLiteBehavior [ RunTime:0.000025s ]
INFO: [ app_init ] --END-- [ RunTime:0.000864s ]
INFO: [ app_begin ] --START--
INFO: Run Behavior\ReadHtmlCacheBehavior [ RunTime:0.001387s ]
INFO: [ app_begin ] --END-- [ RunTime:0.001573s ]
INFO: [ view_parse ] --START--
INFO: [ template_filter ] --START--
INFO: Run Behavior\ContentReplaceBehavior [ RunTime:0.000175s ]
INFO: [ template_filter ] --END-- [ RunTime:0.000335s ]
INFO: Run Behavior\ParseTemplateBehavior [ RunTime:0.018234s ]
INFO: [ view_parse ] --END-- [ RunTime:0.018466s ]
INFO: [ view_filter ] --START--
INFO: Run Behavior\WriteHtmlCacheBehavior [ RunTime:0.000636s ]
INFO: [ view_filter ] --END-- [ RunTime:0.000754s ]
INFO: [ app_end ] --START--
INFO: Run Behavior\ShowPageTraceBehavior [ RunTime:0.000971s ]
INFO: [ app_end ] --END-- [ RunTime:0.001119s ]

[ 2016-04-01T17:13:39+08:00 ] 127.0.0.1 /hotel/Admin/Index/_/hotel/Public/Admin/Images/tab_bg.gif
INFO: [ app_init ] --START--
INFO: Run Behavior\BuildLiteBehavior [ RunTime:0.000046s ]
INFO: [ app_init ] --END-- [ RunTime:0.000655s ]

[ 2016-04-01T17:13:39+08:00 ] 127.0.0.1 /hotel/Admin/Index/center.html
INFO: [ app_init ] --START--
INFO: Run Behavior\BuildLiteBehavior [ RunTime:0.000041s ]
INFO: [ app_init ] --END-- [ RunTime:0.000900s ]
INFO: [ app_begin ] --START--
INFO: Run Behavior\ReadHtmlCacheBehavior [ RunTime:0.002059s ]
INFO: [ app_begin ] --END-- [ RunTime:0.002331s ]
INFO: [ view_parse ] --START--
INFO: [ template_filter ] --START--
INFO: Run Behavior\ContentReplaceBehavior [ RunTime:0.000184s ]
INFO: [ template_filter ] --END-- [ RunTime:0.000342s ]
INFO: Run Behavior\ParseTemplateBehavior [ RunTime:0.016763s ]
INFO: [ view_parse ] --END-- [ RunTime:0.016940s ]
INFO: [ view_filter ] --START--
INFO: Run Behavior\WriteHtmlCacheBehavior [ RunTime:0.000740s ]
INFO: [ view_filter ] --END-- [ RunTime:0.000872s ]
INFO: [ app_end ] --START--
INFO: Run Behavior\ShowPageTraceBehavior [ RunTime:0.001082s ]
INFO: [ app_end ] --END-- [ RunTime:0.001250s ]

[ 2016-04-01T17:16:04+08:00 ] 127.0.0.1 /hotel/Admin/Index/index
INFO: [ app_init ] --START--
INFO: Run Behavior\BuildLiteBehavior [ RunTime:0.000030s ]
INFO: [ app_init ] --END-- [ RunTime:0.000672s ]
INFO: [ app_begin ] --START--
INFO: Run Behavior\ReadHtmlCacheBehavior [ RunTime:0.000924s ]
INFO: [ app_begin ] --END-- [ RunTime:0.001055s ]
INFO: [ view_parse ] --START--
INFO: [ template_filter ] --START--
INFO: Run Behavior\ContentReplaceBehavior [ RunTime:0.000106s ]
INFO: [ template_filter ] --END-- [ RunTime:0.000254s ]
INFO: Run Behavior\ParseTemplateBehavior [ RunTime:0.009214s ]
INFO: [ view_parse ] --END-- [ RunTime:0.009363s ]
INFO: [ view_filter ] --START--
INFO: Run Behavior\WriteHtmlCacheBehavior [ RunTime:0.000531s ]
INFO: [ view_filter ] --END-- [ RunTime:0.000644s ]
INFO: [ app_end ] --START--
INFO: Run Behavior\ShowPageTraceBehavior [ RunTime:0.001045s ]
INFO: [ app_end ] --END-- [ RunTime:0.001179s ]

[ 2016-04-01T17:16:04+08:00 ] 127.0.0.1 /hotel/Admin/Index/top.html
INFO: [ app_init ] --START--
INFO: Run Behavior\BuildLiteBehavior [ RunTime:0.000030s ]
INFO: [ app_init ] --END-- [ RunTime:0.000691s ]
INFO: [ app_begin ] --START--
INFO: Run Behavior\ReadHtmlCacheBehavior [ RunTime:0.000906s ]
INFO: [ app_begin ] --END-- [ RunTime:0.001062s ]
INFO: [ view_parse ] --START--
INFO: [ template_filter ] --START--
INFO: Run Behavior\ContentReplaceBehavior [ RunTime:0.000125s ]
INFO: [ template_filter ] --END-- [ RunTime:0.000269s ]
NOTIC: [8] Undefined index: username G:\wamp\wamp\www\text\hotel\Runtime\Cache\Admin\7db4b71729b6ae5d8b00a1e85c6c27e3.php 第 88 行.
INFO: Run Behavior\ParseTemplateBehavior [ RunTime:0.016682s ]
INFO: [ view_parse ] --END-- [ RunTime:0.017028s ]
INFO: [ view_filter ] --START--
INFO: Run Behavior\WriteHtmlCacheBehavior [ RunTime:0.000849s ]
INFO: [ view_filter ] --END-- [ RunTime:0.001090s ]
INFO: [ app_end ] --START--
INFO: Run Behavior\ShowPageTraceBehavior [ RunTime:0.001092s ]
INFO: [ app_end ] --END-- [ RunTime:0.001287s ]

[ 2016-04-01T17:16:04+08:00 ] 127.0.0.1 /hotel/Admin/Index/center.html
INFO: [ app_init ] --START--
INFO: Run Behavior\BuildLiteBehavior [ RunTime:0.000046s ]
INFO: [ app_init ] --END-- [ RunTime:0.000980s ]
INFO: [ app_begin ] --START--
INFO: Run Behavior\ReadHtmlCacheBehavior [ RunTime:0.002914s ]
INFO: [ app_begin ] --END-- [ RunTime:0.003373s ]
INFO: [ view_parse ] --START--
INFO: [ template_filter ] --START--
INFO: Run Behavior\ContentReplaceBehavior [ RunTime:0.000302s ]
INFO: [ template_filter ] --END-- [ RunTime:0.000556s ]
INFO: Run Behavior\ParseTemplateBehavior [ RunTime:0.021344s ]
INFO: [ view_parse ] --END-- [ RunTime:0.021521s ]
INFO: [ view_filter ] --START--
INFO: Run Behavior\WriteHtmlCacheBehavior [ RunTime:0.002531s ]
INFO: [ view_filter ] --END-- [ RunTime:0.002899s ]
INFO: [ app_end ] --START--
INFO: Run Behavior\ShowPageTraceBehavior [ RunTime:0.001772s ]
INFO: [ app_end ] --END-- [ RunTime:0.002034s ]

[ 2016-04-01T17:16:04+08:00 ] 127.0.0.1 /hotel/Admin/Index/down.html
INFO: [ app_init ] --START--
INFO: Run Behavior\BuildLiteBehavior [ RunTime:0.000044s ]
INFO: [ app_init ] --END-- [ RunTime:0.001124s ]
INFO: [ app_begin ] --START--
INFO: Run Behavior\ReadHtmlCacheBehavior [ RunTime:0.001335s ]
INFO: [ app_begin ] --END-- [ RunTime:0.001550s ]
INFO: [ view_parse ] --START--
INFO: [ template_filter ] --START--
INFO: Run Behavior\ContentReplaceBehavior [ RunTime:0.000101s ]
INFO: [ template_filter ] --END-- [ RunTime:0.000248s ]
INFO: Run Behavior\ParseTemplateBehavior [ RunTime:0.008709s ]
INFO: [ view_parse ] --END-- [ RunTime:0.008866s ]
INFO: [ view_filter ] --START--
INFO: Run Behavior\WriteHtmlCacheBehavior [ RunTime:0.000579s ]
INFO: [ view_filter ] --END-- [ RunTime:0.000701s ]
INFO: [ app_end ] --START--
INFO: Run Behavior\ShowPageTraceBehavior [ RunTime:0.000839s ]
INFO: [ app_end ] --END-- [ RunTime:0.000952s ]

[ 2016-04-01T17:16:05+08:00 ] 127.0.0.1 /hotel/Admin/Index/_/hotel/Public/Admin/Images/tab_bg.gif
INFO: [ app_init ] --START--
INFO: Run Behavior\BuildLiteBehavior [ RunTime:0.000041s ]
INFO: [ app_init ] --END-- [ RunTime:0.000870s ]

[ 2016-04-01T17:16:05+08:00 ] 127.0.0.1 /hotel/Admin/Index/center.html
INFO: [ app_init ] --START--
INFO: Run Behavior\BuildLiteBehavior [ RunTime:0.000106s ]
INFO: [ app_init ] --END-- [ RunTime:0.002858s ]
INFO: [ app_begin ] --START--
INFO: Run Behavior\ReadHtmlCacheBehavior [ RunTime:0.001264s ]
INFO: [ app_begin ] --END-- [ RunTime:0.001493s ]
INFO: [ view_parse ] --START--
INFO: [ template_filter ] --START--
INFO: Run Behavior\ContentReplaceBehavior [ RunTime:0.000174s ]
INFO: [ template_filter ] --END-- [ RunTime:0.000319s ]
INFO: Run Behavior\ParseTemplateBehavior [ RunTime:0.019147s ]
INFO: [ view_parse ] --END-- [ RunTime:0.019346s ]
INFO: [ view_filter ] --START--
INFO: Run Behavior\WriteHtmlCacheBehavior [ RunTime:0.000807s ]
INFO: [ view_filter ] --END-- [ RunTime:0.000951s ]
INFO: [ app_end ] --START--
INFO: Run Behavior\ShowPageTraceBehavior [ RunTime:0.001135s ]
INFO: [ app_end ] --END-- [ RunTime:0.001270s ]

[ 2016-04-01T17:23:50+08:00 ] 127.0.0.1 /hotel/Admin/Index/index
INFO: [ app_init ] --START--
INFO: Run Behavior\BuildLiteBehavior [ RunTime:0.000029s ]
INFO: [ app_init ] --END-- [ RunTime:0.000664s ]
INFO: [ app_begin ] --START--
INFO: Run Behavior\ReadHtmlCacheBehavior [ RunTime:0.002510s ]
INFO: [ app_begin ] --END-- [ RunTime:0.002840s ]
INFO: [ view_parse ] --START--
INFO: [ template_filter ] --START--
INFO: Run Behavior\ContentReplaceBehavior [ RunTime:0.000117s ]
INFO: [ template_filter ] --END-- [ RunTime:0.000263s ]
INFO: Run Behavior\ParseTemplateBehavior [ RunTime:0.009450s ]
INFO: [ view_parse ] --END-- [ RunTime:0.009599s ]
INFO: [ view_filter ] --START--
INFO: Run Behavior\WriteHtmlCacheBehavior [ RunTime:0.000990s ]
INFO: [ view_filter ] --END-- [ RunTime:0.001149s ]
INFO: [ app_end ] --START--
INFO: Run Behavior\ShowPageTraceBehavior [ RunTime:0.001072s ]
INFO: [ app_end ] --END-- [ RunTime:0.001194s ]

[ 2016-04-01T17:23:50+08:00 ] 127.0.0.1 /hotel/Admin/Index/top.html
INFO: [ app_init ] --START--
INFO: Run Behavior\BuildLiteBehavior [ RunTime:0.000049s ]
INFO: [ app_init ] --END-- [ RunTime:0.001006s ]
INFO: [ app_begin ] --START--
INFO: Run Behavior\ReadHtmlCacheBehavior [ RunTime:0.001560s ]
INFO: [ app_begin ] --END-- [ RunTime:0.001815s ]
INFO: [ view_parse ] --START--
INFO: [ template_filter ] --START--
INFO: Run Behavior\ContentReplaceBehavior [ RunTime:0.000209s ]
INFO: [ template_filter ] --END-- [ RunTime:0.000540s ]
NOTIC: [8] Undefined index: username G:\wamp\wamp\www\text\hotel\Runtime\Cache\Admin\7db4b71729b6ae5d8b00a1e85c6c27e3.php 第 88 行.
INFO: Run Behavior\ParseTemplateBehavior [ RunTime:0.018112s ]
INFO: [ view_parse ] --END-- [ RunTime:0.018356s ]
INFO: [ view_filter ] --START--
INFO: Run Behavior\WriteHtmlCacheBehavior [ RunTime:0.022725s ]
INFO: [ view_filter ] --END-- [ RunTime:0.023056s ]
INFO: [ app_end ] --START--
INFO: Run Behavior\ShowPageTraceBehavior [ RunTime:0.001964s ]
INFO: [ app_end ] --END-- [ RunTime:0.002237s ]

[ 2016-04-01T17:23:50+08:00 ] 127.0.0.1 /hotel/Admin/Index/center.html
INFO: [ app_init ] --START--
INFO: Run Behavior\BuildLiteBehavior [ RunTime:0.000060s ]
INFO: [ app_init ] --END-- [ RunTime:0.023660s ]
INFO: [ app_begin ] --START--
INFO: Run Behavior\ReadHtmlCacheBehavior [ RunTime:0.002011s ]
INFO: [ app_begin ] --END-- [ RunTime:0.002245s ]
INFO: [ view_parse ] --START--
INFO: [ template_filter ] --START--
INFO: Run Behavior\ContentReplaceBehavior [ RunTime:0.000181s ]
INFO: [ template_filter ] --END-- [ RunTime:0.000346s ]
INFO: Run Behavior\ParseTemplateBehavior [ RunTime:0.022181s ]
INFO: [ view_parse ] --END-- [ RunTime:0.022375s ]
INFO: [ view_filter ] --START--
INFO: Run Behavior\WriteHtmlCacheBehavior [ RunTime:0.001061s ]
INFO: [ view_filter ] --END-- [ RunTime:0.001188s ]
INFO: [ app_end ] --START--
INFO: Run Behavior\ShowPageTraceBehavior [ RunTime:0.001261s ]
INFO: [ app_end ] --END-- [ RunTime:0.001393s ]

[ 2016-04-01T17:23:50+08:00 ] 127.0.0.1 /hotel/Admin/Index/down.html
INFO: [ app_init ] --START--
INFO: Run Behavior\BuildLiteBehavior [ RunTime:0.000047s ]
INFO: [ app_init ] --END-- [ RunTime:0.000998s ]
INFO: [ app_begin ] --START--
INFO: Run Behavior\ReadHtmlCacheBehavior [ RunTime:0.001101s ]
INFO: [ app_begin ] --END-- [ RunTime:0.001271s ]
INFO: [ view_parse ] --START--
INFO: [ template_filter ] --START--
INFO: Run Behavior\ContentReplaceBehavior [ RunTime:0.000094s ]
INFO: [ template_filter ] --END-- [ RunTime:0.000261s ]
INFO: Run Behavior\ParseTemplateBehavior [ RunTime:0.009259s ]
INFO: [ view_parse ] --END-- [ RunTime:0.009406s ]
INFO: [ view_filter ] --START--
INFO: Run Behavior\WriteHtmlCacheBehavior [ RunTime:0.000670s ]
INFO: [ view_filter ] --END-- [ RunTime:0.000780s ]
INFO: [ app_end ] --START--
INFO: Run Behavior\ShowPageTraceBehavior [ RunTime:0.022865s ]
INFO: [ app_end ] --END-- [ RunTime:0.023001s ]

[ 2016-04-01T18:37:38+08:00 ] 127.0.0.1 /hotel/Admin/Index/_/hotel/Public/Admin/Images/tab_bg.gif
INFO: [ app_init ] --START--
INFO: Run Behavior\BuildLiteBehavior [ RunTime:0.000030s ]
INFO: [ app_init ] --END-- [ RunTime:0.000649s ]

[ 2016-04-01T18:37:39+08:00 ] 127.0.0.1 /hotel/Admin/Index/_/hotel/Public/Admin/Images/tab_bg.gif
INFO: [ app_init ] --START--
INFO: Run Behavior\BuildLiteBehavior [ RunTime:0.000028s ]
INFO: [ app_init ] --END-- [ RunTime:0.000636s ]

[ 2016-04-01T18:37:40+08:00 ] 127.0.0.1 /hotel/Admin/Index/_/hotel/Public/Admin/Images/tab_bg.gif
INFO: [ app_init ] --START--
INFO: Run Behavior\BuildLiteBehavior [ RunTime:0.000027s ]
INFO: [ app_init ] --END-- [ RunTime:0.000617s ]

[ 2016-04-01T18:37:40+08:00 ] 127.0.0.1 /hotel/Admin/Index/_/hotel/Public/Admin/Images/tab_bg.gif
INFO: [ app_init ] --START--
INFO: Run Behavior\BuildLiteBehavior [ RunTime:0.000026s ]
INFO: [ app_init ] --END-- [ RunTime:0.000703s ]

[ 2016-04-01T18:37:41+08:00 ] 127.0.0.1 /hotel/Admin/List/index
INFO: [ app_init ] --START--
INFO: Run Behavior\BuildLiteBehavior [ RunTime:0.000028s ]
INFO: [ app_init ] --END-- [ RunTime:0.000605s ]
INFO: [ app_begin ] --START--
INFO: Run Behavior\ReadHtmlCacheBehavior [ RunTime:0.000908s ]
INFO: [ app_begin ] --END-- [ RunTime:0.001034s ]
SQL: SHOW COLUMNS FROM `ht_intro` [ RunTime:0.2304s ]
SQL: SELECT * FROM `ht_intro`  [ RunTime:0.0296s ]
INFO: [ view_parse ] --START--
INFO: [ template_filter ] --START--
INFO: Run Behavior\ContentReplaceBehavior [ RunTime:0.000137s ]
INFO: [ template_filter ] --END-- [ RunTime:0.000274s ]
INFO: Run Behavior\ParseTemplateBehavior [ RunTime:0.124375s ]
INFO: [ view_parse ] --END-- [ RunTime:0.124515s ]
INFO: [ view_filter ] --START--
INFO: Run Behavior\WriteHtmlCacheBehavior [ RunTime:0.000631s ]
INFO: [ view_filter ] --END-- [ RunTime:0.000744s ]
INFO: [ app_end ] --START--
INFO: Run Behavior\ShowPageTraceBehavior [ RunTime:0.000888s ]
INFO: [ app_end ] --END-- [ RunTime:0.001002s ]

[ 2016-04-01T18:37:41+08:00 ] 127.0.0.1 /hotel/Admin/List/images/del.gif
INFO: [ app_init ] --START--
INFO: Run Behavior\BuildLiteBehavior [ RunTime:0.000030s ]
INFO: [ app_init ] --END-- [ RunTime:0.000624s ]

[ 2016-04-01T18:37:41+08:00 ] 127.0.0.1 /hotel/Admin/Index/_/hotel/Public/Admin/Images/tab_bg.gif
INFO: [ app_init ] --START--
INFO: Run Behavior\BuildLiteBehavior [ RunTime:0.000028s ]
INFO: [ app_init ] --END-- [ RunTime:0.000594s ]

[ 2016-04-01T18:37:41+08:00 ] 127.0.0.1 /hotel/Admin/Index/center.html
INFO: [ app_init ] --START--
INFO: Run Behavior\BuildLiteBehavior [ RunTime:0.000030s ]
INFO: [ app_init ] --END-- [ RunTime:0.000673s ]
INFO: [ app_begin ] --START--
INFO: Run Behavior\ReadHtmlCacheBehavior [ RunTime:0.000950s ]
INFO: [ app_begin ] --END-- [ RunTime:0.001082s ]
INFO: [ view_parse ] --START--
INFO: [ template_filter ] --START--
INFO: Run Behavior\ContentReplaceBehavior [ RunTime:0.000170s ]
INFO: [ template_filter ] --END-- [ RunTime:0.000309s ]
INFO: Run Behavior\ParseTemplateBehavior [ RunTime:0.019408s ]
INFO: [ view_parse ] --END-- [ RunTime:0.019600s ]
INFO: [ view_filter ] --START--
INFO: Run Behavior\WriteHtmlCacheBehavior [ RunTime:0.000624s ]
INFO: [ view_filter ] --END-- [ RunTime:0.000738s ]
INFO: [ app_end ] --START--
INFO: Run Behavior\ShowPageTraceBehavior [ RunTime:0.000872s ]
INFO: [ app_end ] --END-- [ RunTime:0.000985s ]

[ 2016-04-01T18:37:43+08:00 ] 127.0.0.1 /hotel/Admin/List/addList
INFO: [ app_init ] --START--
INFO: Run Behavior\BuildLiteBehavior [ RunTime:0.000027s ]
INFO: [ app_init ] --END-- [ RunTime:0.000584s ]
INFO: [ app_begin ] --START--
INFO: Run Behavior\ReadHtmlCacheBehavior [ RunTime:0.000938s ]
INFO: [ app_begin ] --END-- [ RunTime:0.001074s ]
SQL: SHOW COLUMNS FROM `ht_cate` [ RunTime:0.1171s ]
SQL: SELECT * FROM `ht_cate` WHERE `pid` = 1  [ RunTime:0.0285s ]
INFO: [ view_parse ] --START--
INFO: [ template_filter ] --START--
INFO: Run Behavior\ContentReplaceBehavior [ RunTime:0.000152s ]
INFO: [ template_filter ] --END-- [ RunTime:0.000282s ]
NOTIC: [8] Use of undefined constant GROUP_NAME - assumed 'GROUP_NAME' G:\wamp\wamp\www\text\hotel\Runtime\Cache\Admin\37cd8dd36f487c75cf3ed33c1ad3c96d.php 第 15 行.
INFO: Run Behavior\ParseTemplateBehavior [ RunTime:0.032428s ]
INFO: [ view_parse ] --END-- [ RunTime:0.032547s ]
INFO: [ view_filter ] --START--
INFO: Run Behavior\WriteHtmlCacheBehavior [ RunTime:0.000552s ]
INFO: [ view_filter ] --END-- [ RunTime:0.000655s ]
INFO: [ app_end ] --START--
INFO: Run Behavior\ShowPageTraceBehavior [ RunTime:0.000829s ]
INFO: [ app_end ] --END-- [ RunTime:0.000940s ]

[ 2016-04-01T18:37:43+08:00 ] 127.0.0.1 /hotel/Admin/Index/center.html
INFO: [ app_init ] --START--
INFO: Run Behavior\BuildLiteBehavior [ RunTime:0.000030s ]
INFO: [ app_init ] --END-- [ RunTime:0.000667s ]
INFO: [ app_begin ] --START--
INFO: Run Behavior\ReadHtmlCacheBehavior [ RunTime:0.000783s ]
INFO: [ app_begin ] --END-- [ RunTime:0.000927s ]
INFO: [ view_parse ] --START--
INFO: [ template_filter ] --START--
INFO: Run Behavior\ContentReplaceBehavior [ RunTime:0.000175s ]
INFO: [ template_filter ] --END-- [ RunTime:0.000333s ]
INFO: Run Behavior\ParseTemplateBehavior [ RunTime:0.017205s ]
INFO: [ view_parse ] --END-- [ RunTime:0.017352s ]
INFO: [ view_filter ] --START--
INFO: Run Behavior\WriteHtmlCacheBehavior [ RunTime:0.000778s ]
INFO: [ view_filter ] --END-- [ RunTime:0.001026s ]
INFO: [ app_end ] --START--
INFO: Run Behavior\ShowPageTraceBehavior [ RunTime:0.000981s ]
INFO: [ app_end ] --END-- [ RunTime:0.001111s ]

[ 2016-04-01T18:37:56+08:00 ] 127.0.0.1 /hotel/Admin/Index/index
INFO: [ app_init ] --START--
INFO: Run Behavior\BuildLiteBehavior [ RunTime:0.000030s ]
INFO: [ app_init ] --END-- [ RunTime:0.000682s ]
INFO: [ app_begin ] --START--
INFO: Run Behavior\ReadHtmlCacheBehavior [ RunTime:0.000965s ]
INFO: [ app_begin ] --END-- [ RunTime:0.001121s ]
INFO: [ view_parse ] --START--
INFO: [ template_filter ] --START--
INFO: Run Behavior\ContentReplaceBehavior [ RunTime:0.000099s ]
INFO: [ template_filter ] --END-- [ RunTime:0.000238s ]
INFO: Run Behavior\ParseTemplateBehavior [ RunTime:0.009242s ]
INFO: [ view_parse ] --END-- [ RunTime:0.009364s ]
INFO: [ view_filter ] --START--
INFO: Run Behavior\WriteHtmlCacheBehavior [ RunTime:0.000507s ]
INFO: [ view_filter ] --END-- [ RunTime:0.000614s ]
INFO: [ app_end ] --START--
INFO: Run Behavior\ShowPageTraceBehavior [ RunTime:0.000867s ]
INFO: [ app_end ] --END-- [ RunTime:0.000983s ]

[ 2016-04-01T18:37:56+08:00 ] 127.0.0.1 /hotel/Admin/Index/down.html
INFO: [ app_init ] --START--
INFO: Run Behavior\BuildLiteBehavior [ RunTime:0.000031s ]
INFO: [ app_init ] --END-- [ RunTime:0.000744s ]
INFO: [ app_begin ] --START--
INFO: Run Behavior\ReadHtmlCacheBehavior [ RunTime:0.000894s ]
INFO: [ app_begin ] --END-- [ RunTime:0.001046s ]
INFO: [ view_parse ] --START--
INFO: [ template_filter ] --START--
INFO: Run Behavior\ContentReplaceBehavior [ RunTime:0.000099s ]
INFO: [ template_filter ] --END-- [ RunTime:0.000262s ]
INFO: Run Behavior\ParseTemplateBehavior [ RunTime:0.008464s ]
INFO: [ view_parse ] --END-- [ RunTime:0.008647s ]
INFO: [ view_filter ] --START--
INFO: Run Behavior\WriteHtmlCacheBehavior [ RunTime:0.000586s ]
INFO: [ view_filter ] --END-- [ RunTime:0.000702s ]
INFO: [ app_end ] --START--
INFO: Run Behavior\ShowPageTraceBehavior [ RunTime:0.000938s ]
INFO: [ app_end ] --END-- [ RunTime:0.001064s ]

[ 2016-04-01T18:37:56+08:00 ] 127.0.0.1 /hotel/Admin/Index/top.html
INFO: [ app_init ] --START--
INFO: Run Behavior\BuildLiteBehavior [ RunTime:0.000044s ]
INFO: [ app_init ] --END-- [ RunTime:0.000940s ]
INFO: [ app_begin ] --START--
INFO: Run Behavior\ReadHtmlCacheBehavior [ RunTime:0.001232s ]
INFO: [ app_begin ] --END-- [ RunTime:0.001478s ]
INFO: [ view_parse ] --START--
INFO: [ template_filter ] --START--
INFO: Run Behavior\ContentReplaceBehavior [ RunTime:0.000212s ]
INFO: [ template_filter ] --END-- [ RunTime:0.000459s ]
NOTIC: [8] Undefined index: username G:\wamp\wamp\www\text\hotel\Runtime\Cache\Admin\7db4b71729b6ae5d8b00a1e85c6c27e3.php 第 88 行.
INFO: Run Behavior\ParseTemplateBehavior [ RunTime:0.015674s ]
INFO: [ view_parse ] --END-- [ RunTime:0.015872s ]
INFO: [ view_filter ] --START--
INFO: Run Behavior\WriteHtmlCacheBehavior [ RunTime:0.000606s ]
INFO: [ view_filter ] --END-- [ RunTime:0.000729s ]
INFO: [ app_end ] --START--
INFO: Run Behavior\ShowPageTraceBehavior [ RunTime:0.002533s ]
INFO: [ app_end ] --END-- [ RunTime:0.002696s ]

[ 2016-04-01T18:37:56+08:00 ] 127.0.0.1 /hotel/Admin/Index/center.html
INFO: [ app_init ] --START--
INFO: Run Behavior\BuildLiteBehavior [ RunTime:0.000031s ]
INFO: [ app_init ] --END-- [ RunTime:0.000968s ]
INFO: [ app_begin ] --START--
INFO: Run Behavior\ReadHtmlCacheBehavior [ RunTime:0.001198s ]
INFO: [ app_begin ] --END-- [ RunTime:0.001384s ]
INFO: [ view_parse ] --START--
INFO: [ template_filter ] --START--
INFO: Run Behavior\ContentReplaceBehavior [ RunTime:0.000313s ]
INFO: [ template_filter ] --END-- [ RunTime:0.000569s ]
INFO: Run Behavior\ParseTemplateBehavior [ RunTime:0.018500s ]
INFO: [ view_parse ] --END-- [ RunTime:0.018776s ]
INFO: [ view_filter ] --START--
INFO: Run Behavior\WriteHtmlCacheBehavior [ RunTime:0.000931s ]
INFO: [ view_filter ] --END-- [ RunTime:0.001101s ]
INFO: [ app_end ] --START--
INFO: Run Behavior\ShowPageTraceBehavior [ RunTime:0.001092s ]
INFO: [ app_end ] --END-- [ RunTime:0.001258s ]

[ 2016-04-01T18:37:57+08:00 ] 127.0.0.1 /hotel/Admin/Index/_/hotel/Public/Admin/Images/tab_bg.gif
INFO: [ app_init ] --START--
INFO: Run Behavior\BuildLiteBehavior [ RunTime:0.000030s ]
INFO: [ app_init ] --END-- [ RunTime:0.000660s ]

[ 2016-04-01T18:37:57+08:00 ] 127.0.0.1 /hotel/Admin/Index/center.html
INFO: [ app_init ] --START--
INFO: Run Behavior\BuildLiteBehavior [ RunTime:0.000026s ]
INFO: [ app_init ] --END-- [ RunTime:0.000560s ]
INFO: [ app_begin ] --START--
INFO: Run Behavior\ReadHtmlCacheBehavior [ RunTime:0.000781s ]
INFO: [ app_begin ] --END-- [ RunTime:0.000898s ]
INFO: [ view_parse ] --START--
INFO: [ template_filter ] --START--
INFO: Run Behavior\ContentReplaceBehavior [ RunTime:0.000172s ]
INFO: [ template_filter ] --END-- [ RunTime:0.000318s ]
INFO: Run Behavior\ParseTemplateBehavior [ RunTime:0.015792s ]
INFO: [ view_parse ] --END-- [ RunTime:0.015937s ]
INFO: [ view_filter ] --START--
INFO: Run Behavior\WriteHtmlCacheBehavior [ RunTime:0.000623s ]
INFO: [ view_filter ] --END-- [ RunTime:0.000742s ]
INFO: [ app_end ] --START--
INFO: Run Behavior\ShowPageTraceBehavior [ RunTime:0.000940s ]
INFO: [ app_end ] --END-- [ RunTime:0.001058s ]

[ 2016-04-01T18:37:57+08:00 ] 127.0.0.1 /hotel/Admin/Index/_/hotel/Public/Admin/Images/tab_bg.gif
INFO: [ app_init ] --START--
INFO: Run Behavior\BuildLiteBehavior [ RunTime:0.000037s ]
INFO: [ app_init ] --END-- [ RunTime:0.000619s ]

[ 2016-04-01T18:37:57+08:00 ] 127.0.0.1 /hotel/Admin/Index/_/hotel/Public/Admin/Images/tab_bg.gif
INFO: [ app_init ] --START--
INFO: Run Behavior\BuildLiteBehavior [ RunTime:0.000027s ]
INFO: [ app_init ] --END-- [ RunTime:0.000605s ]

[ 2016-04-01T18:37:58+08:00 ] 127.0.0.1 /hotel/Admin/List/index
INFO: [ app_init ] --START--
INFO: Run Behavior\BuildLiteBehavior [ RunTime:0.000031s ]
INFO: [ app_init ] --END-- [ RunTime:0.000994s ]
INFO: [ app_begin ] --START--
INFO: Run Behavior\ReadHtmlCacheBehavior [ RunTime:0.000897s ]
INFO: [ app_begin ] --END-- [ RunTime:0.001025s ]
SQL: SHOW COLUMNS FROM `ht_intro` [ RunTime:0.0043s ]
SQL: SELECT * FROM `ht_intro`  [ RunTime:0.0005s ]
INFO: [ view_parse ] --START--
INFO: [ template_filter ] --START--
INFO: Run Behavior\ContentReplaceBehavior [ RunTime:0.000157s ]
INFO: [ template_filter ] --END-- [ RunTime:0.000306s ]
INFO: Run Behavior\ParseTemplateBehavior [ RunTime:0.012635s ]
INFO: [ view_parse ] --END-- [ RunTime:0.012768s ]
INFO: [ view_filter ] --START--
INFO: Run Behavior\WriteHtmlCacheBehavior [ RunTime:0.000631s ]
INFO: [ view_filter ] --END-- [ RunTime:0.000740s ]
INFO: [ app_end ] --START--
INFO: Run Behavior\ShowPageTraceBehavior [ RunTime:0.000981s ]
INFO: [ app_end ] --END-- [ RunTime:0.001115s ]

[ 2016-04-01T18:37:58+08:00 ] 127.0.0.1 /hotel/Admin/List/images/del.gif
INFO: [ app_init ] --START--
INFO: Run Behavior\BuildLiteBehavior [ RunTime:0.000030s ]
INFO: [ app_init ] --END-- [ RunTime:0.000720s ]

[ 2016-04-01T18:37:58+08:00 ] 127.0.0.1 /hotel/Admin/Index/_/hotel/Public/Admin/Images/tab_bg.gif
INFO: [ app_init ] --START--
INFO: Run Behavior\BuildLiteBehavior [ RunTime:0.000027s ]
INFO: [ app_init ] --END-- [ RunTime:0.000680s ]

[ 2016-04-01T18:37:58+08:00 ] 127.0.0.1 /hotel/Admin/Index/center.html
INFO: [ app_init ] --START--
INFO: Run Behavior\BuildLiteBehavior [ RunTime:0.000027s ]
INFO: [ app_init ] --END-- [ RunTime:0.000553s ]
INFO: [ app_begin ] --START--
INFO: Run Behavior\ReadHtmlCacheBehavior [ RunTime:0.001031s ]
INFO: [ app_begin ] --END-- [ RunTime:0.001162s ]
INFO: [ view_parse ] --START--
INFO: [ template_filter ] --START--
INFO: Run Behavior\ContentReplaceBehavior [ RunTime:0.000454s ]
INFO: [ template_filter ] --END-- [ RunTime:0.001056s ]
INFO: Run Behavior\ParseTemplateBehavior [ RunTime:0.016456s ]
INFO: [ view_parse ] --END-- [ RunTime:0.016601s ]
INFO: [ view_filter ] --START--
INFO: Run Behavior\WriteHtmlCacheBehavior [ RunTime:0.000619s ]
INFO: [ view_filter ] --END-- [ RunTime:0.000736s ]
INFO: [ app_end ] --START--
INFO: Run Behavior\ShowPageTraceBehavior [ RunTime:0.000978s ]
INFO: [ app_end ] --END-- [ RunTime:0.001138s ]

[ 2016-04-01T18:37:58+08:00 ] 127.0.0.1 /hotel/Admin/Index/_/hotel/Public/Admin/Images/tab_bg.gif
INFO: [ app_init ] --START--
INFO: Run Behavior\BuildLiteBehavior [ RunTime:0.000043s ]
INFO: [ app_init ] --END-- [ RunTime:0.000913s ]

[ 2016-04-01T18:37:58+08:00 ] 127.0.0.1 /hotel/Admin/Index/center.html
INFO: [ app_init ] --START--
INFO: Run Behavior\BuildLiteBehavior [ RunTime:0.000028s ]
INFO: [ app_init ] --END-- [ RunTime:0.000808s ]
INFO: [ app_begin ] --START--
INFO: Run Behavior\ReadHtmlCacheBehavior [ RunTime:0.000823s ]
INFO: [ app_begin ] --END-- [ RunTime:0.000951s ]
INFO: [ view_parse ] --START--
INFO: [ template_filter ] --START--
INFO: Run Behavior\ContentReplaceBehavior [ RunTime:0.000184s ]
INFO: [ template_filter ] --END-- [ RunTime:0.000390s ]
INFO: Run Behavior\ParseTemplateBehavior [ RunTime:0.015400s ]
INFO: [ view_parse ] --END-- [ RunTime:0.015529s ]
INFO: [ view_filter ] --START--
INFO: Run Behavior\WriteHtmlCacheBehavior [ RunTime:0.000600s ]
INFO: [ view_filter ] --END-- [ RunTime:0.000714s ]
INFO: [ app_end ] --START--
INFO: Run Behavior\ShowPageTraceBehavior [ RunTime:0.000901s ]
INFO: [ app_end ] --END-- [ RunTime:0.001013s ]

[ 2016-04-01T18:37:59+08:00 ] 127.0.0.1 /hotel/Admin/List/addList
INFO: [ app_init ] --START--
INFO: Run Behavior\BuildLiteBehavior [ RunTime:0.000032s ]
INFO: [ app_init ] --END-- [ RunTime:0.000884s ]
INFO: [ app_begin ] --START--
INFO: Run Behavior\ReadHtmlCacheBehavior [ RunTime:0.000866s ]
INFO: [ app_begin ] --END-- [ RunTime:0.000986s ]
SQL: SHOW COLUMNS FROM `ht_cate` [ RunTime:0.0041s ]
SQL: SELECT * FROM `ht_cate` WHERE `pid` = 1  [ RunTime:0.4878s ]
INFO: [ view_parse ] --START--
INFO: [ template_filter ] --START--
INFO: Run Behavior\ContentReplaceBehavior [ RunTime:0.000088s ]
INFO: [ template_filter ] --END-- [ RunTime:0.000213s ]
NOTIC: [8] Use of undefined constant GROUP_NAME - assumed 'GROUP_NAME' G:\wamp\wamp\www\text\hotel\Runtime\Cache\Admin\37cd8dd36f487c75cf3ed33c1ad3c96d.php 第 15 行.
INFO: Run Behavior\ParseTemplateBehavior [ RunTime:0.010818s ]
INFO: [ view_parse ] --END-- [ RunTime:0.010939s ]
INFO: [ view_filter ] --START--
INFO: Run Behavior\WriteHtmlCacheBehavior [ RunTime:0.000602s ]
INFO: [ view_filter ] --END-- [ RunTime:0.000723s ]
INFO: [ app_end ] --START--
INFO: Run Behavior\ShowPageTraceBehavior [ RunTime:0.001082s ]
INFO: [ app_end ] --END-- [ RunTime:0.001195s ]

[ 2016-04-01T18:37:59+08:00 ] 127.0.0.1 /hotel/Admin/Index/center.html
INFO: [ app_init ] --START--
INFO: Run Behavior\BuildLiteBehavior [ RunTime:0.000030s ]
INFO: [ app_init ] --END-- [ RunTime:0.000619s ]
INFO: [ app_begin ] --START--
INFO: Run Behavior\ReadHtmlCacheBehavior [ RunTime:0.001450s ]
INFO: [ app_begin ] --END-- [ RunTime:0.001637s ]
INFO: [ view_parse ] --START--
INFO: [ template_filter ] --START--
INFO: Run Behavior\ContentReplaceBehavior [ RunTime:0.000174s ]
INFO: [ template_filter ] --END-- [ RunTime:0.000323s ]
INFO: Run Behavior\ParseTemplateBehavior [ RunTime:0.018448s ]
INFO: [ view_parse ] --END-- [ RunTime:0.018823s ]
INFO: [ view_filter ] --START--
INFO: Run Behavior\WriteHtmlCacheBehavior [ RunTime:0.000972s ]
INFO: [ view_filter ] --END-- [ RunTime:0.001146s ]
INFO: [ app_end ] --START--
INFO: Run Behavior\ShowPageTraceBehavior [ RunTime:0.000934s ]
INFO: [ app_end ] --END-- [ RunTime:0.001053s ]

[ 2016-04-01T18:37:59+08:00 ] 127.0.0.1 /hotel/Admin/Index/_/hotel/Public/Admin/Images/tab_bg.gif
INFO: [ app_init ] --START--
INFO: Run Behavior\BuildLiteBehavior [ RunTime:0.000045s ]
INFO: [ app_init ] --END-- [ RunTime:0.000955s ]

[ 2016-04-01T18:38:00+08:00 ] 127.0.0.1 /hotel/Admin/List/index
INFO: [ app_init ] --START--
INFO: Run Behavior\BuildLiteBehavior [ RunTime:0.000027s ]
INFO: [ app_init ] --END-- [ RunTime:0.000576s ]
INFO: [ app_begin ] --START--
INFO: Run Behavior\ReadHtmlCacheBehavior [ RunTime:0.000861s ]
INFO: [ app_begin ] --END-- [ RunTime:0.001067s ]
SQL: SHOW COLUMNS FROM `ht_intro` [ RunTime:0.0038s ]
SQL: SELECT * FROM `ht_intro`  [ RunTime:0.0004s ]
INFO: [ view_parse ] --START--
INFO: [ template_filter ] --START--
INFO: Run Behavior\ContentReplaceBehavior [ RunTime:0.000151s ]
INFO: [ template_filter ] --END-- [ RunTime:0.000279s ]
INFO: Run Behavior\ParseTemplateBehavior [ RunTime:0.012986s ]
INFO: [ view_parse ] --END-- [ RunTime:0.013113s ]
INFO: [ view_filter ] --START--
INFO: Run Behavior\WriteHtmlCacheBehavior [ RunTime:0.000585s ]
INFO: [ view_filter ] --END-- [ RunTime:0.000693s ]
INFO: [ app_end ] --START--
INFO: Run Behavior\ShowPageTraceBehavior [ RunTime:0.000956s ]
INFO: [ app_end ] --END-- [ RunTime:0.001071s ]

[ 2016-04-01T18:38:00+08:00 ] 127.0.0.1 /hotel/Admin/List/images/del.gif
INFO: [ app_init ] --START--
INFO: Run Behavior\BuildLiteBehavior [ RunTime:0.000048s ]
INFO: [ app_init ] --END-- [ RunTime:0.000911s ]

[ 2016-04-01T18:38:00+08:00 ] 127.0.0.1 /hotel/Admin/Index/_/hotel/Public/Admin/Images/tab_bg.gif
INFO: [ app_init ] --START--
INFO: Run Behavior\BuildLiteBehavior [ RunTime:0.000030s ]
INFO: [ app_init ] --END-- [ RunTime:0.000737s ]

[ 2016-04-01T18:38:00+08:00 ] 127.0.0.1 /hotel/Admin/Index/center.html
INFO: [ app_init ] --START--
INFO: Run Behavior\BuildLiteBehavior [ RunTime:0.000050s ]
INFO: [ app_init ] --END-- [ RunTime:0.000996s ]
INFO: [ app_begin ] --START--
INFO: Run Behavior\ReadHtmlCacheBehavior [ RunTime:0.000923s ]
INFO: [ app_begin ] --END-- [ RunTime:0.001064s ]
INFO: [ view_parse ] --START--
INFO: [ template_filter ] --START--
INFO: Run Behavior\ContentReplaceBehavior [ RunTime:0.000170s ]
INFO: [ template_filter ] --END-- [ RunTime:0.000307s ]
INFO: Run Behavior\ParseTemplateBehavior [ RunTime:0.015269s ]
INFO: [ view_parse ] --END-- [ RunTime:0.015461s ]
INFO: [ view_filter ] --START--
INFO: Run Behavior\WriteHtmlCacheBehavior [ RunTime:0.000651s ]
INFO: [ view_filter ] --END-- [ RunTime:0.000799s ]
INFO: [ app_end ] --START--
INFO: Run Behavior\ShowPageTraceBehavior [ RunTime:0.000862s ]
INFO: [ app_end ] --END-- [ RunTime:0.000973s ]

[ 2016-04-01T18:38:01+08:00 ] 127.0.0.1 /hotel/Admin/List/addList
INFO: [ app_init ] --START--
INFO: Run Behavior\BuildLiteBehavior [ RunTime:0.000040s ]
INFO: [ app_init ] --END-- [ RunTime:0.000866s ]
INFO: [ app_begin ] --START--
INFO: Run Behavior\ReadHtmlCacheBehavior [ RunTime:0.000855s ]
INFO: [ app_begin ] --END-- [ RunTime:0.000977s ]
SQL: SHOW COLUMNS FROM `ht_cate` [ RunTime:0.0046s ]
SQL: SELECT * FROM `ht_cate` WHERE `pid` = 1  [ RunTime:0.0004s ]
INFO: [ view_parse ] --START--
INFO: [ template_filter ] --START--
INFO: Run Behavior\ContentReplaceBehavior [ RunTime:0.000096s ]
INFO: [ template_filter ] --END-- [ RunTime:0.000258s ]
NOTIC: [8] Use of undefined constant GROUP_NAME - assumed 'GROUP_NAME' G:\wamp\wamp\www\text\hotel\Runtime\Cache\Admin\37cd8dd36f487c75cf3ed33c1ad3c96d.php 第 15 行.
INFO: Run Behavior\ParseTemplateBehavior [ RunTime:0.010642s ]
INFO: [ view_parse ] --END-- [ RunTime:0.010771s ]
INFO: [ view_filter ] --START--
INFO: Run Behavior\WriteHtmlCacheBehavior [ RunTime:0.000784s ]
INFO: [ view_filter ] --END-- [ RunTime:0.000955s ]
INFO: [ app_end ] --START--
INFO: Run Behavior\ShowPageTraceBehavior [ RunTime:0.000932s ]
INFO: [ app_end ] --END-- [ RunTime:0.001052s ]

[ 2016-04-01T18:38:01+08:00 ] 127.0.0.1 /hotel/Admin/Index/center.html
INFO: [ app_init ] --START--
INFO: Run Behavior\BuildLiteBehavior [ RunTime:0.000049s ]
INFO: [ app_init ] --END-- [ RunTime:0.001001s ]
INFO: [ app_begin ] --START--
INFO: Run Behavior\ReadHtmlCacheBehavior [ RunTime:0.000927s ]
INFO: [ app_begin ] --END-- [ RunTime:0.001068s ]
INFO: [ view_parse ] --START--
INFO: [ template_filter ] --START--
INFO: Run Behavior\ContentReplaceBehavior [ RunTime:0.000192s ]
INFO: [ template_filter ] --END-- [ RunTime:0.000385s ]
INFO: Run Behavior\ParseTemplateBehavior [ RunTime:0.017860s ]
INFO: [ view_parse ] --END-- [ RunTime:0.018069s ]
INFO: [ view_filter ] --START--
INFO: Run Behavior\WriteHtmlCacheBehavior [ RunTime:0.000827s ]
INFO: [ view_filter ] --END-- [ RunTime:0.001004s ]
INFO: [ app_end ] --START--
INFO: Run Behavior\ShowPageTraceBehavior [ RunTime:0.001171s ]
INFO: [ app_end ] --END-- [ RunTime:0.001340s ]

[ 2016-04-01T18:38:02+08:00 ] 127.0.0.1 /hotel/Admin/Index/_/hotel/Public/Admin/Images/tab_bg.gif
INFO: [ app_init ] --START--
INFO: Run Behavior\BuildLiteBehavior [ RunTime:0.000031s ]
INFO: [ app_init ] --END-- [ RunTime:0.000629s ]

[ 2016-04-01T18:38:02+08:00 ] 127.0.0.1 /hotel/Admin/Category/index
INFO: [ app_init ] --START--
INFO: Run Behavior\BuildLiteBehavior [ RunTime:0.000027s ]
INFO: [ app_init ] --END-- [ RunTime:0.000619s ]
INFO: [ app_begin ] --START--
INFO: Run Behavior\ReadHtmlCacheBehavior [ RunTime:0.001000s ]
INFO: [ app_begin ] --END-- [ RunTime:0.001139s ]
SQL: SHOW COLUMNS FROM `ht_cate` [ RunTime:0.0043s ]
SQL: SELECT * FROM `ht_cate` ORDER BY sort ASC  [ RunTime:0.0004s ]
INFO: [ view_parse ] --START--
INFO: [ template_filter ] --START--
INFO: Run Behavior\ContentReplaceBehavior [ RunTime:0.000100s ]
INFO: [ template_filter ] --END-- [ RunTime:0.000228s ]
INFO: Run Behavior\ParseTemplateBehavior [ RunTime:0.044180s ]
INFO: [ view_parse ] --END-- [ RunTime:0.044313s ]
INFO: [ view_filter ] --START--
INFO: Run Behavior\WriteHtmlCacheBehavior [ RunTime:0.000565s ]
INFO: [ view_filter ] --END-- [ RunTime:0.000691s ]
INFO: [ app_end ] --START--
INFO: Run Behavior\ShowPageTraceBehavior [ RunTime:0.000997s ]
INFO: [ app_end ] --END-- [ RunTime:0.001141s ]

[ 2016-04-01T18:38:02+08:00 ] 127.0.0.1 /hotel/Admin/Category/images/add.gif
INFO: [ app_init ] --START--
INFO: Run Behavior\BuildLiteBehavior [ RunTime:0.000049s ]
INFO: [ app_init ] --END-- [ RunTime:0.000893s ]

[ 2016-04-01T18:38:02+08:00 ] 127.0.0.1 /hotel/Admin/Category/images/edit.gif
INFO: [ app_init ] --START--
INFO: Run Behavior\BuildLiteBehavior [ RunTime:0.000034s ]
INFO: [ app_init ] --END-- [ RunTime:0.001711s ]

[ 2016-04-01T18:38:02+08:00 ] 127.0.0.1 /hotel/Admin/Index/_/hotel/Public/Admin/Images/tab_bg.gif
INFO: [ app_init ] --START--
INFO: Run Behavior\BuildLiteBehavior [ RunTime:0.000029s ]
INFO: [ app_init ] --END-- [ RunTime:0.000641s ]

[ 2016-04-01T18:38:03+08:00 ] 127.0.0.1 /hotel/Admin/Index/_/hotel/Public/Admin/Images/tab_bg.gif
INFO: [ app_init ] --START--
INFO: Run Behavior\BuildLiteBehavior [ RunTime:0.000028s ]
INFO: [ app_init ] --END-- [ RunTime:0.000596s ]

[ 2016-04-01T18:38:03+08:00 ] 127.0.0.1 /hotel/Admin/Index/center.html
INFO: [ app_init ] --START--
INFO: Run Behavior\BuildLiteBehavior [ RunTime:0.000033s ]
INFO: [ app_init ] --END-- [ RunTime:0.000751s ]
INFO: [ app_begin ] --START--
INFO: Run Behavior\ReadHtmlCacheBehavior [ RunTime:0.001039s ]
INFO: [ app_begin ] --END-- [ RunTime:0.001192s ]
INFO: [ view_parse ] --START--
INFO: [ template_filter ] --START--
INFO: Run Behavior\ContentReplaceBehavior [ RunTime:0.000170s ]
INFO: [ template_filter ] --END-- [ RunTime:0.000307s ]
INFO: Run Behavior\ParseTemplateBehavior [ RunTime:0.034432s ]
INFO: [ view_parse ] --END-- [ RunTime:0.034590s ]
INFO: [ view_filter ] --START--
INFO: Run Behavior\WriteHtmlCacheBehavior [ RunTime:0.000619s ]
INFO: [ view_filter ] --END-- [ RunTime:0.000735s ]
INFO: [ app_end ] --START--
INFO: Run Behavior\ShowPageTraceBehavior [ RunTime:0.000913s ]
INFO: [ app_end ] --END-- [ RunTime:0.001028s ]

[ 2016-04-01T18:38:03+08:00 ] 127.0.0.1 /hotel/Admin/Index/center.html
INFO: [ app_init ] --START--
INFO: Run Behavior\BuildLiteBehavior [ RunTime:0.000032s ]
INFO: [ app_init ] --END-- [ RunTime:0.001569s ]
INFO: [ app_begin ] --START--
INFO: Run Behavior\ReadHtmlCacheBehavior [ RunTime:0.000865s ]
INFO: [ app_begin ] --END-- [ RunTime:0.000989s ]
INFO: [ view_parse ] --START--
INFO: [ template_filter ] --START--
INFO: Run Behavior\ContentReplaceBehavior [ RunTime:0.000294s ]
INFO: [ template_filter ] --END-- [ RunTime:0.000920s ]
INFO: Run Behavior\ParseTemplateBehavior [ RunTime:0.015712s ]
INFO: [ view_parse ] --END-- [ RunTime:0.015853s ]
INFO: [ view_filter ] --START--
INFO: Run Behavior\WriteHtmlCacheBehavior [ RunTime:0.000613s ]
INFO: [ view_filter ] --END-- [ RunTime:0.000737s ]
INFO: [ app_end ] --START--
INFO: Run Behavior\ShowPageTraceBehavior [ RunTime:0.000811s ]
INFO: [ app_end ] --END-- [ RunTime:0.000951s ]

[ 2016-04-01T18:38:04+08:00 ] 127.0.0.1 /hotel/Admin/Category/addCate
INFO: [ app_init ] --START--
INFO: Run Behavior\BuildLiteBehavior [ RunTime:0.000096s ]
INFO: [ app_init ] --END-- [ RunTime:0.001118s ]
INFO: [ app_begin ] --START--
INFO: Run Behavior\ReadHtmlCacheBehavior [ RunTime:0.000909s ]
INFO: [ app_begin ] --END-- [ RunTime:0.001042s ]
INFO: [ view_parse ] --START--
INFO: [ template_filter ] --START--
INFO: Run Behavior\ContentReplaceBehavior [ RunTime:0.000097s ]
INFO: [ template_filter ] --END-- [ RunTime:0.000233s ]
INFO: Run Behavior\ParseTemplateBehavior [ RunTime:0.090812s ]
INFO: [ view_parse ] --END-- [ RunTime:0.090932s ]
INFO: [ view_filter ] --START--
INFO: Run Behavior\WriteHtmlCacheBehavior [ RunTime:0.000517s ]
INFO: [ view_filter ] --END-- [ RunTime:0.000619s ]
INFO: [ app_end ] --START--
INFO: Run Behavior\ShowPageTraceBehavior [ RunTime:0.000767s ]
INFO: [ app_end ] --END-- [ RunTime:0.000871s ]

[ 2016-04-01T18:38:04+08:00 ] 127.0.0.1 /hotel/Admin/Index/center.html
INFO: [ app_init ] --START--
INFO: Run Behavior\BuildLiteBehavior [ RunTime:0.000029s ]
INFO: [ app_init ] --END-- [ RunTime:0.000692s ]
INFO: [ app_begin ] --START--
INFO: Run Behavior\ReadHtmlCacheBehavior [ RunTime:0.001343s ]
INFO: [ app_begin ] --END-- [ RunTime:0.001705s ]
INFO: [ view_parse ] --START--
INFO: [ template_filter ] --START--
INFO: Run Behavior\ContentReplaceBehavior [ RunTime:0.000155s ]
INFO: [ template_filter ] --END-- [ RunTime:0.000280s ]
INFO: Run Behavior\ParseTemplateBehavior [ RunTime:0.014736s ]
INFO: [ view_parse ] --END-- [ RunTime:0.014895s ]
INFO: [ view_filter ] --START--
INFO: Run Behavior\WriteHtmlCacheBehavior [ RunTime:0.000653s ]
INFO: [ view_filter ] --END-- [ RunTime:0.000764s ]
INFO: [ app_end ] --START--
INFO: Run Behavior\ShowPageTraceBehavior [ RunTime:0.000856s ]
INFO: [ app_end ] --END-- [ RunTime:0.000962s ]

[ 2016-04-01T18:38:05+08:00 ] 127.0.0.1 /hotel/Admin/Index/center.html
INFO: [ app_init ] --START--
INFO: Run Behavior\BuildLiteBehavior [ RunTime:0.000045s ]
INFO: [ app_init ] --END-- [ RunTime:0.002053s ]
INFO: [ app_begin ] --START--
INFO: Run Behavior\ReadHtmlCacheBehavior [ RunTime:0.000867s ]
INFO: [ app_begin ] --END-- [ RunTime:0.000996s ]
INFO: [ view_parse ] --START--
INFO: [ template_filter ] --START--
INFO: Run Behavior\ContentReplaceBehavior [ RunTime:0.000171s ]
INFO: [ template_filter ] --END-- [ RunTime:0.000329s ]
INFO: Run Behavior\ParseTemplateBehavior [ RunTime:0.014886s ]
INFO: [ view_parse ] --END-- [ RunTime:0.015033s ]
INFO: [ view_filter ] --START--
INFO: Run Behavior\WriteHtmlCacheBehavior [ RunTime:0.000671s ]
INFO: [ view_filter ] --END-- [ RunTime:0.000786s ]
INFO: [ app_end ] --START--
INFO: Run Behavior\ShowPageTraceBehavior [ RunTime:0.000905s ]
INFO: [ app_end ] --END-- [ RunTime:0.001012s ]

[ 2016-04-01T18:38:05+08:00 ] 127.0.0.1 /hotel/Admin/Index/center.html
INFO: [ app_init ] --START--
INFO: Run Behavior\BuildLiteBehavior [ RunTime:0.000029s ]
INFO: [ app_init ] --END-- [ RunTime:0.000646s ]
INFO: [ app_begin ] --START--
INFO: Run Behavior\ReadHtmlCacheBehavior [ RunTime:0.001966s ]
INFO: [ app_begin ] --END-- [ RunTime:0.002246s ]
INFO: [ view_parse ] --START--
INFO: [ template_filter ] --START--
INFO: Run Behavior\ContentReplaceBehavior [ RunTime:0.000170s ]
INFO: [ template_filter ] --END-- [ RunTime:0.000311s ]
INFO: Run Behavior\ParseTemplateBehavior [ RunTime:0.017166s ]
INFO: [ view_parse ] --END-- [ RunTime:0.017352s ]
INFO: [ view_filter ] --START--
INFO: Run Behavior\WriteHtmlCacheBehavior [ RunTime:0.000693s ]
INFO: [ view_filter ] --END-- [ RunTime:0.000823s ]
INFO: [ app_end ] --START--
INFO: Run Behavior\ShowPageTraceBehavior [ RunTime:0.000872s ]
INFO: [ app_end ] --END-- [ RunTime:0.000992s ]

[ 2016-04-01T18:38:05+08:00 ] 127.0.0.1 /hotel/Admin/Index/_/hotel/Public/Admin/Images/tab_bg.gif
INFO: [ app_init ] --START--
INFO: Run Behavior\BuildLiteBehavior [ RunTime:0.000028s ]
INFO: [ app_init ] --END-- [ RunTime:0.000605s ]

[ 2016-04-01T18:38:05+08:00 ] 127.0.0.1 /hotel/Admin/Index/_/hotel/Public/Admin/Images/tab_bg.gif
INFO: [ app_init ] --START--
INFO: Run Behavior\BuildLiteBehavior [ RunTime:0.000051s ]
INFO: [ app_init ] --END-- [ RunTime:0.001083s ]

[ 2016-04-01T18:38:05+08:00 ] 127.0.0.1 /hotel/Admin/Index/center.html
INFO: [ app_init ] --START--
INFO: Run Behavior\BuildLiteBehavior [ RunTime:0.000030s ]
INFO: [ app_init ] --END-- [ RunTime:0.000659s ]
INFO: [ app_begin ] --START--
INFO: Run Behavior\ReadHtmlCacheBehavior [ RunTime:0.001303s ]
INFO: [ app_begin ] --END-- [ RunTime:0.001502s ]
INFO: [ view_parse ] --START--
INFO: [ template_filter ] --START--
INFO: Run Behavior\ContentReplaceBehavior [ RunTime:0.000169s ]
INFO: [ template_filter ] --END-- [ RunTime:0.000318s ]
INFO: Run Behavior\ParseTemplateBehavior [ RunTime:0.020523s ]
INFO: [ view_parse ] --END-- [ RunTime:0.020872s ]
INFO: [ view_filter ] --START--
INFO: Run Behavior\WriteHtmlCacheBehavior [ RunTime:0.000737s ]
INFO: [ view_filter ] --END-- [ RunTime:0.000864s ]
INFO: [ app_end ] --START--
INFO: Run Behavior\ShowPageTraceBehavior [ RunTime:0.000836s ]
INFO: [ app_end ] --END-- [ RunTime:0.000951s ]

[ 2016-04-01T18:38:05+08:00 ] 127.0.0.1 /hotel/Admin/Index/center.html
INFO: [ app_init ] --START--
INFO: Run Behavior\BuildLiteBehavior [ RunTime:0.000028s ]
INFO: [ app_init ] --END-- [ RunTime:0.000562s ]
INFO: [ app_begin ] --START--
INFO: Run Behavior\ReadHtmlCacheBehavior [ RunTime:0.002096s ]
INFO: [ app_begin ] --END-- [ RunTime:0.002396s ]
INFO: [ view_parse ] --START--
INFO: [ template_filter ] --START--
INFO: Run Behavior\ContentReplaceBehavior [ RunTime:0.000185s ]
INFO: [ template_filter ] --END-- [ RunTime:0.000369s ]
INFO: Run Behavior\ParseTemplateBehavior [ RunTime:0.016681s ]
INFO: [ view_parse ] --END-- [ RunTime:0.016855s ]
INFO: [ view_filter ] --START--
INFO: Run Behavior\WriteHtmlCacheBehavior [ RunTime:0.000664s ]
INFO: [ view_filter ] --END-- [ RunTime:0.000786s ]
INFO: [ app_end ] --START--
INFO: Run Behavior\ShowPageTraceBehavior [ RunTime:0.000900s ]
INFO: [ app_end ] --END-- [ RunTime:0.001010s ]

[ 2016-04-01T18:38:05+08:00 ] 127.0.0.1 /hotel/Admin/Index/center.html
INFO: [ app_init ] --START--
INFO: Run Behavior\BuildLiteBehavior [ RunTime:0.000030s ]
INFO: [ app_init ] --END-- [ RunTime:0.000671s ]
INFO: [ app_begin ] --START--
INFO: Run Behavior\ReadHtmlCacheBehavior [ RunTime:0.000921s ]
INFO: [ app_begin ] --END-- [ RunTime:0.001072s ]
INFO: [ view_parse ] --START--
INFO: [ template_filter ] --START--
INFO: Run Behavior\ContentReplaceBehavior [ RunTime:0.000342s ]
INFO: [ template_filter ] --END-- [ RunTime:0.000596s ]
INFO: Run Behavior\ParseTemplateBehavior [ RunTime:0.026213s ]
INFO: [ view_parse ] --END-- [ RunTime:0.026618s ]
INFO: [ view_filter ] --START--
INFO: Run Behavior\WriteHtmlCacheBehavior [ RunTime:0.001018s ]
INFO: [ view_filter ] --END-- [ RunTime:0.001284s ]
INFO: [ app_end ] --START--
INFO: Run Behavior\ShowPageTraceBehavior [ RunTime:0.001260s ]
INFO: [ app_end ] --END-- [ RunTime:0.001463s ]

[ 2016-04-01T18:38:05+08:00 ] 127.0.0.1 /hotel/Admin/Index/_/hotel/Public/Admin/Images/tab_bg.gif
INFO: [ app_init ] --START--
INFO: Run Behavior\BuildLiteBehavior [ RunTime:0.000028s ]
INFO: [ app_init ] --END-- [ RunTime:0.000604s ]

[ 2016-04-01T18:38:06+08:00 ] 127.0.0.1 /hotel/Admin/Rlzy/index
INFO: [ app_init ] --START--
INFO: Run Behavior\BuildLiteBehavior [ RunTime:0.000061s ]
INFO: [ app_init ] --END-- [ RunTime:0.000670s ]
INFO: [ app_begin ] --START--
INFO: Run Behavior\ReadHtmlCacheBehavior [ RunTime:0.000843s ]
INFO: [ app_begin ] --END-- [ RunTime:0.000985s ]
SQL: SHOW COLUMNS FROM `ht_hr` [ RunTime:0.1154s ]
SQL: SELECT * FROM `ht_hr`  [ RunTime:0.0004s ]
INFO: [ view_parse ] --START--
INFO: [ template_filter ] --START--
INFO: Run Behavior\ContentReplaceBehavior [ RunTime:0.000102s ]
INFO: [ template_filter ] --END-- [ RunTime:0.000224s ]
INFO: Run Behavior\ParseTemplateBehavior [ RunTime:0.023915s ]
INFO: [ view_parse ] --END-- [ RunTime:0.024057s ]
INFO: [ view_filter ] --START--
INFO: Run Behavior\WriteHtmlCacheBehavior [ RunTime:0.000590s ]
INFO: [ view_filter ] --END-- [ RunTime:0.000701s ]
INFO: [ app_end ] --START--
INFO: Run Behavior\ShowPageTraceBehavior [ RunTime:0.000812s ]
INFO: [ app_end ] --END-- [ RunTime:0.000918s ]

[ 2016-04-01T18:38:06+08:00 ] 127.0.0.1 /hotel/Admin/Rlzy/images/add.gif
INFO: [ app_init ] --START--
INFO: Run Behavior\BuildLiteBehavior [ RunTime:0.000048s ]
INFO: [ app_init ] --END-- [ RunTime:0.001205s ]

[ 2016-04-01T18:38:06+08:00 ] 127.0.0.1 /hotel/Admin/Rlzy/images/edit.gif
INFO: [ app_init ] --START--
INFO: Run Behavior\BuildLiteBehavior [ RunTime:0.000026s ]
INFO: [ app_init ] --END-- [ RunTime:0.000622s ]

[ 2016-04-01T18:38:06+08:00 ] 127.0.0.1 /hotel/Admin/Rlzy/images/del.gif
INFO: [ app_init ] --START--
INFO: Run Behavior\BuildLiteBehavior [ RunTime:0.000032s ]
INFO: [ app_init ] --END-- [ RunTime:0.002230s ]

[ 2016-04-01T18:38:06+08:00 ] 127.0.0.1 /hotel/Admin/Index/_/hotel/Public/Admin/Images/tab_bg.gif
INFO: [ app_init ] --START--
INFO: Run Behavior\BuildLiteBehavior [ RunTime:0.000030s ]
INFO: [ app_init ] --END-- [ RunTime:0.000622s ]

[ 2016-04-01T18:38:06+08:00 ] 127.0.0.1 /hotel/Admin/Index/center.html
INFO: [ app_init ] --START--
INFO: Run Behavior\BuildLiteBehavior [ RunTime:0.000028s ]
INFO: [ app_init ] --END-- [ RunTime:0.000689s ]
INFO: [ app_begin ] --START--
INFO: Run Behavior\ReadHtmlCacheBehavior [ RunTime:0.001375s ]
INFO: [ app_begin ] --END-- [ RunTime:0.001536s ]
INFO: [ view_parse ] --START--
INFO: [ template_filter ] --START--
INFO: Run Behavior\ContentReplaceBehavior [ RunTime:0.000159s ]
INFO: [ template_filter ] --END-- [ RunTime:0.000295s ]
INFO: Run Behavior\ParseTemplateBehavior [ RunTime:0.014864s ]
INFO: [ view_parse ] --END-- [ RunTime:0.015006s ]
INFO: [ view_filter ] --START--
INFO: Run Behavior\WriteHtmlCacheBehavior [ RunTime:0.000603s ]
INFO: [ view_filter ] --END-- [ RunTime:0.000738s ]
INFO: [ app_end ] --START--
INFO: Run Behavior\ShowPageTraceBehavior [ RunTime:0.000868s ]
INFO: [ app_end ] --END-- [ RunTime:0.000980s ]

[ 2016-04-01T18:38:06+08:00 ] 127.0.0.1 /hotel/Admin/Index/_/hotel/Public/Admin/Images/tab_bg.gif
INFO: [ app_init ] --START--
INFO: Run Behavior\BuildLiteBehavior [ RunTime:0.000036s ]
INFO: [ app_init ] --END-- [ RunTime:0.002577s ]

[ 2016-04-01T18:38:07+08:00 ] 127.0.0.1 /hotel/Admin/Index/_/hotel/Public/Admin/Images/tab_bg.gif
INFO: [ app_init ] --START--
INFO: Run Behavior\BuildLiteBehavior [ RunTime:0.000028s ]
INFO: [ app_init ] --END-- [ RunTime:0.000695s ]

[ 2016-04-01T18:38:07+08:00 ] 127.0.0.1 /hotel/Admin/Index/center.html
INFO: [ app_init ] --START--
INFO: Run Behavior\BuildLiteBehavior [ RunTime:0.000029s ]
INFO: [ app_init ] --END-- [ RunTime:0.000649s ]
INFO: [ app_begin ] --START--
INFO: Run Behavior\ReadHtmlCacheBehavior [ RunTime:0.000880s ]
INFO: [ app_begin ] --END-- [ RunTime:0.001004s ]
INFO: [ view_parse ] --START--
INFO: [ template_filter ] --START--
INFO: Run Behavior\ContentReplaceBehavior [ RunTime:0.000178s ]
INFO: [ template_filter ] --END-- [ RunTime:0.000317s ]
INFO: Run Behavior\ParseTemplateBehavior [ RunTime:0.016023s ]
INFO: [ view_parse ] --END-- [ RunTime:0.016168s ]
INFO: [ view_filter ] --START--
INFO: Run Behavior\WriteHtmlCacheBehavior [ RunTime:0.000652s ]
INFO: [ view_filter ] --END-- [ RunTime:0.000789s ]
INFO: [ app_end ] --START--
INFO: Run Behavior\ShowPageTraceBehavior [ RunTime:0.001444s ]
INFO: [ app_end ] --END-- [ RunTime:0.001835s ]

[ 2016-04-01T18:38:07+08:00 ] 127.0.0.1 /hotel/Admin/Rlzy/addRen
INFO: [ app_init ] --START--
INFO: Run Behavior\BuildLiteBehavior [ RunTime:0.000030s ]
INFO: [ app_init ] --END-- [ RunTime:0.000749s ]
INFO: [ app_begin ] --START--
INFO: Run Behavior\ReadHtmlCacheBehavior [ RunTime:0.000884s ]
INFO: [ app_begin ] --END-- [ RunTime:0.001016s ]
INFO: [ view_parse ] --START--
INFO: [ template_filter ] --START--
INFO: Run Behavior\ContentReplaceBehavior [ RunTime:0.000100s ]
INFO: [ template_filter ] --END-- [ RunTime:0.000221s ]
NOTIC: [8] Undefined variable: v G:\wamp\wamp\www\text\hotel\Runtime\Cache\Admin\5b2d80a26f004cea2e78757865c59a79.php 第 112 行.
NOTIC: [8] Undefined variable: v G:\wamp\wamp\www\text\hotel\Runtime\Cache\Admin\5b2d80a26f004cea2e78757865c59a79.php 第 116 行.
NOTIC: [8] Undefined variable: v G:\wamp\wamp\www\text\hotel\Runtime\Cache\Admin\5b2d80a26f004cea2e78757865c59a79.php 第 120 行.
NOTIC: [8] Undefined variable: v G:\wamp\wamp\www\text\hotel\Runtime\Cache\Admin\5b2d80a26f004cea2e78757865c59a79.php 第 124 行.
NOTIC: [8] Undefined variable: v G:\wamp\wamp\www\text\hotel\Runtime\Cache\Admin\5b2d80a26f004cea2e78757865c59a79.php 第 128 行.
INFO: Run Behavior\ParseTemplateBehavior [ RunTime:0.010228s ]
INFO: [ view_parse ] --END-- [ RunTime:0.010350s ]
INFO: [ view_filter ] --START--
INFO: Run Behavior\WriteHtmlCacheBehavior [ RunTime:0.000517s ]
INFO: [ view_filter ] --END-- [ RunTime:0.000623s ]
INFO: [ app_end ] --START--
INFO: Run Behavior\ShowPageTraceBehavior [ RunTime:0.001379s ]
INFO: [ app_end ] --END-- [ RunTime:0.001506s ]

[ 2016-04-01T18:38:07+08:00 ] 127.0.0.1 /hotel/Admin/Rlzy/images/add.gif
INFO: [ app_init ] --START--
INFO: Run Behavior\BuildLiteBehavior [ RunTime:0.000029s ]
INFO: [ app_init ] --END-- [ RunTime:0.000635s ]

[ 2016-04-01T18:38:07+08:00 ] 127.0.0.1 /hotel/Admin/Rlzy/images/del.gif
INFO: [ app_init ] --START--
INFO: Run Behavior\BuildLiteBehavior [ RunTime:0.000044s ]
INFO: [ app_init ] --END-- [ RunTime:0.000918s ]

[ 2016-04-01T18:38:07+08:00 ] 127.0.0.1 /hotel/Admin/Rlzy/images/edit.gif
INFO: [ app_init ] --START--
INFO: Run Behavior\BuildLiteBehavior [ RunTime:0.000028s ]
INFO: [ app_init ] --END-- [ RunTime:0.000641s ]

[ 2016-04-01T18:38:08+08:00 ] 127.0.0.1 /hotel/Admin/Index/center.html
INFO: [ app_init ] --START--
INFO: Run Behavior\BuildLiteBehavior [ RunTime:0.000028s ]
INFO: [ app_init ] --END-- [ RunTime:0.000837s ]
INFO: [ app_begin ] --START--
INFO: Run Behavior\ReadHtmlCacheBehavior [ RunTime:0.000972s ]
INFO: [ app_begin ] --END-- [ RunTime:0.001159s ]
INFO: [ view_parse ] --START--
INFO: [ template_filter ] --START--
INFO: Run Behavior\ContentReplaceBehavior [ RunTime:0.000158s ]
INFO: [ template_filter ] --END-- [ RunTime:0.000291s ]
INFO: Run Behavior\ParseTemplateBehavior [ RunTime:0.014939s ]
INFO: [ view_parse ] --END-- [ RunTime:0.015073s ]
INFO: [ view_filter ] --START--
INFO: Run Behavior\WriteHtmlCacheBehavior [ RunTime:0.000691s ]
INFO: [ view_filter ] --END-- [ RunTime:0.000906s ]
INFO: [ app_end ] --START--
INFO: Run Behavior\ShowPageTraceBehavior [ RunTime:0.000908s ]
INFO: [ app_end ] --END-- [ RunTime:0.001015s ]

[ 2016-04-01T18:38:08+08:00 ] 127.0.0.1 /hotel/Admin/Index/_/hotel/Public/Admin/Images/tab_bg.gif
INFO: [ app_init ] --START--
INFO: Run Behavior\BuildLiteBehavior [ RunTime:0.000028s ]
INFO: [ app_init ] --END-- [ RunTime:0.000668s ]

[ 2016-04-01T18:38:08+08:00 ] 127.0.0.1 /hotel/Admin/Index/_/hotel/Public/Admin/Images/tab_bg.gif
INFO: [ app_init ] --START--
INFO: Run Behavior\BuildLiteBehavior [ RunTime:0.000027s ]
INFO: [ app_init ] --END-- [ RunTime:0.000612s ]

[ 2016-04-01T18:38:09+08:00 ] 127.0.0.1 /hotel/Admin/News/index
INFO: [ app_init ] --START--
INFO: Run Behavior\BuildLiteBehavior [ RunTime:0.000027s ]
INFO: [ app_init ] --END-- [ RunTime:0.000637s ]
INFO: [ app_begin ] --START--
INFO: Run Behavior\ReadHtmlCacheBehavior [ RunTime:0.000984s ]
INFO: [ app_begin ] --END-- [ RunTime:0.001145s ]
SQL: SHOW COLUMNS FROM `ht_news` [ RunTime:0.0973s ]
SQL: SELECT * FROM `ht_news` WHERE `del` = 0  [ RunTime:0.0005s ]
INFO: [ view_parse ] --START--
INFO: [ template_filter ] --START--
INFO: Run Behavior\ContentReplaceBehavior [ RunTime:0.000101s ]
INFO: [ template_filter ] --END-- [ RunTime:0.000222s ]
INFO: Run Behavior\ParseTemplateBehavior [ RunTime:0.068816s ]
INFO: [ view_parse ] --END-- [ RunTime:0.068940s ]
INFO: [ view_filter ] --START--
INFO: Run Behavior\WriteHtmlCacheBehavior [ RunTime:0.000592s ]
INFO: [ view_filter ] --END-- [ RunTime:0.000692s ]
INFO: [ app_end ] --START--
INFO: Run Behavior\ShowPageTraceBehavior [ RunTime:0.000984s ]
INFO: [ app_end ] --END-- [ RunTime:0.001095s ]

[ 2016-04-01T18:38:09+08:00 ] 127.0.0.1 /hotel/Admin/News/images/edit.gif
INFO: [ app_init ] --START--
INFO: Run Behavior\BuildLiteBehavior [ RunTime:0.000030s ]
INFO: [ app_init ] --END-- [ RunTime:0.000648s ]

[ 2016-04-01T18:38:09+08:00 ] 127.0.0.1 /hotel/Admin/News/images/add.gif
INFO: [ app_init ] --START--
INFO: Run Behavior\BuildLiteBehavior [ RunTime:0.000038s ]
INFO: [ app_init ] --END-- [ RunTime:0.000751s ]

[ 2016-04-01T18:38:09+08:00 ] 127.0.0.1 /hotel/Admin/News/images/del.gif
INFO: [ app_init ] --START--
INFO: Run Behavior\BuildLiteBehavior [ RunTime:0.000070s ]
INFO: [ app_init ] --END-- [ RunTime:0.001227s ]

[ 2016-04-01T18:38:09+08:00 ] 127.0.0.1 /hotel/Admin/Index/_/hotel/Public/Admin/Images/tab_bg.gif
INFO: [ app_init ] --START--
INFO: Run Behavior\BuildLiteBehavior [ RunTime:0.000046s ]
INFO: [ app_init ] --END-- [ RunTime:0.000924s ]

[ 2016-04-01T18:38:09+08:00 ] 127.0.0.1 /hotel/Admin/Index/center.html
INFO: [ app_init ] --START--
INFO: Run Behavior\BuildLiteBehavior [ RunTime:0.000029s ]
INFO: [ app_init ] --END-- [ RunTime:0.000687s ]
INFO: [ app_begin ] --START--
INFO: Run Behavior\ReadHtmlCacheBehavior [ RunTime:0.000861s ]
INFO: [ app_begin ] --END-- [ RunTime:0.000982s ]
INFO: [ view_parse ] --START--
INFO: [ template_filter ] --START--
INFO: Run Behavior\ContentReplaceBehavior [ RunTime:0.000288s ]
INFO: [ template_filter ] --END-- [ RunTime:0.000538s ]
INFO: Run Behavior\ParseTemplateBehavior [ RunTime:0.015848s ]
INFO: [ view_parse ] --END-- [ RunTime:0.015987s ]
INFO: [ view_filter ] --START--
INFO: Run Behavior\WriteHtmlCacheBehavior [ RunTime:0.000588s ]
INFO: [ view_filter ] --END-- [ RunTime:0.000707s ]
INFO: [ app_end ] --START--
INFO: Run Behavior\ShowPageTraceBehavior [ RunTime:0.000880s ]
INFO: [ app_end ] --END-- [ RunTime:0.001000s ]

[ 2016-04-01T18:38:10+08:00 ] 127.0.0.1 /hotel/Admin/News/addNews
INFO: [ app_init ] --START--
INFO: Run Behavior\BuildLiteBehavior [ RunTime:0.000025s ]
INFO: [ app_init ] --END-- [ RunTime:0.000580s ]
INFO: [ app_begin ] --START--
INFO: Run Behavior\ReadHtmlCacheBehavior [ RunTime:0.000826s ]
INFO: [ app_begin ] --END-- [ RunTime:0.000944s ]
INFO: [ view_parse ] --START--
INFO: [ template_filter ] --START--
INFO: Run Behavior\ContentReplaceBehavior [ RunTime:0.000088s ]
INFO: [ template_filter ] --END-- [ RunTime:0.000213s ]
NOTIC: [8] Use of undefined constant GROUP_NAME - assumed 'GROUP_NAME' G:\wamp\wamp\www\text\hotel\Runtime\Cache\Admin\1df4b6db335c6567c8f48db2336281bc.php 第 15 行.
INFO: Run Behavior\ParseTemplateBehavior [ RunTime:0.009164s ]
INFO: [ view_parse ] --END-- [ RunTime:0.009291s ]
INFO: [ view_filter ] --START--
INFO: Run Behavior\WriteHtmlCacheBehavior [ RunTime:0.000664s ]
INFO: [ view_filter ] --END-- [ RunTime:0.000793s ]
INFO: [ app_end ] --START--
INFO: Run Behavior\ShowPageTraceBehavior [ RunTime:0.000901s ]
INFO: [ app_end ] --END-- [ RunTime:0.001015s ]

[ 2016-04-01T18:38:11+08:00 ] 127.0.0.1 /hotel/Admin/Index/center.html
INFO: [ app_init ] --START--
INFO: Run Behavior\BuildLiteBehavior [ RunTime:0.000041s ]
INFO: [ app_init ] --END-- [ RunTime:0.000678s ]
INFO: [ app_begin ] --START--
INFO: Run Behavior\ReadHtmlCacheBehavior [ RunTime:0.000969s ]
INFO: [ app_begin ] --END-- [ RunTime:0.001139s ]
INFO: [ view_parse ] --START--
INFO: [ template_filter ] --START--
INFO: Run Behavior\ContentReplaceBehavior [ RunTime:0.000172s ]
INFO: [ template_filter ] --END-- [ RunTime:0.000310s ]
INFO: Run Behavior\ParseTemplateBehavior [ RunTime:0.016977s ]
INFO: [ view_parse ] --END-- [ RunTime:0.017109s ]
INFO: [ view_filter ] --START--
INFO: Run Behavior\WriteHtmlCacheBehavior [ RunTime:0.000549s ]
INFO: [ view_filter ] --END-- [ RunTime:0.000656s ]
INFO: [ app_end ] --START--
INFO: Run Behavior\ShowPageTraceBehavior [ RunTime:0.000955s ]
INFO: [ app_end ] --END-- [ RunTime:0.001100s ]

[ 2016-04-01T18:38:11+08:00 ] 127.0.0.1 /hotel/Admin/News/recycle
INFO: [ app_init ] --START--
INFO: Run Behavior\BuildLiteBehavior [ RunTime:0.000028s ]
INFO: [ app_init ] --END-- [ RunTime:0.000773s ]
INFO: [ app_begin ] --START--
INFO: Run Behavior\ReadHtmlCacheBehavior [ RunTime:0.001909s ]
INFO: [ app_begin ] --END-- [ RunTime:0.002094s ]
SQL: SHOW COLUMNS FROM `ht_news` [ RunTime:0.0042s ]
SQL: SELECT * FROM `ht_news` WHERE `del` = 1  [ RunTime:0.0003s ]
INFO: [ view_parse ] --START--
INFO: [ template_filter ] --START--
INFO: Run Behavior\ContentReplaceBehavior [ RunTime:0.000124s ]
INFO: [ template_filter ] --END-- [ RunTime:0.000331s ]
INFO: Run Behavior\ParseTemplateBehavior [ RunTime:0.013847s ]
INFO: [ view_parse ] --END-- [ RunTime:0.014041s ]
INFO: [ view_filter ] --START--
INFO: Run Behavior\WriteHtmlCacheBehavior [ RunTime:0.000570s ]
INFO: [ view_filter ] --END-- [ RunTime:0.000680s ]
INFO: [ app_end ] --START--
INFO: Run Behavior\ShowPageTraceBehavior [ RunTime:0.000990s ]
INFO: [ app_end ] --END-- [ RunTime:0.001102s ]

[ 2016-04-01T18:38:11+08:00 ] 127.0.0.1 /hotel/Admin/News/images/del.gif
INFO: [ app_init ] --START--
INFO: Run Behavior\BuildLiteBehavior [ RunTime:0.000047s ]
INFO: [ app_init ] --END-- [ RunTime:0.001018s ]

[ 2016-04-01T18:38:11+08:00 ] 127.0.0.1 /hotel/Admin/News/images/add.gif
INFO: [ app_init ] --START--
INFO: Run Behavior\BuildLiteBehavior [ RunTime:0.000027s ]
INFO: [ app_init ] --END-- [ RunTime:0.000690s ]

[ 2016-04-01T18:38:12+08:00 ] 127.0.0.1 /hotel/Admin/News/images/edit.gif
INFO: [ app_init ] --START--
INFO: Run Behavior\BuildLiteBehavior [ RunTime:0.000116s ]
INFO: [ app_init ] --END-- [ RunTime:0.001025s ]

[ 2016-04-01T18:38:12+08:00 ] 127.0.0.1 /hotel/Admin/Index/center.html
INFO: [ app_init ] --START--
INFO: Run Behavior\BuildLiteBehavior [ RunTime:0.000028s ]
INFO: [ app_init ] --END-- [ RunTime:0.000642s ]
INFO: [ app_begin ] --START--
INFO: Run Behavior\ReadHtmlCacheBehavior [ RunTime:0.000881s ]
INFO: [ app_begin ] --END-- [ RunTime:0.001000s ]
INFO: [ view_parse ] --START--
INFO: [ template_filter ] --START--
INFO: Run Behavior\ContentReplaceBehavior [ RunTime:0.000158s ]
INFO: [ template_filter ] --END-- [ RunTime:0.000285s ]
INFO: Run Behavior\ParseTemplateBehavior [ RunTime:0.016392s ]
INFO: [ view_parse ] --END-- [ RunTime:0.016545s ]
INFO: [ view_filter ] --START--
INFO: Run Behavior\WriteHtmlCacheBehavior [ RunTime:0.000672s ]
INFO: [ view_filter ] --END-- [ RunTime:0.000803s ]
INFO: [ app_end ] --START--
INFO: Run Behavior\ShowPageTraceBehavior [ RunTime:0.000855s ]
INFO: [ app_end ] --END-- [ RunTime:0.000973s ]

[ 2016-04-01T18:38:12+08:00 ] 127.0.0.1 /hotel/Admin/Index/center.html
INFO: [ app_init ] --START--
INFO: Run Behavior\BuildLiteBehavior [ RunTime:0.000025s ]
INFO: [ app_init ] --END-- [ RunTime:0.000541s ]
INFO: [ app_begin ] --START--
INFO: Run Behavior\ReadHtmlCacheBehavior [ RunTime:0.001899s ]
INFO: [ app_begin ] --END-- [ RunTime:0.002334s ]
INFO: [ view_parse ] --START--
INFO: [ template_filter ] --START--
INFO: Run Behavior\ContentReplaceBehavior [ RunTime:0.000158s ]
INFO: [ template_filter ] --END-- [ RunTime:0.000319s ]
INFO: Run Behavior\ParseTemplateBehavior [ RunTime:0.015321s ]
INFO: [ view_parse ] --END-- [ RunTime:0.015467s ]
INFO: [ view_filter ] --START--
INFO: Run Behavior\WriteHtmlCacheBehavior [ RunTime:0.000673s ]
INFO: [ view_filter ] --END-- [ RunTime:0.000799s ]
INFO: [ app_end ] --START--
INFO: Run Behavior\ShowPageTraceBehavior [ RunTime:0.001004s ]
INFO: [ app_end ] --END-- [ RunTime:0.001124s ]

[ 2016-04-01T18:38:13+08:00 ] 127.0.0.1 /hotel/Admin/Index/center.html
INFO: [ app_init ] --START--
INFO: Run Behavior\BuildLiteBehavior [ RunTime:0.000048s ]
INFO: [ app_init ] --END-- [ RunTime:0.001482s ]
INFO: [ app_begin ] --START--
INFO: Run Behavior\ReadHtmlCacheBehavior [ RunTime:0.000991s ]
INFO: [ app_begin ] --END-- [ RunTime:0.001169s ]
INFO: [ view_parse ] --START--
INFO: [ template_filter ] --START--
INFO: Run Behavior\ContentReplaceBehavior [ RunTime:0.000178s ]
INFO: [ template_filter ] --END-- [ RunTime:0.000346s ]
INFO: Run Behavior\ParseTemplateBehavior [ RunTime:0.016696s ]
INFO: [ view_parse ] --END-- [ RunTime:0.016874s ]
INFO: [ view_filter ] --START--
INFO: Run Behavior\WriteHtmlCacheBehavior [ RunTime:0.000656s ]
INFO: [ view_filter ] --END-- [ RunTime:0.000778s ]
INFO: [ app_end ] --START--
INFO: Run Behavior\ShowPageTraceBehavior [ RunTime:0.000954s ]
INFO: [ app_end ] --END-- [ RunTime:0.001092s ]

[ 2016-04-01T18:38:14+08:00 ] 127.0.0.1 /hotel/Admin/Index/_/hotel/Public/Admin/Images/tab_bg.gif
INFO: [ app_init ] --START--
INFO: Run Behavior\BuildLiteBehavior [ RunTime:0.000027s ]
INFO: [ app_init ] --END-- [ RunTime:0.000599s ]

[ 2016-04-01T18:38:14+08:00 ] 127.0.0.1 /hotel/Admin/Index/_/hotel/Public/Admin/Images/tab_bg.gif
INFO: [ app_init ] --START--
INFO: Run Behavior\BuildLiteBehavior [ RunTime:0.000028s ]
INFO: [ app_init ] --END-- [ RunTime:0.000790s ]

[ 2016-04-01T18:38:14+08:00 ] 127.0.0.1 /hotel/Admin/Index/center.html
INFO: [ app_init ] --START--
INFO: Run Behavior\BuildLiteBehavior [ RunTime:0.000027s ]
INFO: [ app_init ] --END-- [ RunTime:0.000616s ]
INFO: [ app_begin ] --START--
INFO: Run Behavior\ReadHtmlCacheBehavior [ RunTime:0.000939s ]
INFO: [ app_begin ] --END-- [ RunTime:0.001083s ]
INFO: [ view_parse ] --START--
INFO: [ template_filter ] --START--
INFO: Run Behavior\ContentReplaceBehavior [ RunTime:0.000158s ]
INFO: [ template_filter ] --END-- [ RunTime:0.000322s ]
INFO: Run Behavior\ParseTemplateBehavior [ RunTime:0.018634s ]
INFO: [ view_parse ] --END-- [ RunTime:0.018886s ]
INFO: [ view_filter ] --START--
INFO: Run Behavior\WriteHtmlCacheBehavior [ RunTime:0.000666s ]
INFO: [ view_filter ] --END-- [ RunTime:0.000777s ]
INFO: [ app_end ] --START--
INFO: Run Behavior\ShowPageTraceBehavior [ RunTime:0.000921s ]
INFO: [ app_end ] --END-- [ RunTime:0.001040s ]

[ 2016-04-01T18:38:14+08:00 ] 127.0.0.1 /hotel/Admin/Index/_/hotel/Public/Admin/Images/tab_bg.gif
INFO: [ app_init ] --START--
INFO: Run Behavior\BuildLiteBehavior [ RunTime:0.000054s ]
INFO: [ app_init ] --END-- [ RunTime:0.001306s ]

[ 2016-04-01T18:38:14+08:00 ] 127.0.0.1 /hotel/Admin/Category/index
INFO: [ app_init ] --START--
INFO: Run Behavior\BuildLiteBehavior [ RunTime:0.000032s ]
INFO: [ app_init ] --END-- [ RunTime:0.000711s ]
INFO: [ app_begin ] --START--
INFO: Run Behavior\ReadHtmlCacheBehavior [ RunTime:0.000805s ]
INFO: [ app_begin ] --END-- [ RunTime:0.000923s ]
SQL: SHOW COLUMNS FROM `ht_cate` [ RunTime:0.0041s ]
SQL: SELECT * FROM `ht_cate` ORDER BY sort ASC  [ RunTime:0.0004s ]
INFO: [ view_parse ] --START--
INFO: [ template_filter ] --START--
INFO: Run Behavior\ContentReplaceBehavior [ RunTime:0.000135s ]
INFO: [ template_filter ] --END-- [ RunTime:0.000319s ]
INFO: Run Behavior\ParseTemplateBehavior [ RunTime:0.014866s ]
INFO: [ view_parse ] --END-- [ RunTime:0.015035s ]
INFO: [ view_filter ] --START--
INFO: Run Behavior\WriteHtmlCacheBehavior [ RunTime:0.000635s ]
INFO: [ view_filter ] --END-- [ RunTime:0.000735s ]
INFO: [ app_end ] --START--
INFO: Run Behavior\ShowPageTraceBehavior [ RunTime:0.001083s ]
INFO: [ app_end ] --END-- [ RunTime:0.001247s ]

[ 2016-04-01T18:38:14+08:00 ] 127.0.0.1 /hotel/Admin/Category/images/edit.gif
INFO: [ app_init ] --START--
INFO: Run Behavior\BuildLiteBehavior [ RunTime:0.000030s ]
INFO: [ app_init ] --END-- [ RunTime:0.000705s ]

[ 2016-04-01T18:38:14+08:00 ] 127.0.0.1 /hotel/Admin/Category/images/add.gif
INFO: [ app_init ] --START--
INFO: Run Behavior\BuildLiteBehavior [ RunTime:0.000043s ]
INFO: [ app_init ] --END-- [ RunTime:0.000910s ]

[ 2016-04-01T18:38:14+08:00 ] 127.0.0.1 /hotel/Admin/Category/images/del.gif
INFO: [ app_init ] --START--
INFO: Run Behavior\BuildLiteBehavior [ RunTime:0.000028s ]
INFO: [ app_init ] --END-- [ RunTime:0.000807s ]

[ 2016-04-01T18:38:15+08:00 ] 127.0.0.1 /hotel/Admin/Index/_/hotel/Public/Admin/Images/tab_bg.gif
INFO: [ app_init ] --START--
INFO: Run Behavior\BuildLiteBehavior [ RunTime:0.000026s ]
INFO: [ app_init ] --END-- [ RunTime:0.000654s ]

[ 2016-04-01T18:38:15+08:00 ] 127.0.0.1 /hotel/Admin/Index/center.html
INFO: [ app_init ] --START--
INFO: Run Behavior\BuildLiteBehavior [ RunTime:0.000043s ]
INFO: [ app_init ] --END-- [ RunTime:0.000714s ]
INFO: [ app_begin ] --START--
INFO: Run Behavior\ReadHtmlCacheBehavior [ RunTime:0.000987s ]
INFO: [ app_begin ] --END-- [ RunTime:0.001129s ]
INFO: [ view_parse ] --START--
INFO: [ template_filter ] --START--
INFO: Run Behavior\ContentReplaceBehavior [ RunTime:0.000156s ]
INFO: [ template_filter ] --END-- [ RunTime:0.000289s ]
INFO: Run Behavior\ParseTemplateBehavior [ RunTime:0.014976s ]
INFO: [ view_parse ] --END-- [ RunTime:0.015100s ]
INFO: [ view_filter ] --START--
INFO: Run Behavior\WriteHtmlCacheBehavior [ RunTime:0.000541s ]
INFO: [ view_filter ] --END-- [ RunTime:0.000653s ]
INFO: [ app_end ] --START--
INFO: Run Behavior\ShowPageTraceBehavior [ RunTime:0.000951s ]
INFO: [ app_end ] --END-- [ RunTime:0.001068s ]

[ 2016-04-01T18:38:15+08:00 ] 127.0.0.1 /hotel/Admin/Index/center.html
INFO: [ app_init ] --START--
INFO: Run Behavior\BuildLiteBehavior [ RunTime:0.000028s ]
INFO: [ app_init ] --END-- [ RunTime:0.000658s ]
INFO: [ app_begin ] --START--
INFO: Run Behavior\ReadHtmlCacheBehavior [ RunTime:0.001051s ]
INFO: [ app_begin ] --END-- [ RunTime:0.001243s ]
INFO: [ view_parse ] --START--
INFO: [ template_filter ] --START--
INFO: Run Behavior\ContentReplaceBehavior [ RunTime:0.000167s ]
INFO: [ template_filter ] --END-- [ RunTime:0.000296s ]
INFO: Run Behavior\ParseTemplateBehavior [ RunTime:0.015182s ]
INFO: [ view_parse ] --END-- [ RunTime:0.015457s ]
INFO: [ view_filter ] --START--
INFO: Run Behavior\WriteHtmlCacheBehavior [ RunTime:0.000677s ]
INFO: [ view_filter ] --END-- [ RunTime:0.000802s ]
INFO: [ app_end ] --START--
INFO: Run Behavior\ShowPageTraceBehavior [ RunTime:0.000836s ]
INFO: [ app_end ] --END-- [ RunTime:0.000956s ]

[ 2016-04-01T18:38:15+08:00 ] 127.0.0.1 /hotel/Admin/Index/_/hotel/Public/Admin/Images/tab_bg.gif
INFO: [ app_init ] --START--
INFO: Run Behavior\BuildLiteBehavior [ RunTime:0.000026s ]
INFO: [ app_init ] --END-- [ RunTime:0.000572s ]

[ 2016-04-01T18:38:15+08:00 ] 127.0.0.1 /hotel/Admin/Index/_/hotel/Public/Admin/Images/tab_bg.gif
INFO: [ app_init ] --START--
INFO: Run Behavior\BuildLiteBehavior [ RunTime:0.000048s ]
INFO: [ app_init ] --END-- [ RunTime:0.001033s ]

[ 2016-04-01T18:38:15+08:00 ] 127.0.0.1 /hotel/Admin/Index/center.html
INFO: [ app_init ] --START--
INFO: Run Behavior\BuildLiteBehavior [ RunTime:0.000031s ]
INFO: [ app_init ] --END-- [ RunTime:0.000655s ]
INFO: [ app_begin ] --START--
INFO: Run Behavior\ReadHtmlCacheBehavior [ RunTime:0.000913s ]
INFO: [ app_begin ] --END-- [ RunTime:0.001050s ]
INFO: [ view_parse ] --START--
INFO: [ template_filter ] --START--
INFO: Run Behavior\ContentReplaceBehavior [ RunTime:0.000289s ]
INFO: [ template_filter ] --END-- [ RunTime:0.000552s ]
INFO: Run Behavior\ParseTemplateBehavior [ RunTime:0.024795s ]
INFO: [ view_parse ] --END-- [ RunTime:0.025031s ]
INFO: [ view_filter ] --START--
INFO: Run Behavior\WriteHtmlCacheBehavior [ RunTime:0.000967s ]
INFO: [ view_filter ] --END-- [ RunTime:0.001165s ]
INFO: [ app_end ] --START--
INFO: Run Behavior\ShowPageTraceBehavior [ RunTime:0.001249s ]
INFO: [ app_end ] --END-- [ RunTime:0.001449s ]

[ 2016-04-01T18:38:16+08:00 ] 127.0.0.1 /hotel/Admin/Index/_/hotel/Public/Admin/Images/tab_bg.gif
INFO: [ app_init ] --START--
INFO: Run Behavior\BuildLiteBehavior [ RunTime:0.000035s ]
INFO: [ app_init ] --END-- [ RunTime:0.000672s ]

[ 2016-04-01T18:38:16+08:00 ] 127.0.0.1 /hotel/Admin/Index/_/hotel/Public/Admin/Images/tab_bg.gif
INFO: [ app_init ] --START--
INFO: Run Behavior\BuildLiteBehavior [ RunTime:0.000028s ]
INFO: [ app_init ] --END-- [ RunTime:0.000579s ]

[ 2016-04-01T18:38:16+08:00 ] 127.0.0.1 /hotel/Admin/Index/_/hotel/Public/Admin/Images/tab_bg.gif
INFO: [ app_init ] --START--
INFO: Run Behavior\BuildLiteBehavior [ RunTime:0.000027s ]
INFO: [ app_init ] --END-- [ RunTime:0.000667s ]

[ 2016-04-01T18:38:17+08:00 ] 127.0.0.1 /hotel/Admin/List/index
INFO: [ app_init ] --START--
INFO: Run Behavior\BuildLiteBehavior [ RunTime:0.000030s ]
INFO: [ app_init ] --END-- [ RunTime:0.000699s ]
INFO: [ app_begin ] --START--
INFO: Run Behavior\ReadHtmlCacheBehavior [ RunTime:0.000987s ]
INFO: [ app_begin ] --END-- [ RunTime:0.001122s ]
SQL: SHOW COLUMNS FROM `ht_intro` [ RunTime:0.0044s ]
SQL: SELECT * FROM `ht_intro`  [ RunTime:0.0005s ]
INFO: [ view_parse ] --START--
INFO: [ template_filter ] --START--
INFO: Run Behavior\ContentReplaceBehavior [ RunTime:0.000146s ]
INFO: [ template_filter ] --END-- [ RunTime:0.000302s ]
INFO: Run Behavior\ParseTemplateBehavior [ RunTime:0.012481s ]
INFO: [ view_parse ] --END-- [ RunTime:0.012651s ]
INFO: [ view_filter ] --START--
INFO: Run Behavior\WriteHtmlCacheBehavior [ RunTime:0.000635s ]
INFO: [ view_filter ] --END-- [ RunTime:0.000742s ]
INFO: [ app_end ] --START--
INFO: Run Behavior\ShowPageTraceBehavior [ RunTime:0.000929s ]
INFO: [ app_end ] --END-- [ RunTime:0.001051s ]

[ 2016-04-01T18:38:17+08:00 ] 127.0.0.1 /hotel/Admin/List/images/del.gif
INFO: [ app_init ] --START--
INFO: Run Behavior\BuildLiteBehavior [ RunTime:0.000030s ]
INFO: [ app_init ] --END-- [ RunTime:0.000649s ]

[ 2016-04-01T18:38:18+08:00 ] 127.0.0.1 /hotel/Admin/Index/center.html
INFO: [ app_init ] --START--
INFO: Run Behavior\BuildLiteBehavior [ RunTime:0.000042s ]
INFO: [ app_init ] --END-- [ RunTime:0.000605s ]
INFO: [ app_begin ] --START--
INFO: Run Behavior\ReadHtmlCacheBehavior [ RunTime:0.000898s ]
INFO: [ app_begin ] --END-- [ RunTime:0.001037s ]
INFO: [ view_parse ] --START--
INFO: [ template_filter ] --START--
INFO: Run Behavior\ContentReplaceBehavior [ RunTime:0.000171s ]
INFO: [ template_filter ] --END-- [ RunTime:0.000328s ]
INFO: Run Behavior\ParseTemplateBehavior [ RunTime:0.015288s ]
INFO: [ view_parse ] --END-- [ RunTime:0.015439s ]
INFO: [ view_filter ] --START--
INFO: Run Behavior\WriteHtmlCacheBehavior [ RunTime:0.000658s ]
INFO: [ view_filter ] --END-- [ RunTime:0.000788s ]
INFO: [ app_end ] --START--
INFO: Run Behavior\ShowPageTraceBehavior [ RunTime:0.001130s ]
INFO: [ app_end ] --END-- [ RunTime:0.001269s ]

[ 2016-04-01T18:54:09+08:00 ] 127.0.0.1 /hotel/Admin/Index/center.html
INFO: [ app_init ] --START--
INFO: Run Behavior\BuildLiteBehavior [ RunTime:0.000028s ]
INFO: [ app_init ] --END-- [ RunTime:0.000641s ]
INFO: [ app_begin ] --START--
INFO: Run Behavior\ReadHtmlCacheBehavior [ RunTime:0.000987s ]
INFO: [ app_begin ] --END-- [ RunTime:0.001112s ]
INFO: [ view_parse ] --START--
INFO: [ template_filter ] --START--
INFO: Run Behavior\ContentReplaceBehavior [ RunTime:0.000180s ]
INFO: [ template_filter ] --END-- [ RunTime:0.000316s ]
INFO: Run Behavior\ParseTemplateBehavior [ RunTime:0.015999s ]
INFO: [ view_parse ] --END-- [ RunTime:0.016411s ]
INFO: [ view_filter ] --START--
INFO: Run Behavior\WriteHtmlCacheBehavior [ RunTime:0.001236s ]
INFO: [ view_filter ] --END-- [ RunTime:0.001443s ]
INFO: [ app_end ] --START--
INFO: Run Behavior\ShowPageTraceBehavior [ RunTime:0.001038s ]
INFO: [ app_end ] --END-- [ RunTime:0.001212s ]

[ 2016-04-01T18:54:09+08:00 ] 127.0.0.1 /hotel/Admin/Index/center.html
INFO: [ app_init ] --START--
INFO: Run Behavior\BuildLiteBehavior [ RunTime:0.000027s ]
INFO: [ app_init ] --END-- [ RunTime:0.000590s ]
INFO: [ app_begin ] --START--
INFO: Run Behavior\ReadHtmlCacheBehavior [ RunTime:0.000778s ]
INFO: [ app_begin ] --END-- [ RunTime:0.000900s ]
INFO: [ view_parse ] --START--
INFO: [ template_filter ] --START--
INFO: Run Behavior\ContentReplaceBehavior [ RunTime:0.000192s ]
INFO: [ template_filter ] --END-- [ RunTime:0.000323s ]
INFO: Run Behavior\ParseTemplateBehavior [ RunTime:0.015209s ]
INFO: [ view_parse ] --END-- [ RunTime:0.015562s ]
INFO: [ view_filter ] --START--
INFO: Run Behavior\WriteHtmlCacheBehavior [ RunTime:0.000628s ]
INFO: [ view_filter ] --END-- [ RunTime:0.000758s ]
INFO: [ app_end ] --START--
INFO: Run Behavior\ShowPageTraceBehavior [ RunTime:0.000815s ]
INFO: [ app_end ] --END-- [ RunTime:0.000957s ]

[ 2016-04-01T18:54:09+08:00 ] 127.0.0.1 /hotel/Admin/Index/_/hotel/Public/Admin/Images/tab_bg.gif
INFO: [ app_init ] --START--
INFO: Run Behavior\BuildLiteBehavior [ RunTime:0.000028s ]
INFO: [ app_init ] --END-- [ RunTime:0.000559s ]

[ 2016-04-01T18:54:09+08:00 ] 127.0.0.1 /hotel/Admin/Index/center.html
INFO: [ app_init ] --START--
INFO: Run Behavior\BuildLiteBehavior [ RunTime:0.000028s ]
INFO: [ app_init ] --END-- [ RunTime:0.000602s ]
INFO: [ app_begin ] --START--
INFO: Run Behavior\ReadHtmlCacheBehavior [ RunTime:0.001012s ]
INFO: [ app_begin ] --END-- [ RunTime:0.001209s ]
INFO: [ view_parse ] --START--
INFO: [ template_filter ] --START--
INFO: Run Behavior\ContentReplaceBehavior [ RunTime:0.000191s ]
INFO: [ template_filter ] --END-- [ RunTime:0.000341s ]
INFO: Run Behavior\ParseTemplateBehavior [ RunTime:0.015974s ]
INFO: [ view_parse ] --END-- [ RunTime:0.016145s ]
INFO: [ view_filter ] --START--
INFO: Run Behavior\WriteHtmlCacheBehavior [ RunTime:0.000656s ]
INFO: [ view_filter ] --END-- [ RunTime:0.000818s ]
INFO: [ app_end ] --START--
INFO: Run Behavior\ShowPageTraceBehavior [ RunTime:0.001719s ]
INFO: [ app_end ] --END-- [ RunTime:0.001906s ]

