[ 2016-04-14T21:59:29+08:00 ] 127.0.0.1 /hotel/Admin/
INFO: [ app_init ] --START--
INFO: Run Behavior\BuildLiteBehavior [ RunTime:0.000112s ]
INFO: [ app_init ] --END-- [ RunTime:0.001854s ]
INFO: [ app_begin ] --START--
INFO: Run Behavior\ReadHtmlCacheBehavior [ RunTime:0.002765s ]
INFO: [ app_begin ] --END-- [ RunTime:0.003094s ]
INFO: [ view_parse ] --START--
INFO: [ template_filter ] --START--
INFO: Run Behavior\ContentReplaceBehavior [ RunTime:0.000094s ]
INFO: [ template_filter ] --END-- [ RunTime:0.000265s ]
INFO: Run Behavior\ParseTemplateBehavior [ RunTime:0.041619s ]
INFO: [ view_parse ] --END-- [ RunTime:0.042045s ]
INFO: [ view_filter ] --START--
INFO: Run Behavior\WriteHtmlCacheBehavior [ RunTime:0.001129s ]
INFO: [ view_filter ] --END-- [ RunTime:0.001346s ]
INFO: [ app_end ] --START--
INFO: Run Behavior\ShowPageTraceBehavior [ RunTime:0.001353s ]
INFO: [ app_end ] --END-- [ RunTime:0.001527s ]

[ 2016-04-14T21:59:29+08:00 ] 127.0.0.1 /hotel/Admin/top.html
INFO: [ app_init ] --START--
INFO: Run Behavior\BuildLiteBehavior [ RunTime:0.000049s ]
INFO: [ app_init ] --END-- [ RunTime:0.001045s ]
INFO: [ app_begin ] --START--
INFO: Run Behavior\ReadHtmlCacheBehavior [ RunTime:0.002541s ]
INFO: [ app_begin ] --END-- [ RunTime:0.003079s ]
ERR: 无法加载控制器:Top

[ 2016-04-14T21:59:29+08:00 ] 127.0.0.1 /hotel/Admin/center.html
INFO: [ app_init ] --START--
INFO: Run Behavior\BuildLiteBehavior [ RunTime:0.000049s ]
INFO: [ app_init ] --END-- [ RunTime:0.000909s ]
INFO: [ app_begin ] --START--
INFO: Run Behavior\ReadHtmlCacheBehavior [ RunTime:0.002033s ]
INFO: [ app_begin ] --END-- [ RunTime:0.002425s ]
ERR: 无法加载控制器:Center

[ 2016-04-14T21:59:29+08:00 ] 127.0.0.1 /hotel/Admin/down.html
INFO: [ app_init ] --START--
INFO: Run Behavior\BuildLiteBehavior [ RunTime:0.000051s ]
INFO: [ app_init ] --END-- [ RunTime:0.002442s ]
INFO: [ app_begin ] --START--
INFO: Run Behavior\ReadHtmlCacheBehavior [ RunTime:0.001732s ]
INFO: [ app_begin ] --END-- [ RunTime:0.001933s ]
ERR: 无法加载控制器:Down

[ 2016-04-14T21:59:34+08:00 ] 127.0.0.1 /hotel/Admin/Login
INFO: [ app_init ] --START--
INFO: Run Behavior\BuildLiteBehavior [ RunTime:0.000032s ]
INFO: [ app_init ] --END-- [ RunTime:0.000962s ]
INFO: [ app_begin ] --START--
INFO: Run Behavior\ReadHtmlCacheBehavior [ RunTime:0.000938s ]
INFO: [ app_begin ] --END-- [ RunTime:0.001100s ]
INFO: [ view_parse ] --START--
INFO: [ template_filter ] --START--
INFO: Run Behavior\ContentReplaceBehavior [ RunTime:0.000100s ]
INFO: [ template_filter ] --END-- [ RunTime:0.000275s ]
INFO: Run Behavior\ParseTemplateBehavior [ RunTime:0.067521s ]
INFO: [ view_parse ] --END-- [ RunTime:0.067646s ]
INFO: [ view_filter ] --START--
INFO: Run Behavior\WriteHtmlCacheBehavior [ RunTime:0.000571s ]
INFO: [ view_filter ] --END-- [ RunTime:0.000723s ]
INFO: [ app_end ] --START--
INFO: Run Behavior\ShowPageTraceBehavior [ RunTime:0.001073s ]
INFO: [ app_end ] --END-- [ RunTime:0.001217s ]

[ 2016-04-14T21:59:36+08:00 ] 127.0.0.1 /hotel/Admin/Login/verify
INFO: [ app_init ] --START--
INFO: Run Behavior\BuildLiteBehavior [ RunTime:0.000043s ]
INFO: [ app_init ] --END-- [ RunTime:0.000870s ]
INFO: [ app_begin ] --START--
INFO: Run Behavior\ReadHtmlCacheBehavior [ RunTime:0.000923s ]
INFO: [ app_begin ] --END-- [ RunTime:0.001072s ]
INFO: [ app_end ] --START--
INFO: Run Behavior\ShowPageTraceBehavior [ RunTime:0.001064s ]
INFO: [ app_end ] --END-- [ RunTime:0.001244s ]

[ 2016-04-14T21:59:40+08:00 ] 127.0.0.1 /hotel/Admin/Login/verify?0.12187256133739399
INFO: [ app_init ] --START--
INFO: Run Behavior\BuildLiteBehavior [ RunTime:0.000032s ]
INFO: [ app_init ] --END-- [ RunTime:0.000642s ]
INFO: [ app_begin ] --START--
INFO: Run Behavior\ReadHtmlCacheBehavior [ RunTime:0.001351s ]
INFO: [ app_begin ] --END-- [ RunTime:0.001642s ]
INFO: [ app_end ] --START--
INFO: Run Behavior\ShowPageTraceBehavior [ RunTime:0.001078s ]
INFO: [ app_end ] --END-- [ RunTime:0.001293s ]

[ 2016-04-14T21:59:45+08:00 ] 127.0.0.1 /hotel/Admin/Login/login
INFO: [ app_init ] --START--
INFO: Run Behavior\BuildLiteBehavior [ RunTime:0.000054s ]
INFO: [ app_init ] --END-- [ RunTime:0.002602s ]
INFO: [ app_begin ] --START--
INFO: Run Behavior\ReadHtmlCacheBehavior [ RunTime:0.001229s ]
INFO: [ app_begin ] --END-- [ RunTime:0.001456s ]
SQL: SHOW COLUMNS FROM `ht_admin` [ RunTime:0.3188s ]
SQL: SELECT * FROM `ht_admin` LIMIT 1   [ RunTime:0.0004s ]

[ 2016-04-14T21:59:45+08:00 ] 127.0.0.1 /hotel/Admin/Index/index
INFO: [ app_init ] --START--
INFO: Run Behavior\BuildLiteBehavior [ RunTime:0.000030s ]
INFO: [ app_init ] --END-- [ RunTime:0.000641s ]
INFO: [ app_begin ] --START--
INFO: Run Behavior\ReadHtmlCacheBehavior [ RunTime:0.000889s ]
INFO: [ app_begin ] --END-- [ RunTime:0.001020s ]
INFO: [ view_parse ] --START--
INFO: [ template_filter ] --START--
INFO: Run Behavior\ContentReplaceBehavior [ RunTime:0.000138s ]
INFO: [ template_filter ] --END-- [ RunTime:0.000404s ]
INFO: Run Behavior\ParseTemplateBehavior [ RunTime:0.011925s ]
INFO: [ view_parse ] --END-- [ RunTime:0.012438s ]
INFO: [ view_filter ] --START--
INFO: Run Behavior\WriteHtmlCacheBehavior [ RunTime:0.002470s ]
INFO: [ view_filter ] --END-- [ RunTime:0.003189s ]
INFO: [ app_end ] --START--
INFO: Run Behavior\ShowPageTraceBehavior [ RunTime:0.001878s ]
INFO: [ app_end ] --END-- [ RunTime:0.002235s ]

[ 2016-04-14T21:59:45+08:00 ] 127.0.0.1 /hotel/Admin/Index/top.html
INFO: [ app_init ] --START--
INFO: Run Behavior\BuildLiteBehavior [ RunTime:0.000086s ]
INFO: [ app_init ] --END-- [ RunTime:0.001019s ]
INFO: [ app_begin ] --START--
INFO: Run Behavior\ReadHtmlCacheBehavior [ RunTime:0.000822s ]
INFO: [ app_begin ] --END-- [ RunTime:0.000956s ]
INFO: [ view_parse ] --START--
INFO: [ template_filter ] --START--
INFO: Run Behavior\ContentReplaceBehavior [ RunTime:0.000204s ]
INFO: [ template_filter ] --END-- [ RunTime:0.000451s ]
NOTIC: [8] Undefined index: username G:\wamp\wamp\www\text\hotel\Runtime\Cache\Admin\7db4b71729b6ae5d8b00a1e85c6c27e3.php 第 88 行.
INFO: Run Behavior\ParseTemplateBehavior [ RunTime:0.089085s ]
INFO: [ view_parse ] --END-- [ RunTime:0.089225s ]
INFO: [ view_filter ] --START--
INFO: Run Behavior\WriteHtmlCacheBehavior [ RunTime:0.000440s ]
INFO: [ view_filter ] --END-- [ RunTime:0.000573s ]
INFO: [ app_end ] --START--
INFO: Run Behavior\ShowPageTraceBehavior [ RunTime:0.000772s ]
INFO: [ app_end ] --END-- [ RunTime:0.000889s ]

[ 2016-04-14T21:59:45+08:00 ] 127.0.0.1 /hotel/Admin/Index/center.html
INFO: [ app_init ] --START--
INFO: Run Behavior\BuildLiteBehavior [ RunTime:0.000032s ]
INFO: [ app_init ] --END-- [ RunTime:0.000768s ]
INFO: [ app_begin ] --START--
INFO: Run Behavior\ReadHtmlCacheBehavior [ RunTime:0.002142s ]
INFO: [ app_begin ] --END-- [ RunTime:0.002485s ]
INFO: [ view_parse ] --START--
INFO: [ template_filter ] --START--
INFO: Run Behavior\ContentReplaceBehavior [ RunTime:0.000317s ]
INFO: [ template_filter ] --END-- [ RunTime:0.000777s ]
INFO: Run Behavior\ParseTemplateBehavior [ RunTime:0.044260s ]
INFO: [ view_parse ] --END-- [ RunTime:0.044534s ]
INFO: [ view_filter ] --START--
INFO: Run Behavior\WriteHtmlCacheBehavior [ RunTime:0.002093s ]
INFO: [ view_filter ] --END-- [ RunTime:0.002323s ]
INFO: [ app_end ] --START--
INFO: Run Behavior\ShowPageTraceBehavior [ RunTime:0.001808s ]
INFO: [ app_end ] --END-- [ RunTime:0.002032s ]

[ 2016-04-14T21:59:45+08:00 ] 127.0.0.1 /hotel/Admin/Index/down.html
INFO: [ app_init ] --START--
INFO: Run Behavior\BuildLiteBehavior [ RunTime:0.000046s ]
INFO: [ app_init ] --END-- [ RunTime:0.000964s ]
INFO: [ app_begin ] --START--
INFO: Run Behavior\ReadHtmlCacheBehavior [ RunTime:0.001289s ]
INFO: [ app_begin ] --END-- [ RunTime:0.001524s ]
INFO: [ view_parse ] --START--
INFO: [ template_filter ] --START--
INFO: Run Behavior\ContentReplaceBehavior [ RunTime:0.000159s ]
INFO: [ template_filter ] --END-- [ RunTime:0.000426s ]
INFO: Run Behavior\ParseTemplateBehavior [ RunTime:0.046281s ]
INFO: [ view_parse ] --END-- [ RunTime:0.046519s ]
INFO: [ view_filter ] --START--
INFO: Run Behavior\WriteHtmlCacheBehavior [ RunTime:0.000851s ]
INFO: [ view_filter ] --END-- [ RunTime:0.001076s ]
INFO: [ app_end ] --START--
INFO: Run Behavior\ShowPageTraceBehavior [ RunTime:0.001431s ]
INFO: [ app_end ] --END-- [ RunTime:0.001664s ]

[ 2016-04-14T21:59:46+08:00 ] 127.0.0.1 /hotel/Admin/Index/center.html
INFO: [ app_init ] --START--
INFO: Run Behavior\BuildLiteBehavior [ RunTime:0.000094s ]
INFO: [ app_init ] --END-- [ RunTime:0.002247s ]
INFO: [ app_begin ] --START--
INFO: Run Behavior\ReadHtmlCacheBehavior [ RunTime:0.001106s ]
INFO: [ app_begin ] --END-- [ RunTime:0.001284s ]
INFO: [ view_parse ] --START--
INFO: [ template_filter ] --START--
INFO: Run Behavior\ContentReplaceBehavior [ RunTime:0.000229s ]
INFO: [ template_filter ] --END-- [ RunTime:0.000413s ]
INFO: Run Behavior\ParseTemplateBehavior [ RunTime:0.016680s ]
INFO: [ view_parse ] --END-- [ RunTime:0.016838s ]
INFO: [ view_filter ] --START--
INFO: Run Behavior\WriteHtmlCacheBehavior [ RunTime:0.000627s ]
INFO: [ view_filter ] --END-- [ RunTime:0.000753s ]
INFO: [ app_end ] --START--
INFO: Run Behavior\ShowPageTraceBehavior [ RunTime:0.001000s ]
INFO: [ app_end ] --END-- [ RunTime:0.001131s ]

[ 2016-04-14T21:59:46+08:00 ] 127.0.0.1 /hotel/Admin/Index/_/hotel/Public/Admin/Images/tab_bg.gif
INFO: [ app_init ] --START--
INFO: Run Behavior\BuildLiteBehavior [ RunTime:0.000044s ]
INFO: [ app_init ] --END-- [ RunTime:0.001095s ]

[ 2016-04-14T21:59:47+08:00 ] 127.0.0.1 /hotel/Admin/Index/center.html
INFO: [ app_init ] --START--
INFO: Run Behavior\BuildLiteBehavior [ RunTime:0.000053s ]
INFO: [ app_init ] --END-- [ RunTime:0.001167s ]
INFO: [ app_begin ] --START--
INFO: Run Behavior\ReadHtmlCacheBehavior [ RunTime:0.001433s ]
INFO: [ app_begin ] --END-- [ RunTime:0.001601s ]
INFO: [ view_parse ] --START--
INFO: [ template_filter ] --START--
INFO: Run Behavior\ContentReplaceBehavior [ RunTime:0.000179s ]
INFO: [ template_filter ] --END-- [ RunTime:0.000332s ]
INFO: Run Behavior\ParseTemplateBehavior [ RunTime:0.017716s ]
INFO: [ view_parse ] --END-- [ RunTime:0.017923s ]
INFO: [ view_filter ] --START--
INFO: Run Behavior\WriteHtmlCacheBehavior [ RunTime:0.000648s ]
INFO: [ view_filter ] --END-- [ RunTime:0.000769s ]
INFO: [ app_end ] --START--
INFO: Run Behavior\ShowPageTraceBehavior [ RunTime:0.000859s ]
INFO: [ app_end ] --END-- [ RunTime:0.000992s ]

[ 2016-04-14T21:59:47+08:00 ] 127.0.0.1 /hotel/Admin/Index/center.html
INFO: [ app_init ] --START--
INFO: Run Behavior\BuildLiteBehavior [ RunTime:0.000029s ]
INFO: [ app_init ] --END-- [ RunTime:0.000798s ]
INFO: [ app_begin ] --START--
INFO: Run Behavior\ReadHtmlCacheBehavior [ RunTime:0.001894s ]
INFO: [ app_begin ] --END-- [ RunTime:0.002281s ]
INFO: [ view_parse ] --START--
INFO: [ template_filter ] --START--
INFO: Run Behavior\ContentReplaceBehavior [ RunTime:0.000222s ]
INFO: [ template_filter ] --END-- [ RunTime:0.000431s ]
INFO: Run Behavior\ParseTemplateBehavior [ RunTime:0.017898s ]
INFO: [ view_parse ] --END-- [ RunTime:0.018040s ]
INFO: [ view_filter ] --START--
INFO: Run Behavior\WriteHtmlCacheBehavior [ RunTime:0.000804s ]
INFO: [ view_filter ] --END-- [ RunTime:0.000924s ]
INFO: [ app_end ] --START--
INFO: Run Behavior\ShowPageTraceBehavior [ RunTime:0.001067s ]
INFO: [ app_end ] --END-- [ RunTime:0.001185s ]

[ 2016-04-14T21:59:47+08:00 ] 127.0.0.1 /hotel/Admin/Index/_/hotel/Public/Admin/Images/tab_bg.gif
INFO: [ app_init ] --START--
INFO: Run Behavior\BuildLiteBehavior [ RunTime:0.000027s ]
INFO: [ app_init ] --END-- [ RunTime:0.000655s ]

[ 2016-04-14T21:59:47+08:00 ] 127.0.0.1 /hotel/Admin/Index/_/hotel/Public/Admin/Images/tab_bg.gif
INFO: [ app_init ] --START--
INFO: Run Behavior\BuildLiteBehavior [ RunTime:0.000250s ]
INFO: [ app_init ] --END-- [ RunTime:0.001473s ]

[ 2016-04-14T21:59:47+08:00 ] 127.0.0.1 /hotel/Admin/Index/center.html
INFO: [ app_init ] --START--
INFO: Run Behavior\BuildLiteBehavior [ RunTime:0.000027s ]
INFO: [ app_init ] --END-- [ RunTime:0.000602s ]
INFO: [ app_begin ] --START--
INFO: Run Behavior\ReadHtmlCacheBehavior [ RunTime:0.001310s ]
INFO: [ app_begin ] --END-- [ RunTime:0.001679s ]
INFO: [ view_parse ] --START--
INFO: [ template_filter ] --START--
INFO: Run Behavior\ContentReplaceBehavior [ RunTime:0.000176s ]
INFO: [ template_filter ] --END-- [ RunTime:0.000342s ]
INFO: Run Behavior\ParseTemplateBehavior [ RunTime:0.019078s ]
INFO: [ view_parse ] --END-- [ RunTime:0.019298s ]
INFO: [ view_filter ] --START--
INFO: Run Behavior\WriteHtmlCacheBehavior [ RunTime:0.000856s ]
INFO: [ view_filter ] --END-- [ RunTime:0.001192s ]
INFO: [ app_end ] --START--
INFO: Run Behavior\ShowPageTraceBehavior [ RunTime:0.002335s ]
INFO: [ app_end ] --END-- [ RunTime:0.002735s ]

[ 2016-04-14T21:59:47+08:00 ] 127.0.0.1 /hotel/Admin/Index/center.html
INFO: [ app_init ] --START--
INFO: Run Behavior\BuildLiteBehavior [ RunTime:0.000028s ]
INFO: [ app_init ] --END-- [ RunTime:0.000686s ]
INFO: [ app_begin ] --START--
INFO: Run Behavior\ReadHtmlCacheBehavior [ RunTime:0.000982s ]
INFO: [ app_begin ] --END-- [ RunTime:0.001100s ]
INFO: [ view_parse ] --START--
INFO: [ template_filter ] --START--
INFO: Run Behavior\ContentReplaceBehavior [ RunTime:0.000161s ]
INFO: [ template_filter ] --END-- [ RunTime:0.000336s ]
INFO: Run Behavior\ParseTemplateBehavior [ RunTime:0.016874s ]
INFO: [ view_parse ] --END-- [ RunTime:0.017010s ]
INFO: [ view_filter ] --START--
INFO: Run Behavior\WriteHtmlCacheBehavior [ RunTime:0.000710s ]
INFO: [ view_filter ] --END-- [ RunTime:0.000834s ]
INFO: [ app_end ] --START--
INFO: Run Behavior\ShowPageTraceBehavior [ RunTime:0.000934s ]
INFO: [ app_end ] --END-- [ RunTime:0.001044s ]

[ 2016-04-14T21:59:47+08:00 ] 127.0.0.1 /hotel/Admin/Index/center.html
INFO: [ app_init ] --START--
INFO: Run Behavior\BuildLiteBehavior [ RunTime:0.000044s ]
INFO: [ app_init ] --END-- [ RunTime:0.000626s ]
INFO: [ app_begin ] --START--
INFO: Run Behavior\ReadHtmlCacheBehavior [ RunTime:0.000857s ]
INFO: [ app_begin ] --END-- [ RunTime:0.000981s ]
INFO: [ view_parse ] --START--
INFO: [ template_filter ] --START--
INFO: Run Behavior\ContentReplaceBehavior [ RunTime:0.000163s ]
INFO: [ template_filter ] --END-- [ RunTime:0.000300s ]
INFO: Run Behavior\ParseTemplateBehavior [ RunTime:0.015217s ]
INFO: [ view_parse ] --END-- [ RunTime:0.015376s ]
INFO: [ view_filter ] --START--
INFO: Run Behavior\WriteHtmlCacheBehavior [ RunTime:0.000409s ]
INFO: [ view_filter ] --END-- [ RunTime:0.000524s ]
INFO: [ app_end ] --START--
INFO: Run Behavior\ShowPageTraceBehavior [ RunTime:0.000848s ]
INFO: [ app_end ] --END-- [ RunTime:0.000966s ]

[ 2016-04-14T21:59:48+08:00 ] 127.0.0.1 /hotel/Admin/Index/center.html
INFO: [ app_init ] --START--
INFO: Run Behavior\BuildLiteBehavior [ RunTime:0.000052s ]
INFO: [ app_init ] --END-- [ RunTime:0.000775s ]
INFO: [ app_begin ] --START--
INFO: Run Behavior\ReadHtmlCacheBehavior [ RunTime:0.001415s ]
INFO: [ app_begin ] --END-- [ RunTime:0.001605s ]
INFO: [ view_parse ] --START--
INFO: [ template_filter ] --START--
INFO: Run Behavior\ContentReplaceBehavior [ RunTime:0.000179s ]
INFO: [ template_filter ] --END-- [ RunTime:0.000324s ]
INFO: Run Behavior\ParseTemplateBehavior [ RunTime:0.016162s ]
INFO: [ view_parse ] --END-- [ RunTime:0.016291s ]
INFO: [ view_filter ] --START--
INFO: Run Behavior\WriteHtmlCacheBehavior [ RunTime:0.000715s ]
INFO: [ view_filter ] --END-- [ RunTime:0.000823s ]
INFO: [ app_end ] --START--
INFO: Run Behavior\ShowPageTraceBehavior [ RunTime:0.000902s ]
INFO: [ app_end ] --END-- [ RunTime:0.001008s ]

[ 2016-04-14T21:59:49+08:00 ] 127.0.0.1 /hotel/Admin/News/addNews
INFO: [ app_init ] --START--
INFO: Run Behavior\BuildLiteBehavior [ RunTime:0.000028s ]
INFO: [ app_init ] --END-- [ RunTime:0.000726s ]
INFO: [ app_begin ] --START--
INFO: Run Behavior\ReadHtmlCacheBehavior [ RunTime:0.001773s ]
INFO: [ app_begin ] --END-- [ RunTime:0.001919s ]
INFO: [ view_parse ] --START--
INFO: [ template_filter ] --START--
INFO: Run Behavior\ContentReplaceBehavior [ RunTime:0.000098s ]
INFO: [ template_filter ] --END-- [ RunTime:0.000235s ]
NOTIC: [8] Use of undefined constant GROUP_NAME - assumed 'GROUP_NAME' G:\wamp\wamp\www\text\hotel\Runtime\Cache\Admin\1df4b6db335c6567c8f48db2336281bc.php 第 15 行.
INFO: Run Behavior\ParseTemplateBehavior [ RunTime:0.010251s ]
INFO: [ view_parse ] --END-- [ RunTime:0.010402s ]
INFO: [ view_filter ] --START--
INFO: Run Behavior\WriteHtmlCacheBehavior [ RunTime:0.000746s ]
INFO: [ view_filter ] --END-- [ RunTime:0.000857s ]
INFO: [ app_end ] --START--
INFO: Run Behavior\ShowPageTraceBehavior [ RunTime:0.001068s ]
INFO: [ app_end ] --END-- [ RunTime:0.001183s ]

[ 2016-04-14T21:59:50+08:00 ] 127.0.0.1 /hotel/Admin/Index/_/hotel/Public/Admin/Images/tab_bg.gif
INFO: [ app_init ] --START--
INFO: Run Behavior\BuildLiteBehavior [ RunTime:0.000045s ]
INFO: [ app_init ] --END-- [ RunTime:0.000563s ]

[ 2016-04-14T21:59:50+08:00 ] 127.0.0.1 /hotel/Admin/Index/center.html
INFO: [ app_init ] --START--
INFO: Run Behavior\BuildLiteBehavior [ RunTime:0.000029s ]
INFO: [ app_init ] --END-- [ RunTime:0.000750s ]
INFO: [ app_begin ] --START--
INFO: Run Behavior\ReadHtmlCacheBehavior [ RunTime:0.001244s ]
INFO: [ app_begin ] --END-- [ RunTime:0.001378s ]
INFO: [ view_parse ] --START--
INFO: [ template_filter ] --START--
INFO: Run Behavior\ContentReplaceBehavior [ RunTime:0.000174s ]
INFO: [ template_filter ] --END-- [ RunTime:0.000322s ]
INFO: Run Behavior\ParseTemplateBehavior [ RunTime:0.018817s ]
INFO: [ view_parse ] --END-- [ RunTime:0.019085s ]
INFO: [ view_filter ] --START--
INFO: Run Behavior\WriteHtmlCacheBehavior [ RunTime:0.001073s ]
INFO: [ view_filter ] --END-- [ RunTime:0.001225s ]
INFO: [ app_end ] --START--
INFO: Run Behavior\ShowPageTraceBehavior [ RunTime:0.000963s ]
INFO: [ app_end ] --END-- [ RunTime:0.001096s ]

[ 2016-04-14T21:59:51+08:00 ] 127.0.0.1 /hotel/Admin/Index/_/hotel/Public/Admin/Images/tab_bg.gif
INFO: [ app_init ] --START--
INFO: Run Behavior\BuildLiteBehavior [ RunTime:0.000028s ]
INFO: [ app_init ] --END-- [ RunTime:0.000622s ]

[ 2016-04-14T21:59:51+08:00 ] 127.0.0.1 /hotel/Admin/Index/_/hotel/Public/Admin/Images/tab_bg.gif
INFO: [ app_init ] --START--
INFO: Run Behavior\BuildLiteBehavior [ RunTime:0.000030s ]
INFO: [ app_init ] --END-- [ RunTime:0.000631s ]

[ 2016-04-14T21:59:52+08:00 ] 127.0.0.1 /hotel/Admin/Index/center.html
INFO: [ app_init ] --START--
INFO: Run Behavior\BuildLiteBehavior [ RunTime:0.000097s ]
INFO: [ app_init ] --END-- [ RunTime:0.001775s ]
INFO: [ app_begin ] --START--
INFO: Run Behavior\ReadHtmlCacheBehavior [ RunTime:0.000937s ]
INFO: [ app_begin ] --END-- [ RunTime:0.001073s ]
INFO: [ view_parse ] --START--
INFO: [ template_filter ] --START--
INFO: Run Behavior\ContentReplaceBehavior [ RunTime:0.000170s ]
INFO: [ template_filter ] --END-- [ RunTime:0.000319s ]
INFO: Run Behavior\ParseTemplateBehavior [ RunTime:0.019461s ]
INFO: [ view_parse ] --END-- [ RunTime:0.019607s ]
INFO: [ view_filter ] --START--
INFO: Run Behavior\WriteHtmlCacheBehavior [ RunTime:0.000695s ]
INFO: [ view_filter ] --END-- [ RunTime:0.000814s ]
INFO: [ app_end ] --START--
INFO: Run Behavior\ShowPageTraceBehavior [ RunTime:0.000976s ]
INFO: [ app_end ] --END-- [ RunTime:0.001097s ]

[ 2016-04-14T21:59:52+08:00 ] 127.0.0.1 /hotel/Admin/Index/_/hotel/Public/Admin/Images/tab_bg.gif
INFO: [ app_init ] --START--
INFO: Run Behavior\BuildLiteBehavior [ RunTime:0.000029s ]
INFO: [ app_init ] --END-- [ RunTime:0.000587s ]

[ 2016-04-14T21:59:52+08:00 ] 127.0.0.1 /hotel/Admin/Index/center.html
INFO: [ app_init ] --START--
INFO: Run Behavior\BuildLiteBehavior [ RunTime:0.000029s ]
INFO: [ app_init ] --END-- [ RunTime:0.000720s ]
INFO: [ app_begin ] --START--
INFO: Run Behavior\ReadHtmlCacheBehavior [ RunTime:0.000869s ]
INFO: [ app_begin ] --END-- [ RunTime:0.001004s ]
INFO: [ view_parse ] --START--
INFO: [ template_filter ] --START--
INFO: Run Behavior\ContentReplaceBehavior [ RunTime:0.000158s ]
INFO: [ template_filter ] --END-- [ RunTime:0.000297s ]
INFO: Run Behavior\ParseTemplateBehavior [ RunTime:0.017157s ]
INFO: [ view_parse ] --END-- [ RunTime:0.017288s ]
INFO: [ view_filter ] --START--
INFO: Run Behavior\WriteHtmlCacheBehavior [ RunTime:0.000659s ]
INFO: [ view_filter ] --END-- [ RunTime:0.000812s ]
INFO: [ app_end ] --START--
INFO: Run Behavior\ShowPageTraceBehavior [ RunTime:0.001244s ]
INFO: [ app_end ] --END-- [ RunTime:0.001376s ]

[ 2016-04-14T21:59:54+08:00 ] 127.0.0.1 /hotel/Admin/News/addNews
INFO: [ app_init ] --START--
INFO: Run Behavior\BuildLiteBehavior [ RunTime:0.000033s ]
INFO: [ app_init ] --END-- [ RunTime:0.001013s ]
INFO: [ app_begin ] --START--
INFO: Run Behavior\ReadHtmlCacheBehavior [ RunTime:0.001084s ]
INFO: [ app_begin ] --END-- [ RunTime:0.001243s ]
INFO: [ view_parse ] --START--
INFO: [ template_filter ] --START--
INFO: Run Behavior\ContentReplaceBehavior [ RunTime:0.000110s ]
INFO: [ template_filter ] --END-- [ RunTime:0.000276s ]
NOTIC: [8] Use of undefined constant GROUP_NAME - assumed 'GROUP_NAME' G:\wamp\wamp\www\text\hotel\Runtime\Cache\Admin\1df4b6db335c6567c8f48db2336281bc.php 第 15 行.
INFO: Run Behavior\ParseTemplateBehavior [ RunTime:0.012025s ]
INFO: [ view_parse ] --END-- [ RunTime:0.012221s ]
INFO: [ view_filter ] --START--
INFO: Run Behavior\WriteHtmlCacheBehavior [ RunTime:0.000772s ]
INFO: [ view_filter ] --END-- [ RunTime:0.000930s ]
INFO: [ app_end ] --START--
INFO: Run Behavior\ShowPageTraceBehavior [ RunTime:0.001449s ]
INFO: [ app_end ] --END-- [ RunTime:0.001612s ]

[ 2016-04-14T21:59:55+08:00 ] 127.0.0.1 /hotel/Admin/Index/center.html
INFO: [ app_init ] --START--
INFO: Run Behavior\BuildLiteBehavior [ RunTime:0.000052s ]
INFO: [ app_init ] --END-- [ RunTime:0.000999s ]
INFO: [ app_begin ] --START--
INFO: Run Behavior\ReadHtmlCacheBehavior [ RunTime:0.001071s ]
INFO: [ app_begin ] --END-- [ RunTime:0.001255s ]
INFO: [ view_parse ] --START--
INFO: [ template_filter ] --START--
INFO: Run Behavior\ContentReplaceBehavior [ RunTime:0.000179s ]
INFO: [ template_filter ] --END-- [ RunTime:0.000376s ]
INFO: Run Behavior\ParseTemplateBehavior [ RunTime:0.019273s ]
INFO: [ view_parse ] --END-- [ RunTime:0.019512s ]
INFO: [ view_filter ] --START--
INFO: Run Behavior\WriteHtmlCacheBehavior [ RunTime:0.001875s ]
INFO: [ view_filter ] --END-- [ RunTime:0.002082s ]
INFO: [ app_end ] --START--
INFO: Run Behavior\ShowPageTraceBehavior [ RunTime:0.001168s ]
INFO: [ app_end ] --END-- [ RunTime:0.001391s ]

[ 2016-04-14T21:59:59+08:00 ] 127.0.0.1 /hotel/Admin/News/addNews
INFO: [ app_init ] --START--
INFO: Run Behavior\BuildLiteBehavior [ RunTime:0.000126s ]
INFO: [ app_init ] --END-- [ RunTime:0.000836s ]
INFO: [ app_begin ] --START--
INFO: Run Behavior\ReadHtmlCacheBehavior [ RunTime:0.001018s ]
INFO: [ app_begin ] --END-- [ RunTime:0.001184s ]
INFO: [ view_parse ] --START--
INFO: [ template_filter ] --START--
INFO: Run Behavior\ContentReplaceBehavior [ RunTime:0.000102s ]
INFO: [ template_filter ] --END-- [ RunTime:0.000294s ]
NOTIC: [8] Use of undefined constant GROUP_NAME - assumed 'GROUP_NAME' G:\wamp\wamp\www\text\hotel\Runtime\Cache\Admin\1df4b6db335c6567c8f48db2336281bc.php 第 15 行.
INFO: Run Behavior\ParseTemplateBehavior [ RunTime:0.009950s ]
INFO: [ view_parse ] --END-- [ RunTime:0.010143s ]
INFO: [ view_filter ] --START--
INFO: Run Behavior\WriteHtmlCacheBehavior [ RunTime:0.000773s ]
INFO: [ view_filter ] --END-- [ RunTime:0.001068s ]
INFO: [ app_end ] --START--
INFO: Run Behavior\ShowPageTraceBehavior [ RunTime:0.001205s ]
INFO: [ app_end ] --END-- [ RunTime:0.001387s ]

