[ 2016-03-01T18:38:04+08:00 ] 127.0.0.1 /hotel/e/upload/s1/article/image/2012-11/tpic_t_18143853.jpg
INFO: [ app_init ] --START--
INFO: Run Behavior\BuildLiteBehavior [ RunTime:0.000054s ]
INFO: [ app_init ] --END-- [ RunTime:0.003420s ]
ERR: 无法加载模块:E

[ 2016-03-01T18:38:04+08:00 ] 127.0.0.1 /hotel/e/upload/s1/article/image/2012-11/tpic_t_18143835.jpg
INFO: [ app_init ] --START--
INFO: Run Behavior\BuildLiteBehavior [ RunTime:0.000054s ]
INFO: [ app_init ] --END-- [ RunTime:0.002830s ]
ERR: 无法加载模块:E

[ 2016-03-01T18:38:04+08:00 ] 127.0.0.1 /hotel/e/upload/s1/article/image/2012-11/tpic_t_18225122.jpg
INFO: [ app_init ] --START--
INFO: Run Behavior\BuildLiteBehavior [ RunTime:0.000053s ]
INFO: [ app_init ] --END-- [ RunTime:0.006272s ]
ERR: 无法加载模块:E

[ 2016-03-01T18:38:04+08:00 ] 127.0.0.1 /hotel/e/upload/s1/article/image/2012-11/tpic_t_18143553.jpg
INFO: [ app_init ] --START--
INFO: Run Behavior\BuildLiteBehavior [ RunTime:0.000046s ]
INFO: [ app_init ] --END-- [ RunTime:0.001737s ]
ERR: 无法加载模块:E

[ 2016-03-01T18:38:04+08:00 ] 127.0.0.1 /hotel/e/upload/s1/article/image/2012-11/tpic_t_18143632.jpg
INFO: [ app_init ] --START--
INFO: Run Behavior\BuildLiteBehavior [ RunTime:0.000052s ]
INFO: [ app_init ] --END-- [ RunTime:0.009721s ]
ERR: 无法加载模块:E

[ 2016-03-01T18:38:04+08:00 ] 127.0.0.1 /hotel/e/upload/s1/article/image/2012-11/tpic_t_18143716.jpg
INFO: [ app_init ] --START--
INFO: Run Behavior\BuildLiteBehavior [ RunTime:0.000052s ]
INFO: [ app_init ] --END-- [ RunTime:0.001010s ]
ERR: 无法加载模块:E

[ 2016-03-01T18:38:04+08:00 ] 127.0.0.1 /hotel/e/upload/s1/article/image/2012-11/tpic_t_18143658.jpg
INFO: [ app_init ] --START--
INFO: Run Behavior\BuildLiteBehavior [ RunTime:0.000049s ]
INFO: [ app_init ] --END-- [ RunTime:0.011738s ]
ERR: 无法加载模块:E

[ 2016-03-01T18:38:04+08:00 ] 127.0.0.1 /hotel/e/upload/s1/article/image/2012-11/tpic_t_18143513.jpg
INFO: [ app_init ] --START--
INFO: Run Behavior\BuildLiteBehavior [ RunTime:0.000054s ]
INFO: [ app_init ] --END-- [ RunTime:0.001823s ]
ERR: 无法加载模块:E

[ 2016-03-01T18:38:04+08:00 ] 127.0.0.1 /hotel/e/upload/s1/fck/image/2012-11/17133202.jpg
INFO: [ app_init ] --START--
INFO: Run Behavior\BuildLiteBehavior [ RunTime:0.000026s ]
INFO: [ app_init ] --END-- [ RunTime:0.000520s ]
ERR: 无法加载模块:E

[ 2016-03-01T18:38:05+08:00 ] 127.0.0.1 /hotel/e/css/comm.css
INFO: [ app_init ] --START--
INFO: Run Behavior\BuildLiteBehavior [ RunTime:0.000033s ]
INFO: [ app_init ] --END-- [ RunTime:0.000893s ]
ERR: 无法加载模块:E

[ 2016-03-01T18:38:05+08:00 ] 127.0.0.1 /hotel/e/css/focus.css
INFO: [ app_init ] --START--
INFO: Run Behavior\BuildLiteBehavior [ RunTime:0.000044s ]
INFO: [ app_init ] --END-- [ RunTime:0.000835s ]
ERR: 无法加载模块:E

[ 2016-03-01T18:38:05+08:00 ] 127.0.0.1 /hotel/Public/Home/Css/images/bg.jp
INFO: [ app_init ] --START--
INFO: Run Behavior\BuildLiteBehavior [ RunTime:0.000027s ]
INFO: [ app_init ] --END-- [ RunTime:0.000547s ]
ERR: 无法加载模块:Public

[ 2016-03-01T18:38:05+08:00 ] 127.0.0.1 /hotel/e/upload/s1/article/image/2012-11/tpic_t_18143853.jpg
INFO: [ app_init ] --START--
INFO: Run Behavior\BuildLiteBehavior [ RunTime:0.000027s ]
INFO: [ app_init ] --END-- [ RunTime:0.000583s ]
ERR: 无法加载模块:E

[ 2016-03-01T18:38:05+08:00 ] 127.0.0.1 /hotel/e/upload/s1/article/image/2012-11/tpic_t_18143632.jpg
INFO: [ app_init ] --START--
INFO: Run Behavior\BuildLiteBehavior [ RunTime:0.000052s ]
INFO: [ app_init ] --END-- [ RunTime:0.000803s ]
ERR: 无法加载模块:E

[ 2016-03-01T18:38:05+08:00 ] 127.0.0.1 /hotel/e/upload/s1/article/image/2012-11/tpic_t_18143553.jpg
INFO: [ app_init ] --START--
INFO: Run Behavior\BuildLiteBehavior [ RunTime:0.000043s ]
INFO: [ app_init ] --END-- [ RunTime:0.001216s ]
ERR: 无法加载模块:E

[ 2016-03-01T18:38:05+08:00 ] 127.0.0.1 /hotel/e/upload/s1/article/image/2012-11/tpic_t_18225122.jpg
INFO: [ app_init ] --START--
INFO: Run Behavior\BuildLiteBehavior [ RunTime:0.000042s ]
INFO: [ app_init ] --END-- [ RunTime:0.000852s ]
ERR: 无法加载模块:E

[ 2016-03-01T18:38:05+08:00 ] 127.0.0.1 /hotel/e/upload/s1/article/image/2012-11/tpic_t_18143835.jpg
INFO: [ app_init ] --START--
INFO: Run Behavior\BuildLiteBehavior [ RunTime:0.000043s ]
INFO: [ app_init ] --END-- [ RunTime:0.001468s ]
ERR: 无法加载模块:E

[ 2016-03-01T18:38:05+08:00 ] 127.0.0.1 /hotel/e/upload/s1/article/image/2012-11/tpic_t_18143513.jpg
INFO: [ app_init ] --START--
INFO: Run Behavior\BuildLiteBehavior [ RunTime:0.000044s ]
INFO: [ app_init ] --END-- [ RunTime:0.000848s ]
ERR: 无法加载模块:E

[ 2016-03-01T18:38:05+08:00 ] 127.0.0.1 /hotel/e/upload/s1/article/image/2012-11/tpic_t_18143658.jpg
INFO: [ app_init ] --START--
INFO: Run Behavior\BuildLiteBehavior [ RunTime:0.000046s ]
INFO: [ app_init ] --END-- [ RunTime:0.002045s ]
ERR: 无法加载模块:E

[ 2016-03-01T18:38:05+08:00 ] 127.0.0.1 /hotel/e/upload/s1/article/image/2012-11/tpic_t_18143716.jpg
INFO: [ app_init ] --START--
INFO: Run Behavior\BuildLiteBehavior [ RunTime:0.000050s ]
INFO: [ app_init ] --END-- [ RunTime:0.000881s ]
ERR: 无法加载模块:E

[ 2016-03-01T18:38:05+08:00 ] 127.0.0.1 /hotel/Public/Home/Css/images/menu_style.gif
INFO: [ app_init ] --START--
INFO: Run Behavior\BuildLiteBehavior [ RunTime:0.000055s ]
INFO: [ app_init ] --END-- [ RunTime:0.001604s ]
ERR: 无法加载模块:Public

[ 2016-03-01T18:38:05+08:00 ] 127.0.0.1 /hotel/Public/Home/Css/images/lanmu_site.png
INFO: [ app_init ] --START--
INFO: Run Behavior\BuildLiteBehavior [ RunTime:0.000049s ]
INFO: [ app_init ] --END-- [ RunTime:0.001057s ]
ERR: 无法加载模块:Public

[ 2016-03-01T18:38:05+08:00 ] 127.0.0.1 /hotel/Public/Home/Css/images/cbg.jp
INFO: [ app_init ] --START--
INFO: Run Behavior\BuildLiteBehavior [ RunTime:0.000048s ]
INFO: [ app_init ] --END-- [ RunTime:0.000900s ]
ERR: 无法加载模块:Public

[ 2016-03-01T18:38:05+08:00 ] 127.0.0.1 /hotel/e/upload/s1/article/image/2012-11/tpic_t_18143853.jpg
INFO: [ app_init ] --START--
INFO: Run Behavior\BuildLiteBehavior [ RunTime:0.000048s ]
INFO: [ app_init ] --END-- [ RunTime:0.000973s ]
ERR: 无法加载模块:E

[ 2016-03-01T18:38:05+08:00 ] 127.0.0.1 /hotel/e/upload/s1/fck/image/2012-11/17133202.jpg
INFO: [ app_init ] --START--
INFO: Run Behavior\BuildLiteBehavior [ RunTime:0.000030s ]
INFO: [ app_init ] --END-- [ RunTime:0.000641s ]
ERR: 无法加载模块:E

[ 2016-03-01T18:38:05+08:00 ] 127.0.0.1 /hotel/Public/Home/Css/images/bottom.jp
INFO: [ app_init ] --START--
INFO: Run Behavior\BuildLiteBehavior [ RunTime:0.000029s ]
INFO: [ app_init ] --END-- [ RunTime:0.000562s ]
ERR: 无法加载模块:Public

